name=slurm_script
Pre-Processing CelebA
Created the simple conv64 with channels 3
Initialized CBM_Join model
Created the simple conv64 with channels 3
<class 'argparse.Namespace'>
## Initializing Train indexes
::path chosen -> logs/celebA__CBM_Join__2022_04/07-14/train_runs
Losses: {'total_vae': tensor(2.9858, device='cuda:0', grad_fn=<AddBackward0>), 'total': 0, 'prediction': tensor(0., device='cuda:0', grad_fn=<MulBackward0>), 'true_values': tensor(0.6928, device='cuda:0', grad_fn=<MulBackward0>)}
Data format:
[[1.         1.         0.69277233 0.         0.89917088]]
[0:374]  loss_total_vae=0.447  loss_total=0.000  loss_prediction=0.000  loss_true_values=0.446  loss_total_vae_epoch=0.507  
Losses: {'total_vae': tensor(0.4447, device='cuda:0', grad_fn=<AddBackward0>), 'total': 0, 'prediction': tensor(0., device='cuda:0', grad_fn=<MulBackward0>), 'true_values': tensor(0.4436, device='cuda:0', grad_fn=<MulBackward0>)}
Data format:
[[1.         1.         0.69277233 0.         0.89917088]
 [1.         2.         0.44363075 0.         3.01528788]]
[1:749]  loss_total_vae=0.342  loss_total=0.000  loss_prediction=0.000  loss_true_values=0.341  loss_total_vae_epoch=0.412  
Losses: {'total_vae': tensor(0.3504, device='cuda:0', grad_fn=<AddBackward0>), 'total': 0, 'prediction': tensor(0., device='cuda:0', grad_fn=<MulBackward0>), 'true_values': tensor(0.3500, device='cuda:0', grad_fn=<MulBackward0>)}
Data format:
[[1.         1.         0.69277233 0.         0.89917088]
 [1.         2.         0.44363075 0.         3.01528788]
 [1.         3.         0.35002869 0.         3.39058685]]
[2:1124]  loss_total_vae=0.307  loss_total=0.000  loss_prediction=0.000  loss_true_values=0.307  loss_total_vae_epoch=0.322  
Losses: {'total_vae': tensor(0.3039, device='cuda:0', grad_fn=<AddBackward0>), 'total': 0, 'prediction': tensor(0., device='cuda:0', grad_fn=<MulBackward0>), 'true_values': tensor(0.3037, device='cuda:0', grad_fn=<MulBackward0>)}
Data format:
[[1.         1.         0.69277233 0.         0.89917088]
 [1.         2.         0.44363075 0.         3.01528788]
 [1.         3.         0.35002869 0.         3.39058685]
 [1.         4.         0.30367833 0.         3.48947883]]
[3:1499]  loss_total_vae=0.290  loss_total=0.000  loss_prediction=0.000  loss_true_values=0.290  loss_total_vae_epoch=0.293  
Losses: {'total_vae': tensor(0.2900, device='cuda:0', grad_fn=<AddBackward0>), 'total': 0, 'prediction': tensor(0., device='cuda:0', grad_fn=<MulBackward0>), 'true_values': tensor(0.2899, device='cuda:0', grad_fn=<MulBackward0>)}
Data format:
[[1.         1.         0.69277233 0.         0.89917088]
 [1.         2.         0.44363075 0.         3.01528788]
 [1.         3.         0.35002869 0.         3.39058685]
 [1.         4.         0.30367833 0.         3.48947883]
 [1.         5.         0.28990892 0.         3.99559569]]
[4:1874]  loss_total_vae=0.267  loss_total=0.000  loss_prediction=0.000  loss_true_values=0.267  loss_total_vae_epoch=0.277  
Losses: {'total_vae': tensor(0.2596, device='cuda:0', grad_fn=<AddBackward0>), 'total': 0, 'prediction': tensor(0., device='cuda:0', grad_fn=<MulBackward0>), 'true_values': tensor(0.2595, device='cuda:0', grad_fn=<MulBackward0>)}
Data format:
[[1.         1.         0.69277233 0.         0.89917088]
 [1.         2.         0.44363075 0.         3.01528788]
 [1.         3.         0.35002869 0.         3.39058685]
 [1.         4.         0.30367833 0.         3.48947883]
 [1.         5.         0.28990892 0.         3.99559569]
 [1.         6.         0.2595005  0.         4.02565432]]
[5:2249]  loss_total_vae=0.277  loss_total=0.000  loss_prediction=0.000  loss_true_values=0.277  loss_total_vae_epoch=0.266  
Losses: {'total_vae': tensor(0.2565, device='cuda:0', grad_fn=<AddBackward0>), 'total': 0, 'prediction': tensor(0., device='cuda:0', grad_fn=<MulBackward0>), 'true_values': tensor(0.2565, device='cuda:0', grad_fn=<MulBackward0>)}
Data format:
[[1.         1.         0.69277233 0.         0.89917088]
 [1.         2.         0.44363075 0.         3.01528788]
 [1.         3.         0.35002869 0.         3.39058685]
 [1.         4.         0.30367833 0.         3.48947883]
 [1.         5.         0.28990892 0.         3.99559569]
 [1.         6.         0.2595005  0.         4.02565432]
 [1.         7.         0.2564806  0.         3.94813323]]
[6:2624]  loss_total_vae=0.242  loss_total=0.000  loss_prediction=0.000  loss_true_values=0.242  loss_total_vae_epoch=0.257  
Losses: {'total_vae': tensor(0.2393, device='cuda:0', grad_fn=<AddBackward0>), 'total': 0, 'prediction': tensor(0., device='cuda:0', grad_fn=<MulBackward0>), 'true_values': tensor(0.2392, device='cuda:0', grad_fn=<MulBackward0>)}
Data format:
[[1.         1.         0.69277233 0.         0.89917088]
 [1.         2.         0.44363075 0.         3.01528788]
 [1.         3.         0.35002869 0.         3.39058685]
 [1.         4.         0.30367833 0.         3.48947883]
 [1.         5.         0.28990892 0.         3.99559569]
 [1.         6.         0.2595005  0.         4.02565432]
 [1.         7.         0.2564806  0.         3.94813323]
 [1.         8.         0.23923457 0.         4.01442099]]
[7:2999]  loss_total_vae=0.247  loss_total=0.000  loss_prediction=0.000  loss_true_values=0.247  loss_total_vae_epoch=0.250  
Losses: {'total_vae': tensor(0.2280, device='cuda:0', grad_fn=<AddBackward0>), 'total': 0, 'prediction': tensor(0., device='cuda:0', grad_fn=<MulBackward0>), 'true_values': tensor(0.2280, device='cuda:0', grad_fn=<MulBackward0>)}
Data format:
[[1.         1.         0.69277233 0.         0.89917088]
 [1.         2.         0.44363075 0.         3.01528788]
 [1.         3.         0.35002869 0.         3.39058685]
 [1.         4.         0.30367833 0.         3.48947883]
 [1.         5.         0.28990892 0.         3.99559569]
 [1.         6.         0.2595005  0.         4.02565432]
 [1.         7.         0.2564806  0.         3.94813323]
 [1.         8.         0.23923457 0.         4.01442099]
 [1.         9.         0.22797716 0.         4.22430038]]
[8:3374]  loss_total_vae=0.254  loss_total=0.000  loss_prediction=0.000  loss_true_values=0.254  loss_total_vae_epoch=0.243  
Losses: {'total_vae': tensor(0.2374, device='cuda:0', grad_fn=<AddBackward0>), 'total': 0, 'prediction': tensor(0., device='cuda:0', grad_fn=<MulBackward0>), 'true_values': tensor(0.2374, device='cuda:0', grad_fn=<MulBackward0>)}
Data format:
[[ 1.          1.          0.69277233  0.          0.89917088]
 [ 1.          2.          0.44363075  0.          3.01528788]
 [ 1.          3.          0.35002869  0.          3.39058685]
 [ 1.          4.          0.30367833  0.          3.48947883]
 [ 1.          5.          0.28990892  0.          3.99559569]
 [ 1.          6.          0.2595005   0.          4.02565432]
 [ 1.          7.          0.2564806   0.          3.94813323]
 [ 1.          8.          0.23923457  0.          4.01442099]
 [ 1.          9.          0.22797716  0.          4.22430038]
 [ 1.         10.          0.23735234  0.          4.43185425]]
[9:3749]  loss_total_vae=0.228  loss_total=0.000  loss_prediction=0.000  loss_true_values=0.227  loss_total_vae_epoch=0.236  
Losses: {'total_vae': tensor(0.2169, device='cuda:0', grad_fn=<AddBackward0>), 'total': 0, 'prediction': tensor(0., device='cuda:0', grad_fn=<MulBackward0>), 'true_values': tensor(0.2169, device='cuda:0', grad_fn=<MulBackward0>)}
Data format:
[[ 1.          1.          0.69277233  0.          0.89917088]
 [ 1.          2.          0.44363075  0.          3.01528788]
 [ 1.          3.          0.35002869  0.          3.39058685]
 [ 1.          4.          0.30367833  0.          3.48947883]
 [ 1.          5.          0.28990892  0.          3.99559569]
 [ 1.          6.          0.2595005   0.          4.02565432]
 [ 1.          7.          0.2564806   0.          3.94813323]
 [ 1.          8.          0.23923457  0.          4.01442099]
 [ 1.          9.          0.22797716  0.          4.22430038]
 [ 1.         10.          0.23735234  0.          4.43185425]
 [ 1.         11.          0.21692748  0.          4.50525761]]
[10:4124]  loss_total_vae=0.229  loss_total=0.000  loss_prediction=0.000  loss_true_values=0.229  loss_total_vae_epoch=0.229  
Losses: {'total_vae': tensor(0.2204, device='cuda:0', grad_fn=<AddBackward0>), 'total': 0, 'prediction': tensor(0., device='cuda:0', grad_fn=<MulBackward0>), 'true_values': tensor(0.2204, device='cuda:0', grad_fn=<MulBackward0>)}
Data format:
[[ 1.          1.          0.69277233  0.          0.89917088]
 [ 1.          2.          0.44363075  0.          3.01528788]
 [ 1.          3.          0.35002869  0.          3.39058685]
 [ 1.          4.          0.30367833  0.          3.48947883]
 [ 1.          5.          0.28990892  0.          3.99559569]
 [ 1.          6.          0.2595005   0.          4.02565432]
 [ 1.          7.          0.2564806   0.          3.94813323]
 [ 1.          8.          0.23923457  0.          4.01442099]
 [ 1.          9.          0.22797716  0.          4.22430038]
 [ 1.         10.          0.23735234  0.          4.43185425]
 [ 1.         11.          0.21692748  0.          4.50525761]
 [ 1.         12.          0.22036323  0.          4.44228792]]
[11:4499]  loss_total_vae=0.227  loss_total=0.000  loss_prediction=0.000  loss_true_values=0.227  loss_total_vae_epoch=0.222  
Losses: {'total_vae': tensor(0.2091, device='cuda:0', grad_fn=<AddBackward0>), 'total': 0, 'prediction': tensor(0., device='cuda:0', grad_fn=<MulBackward0>), 'true_values': tensor(0.2091, device='cuda:0', grad_fn=<MulBackward0>)}
Data format:
[[ 1.          1.          0.69277233  0.          0.89917088]
 [ 1.          2.          0.44363075  0.          3.01528788]
 [ 1.          3.          0.35002869  0.          3.39058685]
 [ 1.          4.          0.30367833  0.          3.48947883]
 [ 1.          5.          0.28990892  0.          3.99559569]
 [ 1.          6.          0.2595005   0.          4.02565432]
 [ 1.          7.          0.2564806   0.          3.94813323]
 [ 1.          8.          0.23923457  0.          4.01442099]
 [ 1.          9.          0.22797716  0.          4.22430038]
 [ 1.         10.          0.23735234  0.          4.43185425]
 [ 1.         11.          0.21692748  0.          4.50525761]
 [ 1.         12.          0.22036323  0.          4.44228792]
 [ 1.         13.          0.20906839  0.          4.66179037]]
[12:4874]  loss_total_vae=0.213  loss_total=0.000  loss_prediction=0.000  loss_true_values=0.213  loss_total_vae_epoch=0.214  
Losses: {'total_vae': tensor(0.2044, device='cuda:0', grad_fn=<AddBackward0>), 'total': 0, 'prediction': tensor(0., device='cuda:0', grad_fn=<MulBackward0>), 'true_values': tensor(0.2044, device='cuda:0', grad_fn=<MulBackward0>)}
Data format:
[[ 1.          1.          0.69277233  0.          0.89917088]
 [ 1.          2.          0.44363075  0.          3.01528788]
 [ 1.          3.          0.35002869  0.          3.39058685]
 [ 1.          4.          0.30367833  0.          3.48947883]
 [ 1.          5.          0.28990892  0.          3.99559569]
 [ 1.          6.          0.2595005   0.          4.02565432]
 [ 1.          7.          0.2564806   0.          3.94813323]
 [ 1.          8.          0.23923457  0.          4.01442099]
 [ 1.          9.          0.22797716  0.          4.22430038]
 [ 1.         10.          0.23735234  0.          4.43185425]
 [ 1.         11.          0.21692748  0.          4.50525761]
 [ 1.         12.          0.22036323  0.          4.44228792]
 [ 1.         13.          0.20906839  0.          4.66179037]
 [ 1.         14.          0.20435777  0.          4.48139954]]
[13:5249]  loss_total_vae=0.219  loss_total=0.000  loss_prediction=0.000  loss_true_values=0.219  loss_total_vae_epoch=0.206  
Losses: {'total_vae': tensor(0.1897, device='cuda:0', grad_fn=<AddBackward0>), 'total': 0, 'prediction': tensor(0., device='cuda:0', grad_fn=<MulBackward0>), 'true_values': tensor(0.1897, device='cuda:0', grad_fn=<MulBackward0>)}
Data format:
[[ 1.          1.          0.69277233  0.          0.89917088]
 [ 1.          2.          0.44363075  0.          3.01528788]
 [ 1.          3.          0.35002869  0.          3.39058685]
 [ 1.          4.          0.30367833  0.          3.48947883]
 [ 1.          5.          0.28990892  0.          3.99559569]
 [ 1.          6.          0.2595005   0.          4.02565432]
 [ 1.          7.          0.2564806   0.          3.94813323]
 [ 1.          8.          0.23923457  0.          4.01442099]
 [ 1.          9.          0.22797716  0.          4.22430038]
 [ 1.         10.          0.23735234  0.          4.43185425]
 [ 1.         11.          0.21692748  0.          4.50525761]
 [ 1.         12.          0.22036323  0.          4.44228792]
 [ 1.         13.          0.20906839  0.          4.66179037]
 [ 1.         14.          0.20435777  0.          4.48139954]
 [ 1.         15.          0.1897275   0.          4.67815495]]
[14:5624]  loss_total_vae=0.219  loss_total=0.000  loss_prediction=0.000  loss_true_values=0.219  loss_total_vae_epoch=0.198  
Losses: {'total_vae': tensor(0.1795, device='cuda:0', grad_fn=<AddBackward0>), 'total': 0, 'prediction': tensor(0., device='cuda:0', grad_fn=<MulBackward0>), 'true_values': tensor(0.1795, device='cuda:0', grad_fn=<MulBackward0>)}
Data format:
[[ 1.          1.          0.69277233  0.          0.89917088]
 [ 1.          2.          0.44363075  0.          3.01528788]
 [ 1.          3.          0.35002869  0.          3.39058685]
 [ 1.          4.          0.30367833  0.          3.48947883]
 [ 1.          5.          0.28990892  0.          3.99559569]
 [ 1.          6.          0.2595005   0.          4.02565432]
 [ 1.          7.          0.2564806   0.          3.94813323]
 [ 1.          8.          0.23923457  0.          4.01442099]
 [ 1.          9.          0.22797716  0.          4.22430038]
 [ 1.         10.          0.23735234  0.          4.43185425]
 [ 1.         11.          0.21692748  0.          4.50525761]
 [ 1.         12.          0.22036323  0.          4.44228792]
 [ 1.         13.          0.20906839  0.          4.66179037]
 [ 1.         14.          0.20435777  0.          4.48139954]
 [ 1.         15.          0.1897275   0.          4.67815495]
 [ 1.         16.          0.17950806  0.          4.68066502]]
[15:5999]  loss_total_vae=0.187  loss_total=0.000  loss_prediction=0.000  loss_true_values=0.187  loss_total_vae_epoch=0.188  
Losses: {'total_vae': tensor(0.1687, device='cuda:0', grad_fn=<AddBackward0>), 'total': 0, 'prediction': tensor(0., device='cuda:0', grad_fn=<MulBackward0>), 'true_values': tensor(0.1687, device='cuda:0', grad_fn=<MulBackward0>)}
Data format:
[[ 1.          1.          0.69277233  0.          0.89917088]
 [ 1.          2.          0.44363075  0.          3.01528788]
 [ 1.          3.          0.35002869  0.          3.39058685]
 [ 1.          4.          0.30367833  0.          3.48947883]
 [ 1.          5.          0.28990892  0.          3.99559569]
 [ 1.          6.          0.2595005   0.          4.02565432]
 [ 1.          7.          0.2564806   0.          3.94813323]
 [ 1.          8.          0.23923457  0.          4.01442099]
 [ 1.          9.          0.22797716  0.          4.22430038]
 [ 1.         10.          0.23735234  0.          4.43185425]
 [ 1.         11.          0.21692748  0.          4.50525761]
 [ 1.         12.          0.22036323  0.          4.44228792]
 [ 1.         13.          0.20906839  0.          4.66179037]
 [ 1.         14.          0.20435777  0.          4.48139954]
 [ 1.         15.          0.1897275   0.          4.67815495]
 [ 1.         16.          0.17950806  0.          4.68066502]
 [ 1.         17.          0.16869529  0.          4.85452175]]
[16:6374]  loss_total_vae=0.186  loss_total=0.000  loss_prediction=0.000  loss_true_values=0.186  loss_total_vae_epoch=0.179  
Losses: {'total_vae': tensor(0.1744, device='cuda:0', grad_fn=<AddBackward0>), 'total': 0, 'prediction': tensor(0., device='cuda:0', grad_fn=<MulBackward0>), 'true_values': tensor(0.1744, device='cuda:0', grad_fn=<MulBackward0>)}
Data format:
[[ 1.          1.          0.69277233  0.          0.89917088]
 [ 1.          2.          0.44363075  0.          3.01528788]
 [ 1.          3.          0.35002869  0.          3.39058685]
 [ 1.          4.          0.30367833  0.          3.48947883]
 [ 1.          5.          0.28990892  0.          3.99559569]
 [ 1.          6.          0.2595005   0.          4.02565432]
 [ 1.          7.          0.2564806   0.          3.94813323]
 [ 1.          8.          0.23923457  0.          4.01442099]
 [ 1.          9.          0.22797716  0.          4.22430038]
 [ 1.         10.          0.23735234  0.          4.43185425]
 [ 1.         11.          0.21692748  0.          4.50525761]
 [ 1.         12.          0.22036323  0.          4.44228792]
 [ 1.         13.          0.20906839  0.          4.66179037]
 [ 1.         14.          0.20435777  0.          4.48139954]
 [ 1.         15.          0.1897275   0.          4.67815495]
 [ 1.         16.          0.17950806  0.          4.68066502]
 [ 1.         17.          0.16869529  0.          4.85452175]
 [ 1.         18.          0.17436758  0.          4.83069229]]
[17:6749]  loss_total_vae=0.170  loss_total=0.000  loss_prediction=0.000  loss_true_values=0.170  loss_total_vae_epoch=0.168  
Losses: {'total_vae': tensor(0.1535, device='cuda:0', grad_fn=<AddBackward0>), 'total': 0, 'prediction': tensor(0., device='cuda:0', grad_fn=<MulBackward0>), 'true_values': tensor(0.1535, device='cuda:0', grad_fn=<MulBackward0>)}
Data format:
[[ 1.          1.          0.69277233  0.          0.89917088]
 [ 1.          2.          0.44363075  0.          3.01528788]
 [ 1.          3.          0.35002869  0.          3.39058685]
 [ 1.          4.          0.30367833  0.          3.48947883]
 [ 1.          5.          0.28990892  0.          3.99559569]
 [ 1.          6.          0.2595005   0.          4.02565432]
 [ 1.          7.          0.2564806   0.          3.94813323]
 [ 1.          8.          0.23923457  0.          4.01442099]
 [ 1.          9.          0.22797716  0.          4.22430038]
 [ 1.         10.          0.23735234  0.          4.43185425]
 [ 1.         11.          0.21692748  0.          4.50525761]
 [ 1.         12.          0.22036323  0.          4.44228792]
 [ 1.         13.          0.20906839  0.          4.66179037]
 [ 1.         14.          0.20435777  0.          4.48139954]
 [ 1.         15.          0.1897275   0.          4.67815495]
 [ 1.         16.          0.17950806  0.          4.68066502]
 [ 1.         17.          0.16869529  0.          4.85452175]
 [ 1.         18.          0.17436758  0.          4.83069229]
 [ 1.         19.          0.15347296  0.          4.9044528 ]]
[18:7124]  loss_total_vae=0.169  loss_total=0.000  loss_prediction=0.000  loss_true_values=0.169  loss_total_vae_epoch=0.158  
Losses: {'total_vae': tensor(0.1461, device='cuda:0', grad_fn=<AddBackward0>), 'total': 0, 'prediction': tensor(0., device='cuda:0', grad_fn=<MulBackward0>), 'true_values': tensor(0.1461, device='cuda:0', grad_fn=<MulBackward0>)}
Data format:
[[ 1.          1.          0.69277233  0.          0.89917088]
 [ 1.          2.          0.44363075  0.          3.01528788]
 [ 1.          3.          0.35002869  0.          3.39058685]
 [ 1.          4.          0.30367833  0.          3.48947883]
 [ 1.          5.          0.28990892  0.          3.99559569]
 [ 1.          6.          0.2595005   0.          4.02565432]
 [ 1.          7.          0.2564806   0.          3.94813323]
 [ 1.          8.          0.23923457  0.          4.01442099]
 [ 1.          9.          0.22797716  0.          4.22430038]
 [ 1.         10.          0.23735234  0.          4.43185425]
 [ 1.         11.          0.21692748  0.          4.50525761]
 [ 1.         12.          0.22036323  0.          4.44228792]
 [ 1.         13.          0.20906839  0.          4.66179037]
 [ 1.         14.          0.20435777  0.          4.48139954]
 [ 1.         15.          0.1897275   0.          4.67815495]
 [ 1.         16.          0.17950806  0.          4.68066502]
 [ 1.         17.          0.16869529  0.          4.85452175]
 [ 1.         18.          0.17436758  0.          4.83069229]
 [ 1.         19.          0.15347296  0.          4.9044528 ]
 [ 1.         20.          0.14608137  0.          4.96000528]]
[19:7499]  loss_total_vae=0.146  loss_total=0.000  loss_prediction=0.000  loss_true_values=0.146  loss_total_vae_epoch=0.147  
Losses: {'total_vae': tensor(0.1201, device='cuda:0', grad_fn=<AddBackward0>), 'total': 0, 'prediction': tensor(0., device='cuda:0', grad_fn=<MulBackward0>), 'true_values': tensor(0.1201, device='cuda:0', grad_fn=<MulBackward0>)}
Data format:
[[ 1.          1.          0.69277233  0.          0.89917088]
 [ 1.          2.          0.44363075  0.          3.01528788]
 [ 1.          3.          0.35002869  0.          3.39058685]
 [ 1.          4.          0.30367833  0.          3.48947883]
 [ 1.          5.          0.28990892  0.          3.99559569]
 [ 1.          6.          0.2595005   0.          4.02565432]
 [ 1.          7.          0.2564806   0.          3.94813323]
 [ 1.          8.          0.23923457  0.          4.01442099]
 [ 1.          9.          0.22797716  0.          4.22430038]
 [ 1.         10.          0.23735234  0.          4.43185425]
 [ 1.         11.          0.21692748  0.          4.50525761]
 [ 1.         12.          0.22036323  0.          4.44228792]
 [ 1.         13.          0.20906839  0.          4.66179037]
 [ 1.         14.          0.20435777  0.          4.48139954]
 [ 1.         15.          0.1897275   0.          4.67815495]
 [ 1.         16.          0.17950806  0.          4.68066502]
 [ 1.         17.          0.16869529  0.          4.85452175]
 [ 1.         18.          0.17436758  0.          4.83069229]
 [ 1.         19.          0.15347296  0.          4.9044528 ]
 [ 1.         20.          0.14608137  0.          4.96000528]
 [ 1.         21.          0.12012215  0.          5.14042282]]
[20:7874]  loss_total_vae=0.145  loss_total=0.000  loss_prediction=0.000  loss_true_values=0.145  loss_total_vae_epoch=0.136  
Losses: {'total_vae': tensor(0.1199, device='cuda:0', grad_fn=<AddBackward0>), 'total': 0, 'prediction': tensor(0., device='cuda:0', grad_fn=<MulBackward0>), 'true_values': tensor(0.1199, device='cuda:0', grad_fn=<MulBackward0>)}
Data format:
[[ 1.          1.          0.69277233  0.          0.89917088]
 [ 1.          2.          0.44363075  0.          3.01528788]
 [ 1.          3.          0.35002869  0.          3.39058685]
 [ 1.          4.          0.30367833  0.          3.48947883]
 [ 1.          5.          0.28990892  0.          3.99559569]
 [ 1.          6.          0.2595005   0.          4.02565432]
 [ 1.          7.          0.2564806   0.          3.94813323]
 [ 1.          8.          0.23923457  0.          4.01442099]
 [ 1.          9.          0.22797716  0.          4.22430038]
 [ 1.         10.          0.23735234  0.          4.43185425]
 [ 1.         11.          0.21692748  0.          4.50525761]
 [ 1.         12.          0.22036323  0.          4.44228792]
 [ 1.         13.          0.20906839  0.          4.66179037]
 [ 1.         14.          0.20435777  0.          4.48139954]
 [ 1.         15.          0.1897275   0.          4.67815495]
 [ 1.         16.          0.17950806  0.          4.68066502]
 [ 1.         17.          0.16869529  0.          4.85452175]
 [ 1.         18.          0.17436758  0.          4.83069229]
 [ 1.         19.          0.15347296  0.          4.9044528 ]
 [ 1.         20.          0.14608137  0.          4.96000528]
 [ 1.         21.          0.12012215  0.          5.14042282]
 [ 1.         22.          0.1198969   0.          5.07718039]]
[21:8249]  loss_total_vae=0.129  loss_total=0.000  loss_prediction=0.000  loss_true_values=0.129  loss_total_vae_epoch=0.126  
Losses: {'total_vae': tensor(0.1171, device='cuda:0', grad_fn=<AddBackward0>), 'total': 0, 'prediction': tensor(0., device='cuda:0', grad_fn=<MulBackward0>), 'true_values': tensor(0.1171, device='cuda:0', grad_fn=<MulBackward0>)}
Data format:
[[ 1.          1.          0.69277233  0.          0.89917088]
 [ 1.          2.          0.44363075  0.          3.01528788]
 [ 1.          3.          0.35002869  0.          3.39058685]
 [ 1.          4.          0.30367833  0.          3.48947883]
 [ 1.          5.          0.28990892  0.          3.99559569]
 [ 1.          6.          0.2595005   0.          4.02565432]
 [ 1.          7.          0.2564806   0.          3.94813323]
 [ 1.          8.          0.23923457  0.          4.01442099]
 [ 1.          9.          0.22797716  0.          4.22430038]
 [ 1.         10.          0.23735234  0.          4.43185425]
 [ 1.         11.          0.21692748  0.          4.50525761]
 [ 1.         12.          0.22036323  0.          4.44228792]
 [ 1.         13.          0.20906839  0.          4.66179037]
 [ 1.         14.          0.20435777  0.          4.48139954]
 [ 1.         15.          0.1897275   0.          4.67815495]
 [ 1.         16.          0.17950806  0.          4.68066502]
 [ 1.         17.          0.16869529  0.          4.85452175]
 [ 1.         18.          0.17436758  0.          4.83069229]
 [ 1.         19.          0.15347296  0.          4.9044528 ]
 [ 1.         20.          0.14608137  0.          4.96000528]
 [ 1.         21.          0.12012215  0.          5.14042282]
 [ 1.         22.          0.1198969   0.          5.07718039]
 [ 1.         23.          0.11712976  0.          5.14670515]]
[22:8624]  loss_total_vae=0.127  loss_total=0.000  loss_prediction=0.000  loss_true_values=0.127  loss_total_vae_epoch=0.116  
Losses: {'total_vae': tensor(0.0994, device='cuda:0', grad_fn=<AddBackward0>), 'total': 0, 'prediction': tensor(0., device='cuda:0', grad_fn=<MulBackward0>), 'true_values': tensor(0.0994, device='cuda:0', grad_fn=<MulBackward0>)}
Data format:
[[ 1.          1.          0.69277233  0.          0.89917088]
 [ 1.          2.          0.44363075  0.          3.01528788]
 [ 1.          3.          0.35002869  0.          3.39058685]
 [ 1.          4.          0.30367833  0.          3.48947883]
 [ 1.          5.          0.28990892  0.          3.99559569]
 [ 1.          6.          0.2595005   0.          4.02565432]
 [ 1.          7.          0.2564806   0.          3.94813323]
 [ 1.          8.          0.23923457  0.          4.01442099]
 [ 1.          9.          0.22797716  0.          4.22430038]
 [ 1.         10.          0.23735234  0.          4.43185425]
 [ 1.         11.          0.21692748  0.          4.50525761]
 [ 1.         12.          0.22036323  0.          4.44228792]
 [ 1.         13.          0.20906839  0.          4.66179037]
 [ 1.         14.          0.20435777  0.          4.48139954]
 [ 1.         15.          0.1897275   0.          4.67815495]
 [ 1.         16.          0.17950806  0.          4.68066502]
 [ 1.         17.          0.16869529  0.          4.85452175]
 [ 1.         18.          0.17436758  0.          4.83069229]
 [ 1.         19.          0.15347296  0.          4.9044528 ]
 [ 1.         20.          0.14608137  0.          4.96000528]
 [ 1.         21.          0.12012215  0.          5.14042282]
 [ 1.         22.          0.1198969   0.          5.07718039]
 [ 1.         23.          0.11712976  0.          5.14670515]
 [ 1.         24.          0.09942244  0.          5.22992277]]
[23:8999]  loss_total_vae=0.117  loss_total=0.000  loss_prediction=0.000  loss_true_values=0.117  loss_total_vae_epoch=0.107  
Losses: {'total_vae': tensor(0.0858, device='cuda:0', grad_fn=<AddBackward0>), 'total': 0, 'prediction': tensor(0., device='cuda:0', grad_fn=<MulBackward0>), 'true_values': tensor(0.0858, device='cuda:0', grad_fn=<MulBackward0>)}
Data format:
[[ 1.          1.          0.69277233  0.          0.89917088]
 [ 1.          2.          0.44363075  0.          3.01528788]
 [ 1.          3.          0.35002869  0.          3.39058685]
 [ 1.          4.          0.30367833  0.          3.48947883]
 [ 1.          5.          0.28990892  0.          3.99559569]
 [ 1.          6.          0.2595005   0.          4.02565432]
 [ 1.          7.          0.2564806   0.          3.94813323]
 [ 1.          8.          0.23923457  0.          4.01442099]
 [ 1.          9.          0.22797716  0.          4.22430038]
 [ 1.         10.          0.23735234  0.          4.43185425]
 [ 1.         11.          0.21692748  0.          4.50525761]
 [ 1.         12.          0.22036323  0.          4.44228792]
 [ 1.         13.          0.20906839  0.          4.66179037]
 [ 1.         14.          0.20435777  0.          4.48139954]
 [ 1.         15.          0.1897275   0.          4.67815495]
 [ 1.         16.          0.17950806  0.          4.68066502]
 [ 1.         17.          0.16869529  0.          4.85452175]
 [ 1.         18.          0.17436758  0.          4.83069229]
 [ 1.         19.          0.15347296  0.          4.9044528 ]
 [ 1.         20.          0.14608137  0.          4.96000528]
 [ 1.         21.          0.12012215  0.          5.14042282]
 [ 1.         22.          0.1198969   0.          5.07718039]
 [ 1.         23.          0.11712976  0.          5.14670515]
 [ 1.         24.          0.09942244  0.          5.22992277]
 [ 1.         25.          0.08583003  0.          5.18132925]]
[24:9374]  loss_total_vae=0.106  loss_total=0.000  loss_prediction=0.000  loss_true_values=0.106  loss_total_vae_epoch=0.099  
Losses: {'total_vae': tensor(0.0864, device='cuda:0', grad_fn=<AddBackward0>), 'total': 0, 'prediction': tensor(0., device='cuda:0', grad_fn=<MulBackward0>), 'true_values': tensor(0.0864, device='cuda:0', grad_fn=<MulBackward0>)}
Data format:
[[ 1.          1.          0.69277233  0.          0.89917088]
 [ 1.          2.          0.44363075  0.          3.01528788]
 [ 1.          3.          0.35002869  0.          3.39058685]
 [ 1.          4.          0.30367833  0.          3.48947883]
 [ 1.          5.          0.28990892  0.          3.99559569]
 [ 1.          6.          0.2595005   0.          4.02565432]
 [ 1.          7.          0.2564806   0.          3.94813323]
 [ 1.          8.          0.23923457  0.          4.01442099]
 [ 1.          9.          0.22797716  0.          4.22430038]
 [ 1.         10.          0.23735234  0.          4.43185425]
 [ 1.         11.          0.21692748  0.          4.50525761]
 [ 1.         12.          0.22036323  0.          4.44228792]
 [ 1.         13.          0.20906839  0.          4.66179037]
 [ 1.         14.          0.20435777  0.          4.48139954]
 [ 1.         15.          0.1897275   0.          4.67815495]
 [ 1.         16.          0.17950806  0.          4.68066502]
 [ 1.         17.          0.16869529  0.          4.85452175]
 [ 1.         18.          0.17436758  0.          4.83069229]
 [ 1.         19.          0.15347296  0.          4.9044528 ]
 [ 1.         20.          0.14608137  0.          4.96000528]
 [ 1.         21.          0.12012215  0.          5.14042282]
 [ 1.         22.          0.1198969   0.          5.07718039]
 [ 1.         23.          0.11712976  0.          5.14670515]
 [ 1.         24.          0.09942244  0.          5.22992277]
 [ 1.         25.          0.08583003  0.          5.18132925]
 [ 1.         26.          0.08642785  0.          5.35614824]]
[25:9749]  loss_total_vae=0.433  loss_total=0.000  loss_prediction=0.000  loss_true_values=0.433  loss_total_vae_epoch=0.120  
Losses: {'total_vae': tensor(0.4135, device='cuda:0', grad_fn=<AddBackward0>), 'total': 0, 'prediction': tensor(0., device='cuda:0', grad_fn=<MulBackward0>), 'true_values': tensor(0.4135, device='cuda:0', grad_fn=<MulBackward0>)}
Data format:
[[ 1.          1.          0.69277233  0.          0.89917088]
 [ 1.          2.          0.44363075  0.          3.01528788]
 [ 1.          3.          0.35002869  0.          3.39058685]
 [ 1.          4.          0.30367833  0.          3.48947883]
 [ 1.          5.          0.28990892  0.          3.99559569]
 [ 1.          6.          0.2595005   0.          4.02565432]
 [ 1.          7.          0.2564806   0.          3.94813323]
 [ 1.          8.          0.23923457  0.          4.01442099]
 [ 1.          9.          0.22797716  0.          4.22430038]
 [ 1.         10.          0.23735234  0.          4.43185425]
 [ 1.         11.          0.21692748  0.          4.50525761]
 [ 1.         12.          0.22036323  0.          4.44228792]
 [ 1.         13.          0.20906839  0.          4.66179037]
 [ 1.         14.          0.20435777  0.          4.48139954]
 [ 1.         15.          0.1897275   0.          4.67815495]
 [ 1.         16.          0.17950806  0.          4.68066502]
 [ 1.         17.          0.16869529  0.          4.85452175]
 [ 1.         18.          0.17436758  0.          4.83069229]
 [ 1.         19.          0.15347296  0.          4.9044528 ]
 [ 1.         20.          0.14608137  0.          4.96000528]
 [ 1.         21.          0.12012215  0.          5.14042282]
 [ 1.         22.          0.1198969   0.          5.07718039]
 [ 1.         23.          0.11712976  0.          5.14670515]
 [ 1.         24.          0.09942244  0.          5.22992277]
 [ 1.         25.          0.08583003  0.          5.18132925]
 [ 1.         26.          0.08642785  0.          5.35614824]
 [ 1.         27.          0.41345796  0.          5.09576797]]
[26:10124]  loss_total_vae=0.309  loss_total=0.000  loss_prediction=0.000  loss_true_values=0.309  loss_total_vae_epoch=0.337  
Losses: {'total_vae': tensor(0.3093, device='cuda:0', grad_fn=<AddBackward0>), 'total': 0, 'prediction': tensor(0., device='cuda:0', grad_fn=<MulBackward0>), 'true_values': tensor(0.3093, device='cuda:0', grad_fn=<MulBackward0>)}
Data format:
[[ 1.          1.          0.69277233  0.          0.89917088]
 [ 1.          2.          0.44363075  0.          3.01528788]
 [ 1.          3.          0.35002869  0.          3.39058685]
 [ 1.          4.          0.30367833  0.          3.48947883]
 [ 1.          5.          0.28990892  0.          3.99559569]
 [ 1.          6.          0.2595005   0.          4.02565432]
 [ 1.          7.          0.2564806   0.          3.94813323]
 [ 1.          8.          0.23923457  0.          4.01442099]
 [ 1.          9.          0.22797716  0.          4.22430038]
 [ 1.         10.          0.23735234  0.          4.43185425]
 [ 1.         11.          0.21692748  0.          4.50525761]
 [ 1.         12.          0.22036323  0.          4.44228792]
 [ 1.         13.          0.20906839  0.          4.66179037]
 [ 1.         14.          0.20435777  0.          4.48139954]
 [ 1.         15.          0.1897275   0.          4.67815495]
 [ 1.         16.          0.17950806  0.          4.68066502]
 [ 1.         17.          0.16869529  0.          4.85452175]
 [ 1.         18.          0.17436758  0.          4.83069229]
 [ 1.         19.          0.15347296  0.          4.9044528 ]
 [ 1.         20.          0.14608137  0.          4.96000528]
 [ 1.         21.          0.12012215  0.          5.14042282]
 [ 1.         22.          0.1198969   0.          5.07718039]
 [ 1.         23.          0.11712976  0.          5.14670515]
 [ 1.         24.          0.09942244  0.          5.22992277]
 [ 1.         25.          0.08583003  0.          5.18132925]
 [ 1.         26.          0.08642785  0.          5.35614824]
 [ 1.         27.          0.41345796  0.          5.09576797]
 [ 1.         28.          0.3092573   0.          5.5306859 ]]
[27:10499]  loss_total_vae=0.296  loss_total=0.000  loss_prediction=0.000  loss_true_values=0.296  loss_total_vae_epoch=0.300  
Losses: {'total_vae': tensor(0.2867, device='cuda:0', grad_fn=<AddBackward0>), 'total': 0, 'prediction': tensor(0., device='cuda:0', grad_fn=<MulBackward0>), 'true_values': tensor(0.2867, device='cuda:0', grad_fn=<MulBackward0>)}
Data format:
[[ 1.          1.          0.69277233  0.          0.89917088]
 [ 1.          2.          0.44363075  0.          3.01528788]
 [ 1.          3.          0.35002869  0.          3.39058685]
 [ 1.          4.          0.30367833  0.          3.48947883]
 [ 1.          5.          0.28990892  0.          3.99559569]
 [ 1.          6.          0.2595005   0.          4.02565432]
 [ 1.          7.          0.2564806   0.          3.94813323]
 [ 1.          8.          0.23923457  0.          4.01442099]
 [ 1.          9.          0.22797716  0.          4.22430038]
 [ 1.         10.          0.23735234  0.          4.43185425]
 [ 1.         11.          0.21692748  0.          4.50525761]
 [ 1.         12.          0.22036323  0.          4.44228792]
 [ 1.         13.          0.20906839  0.          4.66179037]
 [ 1.         14.          0.20435777  0.          4.48139954]
 [ 1.         15.          0.1897275   0.          4.67815495]
 [ 1.         16.          0.17950806  0.          4.68066502]
 [ 1.         17.          0.16869529  0.          4.85452175]
 [ 1.         18.          0.17436758  0.          4.83069229]
 [ 1.         19.          0.15347296  0.          4.9044528 ]
 [ 1.         20.          0.14608137  0.          4.96000528]
 [ 1.         21.          0.12012215  0.          5.14042282]
 [ 1.         22.          0.1198969   0.          5.07718039]
 [ 1.         23.          0.11712976  0.          5.14670515]
 [ 1.         24.          0.09942244  0.          5.22992277]
 [ 1.         25.          0.08583003  0.          5.18132925]
 [ 1.         26.          0.08642785  0.          5.35614824]
 [ 1.         27.          0.41345796  0.          5.09576797]
 [ 1.         28.          0.3092573   0.          5.5306859 ]
 [ 1.         29.          0.28667128  0.          5.83729553]]
[28:10874]  loss_total_vae=0.300  loss_total=0.000  loss_prediction=0.000  loss_true_values=0.300  loss_total_vae_epoch=0.287  
Losses: {'total_vae': tensor(0.2776, device='cuda:0', grad_fn=<AddBackward0>), 'total': 0, 'prediction': tensor(0., device='cuda:0', grad_fn=<MulBackward0>), 'true_values': tensor(0.2776, device='cuda:0', grad_fn=<MulBackward0>)}
Data format:
[[ 1.          1.          0.69277233  0.          0.89917088]
 [ 1.          2.          0.44363075  0.          3.01528788]
 [ 1.          3.          0.35002869  0.          3.39058685]
 [ 1.          4.          0.30367833  0.          3.48947883]
 [ 1.          5.          0.28990892  0.          3.99559569]
 [ 1.          6.          0.2595005   0.          4.02565432]
 [ 1.          7.          0.2564806   0.          3.94813323]
 [ 1.          8.          0.23923457  0.          4.01442099]
 [ 1.          9.          0.22797716  0.          4.22430038]
 [ 1.         10.          0.23735234  0.          4.43185425]
 [ 1.         11.          0.21692748  0.          4.50525761]
 [ 1.         12.          0.22036323  0.          4.44228792]
 [ 1.         13.          0.20906839  0.          4.66179037]
 [ 1.         14.          0.20435777  0.          4.48139954]
 [ 1.         15.          0.1897275   0.          4.67815495]
 [ 1.         16.          0.17950806  0.          4.68066502]
 [ 1.         17.          0.16869529  0.          4.85452175]
 [ 1.         18.          0.17436758  0.          4.83069229]
 [ 1.         19.          0.15347296  0.          4.9044528 ]
 [ 1.         20.          0.14608137  0.          4.96000528]
 [ 1.         21.          0.12012215  0.          5.14042282]
 [ 1.         22.          0.1198969   0.          5.07718039]
 [ 1.         23.          0.11712976  0.          5.14670515]
 [ 1.         24.          0.09942244  0.          5.22992277]
 [ 1.         25.          0.08583003  0.          5.18132925]
 [ 1.         26.          0.08642785  0.          5.35614824]
 [ 1.         27.          0.41345796  0.          5.09576797]
 [ 1.         28.          0.3092573   0.          5.5306859 ]
 [ 1.         29.          0.28667128  0.          5.83729553]
 [ 1.         30.          0.27755675  0.          5.50498629]]
[29:11249]  loss_total_vae=0.267  loss_total=0.000  loss_prediction=0.000  loss_true_values=0.267  loss_total_vae_epoch=0.278  
Losses: {'total_vae': tensor(0.2607, device='cuda:0', grad_fn=<AddBackward0>), 'total': 0, 'prediction': tensor(0., device='cuda:0', grad_fn=<MulBackward0>), 'true_values': tensor(0.2607, device='cuda:0', grad_fn=<MulBackward0>)}
Data format:
[[ 1.          1.          0.69277233  0.          0.89917088]
 [ 1.          2.          0.44363075  0.          3.01528788]
 [ 1.          3.          0.35002869  0.          3.39058685]
 [ 1.          4.          0.30367833  0.          3.48947883]
 [ 1.          5.          0.28990892  0.          3.99559569]
 [ 1.          6.          0.2595005   0.          4.02565432]
 [ 1.          7.          0.2564806   0.          3.94813323]
 [ 1.          8.          0.23923457  0.          4.01442099]
 [ 1.          9.          0.22797716  0.          4.22430038]
 [ 1.         10.          0.23735234  0.          4.43185425]
 [ 1.         11.          0.21692748  0.          4.50525761]
 [ 1.         12.          0.22036323  0.          4.44228792]
 [ 1.         13.          0.20906839  0.          4.66179037]
 [ 1.         14.          0.20435777  0.          4.48139954]
 [ 1.         15.          0.1897275   0.          4.67815495]
 [ 1.         16.          0.17950806  0.          4.68066502]
 [ 1.         17.          0.16869529  0.          4.85452175]
 [ 1.         18.          0.17436758  0.          4.83069229]
 [ 1.         19.          0.15347296  0.          4.9044528 ]
 [ 1.         20.          0.14608137  0.          4.96000528]
 [ 1.         21.          0.12012215  0.          5.14042282]
 [ 1.         22.          0.1198969   0.          5.07718039]
 [ 1.         23.          0.11712976  0.          5.14670515]
 [ 1.         24.          0.09942244  0.          5.22992277]
 [ 1.         25.          0.08583003  0.          5.18132925]
 [ 1.         26.          0.08642785  0.          5.35614824]
 [ 1.         27.          0.41345796  0.          5.09576797]
 [ 1.         28.          0.3092573   0.          5.5306859 ]
 [ 1.         29.          0.28667128  0.          5.83729553]
 [ 1.         30.          0.27755675  0.          5.50498629]
 [ 1.         31.          0.26072878  0.          5.67329884]]
[30:11624]  loss_total_vae=0.271  loss_total=0.000  loss_prediction=0.000  loss_true_values=0.271  loss_total_vae_epoch=0.271  
Losses: {'total_vae': tensor(0.2638, device='cuda:0', grad_fn=<AddBackward0>), 'total': 0, 'prediction': tensor(0., device='cuda:0', grad_fn=<MulBackward0>), 'true_values': tensor(0.2638, device='cuda:0', grad_fn=<MulBackward0>)}
Data format:
[[ 1.          1.          0.69277233  0.          0.89917088]
 [ 1.          2.          0.44363075  0.          3.01528788]
 [ 1.          3.          0.35002869  0.          3.39058685]
 [ 1.          4.          0.30367833  0.          3.48947883]
 [ 1.          5.          0.28990892  0.          3.99559569]
 [ 1.          6.          0.2595005   0.          4.02565432]
 [ 1.          7.          0.2564806   0.          3.94813323]
 [ 1.          8.          0.23923457  0.          4.01442099]
 [ 1.          9.          0.22797716  0.          4.22430038]
 [ 1.         10.          0.23735234  0.          4.43185425]
 [ 1.         11.          0.21692748  0.          4.50525761]
 [ 1.         12.          0.22036323  0.          4.44228792]
 [ 1.         13.          0.20906839  0.          4.66179037]
 [ 1.         14.          0.20435777  0.          4.48139954]
 [ 1.         15.          0.1897275   0.          4.67815495]
 [ 1.         16.          0.17950806  0.          4.68066502]
 [ 1.         17.          0.16869529  0.          4.85452175]
 [ 1.         18.          0.17436758  0.          4.83069229]
 [ 1.         19.          0.15347296  0.          4.9044528 ]
 [ 1.         20.          0.14608137  0.          4.96000528]
 [ 1.         21.          0.12012215  0.          5.14042282]
 [ 1.         22.          0.1198969   0.          5.07718039]
 [ 1.         23.          0.11712976  0.          5.14670515]
 [ 1.         24.          0.09942244  0.          5.22992277]
 [ 1.         25.          0.08583003  0.          5.18132925]
 [ 1.         26.          0.08642785  0.          5.35614824]
 [ 1.         27.          0.41345796  0.          5.09576797]
 [ 1.         28.          0.3092573   0.          5.5306859 ]
 [ 1.         29.          0.28667128  0.          5.83729553]
 [ 1.         30.          0.27755675  0.          5.50498629]
 [ 1.         31.          0.26072878  0.          5.67329884]
 [ 1.         32.          0.26377103  0.          5.72911453]]
[31:11999]  loss_total_vae=0.246  loss_total=0.000  loss_prediction=0.000  loss_true_values=0.246  loss_total_vae_epoch=0.264  
Losses: {'total_vae': tensor(0.2582, device='cuda:0', grad_fn=<AddBackward0>), 'total': 0, 'prediction': tensor(0., device='cuda:0', grad_fn=<MulBackward0>), 'true_values': tensor(0.2582, device='cuda:0', grad_fn=<MulBackward0>)}
Data format:
[[ 1.          1.          0.69277233  0.          0.89917088]
 [ 1.          2.          0.44363075  0.          3.01528788]
 [ 1.          3.          0.35002869  0.          3.39058685]
 [ 1.          4.          0.30367833  0.          3.48947883]
 [ 1.          5.          0.28990892  0.          3.99559569]
 [ 1.          6.          0.2595005   0.          4.02565432]
 [ 1.          7.          0.2564806   0.          3.94813323]
 [ 1.          8.          0.23923457  0.          4.01442099]
 [ 1.          9.          0.22797716  0.          4.22430038]
 [ 1.         10.          0.23735234  0.          4.43185425]
 [ 1.         11.          0.21692748  0.          4.50525761]
 [ 1.         12.          0.22036323  0.          4.44228792]
 [ 1.         13.          0.20906839  0.          4.66179037]
 [ 1.         14.          0.20435777  0.          4.48139954]
 [ 1.         15.          0.1897275   0.          4.67815495]
 [ 1.         16.          0.17950806  0.          4.68066502]
 [ 1.         17.          0.16869529  0.          4.85452175]
 [ 1.         18.          0.17436758  0.          4.83069229]
 [ 1.         19.          0.15347296  0.          4.9044528 ]
 [ 1.         20.          0.14608137  0.          4.96000528]
 [ 1.         21.          0.12012215  0.          5.14042282]
 [ 1.         22.          0.1198969   0.          5.07718039]
 [ 1.         23.          0.11712976  0.          5.14670515]
 [ 1.         24.          0.09942244  0.          5.22992277]
 [ 1.         25.          0.08583003  0.          5.18132925]
 [ 1.         26.          0.08642785  0.          5.35614824]
 [ 1.         27.          0.41345796  0.          5.09576797]
 [ 1.         28.          0.3092573   0.          5.5306859 ]
 [ 1.         29.          0.28667128  0.          5.83729553]
 [ 1.         30.          0.27755675  0.          5.50498629]
 [ 1.         31.          0.26072878  0.          5.67329884]
 [ 1.         32.          0.26377103  0.          5.72911453]
 [ 1.         33.          0.25815114  0.          6.00071096]]
[32:12374]  loss_total_vae=0.244  loss_total=0.000  loss_prediction=0.000  loss_true_values=0.244  loss_total_vae_epoch=0.258  
Losses: {'total_vae': tensor(0.2545, device='cuda:0', grad_fn=<AddBackward0>), 'total': 0, 'prediction': tensor(0., device='cuda:0', grad_fn=<MulBackward0>), 'true_values': tensor(0.2545, device='cuda:0', grad_fn=<MulBackward0>)}
Data format:
[[ 1.          1.          0.69277233  0.          0.89917088]
 [ 1.          2.          0.44363075  0.          3.01528788]
 [ 1.          3.          0.35002869  0.          3.39058685]
 [ 1.          4.          0.30367833  0.          3.48947883]
 [ 1.          5.          0.28990892  0.          3.99559569]
 [ 1.          6.          0.2595005   0.          4.02565432]
 [ 1.          7.          0.2564806   0.          3.94813323]
 [ 1.          8.          0.23923457  0.          4.01442099]
 [ 1.          9.          0.22797716  0.          4.22430038]
 [ 1.         10.          0.23735234  0.          4.43185425]
 [ 1.         11.          0.21692748  0.          4.50525761]
 [ 1.         12.          0.22036323  0.          4.44228792]
 [ 1.         13.          0.20906839  0.          4.66179037]
 [ 1.         14.          0.20435777  0.          4.48139954]
 [ 1.         15.          0.1897275   0.          4.67815495]
 [ 1.         16.          0.17950806  0.          4.68066502]
 [ 1.         17.          0.16869529  0.          4.85452175]
 [ 1.         18.          0.17436758  0.          4.83069229]
 [ 1.         19.          0.15347296  0.          4.9044528 ]
 [ 1.         20.          0.14608137  0.          4.96000528]
 [ 1.         21.          0.12012215  0.          5.14042282]
 [ 1.         22.          0.1198969   0.          5.07718039]
 [ 1.         23.          0.11712976  0.          5.14670515]
 [ 1.         24.          0.09942244  0.          5.22992277]
 [ 1.         25.          0.08583003  0.          5.18132925]
 [ 1.         26.          0.08642785  0.          5.35614824]
 [ 1.         27.          0.41345796  0.          5.09576797]
 [ 1.         28.          0.3092573   0.          5.5306859 ]
 [ 1.         29.          0.28667128  0.          5.83729553]
 [ 1.         30.          0.27755675  0.          5.50498629]
 [ 1.         31.          0.26072878  0.          5.67329884]
 [ 1.         32.          0.26377103  0.          5.72911453]
 [ 1.         33.          0.25815114  0.          6.00071096]
 [ 1.         34.          0.25453112  0.          5.85542822]]
[33:12749]  loss_total_vae=0.251  loss_total=0.000  loss_prediction=0.000  loss_true_values=0.251  loss_total_vae_epoch=0.252  
Losses: {'total_vae': tensor(0.2392, device='cuda:0', grad_fn=<AddBackward0>), 'total': 0, 'prediction': tensor(0., device='cuda:0', grad_fn=<MulBackward0>), 'true_values': tensor(0.2392, device='cuda:0', grad_fn=<MulBackward0>)}
Data format:
[[ 1.          1.          0.69277233  0.          0.89917088]
 [ 1.          2.          0.44363075  0.          3.01528788]
 [ 1.          3.          0.35002869  0.          3.39058685]
 [ 1.          4.          0.30367833  0.          3.48947883]
 [ 1.          5.          0.28990892  0.          3.99559569]
 [ 1.          6.          0.2595005   0.          4.02565432]
 [ 1.          7.          0.2564806   0.          3.94813323]
 [ 1.          8.          0.23923457  0.          4.01442099]
 [ 1.          9.          0.22797716  0.          4.22430038]
 [ 1.         10.          0.23735234  0.          4.43185425]
 [ 1.         11.          0.21692748  0.          4.50525761]
 [ 1.         12.          0.22036323  0.          4.44228792]
 [ 1.         13.          0.20906839  0.          4.66179037]
 [ 1.         14.          0.20435777  0.          4.48139954]
 [ 1.         15.          0.1897275   0.          4.67815495]
 [ 1.         16.          0.17950806  0.          4.68066502]
 [ 1.         17.          0.16869529  0.          4.85452175]
 [ 1.         18.          0.17436758  0.          4.83069229]
 [ 1.         19.          0.15347296  0.          4.9044528 ]
 [ 1.         20.          0.14608137  0.          4.96000528]
 [ 1.         21.          0.12012215  0.          5.14042282]
 [ 1.         22.          0.1198969   0.          5.07718039]
 [ 1.         23.          0.11712976  0.          5.14670515]
 [ 1.         24.          0.09942244  0.          5.22992277]
 [ 1.         25.          0.08583003  0.          5.18132925]
 [ 1.         26.          0.08642785  0.          5.35614824]
 [ 1.         27.          0.41345796  0.          5.09576797]
 [ 1.         28.          0.3092573   0.          5.5306859 ]
 [ 1.         29.          0.28667128  0.          5.83729553]
 [ 1.         30.          0.27755675  0.          5.50498629]
 [ 1.         31.          0.26072878  0.          5.67329884]
 [ 1.         32.          0.26377103  0.          5.72911453]
 [ 1.         33.          0.25815114  0.          6.00071096]
 [ 1.         34.          0.25453112  0.          5.85542822]
 [ 1.         35.          0.23921311  0.          6.02575207]]
[34:13124]  loss_total_vae=0.252  loss_total=0.000  loss_prediction=0.000  loss_true_values=0.252  loss_total_vae_epoch=0.247  
Losses: {'total_vae': tensor(0.2323, device='cuda:0', grad_fn=<AddBackward0>), 'total': 0, 'prediction': tensor(0., device='cuda:0', grad_fn=<MulBackward0>), 'true_values': tensor(0.2323, device='cuda:0', grad_fn=<MulBackward0>)}
Data format:
[[ 1.          1.          0.69277233  0.          0.89917088]
 [ 1.          2.          0.44363075  0.          3.01528788]
 [ 1.          3.          0.35002869  0.          3.39058685]
 [ 1.          4.          0.30367833  0.          3.48947883]
 [ 1.          5.          0.28990892  0.          3.99559569]
 [ 1.          6.          0.2595005   0.          4.02565432]
 [ 1.          7.          0.2564806   0.          3.94813323]
 [ 1.          8.          0.23923457  0.          4.01442099]
 [ 1.          9.          0.22797716  0.          4.22430038]
 [ 1.         10.          0.23735234  0.          4.43185425]
 [ 1.         11.          0.21692748  0.          4.50525761]
 [ 1.         12.          0.22036323  0.          4.44228792]
 [ 1.         13.          0.20906839  0.          4.66179037]
 [ 1.         14.          0.20435777  0.          4.48139954]
 [ 1.         15.          0.1897275   0.          4.67815495]
 [ 1.         16.          0.17950806  0.          4.68066502]
 [ 1.         17.          0.16869529  0.          4.85452175]
 [ 1.         18.          0.17436758  0.          4.83069229]
 [ 1.         19.          0.15347296  0.          4.9044528 ]
 [ 1.         20.          0.14608137  0.          4.96000528]
 [ 1.         21.          0.12012215  0.          5.14042282]
 [ 1.         22.          0.1198969   0.          5.07718039]
 [ 1.         23.          0.11712976  0.          5.14670515]
 [ 1.         24.          0.09942244  0.          5.22992277]
 [ 1.         25.          0.08583003  0.          5.18132925]
 [ 1.         26.          0.08642785  0.          5.35614824]
 [ 1.         27.          0.41345796  0.          5.09576797]
 [ 1.         28.          0.3092573   0.          5.5306859 ]
 [ 1.         29.          0.28667128  0.          5.83729553]
 [ 1.         30.          0.27755675  0.          5.50498629]
 [ 1.         31.          0.26072878  0.          5.67329884]
 [ 1.         32.          0.26377103  0.          5.72911453]
 [ 1.         33.          0.25815114  0.          6.00071096]
 [ 1.         34.          0.25453112  0.          5.85542822]
 [ 1.         35.          0.23921311  0.          6.02575207]
 [ 1.         36.          0.23227759  0.          6.24313211]]
[35:13499]  loss_total_vae=0.256  loss_total=0.000  loss_prediction=0.000  loss_true_values=0.256  loss_total_vae_epoch=0.241  
Losses: {'total_vae': tensor(0.2410, device='cuda:0', grad_fn=<AddBackward0>), 'total': 0, 'prediction': tensor(0., device='cuda:0', grad_fn=<MulBackward0>), 'true_values': tensor(0.2410, device='cuda:0', grad_fn=<MulBackward0>)}
Data format:
[[ 1.          1.          0.69277233  0.          0.89917088]
 [ 1.          2.          0.44363075  0.          3.01528788]
 [ 1.          3.          0.35002869  0.          3.39058685]
 [ 1.          4.          0.30367833  0.          3.48947883]
 [ 1.          5.          0.28990892  0.          3.99559569]
 [ 1.          6.          0.2595005   0.          4.02565432]
 [ 1.          7.          0.2564806   0.          3.94813323]
 [ 1.          8.          0.23923457  0.          4.01442099]
 [ 1.          9.          0.22797716  0.          4.22430038]
 [ 1.         10.          0.23735234  0.          4.43185425]
 [ 1.         11.          0.21692748  0.          4.50525761]
 [ 1.         12.          0.22036323  0.          4.44228792]
 [ 1.         13.          0.20906839  0.          4.66179037]
 [ 1.         14.          0.20435777  0.          4.48139954]
 [ 1.         15.          0.1897275   0.          4.67815495]
 [ 1.         16.          0.17950806  0.          4.68066502]
 [ 1.         17.          0.16869529  0.          4.85452175]
 [ 1.         18.          0.17436758  0.          4.83069229]
 [ 1.         19.          0.15347296  0.          4.9044528 ]
 [ 1.         20.          0.14608137  0.          4.96000528]
 [ 1.         21.          0.12012215  0.          5.14042282]
 [ 1.         22.          0.1198969   0.          5.07718039]
 [ 1.         23.          0.11712976  0.          5.14670515]
 [ 1.         24.          0.09942244  0.          5.22992277]
 [ 1.         25.          0.08583003  0.          5.18132925]
 [ 1.         26.          0.08642785  0.          5.35614824]
 [ 1.         27.          0.41345796  0.          5.09576797]
 [ 1.         28.          0.3092573   0.          5.5306859 ]
 [ 1.         29.          0.28667128  0.          5.83729553]
 [ 1.         30.          0.27755675  0.          5.50498629]
 [ 1.         31.          0.26072878  0.          5.67329884]
 [ 1.         32.          0.26377103  0.          5.72911453]
 [ 1.         33.          0.25815114  0.          6.00071096]
 [ 1.         34.          0.25453112  0.          5.85542822]
 [ 1.         35.          0.23921311  0.          6.02575207]
 [ 1.         36.          0.23227759  0.          6.24313211]
 [ 1.         37.          0.24102864  0.          6.13102484]]
[36:13874]  loss_total_vae=0.233  loss_total=0.000  loss_prediction=0.000  loss_true_values=0.233  loss_total_vae_epoch=0.234  
Losses: {'total_vae': tensor(0.2453, device='cuda:0', grad_fn=<AddBackward0>), 'total': 0, 'prediction': tensor(0., device='cuda:0', grad_fn=<MulBackward0>), 'true_values': tensor(0.2453, device='cuda:0', grad_fn=<MulBackward0>)}
Data format:
[[ 1.          1.          0.69277233  0.          0.89917088]
 [ 1.          2.          0.44363075  0.          3.01528788]
 [ 1.          3.          0.35002869  0.          3.39058685]
 [ 1.          4.          0.30367833  0.          3.48947883]
 [ 1.          5.          0.28990892  0.          3.99559569]
 [ 1.          6.          0.2595005   0.          4.02565432]
 [ 1.          7.          0.2564806   0.          3.94813323]
 [ 1.          8.          0.23923457  0.          4.01442099]
 [ 1.          9.          0.22797716  0.          4.22430038]
 [ 1.         10.          0.23735234  0.          4.43185425]
 [ 1.         11.          0.21692748  0.          4.50525761]
 [ 1.         12.          0.22036323  0.          4.44228792]
 [ 1.         13.          0.20906839  0.          4.66179037]
 [ 1.         14.          0.20435777  0.          4.48139954]
 [ 1.         15.          0.1897275   0.          4.67815495]
 [ 1.         16.          0.17950806  0.          4.68066502]
 [ 1.         17.          0.16869529  0.          4.85452175]
 [ 1.         18.          0.17436758  0.          4.83069229]
 [ 1.         19.          0.15347296  0.          4.9044528 ]
 [ 1.         20.          0.14608137  0.          4.96000528]
 [ 1.         21.          0.12012215  0.          5.14042282]
 [ 1.         22.          0.1198969   0.          5.07718039]
 [ 1.         23.          0.11712976  0.          5.14670515]
 [ 1.         24.          0.09942244  0.          5.22992277]
 [ 1.         25.          0.08583003  0.          5.18132925]
 [ 1.         26.          0.08642785  0.          5.35614824]
 [ 1.         27.          0.41345796  0.          5.09576797]
 [ 1.         28.          0.3092573   0.          5.5306859 ]
 [ 1.         29.          0.28667128  0.          5.83729553]
 [ 1.         30.          0.27755675  0.          5.50498629]
 [ 1.         31.          0.26072878  0.          5.67329884]
 [ 1.         32.          0.26377103  0.          5.72911453]
 [ 1.         33.          0.25815114  0.          6.00071096]
 [ 1.         34.          0.25453112  0.          5.85542822]
 [ 1.         35.          0.23921311  0.          6.02575207]
 [ 1.         36.          0.23227759  0.          6.24313211]
 [ 1.         37.          0.24102864  0.          6.13102484]
 [ 1.         38.          0.24528015  0.          6.36832666]]
[37:14249]  loss_total_vae=0.245  loss_total=0.000  loss_prediction=0.000  loss_true_values=0.245  loss_total_vae_epoch=0.228  
Losses: {'total_vae': tensor(0.2192, device='cuda:0', grad_fn=<AddBackward0>), 'total': 0, 'prediction': tensor(0., device='cuda:0', grad_fn=<MulBackward0>), 'true_values': tensor(0.2192, device='cuda:0', grad_fn=<MulBackward0>)}
Data format:
[[ 1.          1.          0.69277233  0.          0.89917088]
 [ 1.          2.          0.44363075  0.          3.01528788]
 [ 1.          3.          0.35002869  0.          3.39058685]
 [ 1.          4.          0.30367833  0.          3.48947883]
 [ 1.          5.          0.28990892  0.          3.99559569]
 [ 1.          6.          0.2595005   0.          4.02565432]
 [ 1.          7.          0.2564806   0.          3.94813323]
 [ 1.          8.          0.23923457  0.          4.01442099]
 [ 1.          9.          0.22797716  0.          4.22430038]
 [ 1.         10.          0.23735234  0.          4.43185425]
 [ 1.         11.          0.21692748  0.          4.50525761]
 [ 1.         12.          0.22036323  0.          4.44228792]
 [ 1.         13.          0.20906839  0.          4.66179037]
 [ 1.         14.          0.20435777  0.          4.48139954]
 [ 1.         15.          0.1897275   0.          4.67815495]
 [ 1.         16.          0.17950806  0.          4.68066502]
 [ 1.         17.          0.16869529  0.          4.85452175]
 [ 1.         18.          0.17436758  0.          4.83069229]
 [ 1.         19.          0.15347296  0.          4.9044528 ]
 [ 1.         20.          0.14608137  0.          4.96000528]
 [ 1.         21.          0.12012215  0.          5.14042282]
 [ 1.         22.          0.1198969   0.          5.07718039]
 [ 1.         23.          0.11712976  0.          5.14670515]
 [ 1.         24.          0.09942244  0.          5.22992277]
 [ 1.         25.          0.08583003  0.          5.18132925]
 [ 1.         26.          0.08642785  0.          5.35614824]
 [ 1.         27.          0.41345796  0.          5.09576797]
 [ 1.         28.          0.3092573   0.          5.5306859 ]
 [ 1.         29.          0.28667128  0.          5.83729553]
 [ 1.         30.          0.27755675  0.          5.50498629]
 [ 1.         31.          0.26072878  0.          5.67329884]
 [ 1.         32.          0.26377103  0.          5.72911453]
 [ 1.         33.          0.25815114  0.          6.00071096]
 [ 1.         34.          0.25453112  0.          5.85542822]
 [ 1.         35.          0.23921311  0.          6.02575207]
 [ 1.         36.          0.23227759  0.          6.24313211]
 [ 1.         37.          0.24102864  0.          6.13102484]
 [ 1.         38.          0.24528015  0.          6.36832666]
 [ 1.         39.          0.21916123  0.          6.25614166]]
[38:14624]  loss_total_vae=0.210  loss_total=0.000  loss_prediction=0.000  loss_true_values=0.210  loss_total_vae_epoch=0.222  
Losses: {'total_vae': tensor(0.2023, device='cuda:0', grad_fn=<AddBackward0>), 'total': 0, 'prediction': tensor(0., device='cuda:0', grad_fn=<MulBackward0>), 'true_values': tensor(0.2023, device='cuda:0', grad_fn=<MulBackward0>)}
Data format:
[[ 1.          1.          0.69277233  0.          0.89917088]
 [ 1.          2.          0.44363075  0.          3.01528788]
 [ 1.          3.          0.35002869  0.          3.39058685]
 [ 1.          4.          0.30367833  0.          3.48947883]
 [ 1.          5.          0.28990892  0.          3.99559569]
 [ 1.          6.          0.2595005   0.          4.02565432]
 [ 1.          7.          0.2564806   0.          3.94813323]
 [ 1.          8.          0.23923457  0.          4.01442099]
 [ 1.          9.          0.22797716  0.          4.22430038]
 [ 1.         10.          0.23735234  0.          4.43185425]
 [ 1.         11.          0.21692748  0.          4.50525761]
 [ 1.         12.          0.22036323  0.          4.44228792]
 [ 1.         13.          0.20906839  0.          4.66179037]
 [ 1.         14.          0.20435777  0.          4.48139954]
 [ 1.         15.          0.1897275   0.          4.67815495]
 [ 1.         16.          0.17950806  0.          4.68066502]
 [ 1.         17.          0.16869529  0.          4.85452175]
 [ 1.         18.          0.17436758  0.          4.83069229]
 [ 1.         19.          0.15347296  0.          4.9044528 ]
 [ 1.         20.          0.14608137  0.          4.96000528]
 [ 1.         21.          0.12012215  0.          5.14042282]
 [ 1.         22.          0.1198969   0.          5.07718039]
 [ 1.         23.          0.11712976  0.          5.14670515]
 [ 1.         24.          0.09942244  0.          5.22992277]
 [ 1.         25.          0.08583003  0.          5.18132925]
 [ 1.         26.          0.08642785  0.          5.35614824]
 [ 1.         27.          0.41345796  0.          5.09576797]
 [ 1.         28.          0.3092573   0.          5.5306859 ]
 [ 1.         29.          0.28667128  0.          5.83729553]
 [ 1.         30.          0.27755675  0.          5.50498629]
 [ 1.         31.          0.26072878  0.          5.67329884]
 [ 1.         32.          0.26377103  0.          5.72911453]
 [ 1.         33.          0.25815114  0.          6.00071096]
 [ 1.         34.          0.25453112  0.          5.85542822]
 [ 1.         35.          0.23921311  0.          6.02575207]
 [ 1.         36.          0.23227759  0.          6.24313211]
 [ 1.         37.          0.24102864  0.          6.13102484]
 [ 1.         38.          0.24528015  0.          6.36832666]
 [ 1.         39.          0.21916123  0.          6.25614166]
 [ 1.         40.          0.20228545  0.          6.20438337]]
[39:14999]  loss_total_vae=0.211  loss_total=0.000  loss_prediction=0.000  loss_true_values=0.211  loss_total_vae_epoch=0.215  
Losses: {'total_vae': tensor(0.2167, device='cuda:0', grad_fn=<AddBackward0>), 'total': 0, 'prediction': tensor(0., device='cuda:0', grad_fn=<MulBackward0>), 'true_values': tensor(0.2167, device='cuda:0', grad_fn=<MulBackward0>)}
Data format:
[[ 1.          1.          0.69277233  0.          0.89917088]
 [ 1.          2.          0.44363075  0.          3.01528788]
 [ 1.          3.          0.35002869  0.          3.39058685]
 [ 1.          4.          0.30367833  0.          3.48947883]
 [ 1.          5.          0.28990892  0.          3.99559569]
 [ 1.          6.          0.2595005   0.          4.02565432]
 [ 1.          7.          0.2564806   0.          3.94813323]
 [ 1.          8.          0.23923457  0.          4.01442099]
 [ 1.          9.          0.22797716  0.          4.22430038]
 [ 1.         10.          0.23735234  0.          4.43185425]
 [ 1.         11.          0.21692748  0.          4.50525761]
 [ 1.         12.          0.22036323  0.          4.44228792]
 [ 1.         13.          0.20906839  0.          4.66179037]
 [ 1.         14.          0.20435777  0.          4.48139954]
 [ 1.         15.          0.1897275   0.          4.67815495]
 [ 1.         16.          0.17950806  0.          4.68066502]
 [ 1.         17.          0.16869529  0.          4.85452175]
 [ 1.         18.          0.17436758  0.          4.83069229]
 [ 1.         19.          0.15347296  0.          4.9044528 ]
 [ 1.         20.          0.14608137  0.          4.96000528]
 [ 1.         21.          0.12012215  0.          5.14042282]
 [ 1.         22.          0.1198969   0.          5.07718039]
 [ 1.         23.          0.11712976  0.          5.14670515]
 [ 1.         24.          0.09942244  0.          5.22992277]
 [ 1.         25.          0.08583003  0.          5.18132925]
 [ 1.         26.          0.08642785  0.          5.35614824]
 [ 1.         27.          0.41345796  0.          5.09576797]
 [ 1.         28.          0.3092573   0.          5.5306859 ]
 [ 1.         29.          0.28667128  0.          5.83729553]
 [ 1.         30.          0.27755675  0.          5.50498629]
 [ 1.         31.          0.26072878  0.          5.67329884]
 [ 1.         32.          0.26377103  0.          5.72911453]
 [ 1.         33.          0.25815114  0.          6.00071096]
 [ 1.         34.          0.25453112  0.          5.85542822]
 [ 1.         35.          0.23921311  0.          6.02575207]
 [ 1.         36.          0.23227759  0.          6.24313211]
 [ 1.         37.          0.24102864  0.          6.13102484]
 [ 1.         38.          0.24528015  0.          6.36832666]
 [ 1.         39.          0.21916123  0.          6.25614166]
 [ 1.         40.          0.20228545  0.          6.20438337]
 [ 1.         41.          0.21671204  0.          6.66814423]]
[40:15374]  loss_total_vae=0.213  loss_total=0.000  loss_prediction=0.000  loss_true_values=0.213  loss_total_vae_epoch=0.209  
Losses: {'total_vae': tensor(0.2025, device='cuda:0', grad_fn=<AddBackward0>), 'total': 0, 'prediction': tensor(0., device='cuda:0', grad_fn=<MulBackward0>), 'true_values': tensor(0.2025, device='cuda:0', grad_fn=<MulBackward0>)}
Data format:
[[ 1.          1.          0.69277233  0.          0.89917088]
 [ 1.          2.          0.44363075  0.          3.01528788]
 [ 1.          3.          0.35002869  0.          3.39058685]
 [ 1.          4.          0.30367833  0.          3.48947883]
 [ 1.          5.          0.28990892  0.          3.99559569]
 [ 1.          6.          0.2595005   0.          4.02565432]
 [ 1.          7.          0.2564806   0.          3.94813323]
 [ 1.          8.          0.23923457  0.          4.01442099]
 [ 1.          9.          0.22797716  0.          4.22430038]
 [ 1.         10.          0.23735234  0.          4.43185425]
 [ 1.         11.          0.21692748  0.          4.50525761]
 [ 1.         12.          0.22036323  0.          4.44228792]
 [ 1.         13.          0.20906839  0.          4.66179037]
 [ 1.         14.          0.20435777  0.          4.48139954]
 [ 1.         15.          0.1897275   0.          4.67815495]
 [ 1.         16.          0.17950806  0.          4.68066502]
 [ 1.         17.          0.16869529  0.          4.85452175]
 [ 1.         18.          0.17436758  0.          4.83069229]
 [ 1.         19.          0.15347296  0.          4.9044528 ]
 [ 1.         20.          0.14608137  0.          4.96000528]
 [ 1.         21.          0.12012215  0.          5.14042282]
 [ 1.         22.          0.1198969   0.          5.07718039]
 [ 1.         23.          0.11712976  0.          5.14670515]
 [ 1.         24.          0.09942244  0.          5.22992277]
 [ 1.         25.          0.08583003  0.          5.18132925]
 [ 1.         26.          0.08642785  0.          5.35614824]
 [ 1.         27.          0.41345796  0.          5.09576797]
 [ 1.         28.          0.3092573   0.          5.5306859 ]
 [ 1.         29.          0.28667128  0.          5.83729553]
 [ 1.         30.          0.27755675  0.          5.50498629]
 [ 1.         31.          0.26072878  0.          5.67329884]
 [ 1.         32.          0.26377103  0.          5.72911453]
 [ 1.         33.          0.25815114  0.          6.00071096]
 [ 1.         34.          0.25453112  0.          5.85542822]
 [ 1.         35.          0.23921311  0.          6.02575207]
 [ 1.         36.          0.23227759  0.          6.24313211]
 [ 1.         37.          0.24102864  0.          6.13102484]
 [ 1.         38.          0.24528015  0.          6.36832666]
 [ 1.         39.          0.21916123  0.          6.25614166]
 [ 1.         40.          0.20228545  0.          6.20438337]
 [ 1.         41.          0.21671204  0.          6.66814423]
 [ 1.         42.          0.20245977  0.          6.96894217]]
[41:15749]  loss_total_vae=0.208  loss_total=0.000  loss_prediction=0.000  loss_true_values=0.208  loss_total_vae_epoch=0.202  
Losses: {'total_vae': tensor(0.1916, device='cuda:0', grad_fn=<AddBackward0>), 'total': 0, 'prediction': tensor(0., device='cuda:0', grad_fn=<MulBackward0>), 'true_values': tensor(0.1916, device='cuda:0', grad_fn=<MulBackward0>)}
Data format:
[[ 1.          1.          0.69277233  0.          0.89917088]
 [ 1.          2.          0.44363075  0.          3.01528788]
 [ 1.          3.          0.35002869  0.          3.39058685]
 [ 1.          4.          0.30367833  0.          3.48947883]
 [ 1.          5.          0.28990892  0.          3.99559569]
 [ 1.          6.          0.2595005   0.          4.02565432]
 [ 1.          7.          0.2564806   0.          3.94813323]
 [ 1.          8.          0.23923457  0.          4.01442099]
 [ 1.          9.          0.22797716  0.          4.22430038]
 [ 1.         10.          0.23735234  0.          4.43185425]
 [ 1.         11.          0.21692748  0.          4.50525761]
 [ 1.         12.          0.22036323  0.          4.44228792]
 [ 1.         13.          0.20906839  0.          4.66179037]
 [ 1.         14.          0.20435777  0.          4.48139954]
 [ 1.         15.          0.1897275   0.          4.67815495]
 [ 1.         16.          0.17950806  0.          4.68066502]
 [ 1.         17.          0.16869529  0.          4.85452175]
 [ 1.         18.          0.17436758  0.          4.83069229]
 [ 1.         19.          0.15347296  0.          4.9044528 ]
 [ 1.         20.          0.14608137  0.          4.96000528]
 [ 1.         21.          0.12012215  0.          5.14042282]
 [ 1.         22.          0.1198969   0.          5.07718039]
 [ 1.         23.          0.11712976  0.          5.14670515]
 [ 1.         24.          0.09942244  0.          5.22992277]
 [ 1.         25.          0.08583003  0.          5.18132925]
 [ 1.         26.          0.08642785  0.          5.35614824]
 [ 1.         27.          0.41345796  0.          5.09576797]
 [ 1.         28.          0.3092573   0.          5.5306859 ]
 [ 1.         29.          0.28667128  0.          5.83729553]
 [ 1.         30.          0.27755675  0.          5.50498629]
 [ 1.         31.          0.26072878  0.          5.67329884]
 [ 1.         32.          0.26377103  0.          5.72911453]
 [ 1.         33.          0.25815114  0.          6.00071096]
 [ 1.         34.          0.25453112  0.          5.85542822]
 [ 1.         35.          0.23921311  0.          6.02575207]
 [ 1.         36.          0.23227759  0.          6.24313211]
 [ 1.         37.          0.24102864  0.          6.13102484]
 [ 1.         38.          0.24528015  0.          6.36832666]
 [ 1.         39.          0.21916123  0.          6.25614166]
 [ 1.         40.          0.20228545  0.          6.20438337]
 [ 1.         41.          0.21671204  0.          6.66814423]
 [ 1.         42.          0.20245977  0.          6.96894217]
 [ 1.         43.          0.19164301  0.          6.8403163 ]]
[42:16124]  loss_total_vae=0.198  loss_total=0.000  loss_prediction=0.000  loss_true_values=0.198  loss_total_vae_epoch=0.195  
Losses: {'total_vae': tensor(0.1891, device='cuda:0', grad_fn=<AddBackward0>), 'total': 0, 'prediction': tensor(0., device='cuda:0', grad_fn=<MulBackward0>), 'true_values': tensor(0.1891, device='cuda:0', grad_fn=<MulBackward0>)}
Data format:
[[ 1.          1.          0.69277233  0.          0.89917088]
 [ 1.          2.          0.44363075  0.          3.01528788]
 [ 1.          3.          0.35002869  0.          3.39058685]
 [ 1.          4.          0.30367833  0.          3.48947883]
 [ 1.          5.          0.28990892  0.          3.99559569]
 [ 1.          6.          0.2595005   0.          4.02565432]
 [ 1.          7.          0.2564806   0.          3.94813323]
 [ 1.          8.          0.23923457  0.          4.01442099]
 [ 1.          9.          0.22797716  0.          4.22430038]
 [ 1.         10.          0.23735234  0.          4.43185425]
 [ 1.         11.          0.21692748  0.          4.50525761]
 [ 1.         12.          0.22036323  0.          4.44228792]
 [ 1.         13.          0.20906839  0.          4.66179037]
 [ 1.         14.          0.20435777  0.          4.48139954]
 [ 1.         15.          0.1897275   0.          4.67815495]
 [ 1.         16.          0.17950806  0.          4.68066502]
 [ 1.         17.          0.16869529  0.          4.85452175]
 [ 1.         18.          0.17436758  0.          4.83069229]
 [ 1.         19.          0.15347296  0.          4.9044528 ]
 [ 1.         20.          0.14608137  0.          4.96000528]
 [ 1.         21.          0.12012215  0.          5.14042282]
 [ 1.         22.          0.1198969   0.          5.07718039]
 [ 1.         23.          0.11712976  0.          5.14670515]
 [ 1.         24.          0.09942244  0.          5.22992277]
 [ 1.         25.          0.08583003  0.          5.18132925]
 [ 1.         26.          0.08642785  0.          5.35614824]
 [ 1.         27.          0.41345796  0.          5.09576797]
 [ 1.         28.          0.3092573   0.          5.5306859 ]
 [ 1.         29.          0.28667128  0.          5.83729553]
 [ 1.         30.          0.27755675  0.          5.50498629]
 [ 1.         31.          0.26072878  0.          5.67329884]
 [ 1.         32.          0.26377103  0.          5.72911453]
 [ 1.         33.          0.25815114  0.          6.00071096]
 [ 1.         34.          0.25453112  0.          5.85542822]
 [ 1.         35.          0.23921311  0.          6.02575207]
 [ 1.         36.          0.23227759  0.          6.24313211]
 [ 1.         37.          0.24102864  0.          6.13102484]
 [ 1.         38.          0.24528015  0.          6.36832666]
 [ 1.         39.          0.21916123  0.          6.25614166]
 [ 1.         40.          0.20228545  0.          6.20438337]
 [ 1.         41.          0.21671204  0.          6.66814423]
 [ 1.         42.          0.20245977  0.          6.96894217]
 [ 1.         43.          0.19164301  0.          6.8403163 ]
 [ 1.         44.          0.18907872  0.          6.83900452]]
[43:16499]  loss_total_vae=0.195  loss_total=0.000  loss_prediction=0.000  loss_true_values=0.195  loss_total_vae_epoch=0.189  
Losses: {'total_vae': tensor(0.1702, device='cuda:0', grad_fn=<AddBackward0>), 'total': 0, 'prediction': tensor(0., device='cuda:0', grad_fn=<MulBackward0>), 'true_values': tensor(0.1702, device='cuda:0', grad_fn=<MulBackward0>)}
Data format:
[[ 1.          1.          0.69277233  0.          0.89917088]
 [ 1.          2.          0.44363075  0.          3.01528788]
 [ 1.          3.          0.35002869  0.          3.39058685]
 [ 1.          4.          0.30367833  0.          3.48947883]
 [ 1.          5.          0.28990892  0.          3.99559569]
 [ 1.          6.          0.2595005   0.          4.02565432]
 [ 1.          7.          0.2564806   0.          3.94813323]
 [ 1.          8.          0.23923457  0.          4.01442099]
 [ 1.          9.          0.22797716  0.          4.22430038]
 [ 1.         10.          0.23735234  0.          4.43185425]
 [ 1.         11.          0.21692748  0.          4.50525761]
 [ 1.         12.          0.22036323  0.          4.44228792]
 [ 1.         13.          0.20906839  0.          4.66179037]
 [ 1.         14.          0.20435777  0.          4.48139954]
 [ 1.         15.          0.1897275   0.          4.67815495]
 [ 1.         16.          0.17950806  0.          4.68066502]
 [ 1.         17.          0.16869529  0.          4.85452175]
 [ 1.         18.          0.17436758  0.          4.83069229]
 [ 1.         19.          0.15347296  0.          4.9044528 ]
 [ 1.         20.          0.14608137  0.          4.96000528]
 [ 1.         21.          0.12012215  0.          5.14042282]
 [ 1.         22.          0.1198969   0.          5.07718039]
 [ 1.         23.          0.11712976  0.          5.14670515]
 [ 1.         24.          0.09942244  0.          5.22992277]
 [ 1.         25.          0.08583003  0.          5.18132925]
 [ 1.         26.          0.08642785  0.          5.35614824]
 [ 1.         27.          0.41345796  0.          5.09576797]
 [ 1.         28.          0.3092573   0.          5.5306859 ]
 [ 1.         29.          0.28667128  0.          5.83729553]
 [ 1.         30.          0.27755675  0.          5.50498629]
 [ 1.         31.          0.26072878  0.          5.67329884]
 [ 1.         32.          0.26377103  0.          5.72911453]
 [ 1.         33.          0.25815114  0.          6.00071096]
 [ 1.         34.          0.25453112  0.          5.85542822]
 [ 1.         35.          0.23921311  0.          6.02575207]
 [ 1.         36.          0.23227759  0.          6.24313211]
 [ 1.         37.          0.24102864  0.          6.13102484]
 [ 1.         38.          0.24528015  0.          6.36832666]
 [ 1.         39.          0.21916123  0.          6.25614166]
 [ 1.         40.          0.20228545  0.          6.20438337]
 [ 1.         41.          0.21671204  0.          6.66814423]
 [ 1.         42.          0.20245977  0.          6.96894217]
 [ 1.         43.          0.19164301  0.          6.8403163 ]
 [ 1.         44.          0.18907872  0.          6.83900452]
 [ 1.         45.          0.17017892  0.          6.96279526]]
[44:16874]  loss_total_vae=0.167  loss_total=0.000  loss_prediction=0.000  loss_true_values=0.167  loss_total_vae_epoch=0.182  
Losses: {'total_vae': tensor(0.1854, device='cuda:0', grad_fn=<AddBackward0>), 'total': 0, 'prediction': tensor(0., device='cuda:0', grad_fn=<MulBackward0>), 'true_values': tensor(0.1854, device='cuda:0', grad_fn=<MulBackward0>)}
Data format:
[[ 1.          1.          0.69277233  0.          0.89917088]
 [ 1.          2.          0.44363075  0.          3.01528788]
 [ 1.          3.          0.35002869  0.          3.39058685]
 [ 1.          4.          0.30367833  0.          3.48947883]
 [ 1.          5.          0.28990892  0.          3.99559569]
 [ 1.          6.          0.2595005   0.          4.02565432]
 [ 1.          7.          0.2564806   0.          3.94813323]
 [ 1.          8.          0.23923457  0.          4.01442099]
 [ 1.          9.          0.22797716  0.          4.22430038]
 [ 1.         10.          0.23735234  0.          4.43185425]
 [ 1.         11.          0.21692748  0.          4.50525761]
 [ 1.         12.          0.22036323  0.          4.44228792]
 [ 1.         13.          0.20906839  0.          4.66179037]
 [ 1.         14.          0.20435777  0.          4.48139954]
 [ 1.         15.          0.1897275   0.          4.67815495]
 [ 1.         16.          0.17950806  0.          4.68066502]
 [ 1.         17.          0.16869529  0.          4.85452175]
 [ 1.         18.          0.17436758  0.          4.83069229]
 [ 1.         19.          0.15347296  0.          4.9044528 ]
 [ 1.         20.          0.14608137  0.          4.96000528]
 [ 1.         21.          0.12012215  0.          5.14042282]
 [ 1.         22.          0.1198969   0.          5.07718039]
 [ 1.         23.          0.11712976  0.          5.14670515]
 [ 1.         24.          0.09942244  0.          5.22992277]
 [ 1.         25.          0.08583003  0.          5.18132925]
 [ 1.         26.          0.08642785  0.          5.35614824]
 [ 1.         27.          0.41345796  0.          5.09576797]
 [ 1.         28.          0.3092573   0.          5.5306859 ]
 [ 1.         29.          0.28667128  0.          5.83729553]
 [ 1.         30.          0.27755675  0.          5.50498629]
 [ 1.         31.          0.26072878  0.          5.67329884]
 [ 1.         32.          0.26377103  0.          5.72911453]
 [ 1.         33.          0.25815114  0.          6.00071096]
 [ 1.         34.          0.25453112  0.          5.85542822]
 [ 1.         35.          0.23921311  0.          6.02575207]
 [ 1.         36.          0.23227759  0.          6.24313211]
 [ 1.         37.          0.24102864  0.          6.13102484]
 [ 1.         38.          0.24528015  0.          6.36832666]
 [ 1.         39.          0.21916123  0.          6.25614166]
 [ 1.         40.          0.20228545  0.          6.20438337]
 [ 1.         41.          0.21671204  0.          6.66814423]
 [ 1.         42.          0.20245977  0.          6.96894217]
 [ 1.         43.          0.19164301  0.          6.8403163 ]
 [ 1.         44.          0.18907872  0.          6.83900452]
 [ 1.         45.          0.17017892  0.          6.96279526]
 [ 1.         46.          0.18544655  0.          7.36610126]]
[45:17249]  loss_total_vae=0.168  loss_total=0.000  loss_prediction=0.000  loss_true_values=0.168  loss_total_vae_epoch=0.177  
Losses: {'total_vae': tensor(0.1717, device='cuda:0', grad_fn=<AddBackward0>), 'total': 0, 'prediction': tensor(0., device='cuda:0', grad_fn=<MulBackward0>), 'true_values': tensor(0.1717, device='cuda:0', grad_fn=<MulBackward0>)}
Data format:
[[ 1.          1.          0.69277233  0.          0.89917088]
 [ 1.          2.          0.44363075  0.          3.01528788]
 [ 1.          3.          0.35002869  0.          3.39058685]
 [ 1.          4.          0.30367833  0.          3.48947883]
 [ 1.          5.          0.28990892  0.          3.99559569]
 [ 1.          6.          0.2595005   0.          4.02565432]
 [ 1.          7.          0.2564806   0.          3.94813323]
 [ 1.          8.          0.23923457  0.          4.01442099]
 [ 1.          9.          0.22797716  0.          4.22430038]
 [ 1.         10.          0.23735234  0.          4.43185425]
 [ 1.         11.          0.21692748  0.          4.50525761]
 [ 1.         12.          0.22036323  0.          4.44228792]
 [ 1.         13.          0.20906839  0.          4.66179037]
 [ 1.         14.          0.20435777  0.          4.48139954]
 [ 1.         15.          0.1897275   0.          4.67815495]
 [ 1.         16.          0.17950806  0.          4.68066502]
 [ 1.         17.          0.16869529  0.          4.85452175]
 [ 1.         18.          0.17436758  0.          4.83069229]
 [ 1.         19.          0.15347296  0.          4.9044528 ]
 [ 1.         20.          0.14608137  0.          4.96000528]
 [ 1.         21.          0.12012215  0.          5.14042282]
 [ 1.         22.          0.1198969   0.          5.07718039]
 [ 1.         23.          0.11712976  0.          5.14670515]
 [ 1.         24.          0.09942244  0.          5.22992277]
 [ 1.         25.          0.08583003  0.          5.18132925]
 [ 1.         26.          0.08642785  0.          5.35614824]
 [ 1.         27.          0.41345796  0.          5.09576797]
 [ 1.         28.          0.3092573   0.          5.5306859 ]
 [ 1.         29.          0.28667128  0.          5.83729553]
 [ 1.         30.          0.27755675  0.          5.50498629]
 [ 1.         31.          0.26072878  0.          5.67329884]
 [ 1.         32.          0.26377103  0.          5.72911453]
 [ 1.         33.          0.25815114  0.          6.00071096]
 [ 1.         34.          0.25453112  0.          5.85542822]
 [ 1.         35.          0.23921311  0.          6.02575207]
 [ 1.         36.          0.23227759  0.          6.24313211]
 [ 1.         37.          0.24102864  0.          6.13102484]
 [ 1.         38.          0.24528015  0.          6.36832666]
 [ 1.         39.          0.21916123  0.          6.25614166]
 [ 1.         40.          0.20228545  0.          6.20438337]
 [ 1.         41.          0.21671204  0.          6.66814423]
 [ 1.         42.          0.20245977  0.          6.96894217]
 [ 1.         43.          0.19164301  0.          6.8403163 ]
 [ 1.         44.          0.18907872  0.          6.83900452]
 [ 1.         45.          0.17017892  0.          6.96279526]
 [ 1.         46.          0.18544655  0.          7.36610126]
 [ 1.         47.          0.1717089   0.          7.06800699]]
[46:17624]  loss_total_vae=0.183  loss_total=0.000  loss_prediction=0.000  loss_true_values=0.183  loss_total_vae_epoch=0.170  
