name=slurm_script
Pre-Processing CelebA
labels (30000, 32)
All classes percentages: [0.2936666666666667, 0.2319, 0.12203333333333333, 0.18716666666666668, 0.16523333333333334, 0.0, 0.0, 0.0, 0.0, 0.0, 0.0, 0.0, 0.0, 0.0, 0.0, 0.0, 0.0, 0.0, 0.0, 0.0, 0.0, 0.0, 0.0, 0.0, 0.0, 0.0, 0.0, 0.0, 0.0, 0.0, 0.0, 0.0]
Initialized GrayVAE_Join model
## Initializing Train indexes
->path chosen:: logs/celebA__GrayVAE_Join__2022_04/12-03-50/train_runs
Losses: {'total_vae': tensor(18620.1055, device='cuda:0', grad_fn=<AddBackward0>), 'recon': tensor(11369.4014, device='cuda:0', grad_fn=<MulBackward0>), 'kld': tensor(25.0194, device='cuda:0', grad_fn=<MulBackward0>), 'prediction': tensor(1616.2860, device='cuda:0', grad_fn=<MulBackward0>), 'true_values': tensor(5609.3994, device='cuda:0', grad_fn=<MulBackward0>)}
[0:239]  loss_total_vae=11553.506  loss_recon=7048.052  loss_kld=737.690  loss_prediction=1091.004  loss_true_values=2676.761  loss_total_vae_epoch=12456.312  
Losses: {'total_vae': tensor(11422.6846, device='cuda:0', grad_fn=<AddBackward0>), 'recon': tensor(7038.4009, device='cuda:0', grad_fn=<MulBackward0>), 'kld': tensor(714.6003, device='cuda:0', grad_fn=<MulBackward0>), 'prediction': tensor(1051.5889, device='cuda:0', grad_fn=<MulBackward0>), 'true_values': tensor(2618.0947, device='cuda:0', grad_fn=<MulBackward0>)}
[1:479]  loss_total_vae=11133.653  loss_recon=6896.654  loss_kld=813.077  loss_prediction=975.142  loss_true_values=2448.780  loss_total_vae_epoch=11345.949  
Losses: {'total_vae': tensor(11011.0234, device='cuda:0', grad_fn=<AddBackward0>), 'recon': tensor(6904.5918, device='cuda:0', grad_fn=<MulBackward0>), 'kld': tensor(807.3766, device='cuda:0', grad_fn=<MulBackward0>), 'prediction': tensor(919.1248, device='cuda:0', grad_fn=<MulBackward0>), 'true_values': tensor(2379.9312, device='cuda:0', grad_fn=<MulBackward0>)}
[2:719]  loss_total_vae=11083.382  loss_recon=7007.021  loss_kld=855.033  loss_prediction=830.419  loss_true_values=2390.908  loss_total_vae_epoch=11056.341  
Losses: {'total_vae': tensor(10869.9648, device='cuda:0', grad_fn=<AddBackward0>), 'recon': tensor(6902.8623, device='cuda:0', grad_fn=<MulBackward0>), 'kld': tensor(833.7158, device='cuda:0', grad_fn=<MulBackward0>), 'prediction': tensor(783.4821, device='cuda:0', grad_fn=<MulBackward0>), 'true_values': tensor(2349.9043, device='cuda:0', grad_fn=<MulBackward0>)}
[3:959]  loss_total_vae=10870.387  loss_recon=6834.295  loss_kld=865.539  loss_prediction=797.769  loss_true_values=2372.784  loss_total_vae_epoch=10841.087  
Losses: {'total_vae': tensor(10579.3701, device='cuda:0', grad_fn=<AddBackward0>), 'recon': tensor(6737.1606, device='cuda:0', grad_fn=<MulBackward0>), 'kld': tensor(880.8563, device='cuda:0', grad_fn=<MulBackward0>), 'prediction': tensor(664.6462, device='cuda:0', grad_fn=<MulBackward0>), 'true_values': tensor(2296.7073, device='cuda:0', grad_fn=<MulBackward0>)}
Done testing
Saved test_metrics
[4:1199]  loss_total_vae=10512.312  loss_recon=6755.513  loss_kld=900.695  loss_prediction=627.665  loss_true_values=2228.438  loss_total_vae_epoch=10618.195  
Losses: {'total_vae': tensor(10379.8652, device='cuda:0', grad_fn=<AddBackward0>), 'recon': tensor(6794.3926, device='cuda:0', grad_fn=<MulBackward0>), 'kld': tensor(925.7090, device='cuda:0', grad_fn=<MulBackward0>), 'prediction': tensor(502.5880, device='cuda:0', grad_fn=<MulBackward0>), 'true_values': tensor(2157.1758, device='cuda:0', grad_fn=<MulBackward0>)}
[5:1439]  loss_total_vae=10276.150  loss_recon=6756.461  loss_kld=929.323  loss_prediction=479.647  loss_true_values=2110.718  loss_total_vae_epoch=10398.257  
Losses: {'total_vae': tensor(10263.7627, device='cuda:0', grad_fn=<AddBackward0>), 'recon': tensor(6821.0566, device='cuda:0', grad_fn=<MulBackward0>), 'kld': tensor(950.1153, device='cuda:0', grad_fn=<MulBackward0>), 'prediction': tensor(447.2400, device='cuda:0', grad_fn=<MulBackward0>), 'true_values': tensor(2045.3507, device='cuda:0', grad_fn=<MulBackward0>)}
[6:1679]  loss_total_vae=10256.930  loss_recon=6903.968  loss_kld=971.381  loss_prediction=339.459  loss_true_values=2042.122  loss_total_vae_epoch=10185.738  
Losses: {'total_vae': tensor(9909.0449, device='cuda:0', grad_fn=<AddBackward0>), 'recon': tensor(6718.0210, device='cuda:0', grad_fn=<MulBackward0>), 'kld': tensor(985.8967, device='cuda:0', grad_fn=<MulBackward0>), 'prediction': tensor(287.8128, device='cuda:0', grad_fn=<MulBackward0>), 'true_values': tensor(1917.3145, device='cuda:0', grad_fn=<MulBackward0>)}
[7:1919]  loss_total_vae=9863.597  loss_recon=6683.980  loss_kld=975.573  loss_prediction=271.215  loss_true_values=1932.828  loss_total_vae_epoch=10015.306  
Losses: {'total_vae': tensor(9879.1465, device='cuda:0', grad_fn=<AddBackward0>), 'recon': tensor(6824.1455, device='cuda:0', grad_fn=<MulBackward0>), 'kld': tensor(1008.3035, device='cuda:0', grad_fn=<MulBackward0>), 'prediction': tensor(188.3835, device='cuda:0', grad_fn=<MulBackward0>), 'true_values': tensor(1858.3137, device='cuda:0', grad_fn=<MulBackward0>)}
Done testing
Saved test_metrics
[8:2159]  loss_total_vae=9933.237  loss_recon=6862.871  loss_kld=995.925  loss_prediction=179.175  loss_true_values=1895.267  loss_total_vae_epoch=9868.694  
Losses: {'total_vae': tensor(9698.8105, device='cuda:0', grad_fn=<AddBackward0>), 'recon': tensor(6687.5205, device='cuda:0', grad_fn=<MulBackward0>), 'kld': tensor(1017.4958, device='cuda:0', grad_fn=<MulBackward0>), 'prediction': tensor(209.5299, device='cuda:0', grad_fn=<MulBackward0>), 'true_values': tensor(1784.2642, device='cuda:0', grad_fn=<MulBackward0>)}
[9:2399]  loss_total_vae=9834.580  loss_recon=6859.584  loss_kld=1005.917  loss_prediction=179.831  loss_true_values=1789.249  loss_total_vae_epoch=9750.042  
Losses: {'total_vae': tensor(9588.7812, device='cuda:0', grad_fn=<AddBackward0>), 'recon': tensor(6741.7744, device='cuda:0', grad_fn=<MulBackward0>), 'kld': tensor(1012.5844, device='cuda:0', grad_fn=<MulBackward0>), 'prediction': tensor(129.3455, device='cuda:0', grad_fn=<MulBackward0>), 'true_values': tensor(1705.0768, device='cuda:0', grad_fn=<MulBackward0>)}
[10:2639]  loss_total_vae=9799.267  loss_recon=6893.503  loss_kld=999.237  loss_prediction=165.711  loss_true_values=1740.816  loss_total_vae_epoch=9656.689  
Losses: {'total_vae': tensor(9523.1514, device='cuda:0', grad_fn=<AddBackward0>), 'recon': tensor(6679.8091, device='cuda:0', grad_fn=<MulBackward0>), 'kld': tensor(1023.2679, device='cuda:0', grad_fn=<MulBackward0>), 'prediction': tensor(134.2751, device='cuda:0', grad_fn=<MulBackward0>), 'true_values': tensor(1685.7990, device='cuda:0', grad_fn=<MulBackward0>)}
[11:2879]  loss_total_vae=9606.871  loss_recon=6817.080  loss_kld=1013.195  loss_prediction=126.743  loss_true_values=1649.853  loss_total_vae_epoch=9566.008  
Losses: {'total_vae': tensor(9479.0488, device='cuda:0', grad_fn=<AddBackward0>), 'recon': tensor(6787.8169, device='cuda:0', grad_fn=<MulBackward0>), 'kld': tensor(1031.7433, device='cuda:0', grad_fn=<MulBackward0>), 'prediction': tensor(117.6615, device='cuda:0', grad_fn=<MulBackward0>), 'true_values': tensor(1541.8268, device='cuda:0', grad_fn=<MulBackward0>)}
Done testing
Saved test_metrics
[12:3119]  loss_total_vae=9573.580  loss_recon=6876.198  loss_kld=1036.204  loss_prediction=97.665  loss_true_values=1563.514  loss_total_vae_epoch=9493.844  
Losses: {'total_vae': tensor(9531.7344, device='cuda:0', grad_fn=<AddBackward0>), 'recon': tensor(6811.3726, device='cuda:0', grad_fn=<MulBackward0>), 'kld': tensor(1070.0157, device='cuda:0', grad_fn=<MulBackward0>), 'prediction': tensor(102.4696, device='cuda:0', grad_fn=<MulBackward0>), 'true_values': tensor(1547.8763, device='cuda:0', grad_fn=<MulBackward0>)}
[13:3359]  loss_total_vae=9432.906  loss_recon=6791.827  loss_kld=1054.515  loss_prediction=98.090  loss_true_values=1488.474  loss_total_vae_epoch=9436.685  
Losses: {'total_vae': tensor(9361.0020, device='cuda:0', grad_fn=<AddBackward0>), 'recon': tensor(6717.9531, device='cuda:0', grad_fn=<MulBackward0>), 'kld': tensor(1072.4724, device='cuda:0', grad_fn=<MulBackward0>), 'prediction': tensor(101.2282, device='cuda:0', grad_fn=<MulBackward0>), 'true_values': tensor(1469.3485, device='cuda:0', grad_fn=<MulBackward0>)}
[14:3599]  loss_total_vae=9497.100  loss_recon=6829.543  loss_kld=1066.637  loss_prediction=105.191  loss_true_values=1495.728  loss_total_vae_epoch=9388.752  
Losses: {'total_vae': tensor(9357.5410, device='cuda:0', grad_fn=<AddBackward0>), 'recon': tensor(6748.2402, device='cuda:0', grad_fn=<MulBackward0>), 'kld': tensor(1048.5859, device='cuda:0', grad_fn=<MulBackward0>), 'prediction': tensor(88.7961, device='cuda:0', grad_fn=<MulBackward0>), 'true_values': tensor(1471.9191, device='cuda:0', grad_fn=<MulBackward0>)}
[15:3839]  loss_total_vae=9348.881  loss_recon=6671.987  loss_kld=1072.943  loss_prediction=99.042  loss_true_values=1504.908  loss_total_vae_epoch=9348.556  
Losses: {'total_vae': tensor(9359.1045, device='cuda:0', grad_fn=<AddBackward0>), 'recon': tensor(6771.6440, device='cuda:0', grad_fn=<MulBackward0>), 'kld': tensor(1093.9786, device='cuda:0', grad_fn=<MulBackward0>), 'prediction': tensor(99.2501, device='cuda:0', grad_fn=<MulBackward0>), 'true_values': tensor(1394.2317, device='cuda:0', grad_fn=<MulBackward0>)}
Done testing
Saved test_metrics
[16:4079]  loss_total_vae=9322.112  loss_recon=6774.396  loss_kld=1052.242  loss_prediction=68.325  loss_true_values=1427.149  loss_total_vae_epoch=9309.549  
Losses: {'total_vae': tensor(9339.0938, device='cuda:0', grad_fn=<AddBackward0>), 'recon': tensor(6775.4517, device='cuda:0', grad_fn=<MulBackward0>), 'kld': tensor(1052.4379, device='cuda:0', grad_fn=<MulBackward0>), 'prediction': tensor(87.1826, device='cuda:0', grad_fn=<MulBackward0>), 'true_values': tensor(1424.0219, device='cuda:0', grad_fn=<MulBackward0>)}
[17:4319]  loss_total_vae=9241.873  loss_recon=6690.704  loss_kld=1033.397  loss_prediction=72.149  loss_true_values=1445.624  loss_total_vae_epoch=9279.748  
Losses: {'total_vae': tensor(9270.4541, device='cuda:0', grad_fn=<AddBackward0>), 'recon': tensor(6757.1777, device='cuda:0', grad_fn=<MulBackward0>), 'kld': tensor(1092.1858, device='cuda:0', grad_fn=<MulBackward0>), 'prediction': tensor(55.0075, device='cuda:0', grad_fn=<MulBackward0>), 'true_values': tensor(1366.0836, device='cuda:0', grad_fn=<MulBackward0>)}
[18:4559]  loss_total_vae=9365.412  loss_recon=6830.484  loss_kld=1034.915  loss_prediction=95.881  loss_true_values=1404.131  loss_total_vae_epoch=9248.056  
Losses: {'total_vae': tensor(9248.9229, device='cuda:0', grad_fn=<AddBackward0>), 'recon': tensor(6766.0996, device='cuda:0', grad_fn=<MulBackward0>), 'kld': tensor(1070.7643, device='cuda:0', grad_fn=<MulBackward0>), 'prediction': tensor(57.6352, device='cuda:0', grad_fn=<MulBackward0>), 'true_values': tensor(1354.4238, device='cuda:0', grad_fn=<MulBackward0>)}
[19:4799]  loss_total_vae=9376.036  loss_recon=6880.542  loss_kld=1059.770  loss_prediction=59.320  loss_true_values=1376.403  loss_total_vae_epoch=9227.859  
Losses: {'total_vae': tensor(9407.1982, device='cuda:0', grad_fn=<AddBackward0>), 'recon': tensor(6912.4424, device='cuda:0', grad_fn=<MulBackward0>), 'kld': tensor(1107.4811, device='cuda:0', grad_fn=<MulBackward0>), 'prediction': tensor(61.0914, device='cuda:0', grad_fn=<MulBackward0>), 'true_values': tensor(1326.1838, device='cuda:0', grad_fn=<MulBackward0>)}
Done testing
Saved test_metrics
[20:5039]  loss_total_vae=9411.768  loss_recon=6904.483  loss_kld=1074.800  loss_prediction=60.584  loss_true_values=1371.900  loss_total_vae_epoch=9209.479  
Losses: {'total_vae': tensor(9100.8145, device='cuda:0', grad_fn=<AddBackward0>), 'recon': tensor(6593.6030, device='cuda:0', grad_fn=<MulBackward0>), 'kld': tensor(1076.1752, device='cuda:0', grad_fn=<MulBackward0>), 'prediction': tensor(65.4268, device='cuda:0', grad_fn=<MulBackward0>), 'true_values': tensor(1365.6094, device='cuda:0', grad_fn=<MulBackward0>)}
[21:5279]  loss_total_vae=9051.401  loss_recon=6586.225  loss_kld=1049.614  loss_prediction=62.700  loss_true_values=1352.862  loss_total_vae_epoch=9191.539  
Losses: {'total_vae': tensor(9225.2930, device='cuda:0', grad_fn=<AddBackward0>), 'recon': tensor(6774.8218, device='cuda:0', grad_fn=<MulBackward0>), 'kld': tensor(1047.5742, device='cuda:0', grad_fn=<MulBackward0>), 'prediction': tensor(47.9490, device='cuda:0', grad_fn=<MulBackward0>), 'true_values': tensor(1354.9480, device='cuda:0', grad_fn=<MulBackward0>)}
[22:5519]  loss_total_vae=9214.716  loss_recon=6772.703  loss_kld=1042.935  loss_prediction=52.750  loss_true_values=1346.328  loss_total_vae_epoch=9171.159  
Losses: {'total_vae': tensor(9268.9697, device='cuda:0', grad_fn=<AddBackward0>), 'recon': tensor(6841.2905, device='cuda:0', grad_fn=<MulBackward0>), 'kld': tensor(1081.0679, device='cuda:0', grad_fn=<MulBackward0>), 'prediction': tensor(45.1136, device='cuda:0', grad_fn=<MulBackward0>), 'true_values': tensor(1301.4973, device='cuda:0', grad_fn=<MulBackward0>)}
[23:5759]  loss_total_vae=9155.454  loss_recon=6706.417  loss_kld=1076.942  loss_prediction=40.900  loss_true_values=1331.195  loss_total_vae_epoch=9161.312  
Losses: {'total_vae': tensor(9257.5781, device='cuda:0', grad_fn=<AddBackward0>), 'recon': tensor(6816.4131, device='cuda:0', grad_fn=<MulBackward0>), 'kld': tensor(1075.6251, device='cuda:0', grad_fn=<MulBackward0>), 'prediction': tensor(47.7164, device='cuda:0', grad_fn=<MulBackward0>), 'true_values': tensor(1317.8234, device='cuda:0', grad_fn=<MulBackward0>)}
[24:5999]  loss_total_vae=9087.005  loss_recon=6638.023  loss_kld=1058.735  loss_prediction=54.896  loss_true_values=1335.351  loss_total_vae_epoch=9145.197  
Done testing
Saved test_metrics
Losses: {'total_vae': tensor(9075.6133, device='cuda:0', grad_fn=<AddBackward0>), 'recon': tensor(6640.0547, device='cuda:0', grad_fn=<MulBackward0>), 'kld': tensor(1049.6534, device='cuda:0', grad_fn=<MulBackward0>), 'prediction': tensor(64.8534, device='cuda:0', grad_fn=<MulBackward0>), 'true_values': tensor(1321.0521, device='cuda:0', grad_fn=<MulBackward0>)}
[25:6239]  loss_total_vae=9132.891  loss_recon=6719.090  loss_kld=1074.010  loss_prediction=41.108  loss_true_values=1298.683  loss_total_vae_epoch=9130.901  
Losses: {'total_vae': tensor(9067.9336, device='cuda:0', grad_fn=<AddBackward0>), 'recon': tensor(6669.4531, device='cuda:0', grad_fn=<MulBackward0>), 'kld': tensor(1060.6261, device='cuda:0', grad_fn=<MulBackward0>), 'prediction': tensor(37.2526, device='cuda:0', grad_fn=<MulBackward0>), 'true_values': tensor(1300.6021, device='cuda:0', grad_fn=<MulBackward0>)}
[26:6479]  loss_total_vae=9109.288  loss_recon=6676.389  loss_kld=1046.812  loss_prediction=44.531  loss_true_values=1341.557  loss_total_vae_epoch=9116.614  
Losses: {'total_vae': tensor(9105.7725, device='cuda:0', grad_fn=<AddBackward0>), 'recon': tensor(6700.7461, device='cuda:0', grad_fn=<MulBackward0>), 'kld': tensor(1060.0901, device='cuda:0', grad_fn=<MulBackward0>), 'prediction': tensor(48.2412, device='cuda:0', grad_fn=<MulBackward0>), 'true_values': tensor(1296.6952, device='cuda:0', grad_fn=<MulBackward0>)}
[27:6719]  loss_total_vae=8993.829  loss_recon=6592.462  loss_kld=1057.435  loss_prediction=40.215  loss_true_values=1303.717  loss_total_vae_epoch=9106.381  
Losses: {'total_vae': tensor(9118.7637, device='cuda:0', grad_fn=<AddBackward0>), 'recon': tensor(6680.4229, device='cuda:0', grad_fn=<MulBackward0>), 'kld': tensor(1088.7117, device='cuda:0', grad_fn=<MulBackward0>), 'prediction': tensor(41.8023, device='cuda:0', grad_fn=<MulBackward0>), 'true_values': tensor(1307.8264, device='cuda:0', grad_fn=<MulBackward0>)}
[28:6959]  loss_total_vae=8955.179  loss_recon=6553.006  loss_kld=1054.118  loss_prediction=58.319  loss_true_values=1289.735  loss_total_vae_epoch=9097.865  
Losses: {'total_vae': tensor(9129.8984, device='cuda:0', grad_fn=<AddBackward0>), 'recon': tensor(6737.7568, device='cuda:0', grad_fn=<MulBackward0>), 'kld': tensor(1051.4485, device='cuda:0', grad_fn=<MulBackward0>), 'prediction': tensor(51.2102, device='cuda:0', grad_fn=<MulBackward0>), 'true_values': tensor(1289.4834, device='cuda:0', grad_fn=<MulBackward0>)}
Done testing
Saved test_metrics
[29:7199]  loss_total_vae=9023.931  loss_recon=6638.826  loss_kld=1073.764  loss_prediction=28.205  loss_true_values=1283.136  loss_total_vae_epoch=9089.035  
Losses: {'total_vae': tensor(9006.9131, device='cuda:0', grad_fn=<AddBackward0>), 'recon': tensor(6634.0010, device='cuda:0', grad_fn=<MulBackward0>), 'kld': tensor(1085.5555, device='cuda:0', grad_fn=<MulBackward0>), 'prediction': tensor(33.7724, device='cuda:0', grad_fn=<MulBackward0>), 'true_values': tensor(1253.5837, device='cuda:0', grad_fn=<MulBackward0>)}
[30:7439]  loss_total_vae=9112.411  loss_recon=6708.498  loss_kld=1068.293  loss_prediction=44.862  loss_true_values=1290.759  loss_total_vae_epoch=9073.781  
Losses: {'total_vae': tensor(9182.7842, device='cuda:0', grad_fn=<AddBackward0>), 'recon': tensor(6808.1792, device='cuda:0', grad_fn=<MulBackward0>), 'kld': tensor(1089.8380, device='cuda:0', grad_fn=<MulBackward0>), 'prediction': tensor(27.3302, device='cuda:0', grad_fn=<MulBackward0>), 'true_values': tensor(1257.4369, device='cuda:0', grad_fn=<MulBackward0>)}
[31:7679]  loss_total_vae=9238.851  loss_recon=6836.663  loss_kld=1053.396  loss_prediction=38.925  loss_true_values=1309.867  loss_total_vae_epoch=9066.046  
Losses: {'total_vae': tensor(9002.3828, device='cuda:0', grad_fn=<AddBackward0>), 'recon': tensor(6638.1416, device='cuda:0', grad_fn=<MulBackward0>), 'kld': tensor(1049.2491, device='cuda:0', grad_fn=<MulBackward0>), 'prediction': tensor(42.6754, device='cuda:0', grad_fn=<MulBackward0>), 'true_values': tensor(1272.3168, device='cuda:0', grad_fn=<MulBackward0>)}
[32:7919]  loss_total_vae=9047.676  loss_recon=6652.582  loss_kld=1047.543  loss_prediction=66.035  loss_true_values=1281.516  loss_total_vae_epoch=9056.641  
Losses: {'total_vae': tensor(9016.7949, device='cuda:0', grad_fn=<AddBackward0>), 'recon': tensor(6628.5312, device='cuda:0', grad_fn=<MulBackward0>), 'kld': tensor(1082.5001, device='cuda:0', grad_fn=<MulBackward0>), 'prediction': tensor(27.6697, device='cuda:0', grad_fn=<MulBackward0>), 'true_values': tensor(1278.0940, device='cuda:0', grad_fn=<MulBackward0>)}
Done testing
Saved test_metrics
[33:8159]  loss_total_vae=8932.029  loss_recon=6557.025  loss_kld=1058.327  loss_prediction=30.336  loss_true_values=1286.341  loss_total_vae_epoch=9051.394  
Losses: {'total_vae': tensor(8837.3760, device='cuda:0', grad_fn=<AddBackward0>), 'recon': tensor(6475.1050, device='cuda:0', grad_fn=<MulBackward0>), 'kld': tensor(1071.2859, device='cuda:0', grad_fn=<MulBackward0>), 'prediction': tensor(29.4988, device='cuda:0', grad_fn=<MulBackward0>), 'true_values': tensor(1261.4860, device='cuda:0', grad_fn=<MulBackward0>)}
[34:8399]  loss_total_vae=9038.301  loss_recon=6667.985  loss_kld=1044.964  loss_prediction=32.634  loss_true_values=1292.718  loss_total_vae_epoch=9046.854  
Losses: {'total_vae': tensor(8934.3027, device='cuda:0', grad_fn=<AddBackward0>), 'recon': tensor(6589.1948, device='cuda:0', grad_fn=<MulBackward0>), 'kld': tensor(1040.4072, device='cuda:0', grad_fn=<MulBackward0>), 'prediction': tensor(33.9898, device='cuda:0', grad_fn=<MulBackward0>), 'true_values': tensor(1270.7114, device='cuda:0', grad_fn=<MulBackward0>)}
[35:8639]  loss_total_vae=9119.262  loss_recon=6753.577  loss_kld=1061.281  loss_prediction=23.816  loss_true_values=1280.587  loss_total_vae_epoch=9038.093  
Losses: {'total_vae': tensor(8952.6221, device='cuda:0', grad_fn=<AddBackward0>), 'recon': tensor(6609.3174, device='cuda:0', grad_fn=<MulBackward0>), 'kld': tensor(1057.8115, device='cuda:0', grad_fn=<MulBackward0>), 'prediction': tensor(25.5150, device='cuda:0', grad_fn=<MulBackward0>), 'true_values': tensor(1259.9779, device='cuda:0', grad_fn=<MulBackward0>)}
[36:8879]  loss_total_vae=9136.890  loss_recon=6733.066  loss_kld=1063.214  loss_prediction=37.040  loss_true_values=1303.569  loss_total_vae_epoch=9029.666  
Losses: {'total_vae': tensor(9207.6465, device='cuda:0', grad_fn=<AddBackward0>), 'recon': tensor(6832.6860, device='cuda:0', grad_fn=<MulBackward0>), 'kld': tensor(1086.9653, device='cuda:0', grad_fn=<MulBackward0>), 'prediction': tensor(23.1072, device='cuda:0', grad_fn=<MulBackward0>), 'true_values': tensor(1264.8882, device='cuda:0', grad_fn=<MulBackward0>)}
Done testing
Saved test_metrics
[37:9119]  loss_total_vae=8937.429  loss_recon=6595.451  loss_kld=1063.171  loss_prediction=26.050  loss_true_values=1252.757  loss_total_vae_epoch=9024.989  
Losses: {'total_vae': tensor(8864.3594, device='cuda:0', grad_fn=<AddBackward0>), 'recon': tensor(6493.0176, device='cuda:0', grad_fn=<MulBackward0>), 'kld': tensor(1074.6079, device='cuda:0', grad_fn=<MulBackward0>), 'prediction': tensor(28.4359, device='cuda:0', grad_fn=<MulBackward0>), 'true_values': tensor(1268.2976, device='cuda:0', grad_fn=<MulBackward0>)}
[38:9359]  loss_total_vae=9066.381  loss_recon=6689.779  loss_kld=1049.672  loss_prediction=30.440  loss_true_values=1296.489  loss_total_vae_epoch=9016.715  
Losses: {'total_vae': tensor(8996.4736, device='cuda:0', grad_fn=<AddBackward0>), 'recon': tensor(6657.8237, device='cuda:0', grad_fn=<MulBackward0>), 'kld': tensor(1077.4244, device='cuda:0', grad_fn=<MulBackward0>), 'prediction': tensor(31.6854, device='cuda:0', grad_fn=<MulBackward0>), 'true_values': tensor(1229.5398, device='cuda:0', grad_fn=<MulBackward0>)}
[39:9599]  loss_total_vae=9195.915  loss_recon=6783.839  loss_kld=1053.269  loss_prediction=38.899  loss_true_values=1319.908  loss_total_vae_epoch=9013.977  
Losses: {'total_vae': tensor(8910.0439, device='cuda:0', grad_fn=<AddBackward0>), 'recon': tensor(6560.8760, device='cuda:0', grad_fn=<MulBackward0>), 'kld': tensor(1065.2306, device='cuda:0', grad_fn=<MulBackward0>), 'prediction': tensor(30.7494, device='cuda:0', grad_fn=<MulBackward0>), 'true_values': tensor(1253.1880, device='cuda:0', grad_fn=<MulBackward0>)}
[40:9839]  loss_total_vae=8952.611  loss_recon=6608.106  loss_kld=1074.452  loss_prediction=25.798  loss_true_values=1244.255  loss_total_vae_epoch=9007.243  
Losses: {'total_vae': tensor(8972.0215, device='cuda:0', grad_fn=<AddBackward0>), 'recon': tensor(6626.9585, device='cuda:0', grad_fn=<MulBackward0>), 'kld': tensor(1053.2554, device='cuda:0', grad_fn=<MulBackward0>), 'prediction': tensor(31.3587, device='cuda:0', grad_fn=<MulBackward0>), 'true_values': tensor(1260.4486, device='cuda:0', grad_fn=<MulBackward0>)}
Done testing
Saved test_metrics
[41:10079]  loss_total_vae=9115.706  loss_recon=6773.470  loss_kld=1062.597  loss_prediction=20.646  loss_true_values=1258.994  loss_total_vae_epoch=9005.082  
Losses: {'total_vae': tensor(9015.4316, device='cuda:0', grad_fn=<AddBackward0>), 'recon': tensor(6657.3525, device='cuda:0', grad_fn=<MulBackward0>), 'kld': tensor(1084.8872, device='cuda:0', grad_fn=<MulBackward0>), 'prediction': tensor(19.7870, device='cuda:0', grad_fn=<MulBackward0>), 'true_values': tensor(1253.4052, device='cuda:0', grad_fn=<MulBackward0>)}
[42:10319]  loss_total_vae=9050.237  loss_recon=6711.309  loss_kld=1072.481  loss_prediction=23.031  loss_true_values=1243.416  loss_total_vae_epoch=8998.181  
Losses: {'total_vae': tensor(8853.5508, device='cuda:0', grad_fn=<AddBackward0>), 'recon': tensor(6525.2412, device='cuda:0', grad_fn=<MulBackward0>), 'kld': tensor(1063.8179, device='cuda:0', grad_fn=<MulBackward0>), 'prediction': tensor(17.1717, device='cuda:0', grad_fn=<MulBackward0>), 'true_values': tensor(1247.3202, device='cuda:0', grad_fn=<MulBackward0>)}
[43:10559]  loss_total_vae=9032.641  loss_recon=6694.940  loss_kld=1053.076  loss_prediction=30.655  loss_true_values=1253.969  loss_total_vae_epoch=8991.539  
Losses: {'total_vae': tensor(8786.3496, device='cuda:0', grad_fn=<AddBackward0>), 'recon': tensor(6479.1196, device='cuda:0', grad_fn=<MulBackward0>), 'kld': tensor(1053.1746, device='cuda:0', grad_fn=<MulBackward0>), 'prediction': tensor(17.2570, device='cuda:0', grad_fn=<MulBackward0>), 'true_values': tensor(1236.7993, device='cuda:0', grad_fn=<MulBackward0>)}
[44:10799]  loss_total_vae=8995.792  loss_recon=6658.849  loss_kld=1074.176  loss_prediction=19.936  loss_true_values=1242.831  loss_total_vae_epoch=8988.749  
Losses: {'total_vae': tensor(8853.7012, device='cuda:0', grad_fn=<AddBackward0>), 'recon': tensor(6514.6743, device='cuda:0', grad_fn=<MulBackward0>), 'kld': tensor(1065.6975, device='cuda:0', grad_fn=<MulBackward0>), 'prediction': tensor(16.4851, device='cuda:0', grad_fn=<MulBackward0>), 'true_values': tensor(1256.8441, device='cuda:0', grad_fn=<MulBackward0>)}
Done testing
Saved test_metrics
[45:11039]  loss_total_vae=8926.506  loss_recon=6589.768  loss_kld=1071.270  loss_prediction=20.943  loss_true_values=1244.525  loss_total_vae_epoch=8984.875  
Losses: {'total_vae': tensor(8885.2852, device='cuda:0', grad_fn=<AddBackward0>), 'recon': tensor(6552.0781, device='cuda:0', grad_fn=<MulBackward0>), 'kld': tensor(1079.8619, device='cuda:0', grad_fn=<MulBackward0>), 'prediction': tensor(14.1342, device='cuda:0', grad_fn=<MulBackward0>), 'true_values': tensor(1239.2112, device='cuda:0', grad_fn=<MulBackward0>)}
[46:11279]  loss_total_vae=9061.303  loss_recon=6677.129  loss_kld=1064.131  loss_prediction=28.019  loss_true_values=1292.023  loss_total_vae_epoch=8978.764  
Losses: {'total_vae': tensor(8862.9717, device='cuda:0', grad_fn=<AddBackward0>), 'recon': tensor(6504.8623, device='cuda:0', grad_fn=<MulBackward0>), 'kld': tensor(1087.5822, device='cuda:0', grad_fn=<MulBackward0>), 'prediction': tensor(19.9780, device='cuda:0', grad_fn=<MulBackward0>), 'true_values': tensor(1250.5494, device='cuda:0', grad_fn=<MulBackward0>)}
[47:11519]  loss_total_vae=8864.036  loss_recon=6523.474  loss_kld=1047.935  loss_prediction=34.965  loss_true_values=1257.664  loss_total_vae_epoch=8973.137  
Losses: {'total_vae': tensor(8932.8643, device='cuda:0', grad_fn=<AddBackward0>), 'recon': tensor(6602.7021, device='cuda:0', grad_fn=<MulBackward0>), 'kld': tensor(1084.7086, device='cuda:0', grad_fn=<MulBackward0>), 'prediction': tensor(16.8369, device='cuda:0', grad_fn=<MulBackward0>), 'true_values': tensor(1228.6166, device='cuda:0', grad_fn=<MulBackward0>)}
[48:11759]  loss_total_vae=9044.426  loss_recon=6719.639  loss_kld=1050.877  loss_prediction=18.867  loss_true_values=1255.043  loss_total_vae_epoch=8969.742  
Losses: {'total_vae': tensor(8821.8281, device='cuda:0', grad_fn=<AddBackward0>), 'recon': tensor(6493.6274, device='cuda:0', grad_fn=<MulBackward0>), 'kld': tensor(1056.7812, device='cuda:0', grad_fn=<MulBackward0>), 'prediction': tensor(18.2188, device='cuda:0', grad_fn=<MulBackward0>), 'true_values': tensor(1253.2009, device='cuda:0', grad_fn=<MulBackward0>)}
[49:11999]  loss_total_vae=9028.895  loss_recon=6680.894  loss_kld=1056.033  loss_prediction=28.258  loss_true_values=1263.709  loss_total_vae_epoch=8966.883  
Done testing
Saved test_metrics
Losses: {'total_vae': tensor(9046.3457, device='cuda:0', grad_fn=<AddBackward0>), 'recon': tensor(6728.2104, device='cuda:0', grad_fn=<MulBackward0>), 'kld': tensor(1080.2021, device='cuda:0', grad_fn=<MulBackward0>), 'prediction': tensor(15.4424, device='cuda:0', grad_fn=<MulBackward0>), 'true_values': tensor(1222.4912, device='cuda:0', grad_fn=<MulBackward0>)}
[50:12239]  loss_total_vae=8898.303  loss_recon=6531.601  loss_kld=1069.235  loss_prediction=31.318  loss_true_values=1266.148  loss_total_vae_epoch=8959.479  
Losses: {'total_vae': tensor(9101.3115, device='cuda:0', grad_fn=<AddBackward0>), 'recon': tensor(6772.6797, device='cuda:0', grad_fn=<MulBackward0>), 'kld': tensor(1082.4635, device='cuda:0', grad_fn=<MulBackward0>), 'prediction': tensor(14.7770, device='cuda:0', grad_fn=<MulBackward0>), 'true_values': tensor(1231.3916, device='cuda:0', grad_fn=<MulBackward0>)}
[51:12479]  loss_total_vae=9038.420  loss_recon=6697.842  loss_kld=1068.294  loss_prediction=14.960  loss_true_values=1257.324  loss_total_vae_epoch=8958.785  
Losses: {'total_vae': tensor(8821.3711, device='cuda:0', grad_fn=<AddBackward0>), 'recon': tensor(6499.7065, device='cuda:0', grad_fn=<MulBackward0>), 'kld': tensor(1070.5518, device='cuda:0', grad_fn=<MulBackward0>), 'prediction': tensor(14.3453, device='cuda:0', grad_fn=<MulBackward0>), 'true_values': tensor(1236.7672, device='cuda:0', grad_fn=<MulBackward0>)}
[52:12719]  loss_total_vae=8988.649  loss_recon=6673.433  loss_kld=1051.952  loss_prediction=13.419  loss_true_values=1249.846  loss_total_vae_epoch=8956.955  
Losses: {'total_vae': tensor(8811.2559, device='cuda:0', grad_fn=<AddBackward0>), 'recon': tensor(6500.7036, device='cuda:0', grad_fn=<MulBackward0>), 'kld': tensor(1051.8937, device='cuda:0', grad_fn=<MulBackward0>), 'prediction': tensor(11.5701, device='cuda:0', grad_fn=<MulBackward0>), 'true_values': tensor(1247.0886, device='cuda:0', grad_fn=<MulBackward0>)}
[53:12959]  loss_total_vae=8986.587  loss_recon=6674.514  loss_kld=1055.158  loss_prediction=14.224  loss_true_values=1242.691  loss_total_vae_epoch=8951.469  
Losses: {'total_vae': tensor(8840.3984, device='cuda:0', grad_fn=<AddBackward0>), 'recon': tensor(6540.3071, device='cuda:0', grad_fn=<MulBackward0>), 'kld': tensor(1061.0315, device='cuda:0', grad_fn=<MulBackward0>), 'prediction': tensor(12.3776, device='cuda:0', grad_fn=<MulBackward0>), 'true_values': tensor(1226.6826, device='cuda:0', grad_fn=<MulBackward0>)}
Done testing
Saved test_metrics
[54:13199]  loss_total_vae=9082.865  loss_recon=6758.837  loss_kld=1078.669  loss_prediction=12.441  loss_true_values=1232.919  loss_total_vae_epoch=8950.414  
Losses: {'total_vae': tensor(8949.6680, device='cuda:0', grad_fn=<AddBackward0>), 'recon': tensor(6663.0957, device='cuda:0', grad_fn=<MulBackward0>), 'kld': tensor(1072.0880, device='cuda:0', grad_fn=<MulBackward0>), 'prediction': tensor(15.3884, device='cuda:0', grad_fn=<MulBackward0>), 'true_values': tensor(1199.0959, device='cuda:0', grad_fn=<MulBackward0>)}
[55:13439]  loss_total_vae=9000.710  loss_recon=6673.109  loss_kld=1079.461  loss_prediction=13.746  loss_true_values=1234.394  loss_total_vae_epoch=8947.037  
Losses: {'total_vae': tensor(8906.1797, device='cuda:0', grad_fn=<AddBackward0>), 'recon': tensor(6596.5161, device='cuda:0', grad_fn=<MulBackward0>), 'kld': tensor(1071.8220, device='cuda:0', grad_fn=<MulBackward0>), 'prediction': tensor(18.4058, device='cuda:0', grad_fn=<MulBackward0>), 'true_values': tensor(1219.4365, device='cuda:0', grad_fn=<MulBackward0>)}
[56:13679]  loss_total_vae=9042.558  loss_recon=6732.289  loss_kld=1060.387  loss_prediction=20.935  loss_true_values=1228.947  loss_total_vae_epoch=8943.387  
Losses: {'total_vae': tensor(8837.8008, device='cuda:0', grad_fn=<AddBackward0>), 'recon': tensor(6502.4268, device='cuda:0', grad_fn=<MulBackward0>), 'kld': tensor(1064.7618, device='cuda:0', grad_fn=<MulBackward0>), 'prediction': tensor(35.8889, device='cuda:0', grad_fn=<MulBackward0>), 'true_values': tensor(1234.7233, device='cuda:0', grad_fn=<MulBackward0>)}
[57:13919]  loss_total_vae=8910.972  loss_recon=6604.069  loss_kld=1060.113  loss_prediction=19.429  loss_true_values=1227.360  loss_total_vae_epoch=8941.017  
Losses: {'total_vae': tensor(9053.4053, device='cuda:0', grad_fn=<AddBackward0>), 'recon': tensor(6735.9766, device='cuda:0', grad_fn=<MulBackward0>), 'kld': tensor(1081.7992, device='cuda:0', grad_fn=<MulBackward0>), 'prediction': tensor(12.2577, device='cuda:0', grad_fn=<MulBackward0>), 'true_values': tensor(1223.3712, device='cuda:0', grad_fn=<MulBackward0>)}
Done testing
Saved test_metrics
[58:14159]  loss_total_vae=9034.003  loss_recon=6677.628  loss_kld=1072.040  loss_prediction=22.128  loss_true_values=1262.206  loss_total_vae_epoch=8938.720  
Losses: {'total_vae': tensor(8931.1943, device='cuda:0', grad_fn=<AddBackward0>), 'recon': tensor(6612.7705, device='cuda:0', grad_fn=<MulBackward0>), 'kld': tensor(1076.0984, device='cuda:0', grad_fn=<MulBackward0>), 'prediction': tensor(14.0197, device='cuda:0', grad_fn=<MulBackward0>), 'true_values': tensor(1228.3059, device='cuda:0', grad_fn=<MulBackward0>)}
[59:14399]  loss_total_vae=8949.093  loss_recon=6619.863  loss_kld=1075.324  loss_prediction=19.839  loss_true_values=1234.067  loss_total_vae_epoch=8935.620  
Losses: {'total_vae': tensor(8895.7725, device='cuda:0', grad_fn=<AddBackward0>), 'recon': tensor(6577.0225, device='cuda:0', grad_fn=<MulBackward0>), 'kld': tensor(1086.6719, device='cuda:0', grad_fn=<MulBackward0>), 'prediction': tensor(11.8509, device='cuda:0', grad_fn=<MulBackward0>), 'true_values': tensor(1220.2274, device='cuda:0', grad_fn=<MulBackward0>)}
[60:14639]  loss_total_vae=9022.365  loss_recon=6724.231  loss_kld=1066.261  loss_prediction=14.061  loss_true_values=1217.812  loss_total_vae_epoch=8929.308  
Losses: {'total_vae': tensor(8793.6934, device='cuda:0', grad_fn=<AddBackward0>), 'recon': tensor(6487.2300, device='cuda:0', grad_fn=<MulBackward0>), 'kld': tensor(1078.1561, device='cuda:0', grad_fn=<MulBackward0>), 'prediction': tensor(9.3411, device='cuda:0', grad_fn=<MulBackward0>), 'true_values': tensor(1218.9659, device='cuda:0', grad_fn=<MulBackward0>)}
[61:14879]  loss_total_vae=8938.142  loss_recon=6635.327  loss_kld=1069.646  loss_prediction=13.186  loss_true_values=1219.983  loss_total_vae_epoch=8922.925  
Losses: {'total_vae': tensor(8878.9707, device='cuda:0', grad_fn=<AddBackward0>), 'recon': tensor(6565.6499, device='cuda:0', grad_fn=<MulBackward0>), 'kld': tensor(1080.9260, device='cuda:0', grad_fn=<MulBackward0>), 'prediction': tensor(24.0523, device='cuda:0', grad_fn=<MulBackward0>), 'true_values': tensor(1208.3427, device='cuda:0', grad_fn=<MulBackward0>)}
Done testing
Saved test_metrics
[62:15119]  loss_total_vae=9121.092  loss_recon=6782.235  loss_kld=1043.533  loss_prediction=24.189  loss_true_values=1271.136  loss_total_vae_epoch=8921.189  
Losses: {'total_vae': tensor(8905.2793, device='cuda:0', grad_fn=<AddBackward0>), 'recon': tensor(6601.9531, device='cuda:0', grad_fn=<MulBackward0>), 'kld': tensor(1084.3518, device='cuda:0', grad_fn=<MulBackward0>), 'prediction': tensor(10.8223, device='cuda:0', grad_fn=<MulBackward0>), 'true_values': tensor(1208.1523, device='cuda:0', grad_fn=<MulBackward0>)}
[63:15359]  loss_total_vae=8963.741  loss_recon=6671.902  loss_kld=1040.670  loss_prediction=18.772  loss_true_values=1232.397  loss_total_vae_epoch=8914.652  
Losses: {'total_vae': tensor(8774.2373, device='cuda:0', grad_fn=<AddBackward0>), 'recon': tensor(6473.3257, device='cuda:0', grad_fn=<MulBackward0>), 'kld': tensor(1076.1453, device='cuda:0', grad_fn=<MulBackward0>), 'prediction': tensor(9.6812, device='cuda:0', grad_fn=<MulBackward0>), 'true_values': tensor(1215.0854, device='cuda:0', grad_fn=<MulBackward0>)}
[64:15599]  loss_total_vae=8854.530  loss_recon=6527.264  loss_kld=1077.055  loss_prediction=14.527  loss_true_values=1235.684  loss_total_vae_epoch=8913.901  
Losses: {'total_vae': tensor(9069.0781, device='cuda:0', grad_fn=<AddBackward0>), 'recon': tensor(6730.3662, device='cuda:0', grad_fn=<MulBackward0>), 'kld': tensor(1084.1444, device='cuda:0', grad_fn=<MulBackward0>), 'prediction': tensor(12.2515, device='cuda:0', grad_fn=<MulBackward0>), 'true_values': tensor(1242.3154, device='cuda:0', grad_fn=<MulBackward0>)}
[65:15839]  loss_total_vae=8832.435  loss_recon=6539.165  loss_kld=1074.644  loss_prediction=9.853  loss_true_values=1208.773  loss_total_vae_epoch=8911.533  
Losses: {'total_vae': tensor(9009.1582, device='cuda:0', grad_fn=<AddBackward0>), 'recon': tensor(6685.8931, device='cuda:0', grad_fn=<MulBackward0>), 'kld': tensor(1067.1718, device='cuda:0', grad_fn=<MulBackward0>), 'prediction': tensor(19.0696, device='cuda:0', grad_fn=<MulBackward0>), 'true_values': tensor(1237.0237, device='cuda:0', grad_fn=<MulBackward0>)}
Done testing
Saved test_metrics
[66:16079]  loss_total_vae=9039.244  loss_recon=6725.482  loss_kld=1087.312  loss_prediction=12.336  loss_true_values=1214.115  loss_total_vae_epoch=8912.130  
Losses: {'total_vae': tensor(8938.0039, device='cuda:0', grad_fn=<AddBackward0>), 'recon': tensor(6634.3379, device='cuda:0', grad_fn=<MulBackward0>), 'kld': tensor(1081.5508, device='cuda:0', grad_fn=<MulBackward0>), 'prediction': tensor(9.5702, device='cuda:0', grad_fn=<MulBackward0>), 'true_values': tensor(1212.5449, device='cuda:0', grad_fn=<MulBackward0>)}
[67:16319]  loss_total_vae=8864.646  loss_recon=6555.550  loss_kld=1065.581  loss_prediction=11.865  loss_true_values=1231.651  loss_total_vae_epoch=8906.453  
Losses: {'total_vae': tensor(8995.5869, device='cuda:0', grad_fn=<AddBackward0>), 'recon': tensor(6694.2900, device='cuda:0', grad_fn=<MulBackward0>), 'kld': tensor(1057.4745, device='cuda:0', grad_fn=<MulBackward0>), 'prediction': tensor(16.8524, device='cuda:0', grad_fn=<MulBackward0>), 'true_values': tensor(1226.9697, device='cuda:0', grad_fn=<MulBackward0>)}
[68:16559]  loss_total_vae=9022.002  loss_recon=6707.926  loss_kld=1073.215  loss_prediction=11.034  loss_true_values=1229.827  loss_total_vae_epoch=8901.037  
Losses: {'total_vae': tensor(8899.6055, device='cuda:0', grad_fn=<AddBackward0>), 'recon': tensor(6614.8110, device='cuda:0', grad_fn=<MulBackward0>), 'kld': tensor(1081.4927, device='cuda:0', grad_fn=<MulBackward0>), 'prediction': tensor(9.0226, device='cuda:0', grad_fn=<MulBackward0>), 'true_values': tensor(1194.2793, device='cuda:0', grad_fn=<MulBackward0>)}
[69:16799]  loss_total_vae=8918.297  loss_recon=6614.640  loss_kld=1054.973  loss_prediction=16.384  loss_true_values=1232.300  loss_total_vae_epoch=8901.916  
Losses: {'total_vae': tensor(8935.0752, device='cuda:0', grad_fn=<AddBackward0>), 'recon': tensor(6637.9629, device='cuda:0', grad_fn=<MulBackward0>), 'kld': tensor(1086.1716, device='cuda:0', grad_fn=<MulBackward0>), 'prediction': tensor(13.5636, device='cuda:0', grad_fn=<MulBackward0>), 'true_values': tensor(1197.3767, device='cuda:0', grad_fn=<MulBackward0>)}
Done testing
Saved test_metrics
[70:17039]  loss_total_vae=8751.592  loss_recon=6439.188  loss_kld=1057.009  loss_prediction=14.276  loss_true_values=1241.119  loss_total_vae_epoch=8901.323  
Losses: {'total_vae': tensor(8849.7441, device='cuda:0', grad_fn=<AddBackward0>), 'recon': tensor(6561.2593, device='cuda:0', grad_fn=<MulBackward0>), 'kld': tensor(1074.3521, device='cuda:0', grad_fn=<MulBackward0>), 'prediction': tensor(11.2570, device='cuda:0', grad_fn=<MulBackward0>), 'true_values': tensor(1202.8761, device='cuda:0', grad_fn=<MulBackward0>)}
[71:17279]  loss_total_vae=8846.508  loss_recon=6570.597  loss_kld=1075.779  loss_prediction=14.871  loss_true_values=1185.262  loss_total_vae_epoch=8896.348  
Losses: {'total_vae': tensor(8860.6777, device='cuda:0', grad_fn=<AddBackward0>), 'recon': tensor(6570.6172, device='cuda:0', grad_fn=<MulBackward0>), 'kld': tensor(1090.0106, device='cuda:0', grad_fn=<MulBackward0>), 'prediction': tensor(10.4730, device='cuda:0', grad_fn=<MulBackward0>), 'true_values': tensor(1189.5762, device='cuda:0', grad_fn=<MulBackward0>)}
[72:17519]  loss_total_vae=8795.160  loss_recon=6507.297  loss_kld=1063.504  loss_prediction=8.364  loss_true_values=1215.995  loss_total_vae_epoch=8893.872  
Losses: {'total_vae': tensor(8783.0703, device='cuda:0', grad_fn=<AddBackward0>), 'recon': tensor(6476.8818, device='cuda:0', grad_fn=<MulBackward0>), 'kld': tensor(1061.5354, device='cuda:0', grad_fn=<MulBackward0>), 'prediction': tensor(19.2013, device='cuda:0', grad_fn=<MulBackward0>), 'true_values': tensor(1225.4518, device='cuda:0', grad_fn=<MulBackward0>)}
[73:17759]  loss_total_vae=8845.348  loss_recon=6549.215  loss_kld=1068.455  loss_prediction=15.177  loss_true_values=1212.500  loss_total_vae_epoch=8890.866  
Losses: {'total_vae': tensor(8895.0020, device='cuda:0', grad_fn=<AddBackward0>), 'recon': tensor(6616.1768, device='cuda:0', grad_fn=<MulBackward0>), 'kld': tensor(1046.0775, device='cuda:0', grad_fn=<MulBackward0>), 'prediction': tensor(12.6548, device='cuda:0', grad_fn=<MulBackward0>), 'true_values': tensor(1220.0927, device='cuda:0', grad_fn=<MulBackward0>)}
[74:17999]  loss_total_vae=8974.175  loss_recon=6673.586  loss_kld=1055.536  loss_prediction=15.665  loss_true_values=1229.388  loss_total_vae_epoch=8888.207  
Done testing
Saved test_metrics
Losses: {'total_vae': tensor(8910.7324, device='cuda:0', grad_fn=<AddBackward0>), 'recon': tensor(6621.2280, device='cuda:0', grad_fn=<MulBackward0>), 'kld': tensor(1069.0312, device='cuda:0', grad_fn=<MulBackward0>), 'prediction': tensor(12.0439, device='cuda:0', grad_fn=<MulBackward0>), 'true_values': tensor(1208.4293, device='cuda:0', grad_fn=<MulBackward0>)}
[75:18239]  loss_total_vae=8929.753  loss_recon=6580.712  loss_kld=1061.495  loss_prediction=33.235  loss_true_values=1254.310  loss_total_vae_epoch=8884.477  
Losses: {'total_vae': tensor(8875.9600, device='cuda:0', grad_fn=<AddBackward0>), 'recon': tensor(6555.4009, device='cuda:0', grad_fn=<MulBackward0>), 'kld': tensor(1094.9014, device='cuda:0', grad_fn=<MulBackward0>), 'prediction': tensor(15.2975, device='cuda:0', grad_fn=<MulBackward0>), 'true_values': tensor(1210.3600, device='cuda:0', grad_fn=<MulBackward0>)}
[76:18479]  loss_total_vae=8861.271  loss_recon=6557.757  loss_kld=1043.950  loss_prediction=16.374  loss_true_values=1243.191  loss_total_vae_epoch=8883.026  
Losses: {'total_vae': tensor(8890.9834, device='cuda:0', grad_fn=<AddBackward0>), 'recon': tensor(6594.5425, device='cuda:0', grad_fn=<MulBackward0>), 'kld': tensor(1057.6345, device='cuda:0', grad_fn=<MulBackward0>), 'prediction': tensor(20.0923, device='cuda:0', grad_fn=<MulBackward0>), 'true_values': tensor(1218.7147, device='cuda:0', grad_fn=<MulBackward0>)}
[77:18719]  loss_total_vae=8874.450  loss_recon=6567.956  loss_kld=1085.089  loss_prediction=7.582  loss_true_values=1213.824  loss_total_vae_epoch=8881.944  
Losses: {'total_vae': tensor(9015.0840, device='cuda:0', grad_fn=<AddBackward0>), 'recon': tensor(6692.7134, device='cuda:0', grad_fn=<MulBackward0>), 'kld': tensor(1084.3190, device='cuda:0', grad_fn=<MulBackward0>), 'prediction': tensor(27.8924, device='cuda:0', grad_fn=<MulBackward0>), 'true_values': tensor(1210.1592, device='cuda:0', grad_fn=<MulBackward0>)}
[78:18959]  loss_total_vae=8846.783  loss_recon=6549.786  loss_kld=1060.031  loss_prediction=15.541  loss_true_values=1221.425  loss_total_vae_epoch=8879.518  
Losses: {'total_vae': tensor(8921.1230, device='cuda:0', grad_fn=<AddBackward0>), 'recon': tensor(6562.8428, device='cuda:0', grad_fn=<MulBackward0>), 'kld': tensor(1075.2268, device='cuda:0', grad_fn=<MulBackward0>), 'prediction': tensor(56.6790, device='cuda:0', grad_fn=<MulBackward0>), 'true_values': tensor(1226.3741, device='cuda:0', grad_fn=<MulBackward0>)}
Done testing
Saved test_metrics
[79:19199]  loss_total_vae=8973.897  loss_recon=6679.762  loss_kld=1042.893  loss_prediction=12.665  loss_true_values=1238.579  loss_total_vae_epoch=8874.755  
Losses: {'total_vae': tensor(8978.3398, device='cuda:0', grad_fn=<AddBackward0>), 'recon': tensor(6679.3003, device='cuda:0', grad_fn=<MulBackward0>), 'kld': tensor(1086.9130, device='cuda:0', grad_fn=<MulBackward0>), 'prediction': tensor(5.2918, device='cuda:0', grad_fn=<MulBackward0>), 'true_values': tensor(1206.8346, device='cuda:0', grad_fn=<MulBackward0>)}
[80:19439]  loss_total_vae=9022.449  loss_recon=6732.949  loss_kld=1081.009  loss_prediction=11.301  loss_true_values=1197.192  loss_total_vae_epoch=8871.391  
Losses: {'total_vae': tensor(8906.6631, device='cuda:0', grad_fn=<AddBackward0>), 'recon': tensor(6577.3384, device='cuda:0', grad_fn=<MulBackward0>), 'kld': tensor(1098.1465, device='cuda:0', grad_fn=<MulBackward0>), 'prediction': tensor(12.6423, device='cuda:0', grad_fn=<MulBackward0>), 'true_values': tensor(1218.5364, device='cuda:0', grad_fn=<MulBackward0>)}
[81:19679]  loss_total_vae=8732.429  loss_recon=6454.657  loss_kld=1082.666  loss_prediction=8.387  loss_true_values=1186.718  loss_total_vae_epoch=8870.897  
Losses: {'total_vae': tensor(8774.8271, device='cuda:0', grad_fn=<AddBackward0>), 'recon': tensor(6472.0557, device='cuda:0', grad_fn=<MulBackward0>), 'kld': tensor(1051.4944, device='cuda:0', grad_fn=<MulBackward0>), 'prediction': tensor(14.1411, device='cuda:0', grad_fn=<MulBackward0>), 'true_values': tensor(1237.1359, device='cuda:0', grad_fn=<MulBackward0>)}
[82:19919]  loss_total_vae=8965.655  loss_recon=6675.326  loss_kld=1067.764  loss_prediction=9.847  loss_true_values=1212.718  loss_total_vae_epoch=8865.428  
Losses: {'total_vae': tensor(8839.4854, device='cuda:0', grad_fn=<AddBackward0>), 'recon': tensor(6569.5537, device='cuda:0', grad_fn=<MulBackward0>), 'kld': tensor(1060.3855, device='cuda:0', grad_fn=<MulBackward0>), 'prediction': tensor(6.8427, device='cuda:0', grad_fn=<MulBackward0>), 'true_values': tensor(1202.7035, device='cuda:0', grad_fn=<MulBackward0>)}
Done testing
Saved test_metrics
[83:20159]  loss_total_vae=8755.533  loss_recon=6474.175  loss_kld=1065.555  loss_prediction=7.230  loss_true_values=1208.573  loss_total_vae_epoch=8865.928  
Losses: {'total_vae': tensor(8953.8398, device='cuda:0', grad_fn=<AddBackward0>), 'recon': tensor(6646.6855, device='cuda:0', grad_fn=<MulBackward0>), 'kld': tensor(1067.5402, device='cuda:0', grad_fn=<MulBackward0>), 'prediction': tensor(12.4977, device='cuda:0', grad_fn=<MulBackward0>), 'true_values': tensor(1227.1172, device='cuda:0', grad_fn=<MulBackward0>)}
[84:20399]  loss_total_vae=8909.172  loss_recon=6599.996  loss_kld=1062.786  loss_prediction=19.083  loss_true_values=1227.306  loss_total_vae_epoch=8863.077  
Losses: {'total_vae': tensor(8926.2451, device='cuda:0', grad_fn=<AddBackward0>), 'recon': tensor(6642.9268, device='cuda:0', grad_fn=<MulBackward0>), 'kld': tensor(1060.0387, device='cuda:0', grad_fn=<MulBackward0>), 'prediction': tensor(8.2764, device='cuda:0', grad_fn=<MulBackward0>), 'true_values': tensor(1215.0037, device='cuda:0', grad_fn=<MulBackward0>)}
[85:20639]  loss_total_vae=8883.343  loss_recon=6595.808  loss_kld=1054.979  loss_prediction=23.060  loss_true_values=1209.496  loss_total_vae_epoch=8859.192  
Losses: {'total_vae': tensor(8782.7666, device='cuda:0', grad_fn=<AddBackward0>), 'recon': tensor(6507.5103, device='cuda:0', grad_fn=<MulBackward0>), 'kld': tensor(1066.2451, device='cuda:0', grad_fn=<MulBackward0>), 'prediction': tensor(11.2530, device='cuda:0', grad_fn=<MulBackward0>), 'true_values': tensor(1197.7581, device='cuda:0', grad_fn=<MulBackward0>)}
[86:20879]  loss_total_vae=8847.323  loss_recon=6569.015  loss_kld=1059.940  loss_prediction=11.640  loss_true_values=1206.729  loss_total_vae_epoch=8858.479  
Losses: {'total_vae': tensor(8851.1777, device='cuda:0', grad_fn=<AddBackward0>), 'recon': tensor(6575.2544, device='cuda:0', grad_fn=<MulBackward0>), 'kld': tensor(1054.5729, device='cuda:0', grad_fn=<MulBackward0>), 'prediction': tensor(5.7894, device='cuda:0', grad_fn=<MulBackward0>), 'true_values': tensor(1215.5607, device='cuda:0', grad_fn=<MulBackward0>)}
Done testing
Saved test_metrics
[87:21119]  loss_total_vae=8920.434  loss_recon=6613.332  loss_kld=1050.935  loss_prediction=32.425  loss_true_values=1223.742  loss_total_vae_epoch=8856.486  
Losses: {'total_vae': tensor(8805.4912, device='cuda:0', grad_fn=<AddBackward0>), 'recon': tensor(6497.4492, device='cuda:0', grad_fn=<MulBackward0>), 'kld': tensor(1051.2877, device='cuda:0', grad_fn=<MulBackward0>), 'prediction': tensor(45.1464, device='cuda:0', grad_fn=<MulBackward0>), 'true_values': tensor(1211.6078, device='cuda:0', grad_fn=<MulBackward0>)}
[88:21359]  loss_total_vae=8888.560  loss_recon=6589.096  loss_kld=1080.425  loss_prediction=5.909  loss_true_values=1213.130  loss_total_vae_epoch=8853.439  
Losses: {'total_vae': tensor(8791.3750, device='cuda:0', grad_fn=<AddBackward0>), 'recon': tensor(6527.4531, device='cuda:0', grad_fn=<MulBackward0>), 'kld': tensor(1052.1550, device='cuda:0', grad_fn=<MulBackward0>), 'prediction': tensor(7.1694, device='cuda:0', grad_fn=<MulBackward0>), 'true_values': tensor(1204.5974, device='cuda:0', grad_fn=<MulBackward0>)}
[89:21599]  loss_total_vae=8777.466  loss_recon=6490.349  loss_kld=1066.912  loss_prediction=16.380  loss_true_values=1203.825  loss_total_vae_epoch=8854.572  
Losses: {'total_vae': tensor(8830.1289, device='cuda:0', grad_fn=<AddBackward0>), 'recon': tensor(6562.1553, device='cuda:0', grad_fn=<MulBackward0>), 'kld': tensor(1065.6726, device='cuda:0', grad_fn=<MulBackward0>), 'prediction': tensor(8.8021, device='cuda:0', grad_fn=<MulBackward0>), 'true_values': tensor(1193.4989, device='cuda:0', grad_fn=<MulBackward0>)}
[90:21839]  loss_total_vae=8925.430  loss_recon=6615.708  loss_kld=1068.516  loss_prediction=15.385  loss_true_values=1225.820  loss_total_vae_epoch=8850.430  
Losses: {'total_vae': tensor(9047.5850, device='cuda:0', grad_fn=<AddBackward0>), 'recon': tensor(6748.8755, device='cuda:0', grad_fn=<MulBackward0>), 'kld': tensor(1063.7812, device='cuda:0', grad_fn=<MulBackward0>), 'prediction': tensor(11.6409, device='cuda:0', grad_fn=<MulBackward0>), 'true_values': tensor(1223.2871, device='cuda:0', grad_fn=<MulBackward0>)}
Done testing
Saved test_metrics
[91:22079]  loss_total_vae=8990.919  loss_recon=6714.207  loss_kld=1070.141  loss_prediction=8.441  loss_true_values=1198.130  loss_total_vae_epoch=8847.953  
Losses: {'total_vae': tensor(8780.8193, device='cuda:0', grad_fn=<AddBackward0>), 'recon': tensor(6501.8594, device='cuda:0', grad_fn=<MulBackward0>), 'kld': tensor(1060.8008, device='cuda:0', grad_fn=<MulBackward0>), 'prediction': tensor(6.3343, device='cuda:0', grad_fn=<MulBackward0>), 'true_values': tensor(1211.8245, device='cuda:0', grad_fn=<MulBackward0>)}
[92:22319]  loss_total_vae=8706.951  loss_recon=6430.333  loss_kld=1073.398  loss_prediction=4.673  loss_true_values=1198.548  loss_total_vae_epoch=8842.524  
Losses: {'total_vae': tensor(8664.9004, device='cuda:0', grad_fn=<AddBackward0>), 'recon': tensor(6386.7344, device='cuda:0', grad_fn=<MulBackward0>), 'kld': tensor(1065.2988, device='cuda:0', grad_fn=<MulBackward0>), 'prediction': tensor(7.1422, device='cuda:0', grad_fn=<MulBackward0>), 'true_values': tensor(1205.7252, device='cuda:0', grad_fn=<MulBackward0>)}
[93:22559]  loss_total_vae=8812.484  loss_recon=6519.539  loss_kld=1049.065  loss_prediction=20.856  loss_true_values=1223.023  loss_total_vae_epoch=8841.249  
Losses: {'total_vae': tensor(9073.4531, device='cuda:0', grad_fn=<AddBackward0>), 'recon': tensor(6754.9629, device='cuda:0', grad_fn=<MulBackward0>), 'kld': tensor(1088.4175, device='cuda:0', grad_fn=<MulBackward0>), 'prediction': tensor(3.7735, device='cuda:0', grad_fn=<MulBackward0>), 'true_values': tensor(1226.2992, device='cuda:0', grad_fn=<MulBackward0>)}
[94:22799]  loss_total_vae=8833.897  loss_recon=6547.934  loss_kld=1085.386  loss_prediction=6.236  loss_true_values=1194.341  loss_total_vae_epoch=8841.092  
Losses: {'total_vae': tensor(8844.7354, device='cuda:0', grad_fn=<AddBackward0>), 'recon': tensor(6546.4136, device='cuda:0', grad_fn=<MulBackward0>), 'kld': tensor(1068.6494, device='cuda:0', grad_fn=<MulBackward0>), 'prediction': tensor(26.9195, device='cuda:0', grad_fn=<MulBackward0>), 'true_values': tensor(1202.7526, device='cuda:0', grad_fn=<MulBackward0>)}
Done testing
Saved test_metrics
[95:23039]  loss_total_vae=8981.080  loss_recon=6675.536  loss_kld=1059.177  loss_prediction=10.910  loss_true_values=1235.459  loss_total_vae_epoch=8835.340  
Losses: {'total_vae': tensor(8798.1484, device='cuda:0', grad_fn=<AddBackward0>), 'recon': tensor(6504.8350, device='cuda:0', grad_fn=<MulBackward0>), 'kld': tensor(1081.9326, device='cuda:0', grad_fn=<MulBackward0>), 'prediction': tensor(4.5154, device='cuda:0', grad_fn=<MulBackward0>), 'true_values': tensor(1206.8649, device='cuda:0', grad_fn=<MulBackward0>)}
[96:23279]  loss_total_vae=8918.760  loss_recon=6615.815  loss_kld=1070.391  loss_prediction=15.936  loss_true_values=1216.618  loss_total_vae_epoch=8835.494  
Losses: {'total_vae': tensor(8947.2422, device='cuda:0', grad_fn=<AddBackward0>), 'recon': tensor(6678.1187, device='cuda:0', grad_fn=<MulBackward0>), 'kld': tensor(1053.5886, device='cuda:0', grad_fn=<MulBackward0>), 'prediction': tensor(4.5135, device='cuda:0', grad_fn=<MulBackward0>), 'true_values': tensor(1211.0215, device='cuda:0', grad_fn=<MulBackward0>)}
[97:23519]  loss_total_vae=8935.299  loss_recon=6626.367  loss_kld=1069.788  loss_prediction=18.157  loss_true_values=1220.987  loss_total_vae_epoch=8833.036  
Losses: {'total_vae': tensor(8808.0225, device='cuda:0', grad_fn=<AddBackward0>), 'recon': tensor(6519.7012, device='cuda:0', grad_fn=<MulBackward0>), 'kld': tensor(1067.7925, device='cuda:0', grad_fn=<MulBackward0>), 'prediction': tensor(6.6417, device='cuda:0', grad_fn=<MulBackward0>), 'true_values': tensor(1213.8872, device='cuda:0', grad_fn=<MulBackward0>)}
[98:23759]  loss_total_vae=8808.514  loss_recon=6521.074  loss_kld=1056.959  loss_prediction=18.185  loss_true_values=1212.296  loss_total_vae_epoch=8831.619  
Losses: {'total_vae': tensor(8901.6709, device='cuda:0', grad_fn=<AddBackward0>), 'recon': tensor(6609.2246, device='cuda:0', grad_fn=<MulBackward0>), 'kld': tensor(1085.6737, device='cuda:0', grad_fn=<MulBackward0>), 'prediction': tensor(8.4929, device='cuda:0', grad_fn=<MulBackward0>), 'true_values': tensor(1198.2802, device='cuda:0', grad_fn=<MulBackward0>)}
[99:23999]  loss_total_vae=8892.429  loss_recon=6591.066  loss_kld=1072.829  loss_prediction=15.403  loss_true_values=1213.130  loss_total_vae_epoch=8833.956  
Done testing
Saved test_metrics
Losses: {'total_vae': tensor(8825.7285, device='cuda:0', grad_fn=<AddBackward0>), 'recon': tensor(6543.9673, device='cuda:0', grad_fn=<MulBackward0>), 'kld': tensor(1085.0581, device='cuda:0', grad_fn=<MulBackward0>), 'prediction': tensor(6.6359, device='cuda:0', grad_fn=<MulBackward0>), 'true_values': tensor(1190.0679, device='cuda:0', grad_fn=<MulBackward0>)}
[100:24239]  loss_total_vae=8684.687  loss_recon=6397.157  loss_kld=1075.767  loss_prediction=12.014  loss_true_values=1199.748  loss_total_vae_epoch=8824.480  
Losses: {'total_vae': tensor(8874.7822, device='cuda:0', grad_fn=<AddBackward0>), 'recon': tensor(6605.8687, device='cuda:0', grad_fn=<MulBackward0>), 'kld': tensor(1073.2216, device='cuda:0', grad_fn=<MulBackward0>), 'prediction': tensor(5.8447, device='cuda:0', grad_fn=<MulBackward0>), 'true_values': tensor(1189.8475, device='cuda:0', grad_fn=<MulBackward0>)}
[101:24479]  loss_total_vae=8890.745  loss_recon=6623.891  loss_kld=1056.923  loss_prediction=8.838  loss_true_values=1201.092  loss_total_vae_epoch=8822.389  
Losses: {'total_vae': tensor(8856.7207, device='cuda:0', grad_fn=<AddBackward0>), 'recon': tensor(6601.1841, device='cuda:0', grad_fn=<MulBackward0>), 'kld': tensor(1065.7213, device='cuda:0', grad_fn=<MulBackward0>), 'prediction': tensor(9.5989, device='cuda:0', grad_fn=<MulBackward0>), 'true_values': tensor(1180.2168, device='cuda:0', grad_fn=<MulBackward0>)}
[102:24719]  loss_total_vae=8878.405  loss_recon=6598.039  loss_kld=1045.255  loss_prediction=16.027  loss_true_values=1219.084  loss_total_vae_epoch=8823.891  
Losses: {'total_vae': tensor(8769.4199, device='cuda:0', grad_fn=<AddBackward0>), 'recon': tensor(6494.2319, device='cuda:0', grad_fn=<MulBackward0>), 'kld': tensor(1055.4299, device='cuda:0', grad_fn=<MulBackward0>), 'prediction': tensor(11.6091, device='cuda:0', grad_fn=<MulBackward0>), 'true_values': tensor(1208.1494, device='cuda:0', grad_fn=<MulBackward0>)}
[103:24959]  loss_total_vae=8716.048  loss_recon=6446.308  loss_kld=1077.351  loss_prediction=13.119  loss_true_values=1179.270  loss_total_vae_epoch=8821.515  
Losses: {'total_vae': tensor(8830.5918, device='cuda:0', grad_fn=<AddBackward0>), 'recon': tensor(6544.4717, device='cuda:0', grad_fn=<MulBackward0>), 'kld': tensor(1071.5178, device='cuda:0', grad_fn=<MulBackward0>), 'prediction': tensor(5.3450, device='cuda:0', grad_fn=<MulBackward0>), 'true_values': tensor(1209.2576, device='cuda:0', grad_fn=<MulBackward0>)}
Done testing
Saved test_metrics
[104:25199]  loss_total_vae=8813.403  loss_recon=6531.259  loss_kld=1063.731  loss_prediction=11.917  loss_true_values=1206.497  loss_total_vae_epoch=8814.965  
Losses: {'total_vae': tensor(8756.9131, device='cuda:0', grad_fn=<AddBackward0>), 'recon': tensor(6434.9966, device='cuda:0', grad_fn=<MulBackward0>), 'kld': tensor(1088.8221, device='cuda:0', grad_fn=<MulBackward0>), 'prediction': tensor(7.2311, device='cuda:0', grad_fn=<MulBackward0>), 'true_values': tensor(1225.8635, device='cuda:0', grad_fn=<MulBackward0>)}
[105:25439]  loss_total_vae=8928.054  loss_recon=6653.413  loss_kld=1076.405  loss_prediction=8.328  loss_true_values=1189.906  loss_total_vae_epoch=8816.425  
Losses: {'total_vae': tensor(8880.3438, device='cuda:0', grad_fn=<AddBackward0>), 'recon': tensor(6585.4038, device='cuda:0', grad_fn=<MulBackward0>), 'kld': tensor(1070.6984, device='cuda:0', grad_fn=<MulBackward0>), 'prediction': tensor(14.7038, device='cuda:0', grad_fn=<MulBackward0>), 'true_values': tensor(1209.5383, device='cuda:0', grad_fn=<MulBackward0>)}
[106:25679]  loss_total_vae=8665.013  loss_recon=6384.521  loss_kld=1068.768  loss_prediction=8.359  loss_true_values=1203.365  loss_total_vae_epoch=8813.340  
Losses: {'total_vae': tensor(8765.6182, device='cuda:0', grad_fn=<AddBackward0>), 'recon': tensor(6481.3179, device='cuda:0', grad_fn=<MulBackward0>), 'kld': tensor(1071.0092, device='cuda:0', grad_fn=<MulBackward0>), 'prediction': tensor(6.2918, device='cuda:0', grad_fn=<MulBackward0>), 'true_values': tensor(1206.9988, device='cuda:0', grad_fn=<MulBackward0>)}
[107:25919]  loss_total_vae=8825.659  loss_recon=6529.012  loss_kld=1075.489  loss_prediction=11.334  loss_true_values=1209.824  loss_total_vae_epoch=8811.237  
Losses: {'total_vae': tensor(8677.0039, device='cuda:0', grad_fn=<AddBackward0>), 'recon': tensor(6425.1650, device='cuda:0', grad_fn=<MulBackward0>), 'kld': tensor(1062.9072, device='cuda:0', grad_fn=<MulBackward0>), 'prediction': tensor(5.1766, device='cuda:0', grad_fn=<MulBackward0>), 'true_values': tensor(1183.7545, device='cuda:0', grad_fn=<MulBackward0>)}
Done testing
Saved test_metrics
[108:26159]  loss_total_vae=8700.337  loss_recon=6441.687  loss_kld=1068.686  loss_prediction=12.054  loss_true_values=1177.911  loss_total_vae_epoch=8811.733  
Losses: {'total_vae': tensor(8859.0322, device='cuda:0', grad_fn=<AddBackward0>), 'recon': tensor(6578.0498, device='cuda:0', grad_fn=<MulBackward0>), 'kld': tensor(1076.8596, device='cuda:0', grad_fn=<MulBackward0>), 'prediction': tensor(7.1620, device='cuda:0', grad_fn=<MulBackward0>), 'true_values': tensor(1196.9609, device='cuda:0', grad_fn=<MulBackward0>)}
[109:26399]  loss_total_vae=8765.618  loss_recon=6478.509  loss_kld=1079.523  loss_prediction=6.532  loss_true_values=1201.055  loss_total_vae_epoch=8810.968  
Losses: {'total_vae': tensor(8925.9648, device='cuda:0', grad_fn=<AddBackward0>), 'recon': tensor(6632.6860, device='cuda:0', grad_fn=<MulBackward0>), 'kld': tensor(1080.9993, device='cuda:0', grad_fn=<MulBackward0>), 'prediction': tensor(9.7503, device='cuda:0', grad_fn=<MulBackward0>), 'true_values': tensor(1202.5293, device='cuda:0', grad_fn=<MulBackward0>)}
[110:26639]  loss_total_vae=8713.131  loss_recon=6440.236  loss_kld=1069.727  loss_prediction=12.873  loss_true_values=1190.293  loss_total_vae_epoch=8803.089  
Losses: {'total_vae': tensor(8762.8945, device='cuda:0', grad_fn=<AddBackward0>), 'recon': tensor(6483.2812, device='cuda:0', grad_fn=<MulBackward0>), 'kld': tensor(1080.2874, device='cuda:0', grad_fn=<MulBackward0>), 'prediction': tensor(6.6124, device='cuda:0', grad_fn=<MulBackward0>), 'true_values': tensor(1192.7136, device='cuda:0', grad_fn=<MulBackward0>)}
[111:26879]  loss_total_vae=8648.698  loss_recon=6382.763  loss_kld=1056.667  loss_prediction=15.706  loss_true_values=1193.562  loss_total_vae_epoch=8804.619  
Losses: {'total_vae': tensor(8670.0684, device='cuda:0', grad_fn=<AddBackward0>), 'recon': tensor(6408.2935, device='cuda:0', grad_fn=<MulBackward0>), 'kld': tensor(1079.1104, device='cuda:0', grad_fn=<MulBackward0>), 'prediction': tensor(7.9141, device='cuda:0', grad_fn=<MulBackward0>), 'true_values': tensor(1174.7507, device='cuda:0', grad_fn=<MulBackward0>)}
Done testing
Saved test_metrics
[112:27119]  loss_total_vae=8805.326  loss_recon=6496.092  loss_kld=1070.721  loss_prediction=15.597  loss_true_values=1222.916  loss_total_vae_epoch=8801.405  
Losses: {'total_vae': tensor(8697.2998, device='cuda:0', grad_fn=<AddBackward0>), 'recon': tensor(6437.9175, device='cuda:0', grad_fn=<MulBackward0>), 'kld': tensor(1055.2042, device='cuda:0', grad_fn=<MulBackward0>), 'prediction': tensor(4.9410, device='cuda:0', grad_fn=<MulBackward0>), 'true_values': tensor(1199.2373, device='cuda:0', grad_fn=<MulBackward0>)}
[113:27359]  loss_total_vae=8704.866  loss_recon=6422.275  loss_kld=1055.253  loss_prediction=15.300  loss_true_values=1212.038  loss_total_vae_epoch=8801.444  
Losses: {'total_vae': tensor(8733.1953, device='cuda:0', grad_fn=<AddBackward0>), 'recon': tensor(6441.4624, device='cuda:0', grad_fn=<MulBackward0>), 'kld': tensor(1085.8859, device='cuda:0', grad_fn=<MulBackward0>), 'prediction': tensor(4.8295, device='cuda:0', grad_fn=<MulBackward0>), 'true_values': tensor(1201.0171, device='cuda:0', grad_fn=<MulBackward0>)}
[114:27599]  loss_total_vae=8743.571  loss_recon=6481.303  loss_kld=1066.361  loss_prediction=10.273  loss_true_values=1185.634  loss_total_vae_epoch=8800.078  
Losses: {'total_vae': tensor(8981.7285, device='cuda:0', grad_fn=<AddBackward0>), 'recon': tensor(6710.3887, device='cuda:0', grad_fn=<MulBackward0>), 'kld': tensor(1081.9810, device='cuda:0', grad_fn=<MulBackward0>), 'prediction': tensor(8.1486, device='cuda:0', grad_fn=<MulBackward0>), 'true_values': tensor(1181.2102, device='cuda:0', grad_fn=<MulBackward0>)}
[115:27839]  loss_total_vae=8619.180  loss_recon=6345.232  loss_kld=1050.583  loss_prediction=15.264  loss_true_values=1208.100  loss_total_vae_epoch=8796.747  
Losses: {'total_vae': tensor(8797.2520, device='cuda:0', grad_fn=<AddBackward0>), 'recon': tensor(6503.7646, device='cuda:0', grad_fn=<MulBackward0>), 'kld': tensor(1078.7548, device='cuda:0', grad_fn=<MulBackward0>), 'prediction': tensor(4.8732, device='cuda:0', grad_fn=<MulBackward0>), 'true_values': tensor(1209.8597, device='cuda:0', grad_fn=<MulBackward0>)}
Done testing
Saved test_metrics
[116:28079]  loss_total_vae=8852.342  loss_recon=6514.337  loss_kld=1094.908  loss_prediction=49.917  loss_true_values=1193.180  loss_total_vae_epoch=8793.451  
Losses: {'total_vae': tensor(8781.6436, device='cuda:0', grad_fn=<AddBackward0>), 'recon': tensor(6524.9888, device='cuda:0', grad_fn=<MulBackward0>), 'kld': tensor(1065.0399, device='cuda:0', grad_fn=<MulBackward0>), 'prediction': tensor(3.7605, device='cuda:0', grad_fn=<MulBackward0>), 'true_values': tensor(1187.8544, device='cuda:0', grad_fn=<MulBackward0>)}
[117:28319]  loss_total_vae=8676.473  loss_recon=6380.705  loss_kld=1059.888  loss_prediction=12.396  loss_true_values=1223.484  loss_total_vae_epoch=8790.074  
Losses: {'total_vae': tensor(8730.1279, device='cuda:0', grad_fn=<AddBackward0>), 'recon': tensor(6437.1406, device='cuda:0', grad_fn=<MulBackward0>), 'kld': tensor(1074.7194, device='cuda:0', grad_fn=<MulBackward0>), 'prediction': tensor(7.6862, device='cuda:0', grad_fn=<MulBackward0>), 'true_values': tensor(1210.5823, device='cuda:0', grad_fn=<MulBackward0>)}
[118:28559]  loss_total_vae=8758.141  loss_recon=6480.450  loss_kld=1056.836  loss_prediction=14.168  loss_true_values=1206.687  loss_total_vae_epoch=8792.450  
Losses: {'total_vae': tensor(8709.4609, device='cuda:0', grad_fn=<AddBackward0>), 'recon': tensor(6413.4360, device='cuda:0', grad_fn=<MulBackward0>), 'kld': tensor(1073.9871, device='cuda:0', grad_fn=<MulBackward0>), 'prediction': tensor(12.5799, device='cuda:0', grad_fn=<MulBackward0>), 'true_values': tensor(1209.4579, device='cuda:0', grad_fn=<MulBackward0>)}
[119:28799]  loss_total_vae=8954.456  loss_recon=6667.653  loss_kld=1069.309  loss_prediction=8.790  loss_true_values=1208.704  loss_total_vae_epoch=8788.658  
Losses: {'total_vae': tensor(8773.8701, device='cuda:0', grad_fn=<AddBackward0>), 'recon': tensor(6496.6909, device='cuda:0', grad_fn=<MulBackward0>), 'kld': tensor(1086.5052, device='cuda:0', grad_fn=<MulBackward0>), 'prediction': tensor(14.6822, device='cuda:0', grad_fn=<MulBackward0>), 'true_values': tensor(1175.9916, device='cuda:0', grad_fn=<MulBackward0>)}
Done testing
Saved test_metrics
[120:29039]  loss_total_vae=8877.490  loss_recon=6609.615  loss_kld=1071.782  loss_prediction=8.591  loss_true_values=1187.501  loss_total_vae_epoch=8786.536  
Losses: {'total_vae': tensor(8676.1074, device='cuda:0', grad_fn=<AddBackward0>), 'recon': tensor(6401.7021, device='cuda:0', grad_fn=<MulBackward0>), 'kld': tensor(1072.7368, device='cuda:0', grad_fn=<MulBackward0>), 'prediction': tensor(5.5395, device='cuda:0', grad_fn=<MulBackward0>), 'true_values': tensor(1196.1289, device='cuda:0', grad_fn=<MulBackward0>)}
[121:29279]  loss_total_vae=8952.363  loss_recon=6632.919  loss_kld=1059.301  loss_prediction=29.123  loss_true_values=1231.020  loss_total_vae_epoch=8784.758  
Losses: {'total_vae': tensor(8890.4531, device='cuda:0', grad_fn=<AddBackward0>), 'recon': tensor(6602.8926, device='cuda:0', grad_fn=<MulBackward0>), 'kld': tensor(1053.8175, device='cuda:0', grad_fn=<MulBackward0>), 'prediction': tensor(17.3319, device='cuda:0', grad_fn=<MulBackward0>), 'true_values': tensor(1216.4109, device='cuda:0', grad_fn=<MulBackward0>)}
[122:29519]  loss_total_vae=8986.768  loss_recon=6720.850  loss_kld=1069.422  loss_prediction=5.514  loss_true_values=1190.983  loss_total_vae_epoch=8787.013  
Losses: {'total_vae': tensor(8787.7070, device='cuda:0', grad_fn=<AddBackward0>), 'recon': tensor(6520.3726, device='cuda:0', grad_fn=<MulBackward0>), 'kld': tensor(1085.9346, device='cuda:0', grad_fn=<MulBackward0>), 'prediction': tensor(3.1968, device='cuda:0', grad_fn=<MulBackward0>), 'true_values': tensor(1178.2036, device='cuda:0', grad_fn=<MulBackward0>)}
[123:29759]  loss_total_vae=8792.170  loss_recon=6535.422  loss_kld=1065.532  loss_prediction=6.142  loss_true_values=1185.074  loss_total_vae_epoch=8781.938  
Losses: {'total_vae': tensor(8966.8369, device='cuda:0', grad_fn=<AddBackward0>), 'recon': tensor(6684.1387, device='cuda:0', grad_fn=<MulBackward0>), 'kld': tensor(1076.9269, device='cuda:0', grad_fn=<MulBackward0>), 'prediction': tensor(10.5256, device='cuda:0', grad_fn=<MulBackward0>), 'true_values': tensor(1195.2463, device='cuda:0', grad_fn=<MulBackward0>)}
[124:29999]  loss_total_vae=8874.111  loss_recon=6608.792  loss_kld=1052.678  loss_prediction=4.687  loss_true_values=1207.954  loss_total_vae_epoch=8778.028  
Done testing
Saved test_metrics
Losses: {'total_vae': tensor(8735.5439, device='cuda:0', grad_fn=<AddBackward0>), 'recon': tensor(6447.0088, device='cuda:0', grad_fn=<MulBackward0>), 'kld': tensor(1079.2457, device='cuda:0', grad_fn=<MulBackward0>), 'prediction': tensor(15.8209, device='cuda:0', grad_fn=<MulBackward0>), 'true_values': tensor(1193.4690, device='cuda:0', grad_fn=<MulBackward0>)}
[125:30239]  loss_total_vae=8771.024  loss_recon=6519.782  loss_kld=1077.998  loss_prediction=4.508  loss_true_values=1168.736  loss_total_vae_epoch=8776.145  
Losses: {'total_vae': tensor(8696.6553, device='cuda:0', grad_fn=<AddBackward0>), 'recon': tensor(6451.7588, device='cuda:0', grad_fn=<MulBackward0>), 'kld': tensor(1078.7487, device='cuda:0', grad_fn=<MulBackward0>), 'prediction': tensor(3.7263, device='cuda:0', grad_fn=<MulBackward0>), 'true_values': tensor(1162.4214, device='cuda:0', grad_fn=<MulBackward0>)}
[126:30479]  loss_total_vae=8706.887  loss_recon=6469.119  loss_kld=1050.896  loss_prediction=12.465  loss_true_values=1174.407  loss_total_vae_epoch=8773.166  
Losses: {'total_vae': tensor(8695.4424, device='cuda:0', grad_fn=<AddBackward0>), 'recon': tensor(6395.7993, device='cuda:0', grad_fn=<MulBackward0>), 'kld': tensor(1082.8069, device='cuda:0', grad_fn=<MulBackward0>), 'prediction': tensor(10.3608, device='cuda:0', grad_fn=<MulBackward0>), 'true_values': tensor(1206.4750, device='cuda:0', grad_fn=<MulBackward0>)}
[127:30719]  loss_total_vae=8750.341  loss_recon=6465.552  loss_kld=1073.425  loss_prediction=5.806  loss_true_values=1205.558  loss_total_vae_epoch=8774.314  
Losses: {'total_vae': tensor(8724.2012, device='cuda:0', grad_fn=<AddBackward0>), 'recon': tensor(6450.1606, device='cuda:0', grad_fn=<MulBackward0>), 'kld': tensor(1071.5261, device='cuda:0', grad_fn=<MulBackward0>), 'prediction': tensor(4.4969, device='cuda:0', grad_fn=<MulBackward0>), 'true_values': tensor(1198.0181, device='cuda:0', grad_fn=<MulBackward0>)}
[128:30959]  loss_total_vae=8794.385  loss_recon=6510.324  loss_kld=1086.906  loss_prediction=5.528  loss_true_values=1191.627  loss_total_vae_epoch=8771.834  
Losses: {'total_vae': tensor(8756.3594, device='cuda:0', grad_fn=<AddBackward0>), 'recon': tensor(6440.2656, device='cuda:0', grad_fn=<MulBackward0>), 'kld': tensor(1091.7739, device='cuda:0', grad_fn=<MulBackward0>), 'prediction': tensor(17.2640, device='cuda:0', grad_fn=<MulBackward0>), 'true_values': tensor(1207.0560, device='cuda:0', grad_fn=<MulBackward0>)}
Done testing
Saved test_metrics
[129:31199]  loss_total_vae=8629.282  loss_recon=6327.918  loss_kld=1089.909  loss_prediction=4.767  loss_true_values=1206.687  loss_total_vae_epoch=8771.508  
Losses: {'total_vae': tensor(8711.1768, device='cuda:0', grad_fn=<AddBackward0>), 'recon': tensor(6445.0825, device='cuda:0', grad_fn=<MulBackward0>), 'kld': tensor(1066.9781, device='cuda:0', grad_fn=<MulBackward0>), 'prediction': tensor(6.3114, device='cuda:0', grad_fn=<MulBackward0>), 'true_values': tensor(1192.8044, device='cuda:0', grad_fn=<MulBackward0>)}
[130:31439]  loss_total_vae=8723.048  loss_recon=6450.386  loss_kld=1088.653  loss_prediction=6.874  loss_true_values=1177.135  loss_total_vae_epoch=8766.147  
Losses: {'total_vae': tensor(8669.8604, device='cuda:0', grad_fn=<AddBackward0>), 'recon': tensor(6381.7363, device='cuda:0', grad_fn=<MulBackward0>), 'kld': tensor(1070.9568, device='cuda:0', grad_fn=<MulBackward0>), 'prediction': tensor(6.4793, device='cuda:0', grad_fn=<MulBackward0>), 'true_values': tensor(1210.6875, device='cuda:0', grad_fn=<MulBackward0>)}
[131:31679]  loss_total_vae=8822.357  loss_recon=6528.420  loss_kld=1085.585  loss_prediction=23.634  loss_true_values=1184.718  loss_total_vae_epoch=8768.463  
Losses: {'total_vae': tensor(8828.9102, device='cuda:0', grad_fn=<AddBackward0>), 'recon': tensor(6552.8887, device='cuda:0', grad_fn=<MulBackward0>), 'kld': tensor(1105.1772, device='cuda:0', grad_fn=<MulBackward0>), 'prediction': tensor(3.9390, device='cuda:0', grad_fn=<MulBackward0>), 'true_values': tensor(1166.9048, device='cuda:0', grad_fn=<MulBackward0>)}
[132:31919]  loss_total_vae=8860.105  loss_recon=6600.200  loss_kld=1073.689  loss_prediction=2.957  loss_true_values=1183.260  loss_total_vae_epoch=8768.210  
Losses: {'total_vae': tensor(8769.4717, device='cuda:0', grad_fn=<AddBackward0>), 'recon': tensor(6479.4644, device='cuda:0', grad_fn=<MulBackward0>), 'kld': tensor(1073.7532, device='cuda:0', grad_fn=<MulBackward0>), 'prediction': tensor(9.9536, device='cuda:0', grad_fn=<MulBackward0>), 'true_values': tensor(1206.3005, device='cuda:0', grad_fn=<MulBackward0>)}
Done testing
Saved test_metrics
[133:32159]  loss_total_vae=8809.200  loss_recon=6541.871  loss_kld=1078.288  loss_prediction=3.533  loss_true_values=1185.509  loss_total_vae_epoch=8767.091  
Losses: {'total_vae': tensor(8748.6846, device='cuda:0', grad_fn=<AddBackward0>), 'recon': tensor(6467.5874, device='cuda:0', grad_fn=<MulBackward0>), 'kld': tensor(1068.8325, device='cuda:0', grad_fn=<MulBackward0>), 'prediction': tensor(4.1095, device='cuda:0', grad_fn=<MulBackward0>), 'true_values': tensor(1208.1550, device='cuda:0', grad_fn=<MulBackward0>)}
[134:32399]  loss_total_vae=8708.016  loss_recon=6422.337  loss_kld=1066.620  loss_prediction=13.524  loss_true_values=1205.534  loss_total_vae_epoch=8762.288  
Losses: {'total_vae': tensor(8779.5020, device='cuda:0', grad_fn=<AddBackward0>), 'recon': tensor(6496.2661, device='cuda:0', grad_fn=<MulBackward0>), 'kld': tensor(1079.5979, device='cuda:0', grad_fn=<MulBackward0>), 'prediction': tensor(4.2210, device='cuda:0', grad_fn=<MulBackward0>), 'true_values': tensor(1199.4160, device='cuda:0', grad_fn=<MulBackward0>)}
[135:32639]  loss_total_vae=8806.929  loss_recon=6557.931  loss_kld=1065.750  loss_prediction=6.941  loss_true_values=1176.307  loss_total_vae_epoch=8759.143  
Losses: {'total_vae': tensor(8875.7432, device='cuda:0', grad_fn=<AddBackward0>), 'recon': tensor(6608.7085, device='cuda:0', grad_fn=<MulBackward0>), 'kld': tensor(1076.6356, device='cuda:0', grad_fn=<MulBackward0>), 'prediction': tensor(9.3717, device='cuda:0', grad_fn=<MulBackward0>), 'true_values': tensor(1181.0275, device='cuda:0', grad_fn=<MulBackward0>)}
[136:32879]  loss_total_vae=8715.321  loss_recon=6445.725  loss_kld=1086.460  loss_prediction=6.383  loss_true_values=1176.753  loss_total_vae_epoch=8758.968  
Losses: {'total_vae': tensor(8784.9463, device='cuda:0', grad_fn=<AddBackward0>), 'recon': tensor(6508.4819, device='cuda:0', grad_fn=<MulBackward0>), 'kld': tensor(1089.7964, device='cuda:0', grad_fn=<MulBackward0>), 'prediction': tensor(5.2390, device='cuda:0', grad_fn=<MulBackward0>), 'true_values': tensor(1181.4293, device='cuda:0', grad_fn=<MulBackward0>)}
Done testing
Saved test_metrics
[137:33119]  loss_total_vae=8844.401  loss_recon=6558.672  loss_kld=1071.414  loss_prediction=3.863  loss_true_values=1210.453  loss_total_vae_epoch=8757.763  
Losses: {'total_vae': tensor(8749.9043, device='cuda:0', grad_fn=<AddBackward0>), 'recon': tensor(6483.5312, device='cuda:0', grad_fn=<MulBackward0>), 'kld': tensor(1087.8523, device='cuda:0', grad_fn=<MulBackward0>), 'prediction': tensor(6.2832, device='cuda:0', grad_fn=<MulBackward0>), 'true_values': tensor(1172.2371, device='cuda:0', grad_fn=<MulBackward0>)}
[138:33359]  loss_total_vae=8759.348  loss_recon=6483.779  loss_kld=1067.301  loss_prediction=8.431  loss_true_values=1199.836  loss_total_vae_epoch=8757.486  
Losses: {'total_vae': tensor(8809.4395, device='cuda:0', grad_fn=<AddBackward0>), 'recon': tensor(6546.1230, device='cuda:0', grad_fn=<MulBackward0>), 'kld': tensor(1058.8564, device='cuda:0', grad_fn=<MulBackward0>), 'prediction': tensor(7.2307, device='cuda:0', grad_fn=<MulBackward0>), 'true_values': tensor(1197.2295, device='cuda:0', grad_fn=<MulBackward0>)}
[139:33599]  loss_total_vae=8605.346  loss_recon=6321.826  loss_kld=1083.688  loss_prediction=11.754  loss_true_values=1188.078  loss_total_vae_epoch=8753.288  
Losses: {'total_vae': tensor(8723.6836, device='cuda:0', grad_fn=<AddBackward0>), 'recon': tensor(6452.5518, device='cuda:0', grad_fn=<MulBackward0>), 'kld': tensor(1073.9731, device='cuda:0', grad_fn=<MulBackward0>), 'prediction': tensor(16.5272, device='cuda:0', grad_fn=<MulBackward0>), 'true_values': tensor(1180.6317, device='cuda:0', grad_fn=<MulBackward0>)}
[140:33839]  loss_total_vae=8745.298  loss_recon=6473.639  loss_kld=1071.394  loss_prediction=4.967  loss_true_values=1195.298  loss_total_vae_epoch=8754.532  
Losses: {'total_vae': tensor(8756.1191, device='cuda:0', grad_fn=<AddBackward0>), 'recon': tensor(6497.3281, device='cuda:0', grad_fn=<MulBackward0>), 'kld': tensor(1062.6027, device='cuda:0', grad_fn=<MulBackward0>), 'prediction': tensor(3.2265, device='cuda:0', grad_fn=<MulBackward0>), 'true_values': tensor(1192.9617, device='cuda:0', grad_fn=<MulBackward0>)}
Done testing
Saved test_metrics
[141:34079]  loss_total_vae=8801.751  loss_recon=6522.505  loss_kld=1078.644  loss_prediction=5.318  loss_true_values=1195.283  loss_total_vae_epoch=8750.710  
Losses: {'total_vae': tensor(8740.8350, device='cuda:0', grad_fn=<AddBackward0>), 'recon': tensor(6463.5879, device='cuda:0', grad_fn=<MulBackward0>), 'kld': tensor(1076.9695, device='cuda:0', grad_fn=<MulBackward0>), 'prediction': tensor(8.8386, device='cuda:0', grad_fn=<MulBackward0>), 'true_values': tensor(1191.4391, device='cuda:0', grad_fn=<MulBackward0>)}
[142:34319]  loss_total_vae=8754.973  loss_recon=6449.422  loss_kld=1104.638  loss_prediction=7.557  loss_true_values=1193.355  loss_total_vae_epoch=8747.868  
Losses: {'total_vae': tensor(8604.4111, device='cuda:0', grad_fn=<AddBackward0>), 'recon': tensor(6306.8354, device='cuda:0', grad_fn=<MulBackward0>), 'kld': tensor(1083.7926, device='cuda:0', grad_fn=<MulBackward0>), 'prediction': tensor(6.2437, device='cuda:0', grad_fn=<MulBackward0>), 'true_values': tensor(1207.5392, device='cuda:0', grad_fn=<MulBackward0>)}
[143:34559]  loss_total_vae=8788.907  loss_recon=6520.621  loss_kld=1084.107  loss_prediction=5.218  loss_true_values=1178.962  loss_total_vae_epoch=8749.030  
Losses: {'total_vae': tensor(8743.8398, device='cuda:0', grad_fn=<AddBackward0>), 'recon': tensor(6486.0767, device='cuda:0', grad_fn=<MulBackward0>), 'kld': tensor(1072.8334, device='cuda:0', grad_fn=<MulBackward0>), 'prediction': tensor(3.7695, device='cuda:0', grad_fn=<MulBackward0>), 'true_values': tensor(1181.1603, device='cuda:0', grad_fn=<MulBackward0>)}
[144:34799]  loss_total_vae=8975.551  loss_recon=6729.775  loss_kld=1057.025  loss_prediction=8.670  loss_true_values=1180.080  loss_total_vae_epoch=8746.740  
Losses: {'total_vae': tensor(8753.2236, device='cuda:0', grad_fn=<AddBackward0>), 'recon': tensor(6489.2686, device='cuda:0', grad_fn=<MulBackward0>), 'kld': tensor(1085.5420, device='cuda:0', grad_fn=<MulBackward0>), 'prediction': tensor(6.3623, device='cuda:0', grad_fn=<MulBackward0>), 'true_values': tensor(1172.0505, device='cuda:0', grad_fn=<MulBackward0>)}
Done testing
Saved test_metrics
[145:35039]  loss_total_vae=8471.434  loss_recon=6212.559  loss_kld=1061.810  loss_prediction=5.896  loss_true_values=1191.168  loss_total_vae_epoch=8745.318  
Losses: {'total_vae': tensor(8625.3896, device='cuda:0', grad_fn=<AddBackward0>), 'recon': tensor(6364.9092, device='cuda:0', grad_fn=<MulBackward0>), 'kld': tensor(1068.4324, device='cuda:0', grad_fn=<MulBackward0>), 'prediction': tensor(8.5946, device='cuda:0', grad_fn=<MulBackward0>), 'true_values': tensor(1183.4530, device='cuda:0', grad_fn=<MulBackward0>)}
[146:35279]  loss_total_vae=8863.440  loss_recon=6601.009  loss_kld=1062.225  loss_prediction=8.210  loss_true_values=1191.996  loss_total_vae_epoch=8743.763  
Losses: {'total_vae': tensor(8715.7549, device='cuda:0', grad_fn=<AddBackward0>), 'recon': tensor(6440.0210, device='cuda:0', grad_fn=<MulBackward0>), 'kld': tensor(1080.0658, device='cuda:0', grad_fn=<MulBackward0>), 'prediction': tensor(4.7734, device='cuda:0', grad_fn=<MulBackward0>), 'true_values': tensor(1190.8942, device='cuda:0', grad_fn=<MulBackward0>)}
[147:35519]  loss_total_vae=8862.832  loss_recon=6604.543  loss_kld=1057.760  loss_prediction=14.715  loss_true_values=1185.815  loss_total_vae_epoch=8742.677  
Losses: {'total_vae': tensor(8808.1143, device='cuda:0', grad_fn=<AddBackward0>), 'recon': tensor(6536.0557, device='cuda:0', grad_fn=<MulBackward0>), 'kld': tensor(1067.6189, device='cuda:0', grad_fn=<MulBackward0>), 'prediction': tensor(5.4662, device='cuda:0', grad_fn=<MulBackward0>), 'true_values': tensor(1198.9734, device='cuda:0', grad_fn=<MulBackward0>)}
[148:35759]  loss_total_vae=8748.820  loss_recon=6494.280  loss_kld=1062.741  loss_prediction=2.836  loss_true_values=1188.964  loss_total_vae_epoch=8740.647  
Losses: {'total_vae': tensor(8731.1543, device='cuda:0', grad_fn=<AddBackward0>), 'recon': tensor(6448.1240, device='cuda:0', grad_fn=<MulBackward0>), 'kld': tensor(1084.8838, device='cuda:0', grad_fn=<MulBackward0>), 'prediction': tensor(12.5817, device='cuda:0', grad_fn=<MulBackward0>), 'true_values': tensor(1185.5646, device='cuda:0', grad_fn=<MulBackward0>)}
[149:35999]  loss_total_vae=8797.675  loss_recon=6506.098  loss_kld=1085.427  loss_prediction=9.081  loss_true_values=1197.069  loss_total_vae_epoch=8740.849  
Done testing
Saved test_metrics
Losses: {'total_vae': tensor(8704.1699, device='cuda:0', grad_fn=<AddBackward0>), 'recon': tensor(6430.2388, device='cuda:0', grad_fn=<MulBackward0>), 'kld': tensor(1108.6688, device='cuda:0', grad_fn=<MulBackward0>), 'prediction': tensor(9.3189, device='cuda:0', grad_fn=<MulBackward0>), 'true_values': tensor(1155.9435, device='cuda:0', grad_fn=<MulBackward0>)}
[150:36239]  loss_total_vae=8798.200  loss_recon=6541.968  loss_kld=1077.861  loss_prediction=3.193  loss_true_values=1175.178  loss_total_vae_epoch=8736.821  
Losses: {'total_vae': tensor(8772.0293, device='cuda:0', grad_fn=<AddBackward0>), 'recon': tensor(6510.1440, device='cuda:0', grad_fn=<MulBackward0>), 'kld': tensor(1079.5021, device='cuda:0', grad_fn=<MulBackward0>), 'prediction': tensor(3.8325, device='cuda:0', grad_fn=<MulBackward0>), 'true_values': tensor(1178.5513, device='cuda:0', grad_fn=<MulBackward0>)}
[151:36479]  loss_total_vae=8735.717  loss_recon=6467.666  loss_kld=1070.664  loss_prediction=9.902  loss_true_values=1187.485  loss_total_vae_epoch=8737.092  
Losses: {'total_vae': tensor(8744.1230, device='cuda:0', grad_fn=<AddBackward0>), 'recon': tensor(6472.8813, device='cuda:0', grad_fn=<MulBackward0>), 'kld': tensor(1076.4297, device='cuda:0', grad_fn=<MulBackward0>), 'prediction': tensor(7.4589, device='cuda:0', grad_fn=<MulBackward0>), 'true_values': tensor(1187.3525, device='cuda:0', grad_fn=<MulBackward0>)}
[152:36719]  loss_total_vae=8757.400  loss_recon=6500.096  loss_kld=1066.878  loss_prediction=5.890  loss_true_values=1184.536  loss_total_vae_epoch=8736.253  
Losses: {'total_vae': tensor(8727.0166, device='cuda:0', grad_fn=<AddBackward0>), 'recon': tensor(6454.3760, device='cuda:0', grad_fn=<MulBackward0>), 'kld': tensor(1085.6812, device='cuda:0', grad_fn=<MulBackward0>), 'prediction': tensor(5.1689, device='cuda:0', grad_fn=<MulBackward0>), 'true_values': tensor(1181.7908, device='cuda:0', grad_fn=<MulBackward0>)}
[153:36959]  loss_total_vae=8791.476  loss_recon=6528.543  loss_kld=1068.282  loss_prediction=5.397  loss_true_values=1189.254  loss_total_vae_epoch=8730.544  
Losses: {'total_vae': tensor(8639.9805, device='cuda:0', grad_fn=<AddBackward0>), 'recon': tensor(6364.4985, device='cuda:0', grad_fn=<MulBackward0>), 'kld': tensor(1067.7855, device='cuda:0', grad_fn=<MulBackward0>), 'prediction': tensor(8.3420, device='cuda:0', grad_fn=<MulBackward0>), 'true_values': tensor(1199.3540, device='cuda:0', grad_fn=<MulBackward0>)}
Done testing
Saved test_metrics
[154:37199]  loss_total_vae=8809.781  loss_recon=6546.137  loss_kld=1077.965  loss_prediction=2.173  loss_true_values=1183.506  loss_total_vae_epoch=8732.284  
Losses: {'total_vae': tensor(8732.6377, device='cuda:0', grad_fn=<AddBackward0>), 'recon': tensor(6480.3042, device='cuda:0', grad_fn=<MulBackward0>), 'kld': tensor(1077.1001, device='cuda:0', grad_fn=<MulBackward0>), 'prediction': tensor(4.3221, device='cuda:0', grad_fn=<MulBackward0>), 'true_values': tensor(1170.9113, device='cuda:0', grad_fn=<MulBackward0>)}
[155:37439]  loss_total_vae=8882.389  loss_recon=6610.938  loss_kld=1054.051  loss_prediction=5.877  loss_true_values=1211.524  loss_total_vae_epoch=8731.398  
Losses: {'total_vae': tensor(8710.2656, device='cuda:0', grad_fn=<AddBackward0>), 'recon': tensor(6441.0854, device='cuda:0', grad_fn=<MulBackward0>), 'kld': tensor(1072.6865, device='cuda:0', grad_fn=<MulBackward0>), 'prediction': tensor(3.4482, device='cuda:0', grad_fn=<MulBackward0>), 'true_values': tensor(1193.0457, device='cuda:0', grad_fn=<MulBackward0>)}
[156:37679]  loss_total_vae=8590.012  loss_recon=6312.139  loss_kld=1075.547  loss_prediction=5.175  loss_true_values=1197.151  loss_total_vae_epoch=8727.392  
Losses: {'total_vae': tensor(8573.7539, device='cuda:0', grad_fn=<AddBackward0>), 'recon': tensor(6331.9868, device='cuda:0', grad_fn=<MulBackward0>), 'kld': tensor(1054.1072, device='cuda:0', grad_fn=<MulBackward0>), 'prediction': tensor(4.2377, device='cuda:0', grad_fn=<MulBackward0>), 'true_values': tensor(1183.4226, device='cuda:0', grad_fn=<MulBackward0>)}
[157:37919]  loss_total_vae=8809.791  loss_recon=6538.974  loss_kld=1068.957  loss_prediction=9.616  loss_true_values=1192.245  loss_total_vae_epoch=8727.173  
Losses: {'total_vae': tensor(8763.4053, device='cuda:0', grad_fn=<AddBackward0>), 'recon': tensor(6468.2207, device='cuda:0', grad_fn=<MulBackward0>), 'kld': tensor(1087.5869, device='cuda:0', grad_fn=<MulBackward0>), 'prediction': tensor(18.5141, device='cuda:0', grad_fn=<MulBackward0>), 'true_values': tensor(1189.0836, device='cuda:0', grad_fn=<MulBackward0>)}
Done testing
Saved test_metrics
[158:38159]  loss_total_vae=8753.002  loss_recon=6452.798  loss_kld=1063.855  loss_prediction=25.694  loss_true_values=1210.655  loss_total_vae_epoch=8727.852  
Losses: {'total_vae': tensor(8733.8701, device='cuda:0', grad_fn=<AddBackward0>), 'recon': tensor(6461.4756, device='cuda:0', grad_fn=<MulBackward0>), 'kld': tensor(1078.9236, device='cuda:0', grad_fn=<MulBackward0>), 'prediction': tensor(4.4868, device='cuda:0', grad_fn=<MulBackward0>), 'true_values': tensor(1188.9835, device='cuda:0', grad_fn=<MulBackward0>)}
[159:38399]  loss_total_vae=8719.387  loss_recon=6447.435  loss_kld=1083.926  loss_prediction=7.413  loss_true_values=1180.612  loss_total_vae_epoch=8723.642  
Losses: {'total_vae': tensor(8777.1885, device='cuda:0', grad_fn=<AddBackward0>), 'recon': tensor(6530.0068, device='cuda:0', grad_fn=<MulBackward0>), 'kld': tensor(1077.3579, device='cuda:0', grad_fn=<MulBackward0>), 'prediction': tensor(4.6763, device='cuda:0', grad_fn=<MulBackward0>), 'true_values': tensor(1165.1473, device='cuda:0', grad_fn=<MulBackward0>)}
[160:38639]  loss_total_vae=8711.812  loss_recon=6447.300  loss_kld=1067.221  loss_prediction=5.029  loss_true_values=1192.263  loss_total_vae_epoch=8721.258  
Losses: {'total_vae': tensor(8554.1719, device='cuda:0', grad_fn=<AddBackward0>), 'recon': tensor(6297.6123, device='cuda:0', grad_fn=<MulBackward0>), 'kld': tensor(1072.8601, device='cuda:0', grad_fn=<MulBackward0>), 'prediction': tensor(4.5972, device='cuda:0', grad_fn=<MulBackward0>), 'true_values': tensor(1179.1018, device='cuda:0', grad_fn=<MulBackward0>)}
[161:38879]  loss_total_vae=8885.498  loss_recon=6610.757  loss_kld=1079.442  loss_prediction=8.700  loss_true_values=1186.598  loss_total_vae_epoch=8720.141  
Losses: {'total_vae': tensor(8546.7354, device='cuda:0', grad_fn=<AddBackward0>), 'recon': tensor(6288.2734, device='cuda:0', grad_fn=<MulBackward0>), 'kld': tensor(1076.4308, device='cuda:0', grad_fn=<MulBackward0>), 'prediction': tensor(4.4536, device='cuda:0', grad_fn=<MulBackward0>), 'true_values': tensor(1177.5774, device='cuda:0', grad_fn=<MulBackward0>)}
Done testing
Saved test_metrics
[162:39119]  loss_total_vae=8768.705  loss_recon=6506.506  loss_kld=1070.516  loss_prediction=8.152  loss_true_values=1183.531  loss_total_vae_epoch=8718.597  
Losses: {'total_vae': tensor(8706.3623, device='cuda:0', grad_fn=<AddBackward0>), 'recon': tensor(6464.9292, device='cuda:0', grad_fn=<MulBackward0>), 'kld': tensor(1060.3109, device='cuda:0', grad_fn=<MulBackward0>), 'prediction': tensor(4.0101, device='cuda:0', grad_fn=<MulBackward0>), 'true_values': tensor(1177.1115, device='cuda:0', grad_fn=<MulBackward0>)}
[163:39359]  loss_total_vae=8732.062  loss_recon=6471.103  loss_kld=1049.572  loss_prediction=11.298  loss_true_values=1200.089  loss_total_vae_epoch=8717.245  
Losses: {'total_vae': tensor(8544.8154, device='cuda:0', grad_fn=<AddBackward0>), 'recon': tensor(6281.8984, device='cuda:0', grad_fn=<MulBackward0>), 'kld': tensor(1076.2686, device='cuda:0', grad_fn=<MulBackward0>), 'prediction': tensor(13.7123, device='cuda:0', grad_fn=<MulBackward0>), 'true_values': tensor(1172.9360, device='cuda:0', grad_fn=<MulBackward0>)}
[164:39599]  loss_total_vae=8595.886  loss_recon=6335.492  loss_kld=1080.035  loss_prediction=4.745  loss_true_values=1175.613  loss_total_vae_epoch=8718.049  
Losses: {'total_vae': tensor(8704.2324, device='cuda:0', grad_fn=<AddBackward0>), 'recon': tensor(6438.5786, device='cuda:0', grad_fn=<MulBackward0>), 'kld': tensor(1074.9907, device='cuda:0', grad_fn=<MulBackward0>), 'prediction': tensor(4.7465, device='cuda:0', grad_fn=<MulBackward0>), 'true_values': tensor(1185.9163, device='cuda:0', grad_fn=<MulBackward0>)}
[165:39839]  loss_total_vae=8799.113  loss_recon=6555.920  loss_kld=1057.510  loss_prediction=3.649  loss_true_values=1182.035  loss_total_vae_epoch=8713.671  
Losses: {'total_vae': tensor(8764.7090, device='cuda:0', grad_fn=<AddBackward0>), 'recon': tensor(6522.0742, device='cuda:0', grad_fn=<MulBackward0>), 'kld': tensor(1053.7916, device='cuda:0', grad_fn=<MulBackward0>), 'prediction': tensor(7.0094, device='cuda:0', grad_fn=<MulBackward0>), 'true_values': tensor(1181.8344, device='cuda:0', grad_fn=<MulBackward0>)}
Done testing
Saved test_metrics
[166:40079]  loss_total_vae=8865.896  loss_recon=6600.032  loss_kld=1056.131  loss_prediction=12.870  loss_true_values=1196.863  loss_total_vae_epoch=8715.153  
Losses: {'total_vae': tensor(8665.6709, device='cuda:0', grad_fn=<AddBackward0>), 'recon': tensor(6376.2847, device='cuda:0', grad_fn=<MulBackward0>), 'kld': tensor(1075.8021, device='cuda:0', grad_fn=<MulBackward0>), 'prediction': tensor(17.8897, device='cuda:0', grad_fn=<MulBackward0>), 'true_values': tensor(1195.6946, device='cuda:0', grad_fn=<MulBackward0>)}
[167:40319]  loss_total_vae=8732.660  loss_recon=6472.976  loss_kld=1084.559  loss_prediction=14.471  loss_true_values=1160.654  loss_total_vae_epoch=8712.986  
Losses: {'total_vae': tensor(8776.0801, device='cuda:0', grad_fn=<AddBackward0>), 'recon': tensor(6506.5020, device='cuda:0', grad_fn=<MulBackward0>), 'kld': tensor(1081.3040, device='cuda:0', grad_fn=<MulBackward0>), 'prediction': tensor(9.4049, device='cuda:0', grad_fn=<MulBackward0>), 'true_values': tensor(1178.8701, device='cuda:0', grad_fn=<MulBackward0>)}
[168:40559]  loss_total_vae=8689.552  loss_recon=6393.508  loss_kld=1103.693  loss_prediction=3.254  loss_true_values=1189.097  loss_total_vae_epoch=8710.300  
Losses: {'total_vae': tensor(8740.6494, device='cuda:0', grad_fn=<AddBackward0>), 'recon': tensor(6486.3784, device='cuda:0', grad_fn=<MulBackward0>), 'kld': tensor(1072.9458, device='cuda:0', grad_fn=<MulBackward0>), 'prediction': tensor(6.3253, device='cuda:0', grad_fn=<MulBackward0>), 'true_values': tensor(1174.9999, device='cuda:0', grad_fn=<MulBackward0>)}
[169:40799]  loss_total_vae=8567.104  loss_recon=6284.838  loss_kld=1065.773  loss_prediction=18.329  loss_true_values=1198.163  loss_total_vae_epoch=8709.154  
Losses: {'total_vae': tensor(8741.1738, device='cuda:0', grad_fn=<AddBackward0>), 'recon': tensor(6500.5923, device='cuda:0', grad_fn=<MulBackward0>), 'kld': tensor(1067.8669, device='cuda:0', grad_fn=<MulBackward0>), 'prediction': tensor(3.2303, device='cuda:0', grad_fn=<MulBackward0>), 'true_values': tensor(1169.4840, device='cuda:0', grad_fn=<MulBackward0>)}
