name=slurm_script
Pre-Processing CelebA
labels (30000, 32)
All classes percentages: [0.2936666666666667, 0.2319, 0.12203333333333333, 0.18716666666666668, 0.16523333333333334, 0.0, 0.0, 0.0, 0.0, 0.0, 0.0, 0.0, 0.0, 0.0, 0.0, 0.0, 0.0, 0.0, 0.0, 0.0, 0.0, 0.0, 0.0, 0.0, 0.0, 0.0, 0.0, 0.0, 0.0, 0.0, 0.0, 0.0]
Initialized GrayVAE_Join model
## Initializing Train indexes
->path chosen:: logs/celebA__GrayVAE_Join__2022_04/12-03-51/train_runs
Losses: {'total_vae': tensor(18666.2676, device='cuda:0', grad_fn=<AddBackward0>), 'recon': tensor(11369.3994, device='cuda:0', grad_fn=<MulBackward0>), 'kld': tensor(25.0194, device='cuda:0', grad_fn=<MulBackward0>), 'prediction': tensor(1616.2860, device='cuda:0', grad_fn=<MulBackward0>), 'true_values': tensor(5655.5620, device='cuda:0', grad_fn=<MulBackward0>)}
[0:239]  loss_total_vae=12189.297  loss_recon=7103.159  loss_kld=632.603  loss_prediction=1161.720  loss_true_values=3291.814  loss_total_vae_epoch=12887.434  
Losses: {'total_vae': tensor(11341.1006, device='cuda:0', grad_fn=<AddBackward0>), 'recon': tensor(7099.9434, device='cuda:0', grad_fn=<MulBackward0>), 'kld': tensor(607.9339, device='cuda:0', grad_fn=<MulBackward0>), 'prediction': tensor(1138.5713, device='cuda:0', grad_fn=<MulBackward0>), 'true_values': tensor(2494.6511, device='cuda:0', grad_fn=<MulBackward0>)}
[1:479]  loss_total_vae=11539.115  loss_recon=6964.200  loss_kld=708.803  loss_prediction=1060.271  loss_true_values=2805.841  loss_total_vae_epoch=11474.330  
Losses: {'total_vae': tensor(10871.1523, device='cuda:0', grad_fn=<AddBackward0>), 'recon': tensor(7019.0078, device='cuda:0', grad_fn=<MulBackward0>), 'kld': tensor(713.0212, device='cuda:0', grad_fn=<MulBackward0>), 'prediction': tensor(1027.1328, device='cuda:0', grad_fn=<MulBackward0>), 'true_values': tensor(2111.9900, device='cuda:0', grad_fn=<MulBackward0>)}
[2:719]  loss_total_vae=11197.778  loss_recon=7057.103  loss_kld=759.501  loss_prediction=935.478  loss_true_values=2445.696  loss_total_vae_epoch=11013.524  
Losses: {'total_vae': tensor(10692.1445, device='cuda:0', grad_fn=<AddBackward0>), 'recon': tensor(6915.3662, device='cuda:0', grad_fn=<MulBackward0>), 'kld': tensor(765.3513, device='cuda:0', grad_fn=<MulBackward0>), 'prediction': tensor(928.5243, device='cuda:0', grad_fn=<MulBackward0>), 'true_values': tensor(2082.9028, device='cuda:0', grad_fn=<MulBackward0>)}
[3:959]  loss_total_vae=10678.441  loss_recon=6900.170  loss_kld=751.406  loss_prediction=924.681  loss_true_values=2102.184  loss_total_vae_epoch=10576.360  
Losses: {'total_vae': tensor(10437.0664, device='cuda:0', grad_fn=<AddBackward0>), 'recon': tensor(6817.6475, device='cuda:0', grad_fn=<MulBackward0>), 'kld': tensor(704.2529, device='cuda:0', grad_fn=<MulBackward0>), 'prediction': tensor(827.0154, device='cuda:0', grad_fn=<MulBackward0>), 'true_values': tensor(2088.1504, device='cuda:0', grad_fn=<MulBackward0>)}
Done testing
Saved test_metrics
[4:1199]  loss_total_vae=10266.104  loss_recon=6854.155  loss_kld=691.889  loss_prediction=817.578  loss_true_values=1902.482  loss_total_vae_epoch=10119.294  
Losses: {'total_vae': tensor(9594.5771, device='cuda:0', grad_fn=<AddBackward0>), 'recon': tensor(6901.8652, device='cuda:0', grad_fn=<MulBackward0>), 'kld': tensor(715.4010, device='cuda:0', grad_fn=<MulBackward0>), 'prediction': tensor(678.7180, device='cuda:0', grad_fn=<MulBackward0>), 'true_values': tensor(1298.5930, device='cuda:0', grad_fn=<MulBackward0>)}
[5:1439]  loss_total_vae=9658.002  loss_recon=6851.076  loss_kld=708.849  loss_prediction=662.865  loss_true_values=1435.212  loss_total_vae_epoch=9660.346  
Losses: {'total_vae': tensor(9504.5488, device='cuda:0', grad_fn=<AddBackward0>), 'recon': tensor(6903.5547, device='cuda:0', grad_fn=<MulBackward0>), 'kld': tensor(685.7721, device='cuda:0', grad_fn=<MulBackward0>), 'prediction': tensor(759.4476, device='cuda:0', grad_fn=<MulBackward0>), 'true_values': tensor(1155.7740, device='cuda:0', grad_fn=<MulBackward0>)}
[6:1679]  loss_total_vae=9274.860  loss_recon=6998.358  loss_kld=636.759  loss_prediction=628.445  loss_true_values=1011.298  loss_total_vae_epoch=9275.654  
Losses: {'total_vae': tensor(8963.9971, device='cuda:0', grad_fn=<AddBackward0>), 'recon': tensor(6814.6562, device='cuda:0', grad_fn=<MulBackward0>), 'kld': tensor(691.8595, device='cuda:0', grad_fn=<MulBackward0>), 'prediction': tensor(538.1002, device='cuda:0', grad_fn=<MulBackward0>), 'true_values': tensor(919.3812, device='cuda:0', grad_fn=<MulBackward0>)}
[7:1919]  loss_total_vae=8787.569  loss_recon=6775.757  loss_kld=629.182  loss_prediction=548.823  loss_true_values=833.807  loss_total_vae_epoch=8976.219  
Losses: {'total_vae': tensor(8653.2461, device='cuda:0', grad_fn=<AddBackward0>), 'recon': tensor(6901.7480, device='cuda:0', grad_fn=<MulBackward0>), 'kld': tensor(646.3263, device='cuda:0', grad_fn=<MulBackward0>), 'prediction': tensor(337.4861, device='cuda:0', grad_fn=<MulBackward0>), 'true_values': tensor(767.6859, device='cuda:0', grad_fn=<MulBackward0>)}
Done testing
Saved test_metrics
[8:2159]  loss_total_vae=9030.859  loss_recon=6969.377  loss_kld=716.627  loss_prediction=365.314  loss_true_values=979.542  loss_total_vae_epoch=8738.591  
Losses: {'total_vae': tensor(8647.6406, device='cuda:0', grad_fn=<AddBackward0>), 'recon': tensor(6777.6123, device='cuda:0', grad_fn=<MulBackward0>), 'kld': tensor(687.4999, device='cuda:0', grad_fn=<MulBackward0>), 'prediction': tensor(353.6775, device='cuda:0', grad_fn=<MulBackward0>), 'true_values': tensor(828.8508, device='cuda:0', grad_fn=<MulBackward0>)}
[9:2399]  loss_total_vae=8647.106  loss_recon=6903.936  loss_kld=701.298  loss_prediction=263.101  loss_true_values=778.771  loss_total_vae_epoch=8568.289  
Losses: {'total_vae': tensor(8326.0361, device='cuda:0', grad_fn=<AddBackward0>), 'recon': tensor(6823.2256, device='cuda:0', grad_fn=<MulBackward0>), 'kld': tensor(662.5123, device='cuda:0', grad_fn=<MulBackward0>), 'prediction': tensor(195.1057, device='cuda:0', grad_fn=<MulBackward0>), 'true_values': tensor(645.1923, device='cuda:0', grad_fn=<MulBackward0>)}
[10:2639]  loss_total_vae=8641.090  loss_recon=6950.887  loss_kld=647.914  loss_prediction=270.353  loss_true_values=771.937  loss_total_vae_epoch=8442.521  
Losses: {'total_vae': tensor(8208.7363, device='cuda:0', grad_fn=<AddBackward0>), 'recon': tensor(6756.3223, device='cuda:0', grad_fn=<MulBackward0>), 'kld': tensor(661.9352, device='cuda:0', grad_fn=<MulBackward0>), 'prediction': tensor(164.3058, device='cuda:0', grad_fn=<MulBackward0>), 'true_values': tensor(626.1729, device='cuda:0', grad_fn=<MulBackward0>)}
[11:2879]  loss_total_vae=8288.845  loss_recon=6860.415  loss_kld=562.192  loss_prediction=145.340  loss_true_values=720.897  loss_total_vae_epoch=8354.742  
Losses: {'total_vae': tensor(8323.4756, device='cuda:0', grad_fn=<AddBackward0>), 'recon': tensor(6860.6880, device='cuda:0', grad_fn=<MulBackward0>), 'kld': tensor(701.7316, device='cuda:0', grad_fn=<MulBackward0>), 'prediction': tensor(168.0989, device='cuda:0', grad_fn=<MulBackward0>), 'true_values': tensor(592.9578, device='cuda:0', grad_fn=<MulBackward0>)}
Done testing
Saved test_metrics
[12:3119]  loss_total_vae=8394.528  loss_recon=6930.980  loss_kld=666.310  loss_prediction=115.485  loss_true_values=681.752  loss_total_vae_epoch=8304.245  
Losses: {'total_vae': tensor(8332.5908, device='cuda:0', grad_fn=<AddBackward0>), 'recon': tensor(6877.4048, device='cuda:0', grad_fn=<MulBackward0>), 'kld': tensor(647.7589, device='cuda:0', grad_fn=<MulBackward0>), 'prediction': tensor(131.1708, device='cuda:0', grad_fn=<MulBackward0>), 'true_values': tensor(676.2560, device='cuda:0', grad_fn=<MulBackward0>)}
[13:3359]  loss_total_vae=8227.559  loss_recon=6833.590  loss_kld=616.816  loss_prediction=112.217  loss_true_values=664.936  loss_total_vae_epoch=8256.545  
Losses: {'total_vae': tensor(8135.4224, device='cuda:0', grad_fn=<AddBackward0>), 'recon': tensor(6763.0288, device='cuda:0', grad_fn=<MulBackward0>), 'kld': tensor(632.3812, device='cuda:0', grad_fn=<MulBackward0>), 'prediction': tensor(94.8214, device='cuda:0', grad_fn=<MulBackward0>), 'true_values': tensor(645.1907, device='cuda:0', grad_fn=<MulBackward0>)}
[14:3599]  loss_total_vae=8279.225  loss_recon=6871.123  loss_kld=628.049  loss_prediction=104.676  loss_true_values=675.377  loss_total_vae_epoch=8218.465  
Losses: {'total_vae': tensor(8014.2822, device='cuda:0', grad_fn=<AddBackward0>), 'recon': tensor(6797.6909, device='cuda:0', grad_fn=<MulBackward0>), 'kld': tensor(513.2315, device='cuda:0', grad_fn=<MulBackward0>), 'prediction': tensor(100.7865, device='cuda:0', grad_fn=<MulBackward0>), 'true_values': tensor(602.5731, device='cuda:0', grad_fn=<MulBackward0>)}
[15:3839]  loss_total_vae=8303.413  loss_recon=6741.527  loss_kld=716.452  loss_prediction=137.988  loss_true_values=707.445  loss_total_vae_epoch=8188.842  
Losses: {'total_vae': tensor(8139.2583, device='cuda:0', grad_fn=<AddBackward0>), 'recon': tensor(6813.9507, device='cuda:0', grad_fn=<MulBackward0>), 'kld': tensor(644.7297, device='cuda:0', grad_fn=<MulBackward0>), 'prediction': tensor(85.8765, device='cuda:0', grad_fn=<MulBackward0>), 'true_values': tensor(594.7018, device='cuda:0', grad_fn=<MulBackward0>)}
Done testing
Saved test_metrics
[16:4079]  loss_total_vae=8215.581  loss_recon=6817.254  loss_kld=691.308  loss_prediction=82.734  loss_true_values=624.285  loss_total_vae_epoch=8163.086  
Losses: {'total_vae': tensor(8067.7871, device='cuda:0', grad_fn=<AddBackward0>), 'recon': tensor(6798.9521, device='cuda:0', grad_fn=<MulBackward0>), 'kld': tensor(570.1122, device='cuda:0', grad_fn=<MulBackward0>), 'prediction': tensor(82.7485, device='cuda:0', grad_fn=<MulBackward0>), 'true_values': tensor(615.9741, device='cuda:0', grad_fn=<MulBackward0>)}
[17:4319]  loss_total_vae=8178.808  loss_recon=6718.315  loss_kld=676.488  loss_prediction=83.274  loss_true_values=700.731  loss_total_vae_epoch=8132.732  
Losses: {'total_vae': tensor(8098.1167, device='cuda:0', grad_fn=<AddBackward0>), 'recon': tensor(6795.3975, device='cuda:0', grad_fn=<MulBackward0>), 'kld': tensor(697.9632, device='cuda:0', grad_fn=<MulBackward0>), 'prediction': tensor(62.3924, device='cuda:0', grad_fn=<MulBackward0>), 'true_values': tensor(542.3631, device='cuda:0', grad_fn=<MulBackward0>)}
[18:4559]  loss_total_vae=8051.208  loss_recon=6844.716  loss_kld=516.676  loss_prediction=97.380  loss_true_values=592.435  loss_total_vae_epoch=8114.914  
Losses: {'total_vae': tensor(8145.4072, device='cuda:0', grad_fn=<AddBackward0>), 'recon': tensor(6802.5674, device='cuda:0', grad_fn=<MulBackward0>), 'kld': tensor(648.7360, device='cuda:0', grad_fn=<MulBackward0>), 'prediction': tensor(77.7550, device='cuda:0', grad_fn=<MulBackward0>), 'true_values': tensor(616.3489, device='cuda:0', grad_fn=<MulBackward0>)}
[19:4799]  loss_total_vae=8214.795  loss_recon=6927.458  loss_kld=566.559  loss_prediction=78.184  loss_true_values=642.595  loss_total_vae_epoch=8096.249  
Losses: {'total_vae': tensor(8098.9883, device='cuda:0', grad_fn=<AddBackward0>), 'recon': tensor(6914.8311, device='cuda:0', grad_fn=<MulBackward0>), 'kld': tensor(562.0085, device='cuda:0', grad_fn=<MulBackward0>), 'prediction': tensor(56.4076, device='cuda:0', grad_fn=<MulBackward0>), 'true_values': tensor(565.7409, device='cuda:0', grad_fn=<MulBackward0>)}
Done testing
Saved test_metrics
[20:5039]  loss_total_vae=8072.458  loss_recon=6926.411  loss_kld=524.736  loss_prediction=67.162  loss_true_values=554.149  loss_total_vae_epoch=8078.107  
Losses: {'total_vae': tensor(7942.9360, device='cuda:0', grad_fn=<AddBackward0>), 'recon': tensor(6637.1055, device='cuda:0', grad_fn=<MulBackward0>), 'kld': tensor(627.9827, device='cuda:0', grad_fn=<MulBackward0>), 'prediction': tensor(95.5572, device='cuda:0', grad_fn=<MulBackward0>), 'true_values': tensor(582.2905, device='cuda:0', grad_fn=<MulBackward0>)}
[21:5279]  loss_total_vae=8043.129  loss_recon=6626.412  loss_kld=627.083  loss_prediction=71.187  loss_true_values=718.447  loss_total_vae_epoch=8072.128  
Losses: {'total_vae': tensor(8002.6680, device='cuda:0', grad_fn=<AddBackward0>), 'recon': tensor(6798.3066, device='cuda:0', grad_fn=<MulBackward0>), 'kld': tensor(541.7893, device='cuda:0', grad_fn=<MulBackward0>), 'prediction': tensor(56.1875, device='cuda:0', grad_fn=<MulBackward0>), 'true_values': tensor(606.3848, device='cuda:0', grad_fn=<MulBackward0>)}
[22:5519]  loss_total_vae=8161.884  loss_recon=6807.539  loss_kld=608.190  loss_prediction=67.762  loss_true_values=678.393  loss_total_vae_epoch=8047.481  
Losses: {'total_vae': tensor(8313.1553, device='cuda:0', grad_fn=<AddBackward0>), 'recon': tensor(6867.7588, device='cuda:0', grad_fn=<MulBackward0>), 'kld': tensor(770.1639, device='cuda:0', grad_fn=<MulBackward0>), 'prediction': tensor(58.2028, device='cuda:0', grad_fn=<MulBackward0>), 'true_values': tensor(617.0297, device='cuda:0', grad_fn=<MulBackward0>)}
[23:5759]  loss_total_vae=7998.060  loss_recon=6711.797  loss_kld=580.996  loss_prediction=65.445  loss_true_values=639.822  loss_total_vae_epoch=8044.131  
Losses: {'total_vae': tensor(8093.7134, device='cuda:0', grad_fn=<AddBackward0>), 'recon': tensor(6840.9756, device='cuda:0', grad_fn=<MulBackward0>), 'kld': tensor(546.1627, device='cuda:0', grad_fn=<MulBackward0>), 'prediction': tensor(63.4641, device='cuda:0', grad_fn=<MulBackward0>), 'true_values': tensor(643.1115, device='cuda:0', grad_fn=<MulBackward0>)}
[24:5999]  loss_total_vae=8049.378  loss_recon=6667.718  loss_kld=649.906  loss_prediction=81.929  loss_true_values=649.826  loss_total_vae_epoch=8027.833  
Done testing
Saved test_metrics
Losses: {'total_vae': tensor(7889.3931, device='cuda:0', grad_fn=<AddBackward0>), 'recon': tensor(6634.5498, device='cuda:0', grad_fn=<MulBackward0>), 'kld': tensor(548.2487, device='cuda:0', grad_fn=<MulBackward0>), 'prediction': tensor(83.8131, device='cuda:0', grad_fn=<MulBackward0>), 'true_values': tensor(622.7817, device='cuda:0', grad_fn=<MulBackward0>)}
[25:6239]  loss_total_vae=7944.579  loss_recon=6743.191  loss_kld=549.852  loss_prediction=47.897  loss_true_values=603.640  loss_total_vae_epoch=8016.112  
Losses: {'total_vae': tensor(7876.3320, device='cuda:0', grad_fn=<AddBackward0>), 'recon': tensor(6699.0991, device='cuda:0', grad_fn=<MulBackward0>), 'kld': tensor(574.4067, device='cuda:0', grad_fn=<MulBackward0>), 'prediction': tensor(55.3466, device='cuda:0', grad_fn=<MulBackward0>), 'true_values': tensor(547.4797, device='cuda:0', grad_fn=<MulBackward0>)}
[26:6479]  loss_total_vae=7853.783  loss_recon=6695.134  loss_kld=581.138  loss_prediction=38.854  loss_true_values=538.656  loss_total_vae_epoch=8007.363  
Losses: {'total_vae': tensor(8201.2637, device='cuda:0', grad_fn=<AddBackward0>), 'recon': tensor(6728.9785, device='cuda:0', grad_fn=<MulBackward0>), 'kld': tensor(714.8536, device='cuda:0', grad_fn=<MulBackward0>), 'prediction': tensor(70.8136, device='cuda:0', grad_fn=<MulBackward0>), 'true_values': tensor(686.6184, device='cuda:0', grad_fn=<MulBackward0>)}
[27:6719]  loss_total_vae=7917.032  loss_recon=6627.165  loss_kld=605.289  loss_prediction=56.040  loss_true_values=628.539  loss_total_vae_epoch=7995.772  
Losses: {'total_vae': tensor(7916.5835, device='cuda:0', grad_fn=<AddBackward0>), 'recon': tensor(6712.4766, device='cuda:0', grad_fn=<MulBackward0>), 'kld': tensor(564.3628, device='cuda:0', grad_fn=<MulBackward0>), 'prediction': tensor(61.6217, device='cuda:0', grad_fn=<MulBackward0>), 'true_values': tensor(578.1226, device='cuda:0', grad_fn=<MulBackward0>)}
[28:6959]  loss_total_vae=7824.815  loss_recon=6574.547  loss_kld=538.017  loss_prediction=71.626  loss_true_values=640.626  loss_total_vae_epoch=7982.216  
Losses: {'total_vae': tensor(8055.5752, device='cuda:0', grad_fn=<AddBackward0>), 'recon': tensor(6757.9697, device='cuda:0', grad_fn=<MulBackward0>), 'kld': tensor(654.1592, device='cuda:0', grad_fn=<MulBackward0>), 'prediction': tensor(61.0945, device='cuda:0', grad_fn=<MulBackward0>), 'true_values': tensor(582.3513, device='cuda:0', grad_fn=<MulBackward0>)}
Done testing
Saved test_metrics
[29:7199]  loss_total_vae=7922.222  loss_recon=6669.521  loss_kld=594.902  loss_prediction=55.363  loss_true_values=602.436  loss_total_vae_epoch=7981.817  
Losses: {'total_vae': tensor(7967.3472, device='cuda:0', grad_fn=<AddBackward0>), 'recon': tensor(6664.9717, device='cuda:0', grad_fn=<MulBackward0>), 'kld': tensor(680.9100, device='cuda:0', grad_fn=<MulBackward0>), 'prediction': tensor(50.9170, device='cuda:0', grad_fn=<MulBackward0>), 'true_values': tensor(570.5485, device='cuda:0', grad_fn=<MulBackward0>)}
[30:7439]  loss_total_vae=8050.297  loss_recon=6722.600  loss_kld=639.353  loss_prediction=56.103  loss_true_values=632.242  loss_total_vae_epoch=7965.561  
Losses: {'total_vae': tensor(7991.6616, device='cuda:0', grad_fn=<AddBackward0>), 'recon': tensor(6827.8560, device='cuda:0', grad_fn=<MulBackward0>), 'kld': tensor(564.9988, device='cuda:0', grad_fn=<MulBackward0>), 'prediction': tensor(29.6503, device='cuda:0', grad_fn=<MulBackward0>), 'true_values': tensor(569.1564, device='cuda:0', grad_fn=<MulBackward0>)}
[31:7679]  loss_total_vae=8156.596  loss_recon=6857.817  loss_kld=582.058  loss_prediction=45.771  loss_true_values=670.949  loss_total_vae_epoch=7960.187  
Losses: {'total_vae': tensor(8006.3857, device='cuda:0', grad_fn=<AddBackward0>), 'recon': tensor(6672.4878, device='cuda:0', grad_fn=<MulBackward0>), 'kld': tensor(622.3867, device='cuda:0', grad_fn=<MulBackward0>), 'prediction': tensor(58.2447, device='cuda:0', grad_fn=<MulBackward0>), 'true_values': tensor(653.2668, device='cuda:0', grad_fn=<MulBackward0>)}
[32:7919]  loss_total_vae=7926.810  loss_recon=6660.330  loss_kld=568.468  loss_prediction=79.585  loss_true_values=618.427  loss_total_vae_epoch=7947.400  
Losses: {'total_vae': tensor(8056.8301, device='cuda:0', grad_fn=<AddBackward0>), 'recon': tensor(6663.9336, device='cuda:0', grad_fn=<MulBackward0>), 'kld': tensor(709.4968, device='cuda:0', grad_fn=<MulBackward0>), 'prediction': tensor(36.6005, device='cuda:0', grad_fn=<MulBackward0>), 'true_values': tensor(646.7991, device='cuda:0', grad_fn=<MulBackward0>)}
Done testing
Saved test_metrics
[33:8159]  loss_total_vae=7821.728  loss_recon=6601.667  loss_kld=586.252  loss_prediction=34.455  loss_true_values=599.354  loss_total_vae_epoch=7944.074  
Losses: {'total_vae': tensor(7652.2393, device='cuda:0', grad_fn=<AddBackward0>), 'recon': tensor(6492.7324, device='cuda:0', grad_fn=<MulBackward0>), 'kld': tensor(543.2386, device='cuda:0', grad_fn=<MulBackward0>), 'prediction': tensor(41.7121, device='cuda:0', grad_fn=<MulBackward0>), 'true_values': tensor(574.5560, device='cuda:0', grad_fn=<MulBackward0>)}
[34:8399]  loss_total_vae=8034.043  loss_recon=6683.037  loss_kld=667.247  loss_prediction=46.180  loss_true_values=637.578  loss_total_vae_epoch=7938.231  
Losses: {'total_vae': tensor(7870.7324, device='cuda:0', grad_fn=<AddBackward0>), 'recon': tensor(6616.9775, device='cuda:0', grad_fn=<MulBackward0>), 'kld': tensor(621.5372, device='cuda:0', grad_fn=<MulBackward0>), 'prediction': tensor(35.2278, device='cuda:0', grad_fn=<MulBackward0>), 'true_values': tensor(596.9899, device='cuda:0', grad_fn=<MulBackward0>)}
[35:8639]  loss_total_vae=8183.228  loss_recon=6787.499  loss_kld=640.721  loss_prediction=50.637  loss_true_values=704.371  loss_total_vae_epoch=7928.253  
Losses: {'total_vae': tensor(7779.6689, device='cuda:0', grad_fn=<AddBackward0>), 'recon': tensor(6620.6724, device='cuda:0', grad_fn=<MulBackward0>), 'kld': tensor(530.0203, device='cuda:0', grad_fn=<MulBackward0>), 'prediction': tensor(30.1859, device='cuda:0', grad_fn=<MulBackward0>), 'true_values': tensor(598.7906, device='cuda:0', grad_fn=<MulBackward0>)}
[36:8879]  loss_total_vae=8003.481  loss_recon=6753.227  loss_kld=613.306  loss_prediction=50.594  loss_true_values=586.354  loss_total_vae_epoch=7924.041  
Losses: {'total_vae': tensor(8108.8159, device='cuda:0', grad_fn=<AddBackward0>), 'recon': tensor(6850.8081, device='cuda:0', grad_fn=<MulBackward0>), 'kld': tensor(605.0698, device='cuda:0', grad_fn=<MulBackward0>), 'prediction': tensor(49.7765, device='cuda:0', grad_fn=<MulBackward0>), 'true_values': tensor(603.1616, device='cuda:0', grad_fn=<MulBackward0>)}
Done testing
Saved test_metrics
[37:9119]  loss_total_vae=7846.794  loss_recon=6631.193  loss_kld=559.002  loss_prediction=42.825  loss_true_values=613.774  loss_total_vae_epoch=7919.110  
Losses: {'total_vae': tensor(7955.0400, device='cuda:0', grad_fn=<AddBackward0>), 'recon': tensor(6515.2925, device='cuda:0', grad_fn=<MulBackward0>), 'kld': tensor(710.2057, device='cuda:0', grad_fn=<MulBackward0>), 'prediction': tensor(44.2845, device='cuda:0', grad_fn=<MulBackward0>), 'true_values': tensor(685.2575, device='cuda:0', grad_fn=<MulBackward0>)}
[38:9359]  loss_total_vae=7873.234  loss_recon=6690.770  loss_kld=555.013  loss_prediction=44.814  loss_true_values=582.637  loss_total_vae_epoch=7911.965  
Losses: {'total_vae': tensor(8070.1006, device='cuda:0', grad_fn=<AddBackward0>), 'recon': tensor(6686.1343, device='cuda:0', grad_fn=<MulBackward0>), 'kld': tensor(600.7872, device='cuda:0', grad_fn=<MulBackward0>), 'prediction': tensor(51.2564, device='cuda:0', grad_fn=<MulBackward0>), 'true_values': tensor(731.9230, device='cuda:0', grad_fn=<MulBackward0>)}
[39:9599]  loss_total_vae=8020.542  loss_recon=6798.539  loss_kld=577.151  loss_prediction=53.455  loss_true_values=591.397  loss_total_vae_epoch=7904.250  
Losses: {'total_vae': tensor(7899.2666, device='cuda:0', grad_fn=<AddBackward0>), 'recon': tensor(6581.2700, device='cuda:0', grad_fn=<MulBackward0>), 'kld': tensor(642.1704, device='cuda:0', grad_fn=<MulBackward0>), 'prediction': tensor(48.9799, device='cuda:0', grad_fn=<MulBackward0>), 'true_values': tensor(626.8463, device='cuda:0', grad_fn=<MulBackward0>)}
[40:9839]  loss_total_vae=7829.584  loss_recon=6625.023  loss_kld=588.011  loss_prediction=34.283  loss_true_values=582.267  loss_total_vae_epoch=7908.588  
Losses: {'total_vae': tensor(7760.9180, device='cuda:0', grad_fn=<AddBackward0>), 'recon': tensor(6637.0781, device='cuda:0', grad_fn=<MulBackward0>), 'kld': tensor(502.5009, device='cuda:0', grad_fn=<MulBackward0>), 'prediction': tensor(22.8878, device='cuda:0', grad_fn=<MulBackward0>), 'true_values': tensor(598.4512, device='cuda:0', grad_fn=<MulBackward0>)}
Done testing
Saved test_metrics
[41:10079]  loss_total_vae=8078.432  loss_recon=6785.750  loss_kld=589.594  loss_prediction=46.957  loss_true_values=656.132  loss_total_vae_epoch=7890.592  
Losses: {'total_vae': tensor(7979.4736, device='cuda:0', grad_fn=<AddBackward0>), 'recon': tensor(6689.8384, device='cuda:0', grad_fn=<MulBackward0>), 'kld': tensor(649.7846, device='cuda:0', grad_fn=<MulBackward0>), 'prediction': tensor(38.8676, device='cuda:0', grad_fn=<MulBackward0>), 'true_values': tensor(600.9827, device='cuda:0', grad_fn=<MulBackward0>)}
[42:10319]  loss_total_vae=7804.444  loss_recon=6729.402  loss_kld=502.204  loss_prediction=28.065  loss_true_values=544.773  loss_total_vae_epoch=7893.701  
Losses: {'total_vae': tensor(7676.3496, device='cuda:0', grad_fn=<AddBackward0>), 'recon': tensor(6552.0088, device='cuda:0', grad_fn=<MulBackward0>), 'kld': tensor(507.4891, device='cuda:0', grad_fn=<MulBackward0>), 'prediction': tensor(27.3273, device='cuda:0', grad_fn=<MulBackward0>), 'true_values': tensor(589.5244, device='cuda:0', grad_fn=<MulBackward0>)}
[43:10559]  loss_total_vae=7863.578  loss_recon=6714.666  loss_kld=497.344  loss_prediction=31.319  loss_true_values=620.249  loss_total_vae_epoch=7879.094  
Losses: {'total_vae': tensor(7933.9429, device='cuda:0', grad_fn=<AddBackward0>), 'recon': tensor(6519.8550, device='cuda:0', grad_fn=<MulBackward0>), 'kld': tensor(722.2077, device='cuda:0', grad_fn=<MulBackward0>), 'prediction': tensor(31.7150, device='cuda:0', grad_fn=<MulBackward0>), 'true_values': tensor(660.1655, device='cuda:0', grad_fn=<MulBackward0>)}
[44:10799]  loss_total_vae=7855.081  loss_recon=6674.226  loss_kld=575.184  loss_prediction=44.990  loss_true_values=560.681  loss_total_vae_epoch=7887.606  
Losses: {'total_vae': tensor(7698.2715, device='cuda:0', grad_fn=<AddBackward0>), 'recon': tensor(6531.3628, device='cuda:0', grad_fn=<MulBackward0>), 'kld': tensor(520.5856, device='cuda:0', grad_fn=<MulBackward0>), 'prediction': tensor(15.2805, device='cuda:0', grad_fn=<MulBackward0>), 'true_values': tensor(631.0432, device='cuda:0', grad_fn=<MulBackward0>)}
Done testing
Saved test_metrics
[45:11039]  loss_total_vae=7602.627  loss_recon=6618.209  loss_kld=392.697  loss_prediction=27.600  loss_true_values=564.121  loss_total_vae_epoch=7877.614  
Losses: {'total_vae': tensor(7823.7368, device='cuda:0', grad_fn=<AddBackward0>), 'recon': tensor(6574.2134, device='cuda:0', grad_fn=<MulBackward0>), 'kld': tensor(653.6942, device='cuda:0', grad_fn=<MulBackward0>), 'prediction': tensor(32.7420, device='cuda:0', grad_fn=<MulBackward0>), 'true_values': tensor(563.0870, device='cuda:0', grad_fn=<MulBackward0>)}
[46:11279]  loss_total_vae=7714.389  loss_recon=6674.846  loss_kld=442.081  loss_prediction=29.564  loss_true_values=567.898  loss_total_vae_epoch=7866.590  
Losses: {'total_vae': tensor(7645.5596, device='cuda:0', grad_fn=<AddBackward0>), 'recon': tensor(6522.0049, device='cuda:0', grad_fn=<MulBackward0>), 'kld': tensor(538.7326, device='cuda:0', grad_fn=<MulBackward0>), 'prediction': tensor(23.0114, device='cuda:0', grad_fn=<MulBackward0>), 'true_values': tensor(561.8109, device='cuda:0', grad_fn=<MulBackward0>)}
[47:11519]  loss_total_vae=7644.762  loss_recon=6542.061  loss_kld=462.801  loss_prediction=26.197  loss_true_values=613.703  loss_total_vae_epoch=7864.326  
Losses: {'total_vae': tensor(7884.2158, device='cuda:0', grad_fn=<AddBackward0>), 'recon': tensor(6621.9351, device='cuda:0', grad_fn=<MulBackward0>), 'kld': tensor(623.9117, device='cuda:0', grad_fn=<MulBackward0>), 'prediction': tensor(20.5262, device='cuda:0', grad_fn=<MulBackward0>), 'true_values': tensor(617.8429, device='cuda:0', grad_fn=<MulBackward0>)}
[48:11759]  loss_total_vae=7966.312  loss_recon=6748.927  loss_kld=621.760  loss_prediction=22.908  loss_true_values=572.716  loss_total_vae_epoch=7863.212  
Losses: {'total_vae': tensor(7672.1821, device='cuda:0', grad_fn=<AddBackward0>), 'recon': tensor(6519.3447, device='cuda:0', grad_fn=<MulBackward0>), 'kld': tensor(546.8828, device='cuda:0', grad_fn=<MulBackward0>), 'prediction': tensor(42.9077, device='cuda:0', grad_fn=<MulBackward0>), 'true_values': tensor(563.0469, device='cuda:0', grad_fn=<MulBackward0>)}
[49:11999]  loss_total_vae=7803.687  loss_recon=6676.969  loss_kld=540.431  loss_prediction=21.331  loss_true_values=564.955  loss_total_vae_epoch=7855.719  
Done testing
Saved test_metrics
Losses: {'total_vae': tensor(7908.7314, device='cuda:0', grad_fn=<AddBackward0>), 'recon': tensor(6738.5527, device='cuda:0', grad_fn=<MulBackward0>), 'kld': tensor(554.7672, device='cuda:0', grad_fn=<MulBackward0>), 'prediction': tensor(30.0845, device='cuda:0', grad_fn=<MulBackward0>), 'true_values': tensor(585.3270, device='cuda:0', grad_fn=<MulBackward0>)}
[50:12239]  loss_total_vae=7807.037  loss_recon=6545.245  loss_kld=631.492  loss_prediction=57.006  loss_true_values=573.295  loss_total_vae_epoch=7861.251  
Losses: {'total_vae': tensor(8102.2197, device='cuda:0', grad_fn=<AddBackward0>), 'recon': tensor(6801.8848, device='cuda:0', grad_fn=<MulBackward0>), 'kld': tensor(673.8190, device='cuda:0', grad_fn=<MulBackward0>), 'prediction': tensor(38.3589, device='cuda:0', grad_fn=<MulBackward0>), 'true_values': tensor(588.1570, device='cuda:0', grad_fn=<MulBackward0>)}
[51:12479]  loss_total_vae=8020.794  loss_recon=6719.947  loss_kld=643.682  loss_prediction=20.375  loss_true_values=636.790  loss_total_vae_epoch=7852.721  
Losses: {'total_vae': tensor(7680.6230, device='cuda:0', grad_fn=<AddBackward0>), 'recon': tensor(6534.2173, device='cuda:0', grad_fn=<MulBackward0>), 'kld': tensor(527.0341, device='cuda:0', grad_fn=<MulBackward0>), 'prediction': tensor(14.4769, device='cuda:0', grad_fn=<MulBackward0>), 'true_values': tensor(604.8943, device='cuda:0', grad_fn=<MulBackward0>)}
[52:12719]  loss_total_vae=7745.486  loss_recon=6715.213  loss_kld=424.479  loss_prediction=28.109  loss_true_values=577.685  loss_total_vae_epoch=7846.785  
Losses: {'total_vae': tensor(7709.0669, device='cuda:0', grad_fn=<AddBackward0>), 'recon': tensor(6531.2373, device='cuda:0', grad_fn=<MulBackward0>), 'kld': tensor(510.6946, device='cuda:0', grad_fn=<MulBackward0>), 'prediction': tensor(30.9367, device='cuda:0', grad_fn=<MulBackward0>), 'true_values': tensor(636.1984, device='cuda:0', grad_fn=<MulBackward0>)}
[53:12959]  loss_total_vae=7904.008  loss_recon=6681.097  loss_kld=598.946  loss_prediction=18.110  loss_true_values=605.855  loss_total_vae_epoch=7845.622  
Losses: {'total_vae': tensor(7717.8428, device='cuda:0', grad_fn=<AddBackward0>), 'recon': tensor(6552.8066, device='cuda:0', grad_fn=<MulBackward0>), 'kld': tensor(529.9111, device='cuda:0', grad_fn=<MulBackward0>), 'prediction': tensor(26.4834, device='cuda:0', grad_fn=<MulBackward0>), 'true_values': tensor(608.6417, device='cuda:0', grad_fn=<MulBackward0>)}
Done testing
Saved test_metrics
[54:13199]  loss_total_vae=8028.150  loss_recon=6783.463  loss_kld=598.752  loss_prediction=19.815  loss_true_values=626.121  loss_total_vae_epoch=7841.744  
Losses: {'total_vae': tensor(7645.6870, device='cuda:0', grad_fn=<AddBackward0>), 'recon': tensor(6651.5347, device='cuda:0', grad_fn=<MulBackward0>), 'kld': tensor(463.4180, device='cuda:0', grad_fn=<MulBackward0>), 'prediction': tensor(11.3226, device='cuda:0', grad_fn=<MulBackward0>), 'true_values': tensor(519.4115, device='cuda:0', grad_fn=<MulBackward0>)}
[55:13439]  loss_total_vae=7848.024  loss_recon=6699.939  loss_kld=583.494  loss_prediction=23.183  loss_true_values=541.409  loss_total_vae_epoch=7841.788  
Losses: {'total_vae': tensor(7776.5747, device='cuda:0', grad_fn=<AddBackward0>), 'recon': tensor(6607.7544, device='cuda:0', grad_fn=<MulBackward0>), 'kld': tensor(525.9842, device='cuda:0', grad_fn=<MulBackward0>), 'prediction': tensor(32.2415, device='cuda:0', grad_fn=<MulBackward0>), 'true_values': tensor(610.5942, device='cuda:0', grad_fn=<MulBackward0>)}
[56:13679]  loss_total_vae=8088.761  loss_recon=6765.833  loss_kld=685.552  loss_prediction=22.752  loss_true_values=614.623  loss_total_vae_epoch=7832.521  
Losses: {'total_vae': tensor(7868.9927, device='cuda:0', grad_fn=<AddBackward0>), 'recon': tensor(6524.0361, device='cuda:0', grad_fn=<MulBackward0>), 'kld': tensor(643.8239, device='cuda:0', grad_fn=<MulBackward0>), 'prediction': tensor(77.1309, device='cuda:0', grad_fn=<MulBackward0>), 'true_values': tensor(624.0018, device='cuda:0', grad_fn=<MulBackward0>)}
[57:13919]  loss_total_vae=7792.443  loss_recon=6624.424  loss_kld=523.816  loss_prediction=30.720  loss_true_values=613.483  loss_total_vae_epoch=7835.813  
Losses: {'total_vae': tensor(7877.3633, device='cuda:0', grad_fn=<AddBackward0>), 'recon': tensor(6750.0610, device='cuda:0', grad_fn=<MulBackward0>), 'kld': tensor(559.1866, device='cuda:0', grad_fn=<MulBackward0>), 'prediction': tensor(14.1915, device='cuda:0', grad_fn=<MulBackward0>), 'true_values': tensor(553.9244, device='cuda:0', grad_fn=<MulBackward0>)}
Done testing
Saved test_metrics
[58:14159]  loss_total_vae=8071.906  loss_recon=6717.164  loss_kld=700.242  loss_prediction=28.584  loss_true_values=625.916  loss_total_vae_epoch=7830.831  
Losses: {'total_vae': tensor(7718.0952, device='cuda:0', grad_fn=<AddBackward0>), 'recon': tensor(6626.9473, device='cuda:0', grad_fn=<MulBackward0>), 'kld': tensor(492.4500, device='cuda:0', grad_fn=<MulBackward0>), 'prediction': tensor(16.6570, device='cuda:0', grad_fn=<MulBackward0>), 'true_values': tensor(582.0403, device='cuda:0', grad_fn=<MulBackward0>)}
[59:14399]  loss_total_vae=7874.693  loss_recon=6638.002  loss_kld=565.261  loss_prediction=32.502  loss_true_values=638.929  loss_total_vae_epoch=7825.572  
Losses: {'total_vae': tensor(7801.3379, device='cuda:0', grad_fn=<AddBackward0>), 'recon': tensor(6603.9697, device='cuda:0', grad_fn=<MulBackward0>), 'kld': tensor(597.7267, device='cuda:0', grad_fn=<MulBackward0>), 'prediction': tensor(26.8956, device='cuda:0', grad_fn=<MulBackward0>), 'true_values': tensor(572.7462, device='cuda:0', grad_fn=<MulBackward0>)}
[60:14639]  loss_total_vae=8088.167  loss_recon=6756.525  loss_kld=689.847  loss_prediction=17.302  loss_true_values=624.493  loss_total_vae_epoch=7821.628  
Losses: {'total_vae': tensor(7728.5522, device='cuda:0', grad_fn=<AddBackward0>), 'recon': tensor(6513.7344, device='cuda:0', grad_fn=<MulBackward0>), 'kld': tensor(593.6835, device='cuda:0', grad_fn=<MulBackward0>), 'prediction': tensor(19.9915, device='cuda:0', grad_fn=<MulBackward0>), 'true_values': tensor(601.1425, device='cuda:0', grad_fn=<MulBackward0>)}
[61:14879]  loss_total_vae=7786.435  loss_recon=6669.365  loss_kld=507.825  loss_prediction=33.875  loss_true_values=575.368  loss_total_vae_epoch=7819.527  
Losses: {'total_vae': tensor(7908.7397, device='cuda:0', grad_fn=<AddBackward0>), 'recon': tensor(6575.4824, device='cuda:0', grad_fn=<MulBackward0>), 'kld': tensor(713.5062, device='cuda:0', grad_fn=<MulBackward0>), 'prediction': tensor(36.3614, device='cuda:0', grad_fn=<MulBackward0>), 'true_values': tensor(583.3896, device='cuda:0', grad_fn=<MulBackward0>)}
Done testing
Saved test_metrics
[62:15119]  loss_total_vae=7986.623  loss_recon=6819.420  loss_kld=523.208  loss_prediction=51.213  loss_true_values=592.782  loss_total_vae_epoch=7813.789  
Losses: {'total_vae': tensor(7777.2520, device='cuda:0', grad_fn=<AddBackward0>), 'recon': tensor(6629.0132, device='cuda:0', grad_fn=<MulBackward0>), 'kld': tensor(563.5784, device='cuda:0', grad_fn=<MulBackward0>), 'prediction': tensor(20.8396, device='cuda:0', grad_fn=<MulBackward0>), 'true_values': tensor(563.8202, device='cuda:0', grad_fn=<MulBackward0>)}
[63:15359]  loss_total_vae=7903.000  loss_recon=6683.364  loss_kld=612.737  loss_prediction=22.503  loss_true_values=584.396  loss_total_vae_epoch=7811.871  
Losses: {'total_vae': tensor(7682.2222, device='cuda:0', grad_fn=<AddBackward0>), 'recon': tensor(6500.0581, device='cuda:0', grad_fn=<MulBackward0>), 'kld': tensor(579.0946, device='cuda:0', grad_fn=<MulBackward0>), 'prediction': tensor(15.8645, device='cuda:0', grad_fn=<MulBackward0>), 'true_values': tensor(587.2048, device='cuda:0', grad_fn=<MulBackward0>)}
[64:15599]  loss_total_vae=7601.227  loss_recon=6539.268  loss_kld=515.471  loss_prediction=12.495  loss_true_values=533.993  loss_total_vae_epoch=7810.740  
Losses: {'total_vae': tensor(7922.8159, device='cuda:0', grad_fn=<AddBackward0>), 'recon': tensor(6763.4121, device='cuda:0', grad_fn=<MulBackward0>), 'kld': tensor(561.7451, device='cuda:0', grad_fn=<MulBackward0>), 'prediction': tensor(23.8916, device='cuda:0', grad_fn=<MulBackward0>), 'true_values': tensor(573.7670, device='cuda:0', grad_fn=<MulBackward0>)}
[65:15839]  loss_total_vae=7762.183  loss_recon=6558.352  loss_kld=612.547  loss_prediction=18.014  loss_true_values=573.270  loss_total_vae_epoch=7803.291  
Losses: {'total_vae': tensor(7790.7119, device='cuda:0', grad_fn=<AddBackward0>), 'recon': tensor(6718.9746, device='cuda:0', grad_fn=<MulBackward0>), 'kld': tensor(474.5636, device='cuda:0', grad_fn=<MulBackward0>), 'prediction': tensor(22.1999, device='cuda:0', grad_fn=<MulBackward0>), 'true_values': tensor(574.9743, device='cuda:0', grad_fn=<MulBackward0>)}
Done testing
Saved test_metrics
[66:16079]  loss_total_vae=7822.776  loss_recon=6761.003  loss_kld=442.364  loss_prediction=24.404  loss_true_values=595.006  loss_total_vae_epoch=7805.677  
Losses: {'total_vae': tensor(7804.4863, device='cuda:0', grad_fn=<AddBackward0>), 'recon': tensor(6653.0669, device='cuda:0', grad_fn=<MulBackward0>), 'kld': tensor(588.7884, device='cuda:0', grad_fn=<MulBackward0>), 'prediction': tensor(11.5694, device='cuda:0', grad_fn=<MulBackward0>), 'true_values': tensor(551.0613, device='cuda:0', grad_fn=<MulBackward0>)}
[67:16319]  loss_total_vae=7650.983  loss_recon=6577.169  loss_kld=520.606  loss_prediction=17.929  loss_true_values=535.278  loss_total_vae_epoch=7803.388  
Losses: {'total_vae': tensor(7968.6841, device='cuda:0', grad_fn=<AddBackward0>), 'recon': tensor(6742.1079, device='cuda:0', grad_fn=<MulBackward0>), 'kld': tensor(621.2329, device='cuda:0', grad_fn=<MulBackward0>), 'prediction': tensor(24.2317, device='cuda:0', grad_fn=<MulBackward0>), 'true_values': tensor(581.1111, device='cuda:0', grad_fn=<MulBackward0>)}
[68:16559]  loss_total_vae=7762.722  loss_recon=6727.880  loss_kld=449.090  loss_prediction=38.586  loss_true_values=547.166  loss_total_vae_epoch=7802.998  
Losses: {'total_vae': tensor(7742.2305, device='cuda:0', grad_fn=<AddBackward0>), 'recon': tensor(6635.9321, device='cuda:0', grad_fn=<MulBackward0>), 'kld': tensor(530.5074, device='cuda:0', grad_fn=<MulBackward0>), 'prediction': tensor(19.6552, device='cuda:0', grad_fn=<MulBackward0>), 'true_values': tensor(556.1358, device='cuda:0', grad_fn=<MulBackward0>)}
[69:16799]  loss_total_vae=7860.626  loss_recon=6634.867  loss_kld=588.238  loss_prediction=41.125  loss_true_values=596.397  loss_total_vae_epoch=7798.174  
Losses: {'total_vae': tensor(7664.2686, device='cuda:0', grad_fn=<AddBackward0>), 'recon': tensor(6666.0703, device='cuda:0', grad_fn=<MulBackward0>), 'kld': tensor(456.0513, device='cuda:0', grad_fn=<MulBackward0>), 'prediction': tensor(21.1311, device='cuda:0', grad_fn=<MulBackward0>), 'true_values': tensor(521.0157, device='cuda:0', grad_fn=<MulBackward0>)}
Done testing
Saved test_metrics
[70:17039]  loss_total_vae=7811.898  loss_recon=6466.144  loss_kld=678.757  loss_prediction=14.934  loss_true_values=652.064  loss_total_vae_epoch=7802.490  
Losses: {'total_vae': tensor(7616.6357, device='cuda:0', grad_fn=<AddBackward0>), 'recon': tensor(6587.6152, device='cuda:0', grad_fn=<MulBackward0>), 'kld': tensor(458.8587, device='cuda:0', grad_fn=<MulBackward0>), 'prediction': tensor(14.7214, device='cuda:0', grad_fn=<MulBackward0>), 'true_values': tensor(555.4405, device='cuda:0', grad_fn=<MulBackward0>)}
[71:17279]  loss_total_vae=7904.991  loss_recon=6607.055  loss_kld=655.252  loss_prediction=22.316  loss_true_values=620.368  loss_total_vae_epoch=7799.700  
Losses: {'total_vae': tensor(7658.9507, device='cuda:0', grad_fn=<AddBackward0>), 'recon': tensor(6603.5459, device='cuda:0', grad_fn=<MulBackward0>), 'kld': tensor(471.2597, device='cuda:0', grad_fn=<MulBackward0>), 'prediction': tensor(20.5402, device='cuda:0', grad_fn=<MulBackward0>), 'true_values': tensor(563.6052, device='cuda:0', grad_fn=<MulBackward0>)}
[72:17519]  loss_total_vae=7702.785  loss_recon=6536.553  loss_kld=577.516  loss_prediction=15.037  loss_true_values=573.679  loss_total_vae_epoch=7794.254  
Losses: {'total_vae': tensor(7787.2769, device='cuda:0', grad_fn=<AddBackward0>), 'recon': tensor(6514.5586, device='cuda:0', grad_fn=<MulBackward0>), 'kld': tensor(607.5902, device='cuda:0', grad_fn=<MulBackward0>), 'prediction': tensor(26.2838, device='cuda:0', grad_fn=<MulBackward0>), 'true_values': tensor(638.8442, device='cuda:0', grad_fn=<MulBackward0>)}
[73:17759]  loss_total_vae=7834.267  loss_recon=6574.853  loss_kld=601.294  loss_prediction=19.962  loss_true_values=638.159  loss_total_vae_epoch=7793.214  
Losses: {'total_vae': tensor(7797.4092, device='cuda:0', grad_fn=<AddBackward0>), 'recon': tensor(6646.0718, device='cuda:0', grad_fn=<MulBackward0>), 'kld': tensor(521.7095, device='cuda:0', grad_fn=<MulBackward0>), 'prediction': tensor(23.6921, device='cuda:0', grad_fn=<MulBackward0>), 'true_values': tensor(605.9355, device='cuda:0', grad_fn=<MulBackward0>)}
[74:17999]  loss_total_vae=7953.385  loss_recon=6676.358  loss_kld=628.723  loss_prediction=21.426  loss_true_values=626.877  loss_total_vae_epoch=7791.136  
Done testing
Saved test_metrics
Losses: {'total_vae': tensor(7847.0869, device='cuda:0', grad_fn=<AddBackward0>), 'recon': tensor(6628.4219, device='cuda:0', grad_fn=<MulBackward0>), 'kld': tensor(626.3077, device='cuda:0', grad_fn=<MulBackward0>), 'prediction': tensor(26.1584, device='cuda:0', grad_fn=<MulBackward0>), 'true_values': tensor(566.1994, device='cuda:0', grad_fn=<MulBackward0>)}
[75:18239]  loss_total_vae=7973.703  loss_recon=6625.402  loss_kld=670.469  loss_prediction=63.355  loss_true_values=614.476  loss_total_vae_epoch=7792.347  
Losses: {'total_vae': tensor(7814.0962, device='cuda:0', grad_fn=<AddBackward0>), 'recon': tensor(6592.2100, device='cuda:0', grad_fn=<MulBackward0>), 'kld': tensor(604.5840, device='cuda:0', grad_fn=<MulBackward0>), 'prediction': tensor(20.4729, device='cuda:0', grad_fn=<MulBackward0>), 'true_values': tensor(596.8292, device='cuda:0', grad_fn=<MulBackward0>)}
[76:18479]  loss_total_vae=8093.553  loss_recon=6599.842  loss_kld=683.234  loss_prediction=60.148  loss_true_values=750.329  loss_total_vae_epoch=7784.770  
Losses: {'total_vae': tensor(7748.0601, device='cuda:0', grad_fn=<AddBackward0>), 'recon': tensor(6640.5630, device='cuda:0', grad_fn=<MulBackward0>), 'kld': tensor(489.3948, device='cuda:0', grad_fn=<MulBackward0>), 'prediction': tensor(25.8821, device='cuda:0', grad_fn=<MulBackward0>), 'true_values': tensor(592.2195, device='cuda:0', grad_fn=<MulBackward0>)}
[77:18719]  loss_total_vae=7831.998  loss_recon=6600.826  loss_kld=578.523  loss_prediction=20.105  loss_true_values=632.544  loss_total_vae_epoch=7783.994  
Losses: {'total_vae': tensor(7828.2085, device='cuda:0', grad_fn=<AddBackward0>), 'recon': tensor(6725.1172, device='cuda:0', grad_fn=<MulBackward0>), 'kld': tensor(505.1114, device='cuda:0', grad_fn=<MulBackward0>), 'prediction': tensor(18.4099, device='cuda:0', grad_fn=<MulBackward0>), 'true_values': tensor(579.5698, device='cuda:0', grad_fn=<MulBackward0>)}
[78:18959]  loss_total_vae=7610.144  loss_recon=6572.220  loss_kld=493.335  loss_prediction=23.792  loss_true_values=520.797  loss_total_vae_epoch=7783.218  
Losses: {'total_vae': tensor(7770.8501, device='cuda:0', grad_fn=<AddBackward0>), 'recon': tensor(6577.8291, device='cuda:0', grad_fn=<MulBackward0>), 'kld': tensor(546.5168, device='cuda:0', grad_fn=<MulBackward0>), 'prediction': tensor(86.2653, device='cuda:0', grad_fn=<MulBackward0>), 'true_values': tensor(560.2393, device='cuda:0', grad_fn=<MulBackward0>)}
Done testing
Saved test_metrics
[79:19199]  loss_total_vae=7813.559  loss_recon=6708.780  loss_kld=517.060  loss_prediction=21.102  loss_true_values=566.617  loss_total_vae_epoch=7781.391  
Losses: {'total_vae': tensor(7906.6328, device='cuda:0', grad_fn=<AddBackward0>), 'recon': tensor(6708.9663, device='cuda:0', grad_fn=<MulBackward0>), 'kld': tensor(596.7466, device='cuda:0', grad_fn=<MulBackward0>), 'prediction': tensor(13.1939, device='cuda:0', grad_fn=<MulBackward0>), 'true_values': tensor(587.7259, device='cuda:0', grad_fn=<MulBackward0>)}
[80:19439]  loss_total_vae=7996.348  loss_recon=6769.409  loss_kld=640.047  loss_prediction=20.780  loss_true_values=566.113  loss_total_vae_epoch=7783.089  
Losses: {'total_vae': tensor(7724.1001, device='cuda:0', grad_fn=<AddBackward0>), 'recon': tensor(6627.9429, device='cuda:0', grad_fn=<MulBackward0>), 'kld': tensor(506.4547, device='cuda:0', grad_fn=<MulBackward0>), 'prediction': tensor(16.0368, device='cuda:0', grad_fn=<MulBackward0>), 'true_values': tensor(573.6661, device='cuda:0', grad_fn=<MulBackward0>)}
[81:19679]  loss_total_vae=7587.815  loss_recon=6480.735  loss_kld=529.973  loss_prediction=18.255  loss_true_values=558.853  loss_total_vae_epoch=7782.648  
Losses: {'total_vae': tensor(7576.8291, device='cuda:0', grad_fn=<AddBackward0>), 'recon': tensor(6511.0762, device='cuda:0', grad_fn=<MulBackward0>), 'kld': tensor(450.9546, device='cuda:0', grad_fn=<MulBackward0>), 'prediction': tensor(15.5552, device='cuda:0', grad_fn=<MulBackward0>), 'true_values': tensor(599.2433, device='cuda:0', grad_fn=<MulBackward0>)}
[82:19919]  loss_total_vae=7768.004  loss_recon=6707.278  loss_kld=470.813  loss_prediction=11.292  loss_true_values=578.622  loss_total_vae_epoch=7774.035  
Losses: {'total_vae': tensor(7692.1494, device='cuda:0', grad_fn=<AddBackward0>), 'recon': tensor(6593.9321, device='cuda:0', grad_fn=<MulBackward0>), 'kld': tensor(526.4460, device='cuda:0', grad_fn=<MulBackward0>), 'prediction': tensor(20.2851, device='cuda:0', grad_fn=<MulBackward0>), 'true_values': tensor(551.4866, device='cuda:0', grad_fn=<MulBackward0>)}
Done testing
Saved test_metrics
[83:20159]  loss_total_vae=7736.941  loss_recon=6505.424  loss_kld=623.548  loss_prediction=23.481  loss_true_values=584.489  loss_total_vae_epoch=7779.069  
Losses: {'total_vae': tensor(7874.6470, device='cuda:0', grad_fn=<AddBackward0>), 'recon': tensor(6683.6025, device='cuda:0', grad_fn=<MulBackward0>), 'kld': tensor(580.3931, device='cuda:0', grad_fn=<MulBackward0>), 'prediction': tensor(22.5586, device='cuda:0', grad_fn=<MulBackward0>), 'true_values': tensor(588.0928, device='cuda:0', grad_fn=<MulBackward0>)}
[84:20399]  loss_total_vae=7832.250  loss_recon=6638.226  loss_kld=567.047  loss_prediction=43.779  loss_true_values=583.199  loss_total_vae_epoch=7775.506  
Losses: {'total_vae': tensor(8074.5273, device='cuda:0', grad_fn=<AddBackward0>), 'recon': tensor(6696.7622, device='cuda:0', grad_fn=<MulBackward0>), 'kld': tensor(697.0398, device='cuda:0', grad_fn=<MulBackward0>), 'prediction': tensor(23.0401, device='cuda:0', grad_fn=<MulBackward0>), 'true_values': tensor(657.6857, device='cuda:0', grad_fn=<MulBackward0>)}
[85:20639]  loss_total_vae=7757.959  loss_recon=6635.742  loss_kld=557.598  loss_prediction=35.683  loss_true_values=528.935  loss_total_vae_epoch=7770.968  
Losses: {'total_vae': tensor(7790.9312, device='cuda:0', grad_fn=<AddBackward0>), 'recon': tensor(6539.6919, device='cuda:0', grad_fn=<MulBackward0>), 'kld': tensor(646.5070, device='cuda:0', grad_fn=<MulBackward0>), 'prediction': tensor(22.5336, device='cuda:0', grad_fn=<MulBackward0>), 'true_values': tensor(582.1989, device='cuda:0', grad_fn=<MulBackward0>)}
[86:20879]  loss_total_vae=7778.830  loss_recon=6611.034  loss_kld=560.966  loss_prediction=16.998  loss_true_values=589.833  loss_total_vae_epoch=7766.857  
Losses: {'total_vae': tensor(7771.8721, device='cuda:0', grad_fn=<AddBackward0>), 'recon': tensor(6617.2061, device='cuda:0', grad_fn=<MulBackward0>), 'kld': tensor(571.0453, device='cuda:0', grad_fn=<MulBackward0>), 'prediction': tensor(9.1299, device='cuda:0', grad_fn=<MulBackward0>), 'true_values': tensor(574.4906, device='cuda:0', grad_fn=<MulBackward0>)}
Done testing
Saved test_metrics
[87:21119]  loss_total_vae=7754.494  loss_recon=6645.112  loss_kld=546.124  loss_prediction=20.080  loss_true_values=543.178  loss_total_vae_epoch=7760.851  
Losses: {'total_vae': tensor(7897.6919, device='cuda:0', grad_fn=<AddBackward0>), 'recon': tensor(6526.7690, device='cuda:0', grad_fn=<MulBackward0>), 'kld': tensor(689.2367, device='cuda:0', grad_fn=<MulBackward0>), 'prediction': tensor(64.4022, device='cuda:0', grad_fn=<MulBackward0>), 'true_values': tensor(617.2835, device='cuda:0', grad_fn=<MulBackward0>)}
[88:21359]  loss_total_vae=7862.885  loss_recon=6633.802  loss_kld=637.011  loss_prediction=11.465  loss_true_values=580.608  loss_total_vae_epoch=7765.996  
Losses: {'total_vae': tensor(7652.1797, device='cuda:0', grad_fn=<AddBackward0>), 'recon': tensor(6540.9180, device='cuda:0', grad_fn=<MulBackward0>), 'kld': tensor(559.3871, device='cuda:0', grad_fn=<MulBackward0>), 'prediction': tensor(10.9622, device='cuda:0', grad_fn=<MulBackward0>), 'true_values': tensor(540.9120, device='cuda:0', grad_fn=<MulBackward0>)}
[89:21599]  loss_total_vae=7510.978  loss_recon=6527.911  loss_kld=409.750  loss_prediction=16.256  loss_true_values=557.060  loss_total_vae_epoch=7760.963  
Losses: {'total_vae': tensor(7698.2676, device='cuda:0', grad_fn=<AddBackward0>), 'recon': tensor(6589.2534, device='cuda:0', grad_fn=<MulBackward0>), 'kld': tensor(537.3724, device='cuda:0', grad_fn=<MulBackward0>), 'prediction': tensor(8.2422, device='cuda:0', grad_fn=<MulBackward0>), 'true_values': tensor(563.3993, device='cuda:0', grad_fn=<MulBackward0>)}
[90:21839]  loss_total_vae=7750.544  loss_recon=6645.374  loss_kld=504.003  loss_prediction=26.095  loss_true_values=575.073  loss_total_vae_epoch=7759.916  
Losses: {'total_vae': tensor(8181.4976, device='cuda:0', grad_fn=<AddBackward0>), 'recon': tensor(6802.7637, device='cuda:0', grad_fn=<MulBackward0>), 'kld': tensor(707.3693, device='cuda:0', grad_fn=<MulBackward0>), 'prediction': tensor(19.3509, device='cuda:0', grad_fn=<MulBackward0>), 'true_values': tensor(652.0135, device='cuda:0', grad_fn=<MulBackward0>)}
Done testing
Saved test_metrics
[91:22079]  loss_total_vae=7852.417  loss_recon=6762.570  loss_kld=492.436  loss_prediction=13.777  loss_true_values=583.635  loss_total_vae_epoch=7758.583  
Losses: {'total_vae': tensor(7618.9160, device='cuda:0', grad_fn=<AddBackward0>), 'recon': tensor(6533.6753, device='cuda:0', grad_fn=<MulBackward0>), 'kld': tensor(484.3834, device='cuda:0', grad_fn=<MulBackward0>), 'prediction': tensor(8.9492, device='cuda:0', grad_fn=<MulBackward0>), 'true_values': tensor(591.9083, device='cuda:0', grad_fn=<MulBackward0>)}
[92:22319]  loss_total_vae=7568.515  loss_recon=6465.396  loss_kld=552.143  loss_prediction=17.670  loss_true_values=533.306  loss_total_vae_epoch=7753.321  
Losses: {'total_vae': tensor(7550.8486, device='cuda:0', grad_fn=<AddBackward0>), 'recon': tensor(6420.5659, device='cuda:0', grad_fn=<MulBackward0>), 'kld': tensor(540.8508, device='cuda:0', grad_fn=<MulBackward0>), 'prediction': tensor(14.0876, device='cuda:0', grad_fn=<MulBackward0>), 'true_values': tensor(575.3447, device='cuda:0', grad_fn=<MulBackward0>)}
[93:22559]  loss_total_vae=7825.311  loss_recon=6559.325  loss_kld=628.457  loss_prediction=22.376  loss_true_values=615.152  loss_total_vae_epoch=7752.000  
Losses: {'total_vae': tensor(7922.5527, device='cuda:0', grad_fn=<AddBackward0>), 'recon': tensor(6786.3467, device='cuda:0', grad_fn=<MulBackward0>), 'kld': tensor(556.1134, device='cuda:0', grad_fn=<MulBackward0>), 'prediction': tensor(13.8444, device='cuda:0', grad_fn=<MulBackward0>), 'true_values': tensor(566.2487, device='cuda:0', grad_fn=<MulBackward0>)}
[94:22799]  loss_total_vae=7753.658  loss_recon=6577.187  loss_kld=552.015  loss_prediction=24.577  loss_true_values=599.880  loss_total_vae_epoch=7757.323  
Losses: {'total_vae': tensor(7661.3774, device='cuda:0', grad_fn=<AddBackward0>), 'recon': tensor(6589.2700, device='cuda:0', grad_fn=<MulBackward0>), 'kld': tensor(487.2131, device='cuda:0', grad_fn=<MulBackward0>), 'prediction': tensor(17.6580, device='cuda:0', grad_fn=<MulBackward0>), 'true_values': tensor(567.2357, device='cuda:0', grad_fn=<MulBackward0>)}
Done testing
Saved test_metrics
[95:23039]  loss_total_vae=8000.060  loss_recon=6732.317  loss_kld=572.601  loss_prediction=19.554  loss_true_values=675.588  loss_total_vae_epoch=7750.148  
Losses: {'total_vae': tensor(7691.6299, device='cuda:0', grad_fn=<AddBackward0>), 'recon': tensor(6530.7886, device='cuda:0', grad_fn=<MulBackward0>), 'kld': tensor(568.5220, device='cuda:0', grad_fn=<MulBackward0>), 'prediction': tensor(6.6972, device='cuda:0', grad_fn=<MulBackward0>), 'true_values': tensor(585.6218, device='cuda:0', grad_fn=<MulBackward0>)}
[96:23279]  loss_total_vae=7779.824  loss_recon=6669.370  loss_kld=518.130  loss_prediction=24.715  loss_true_values=567.610  loss_total_vae_epoch=7750.948  
Losses: {'total_vae': tensor(7861.8188, device='cuda:0', grad_fn=<AddBackward0>), 'recon': tensor(6721.0786, device='cuda:0', grad_fn=<MulBackward0>), 'kld': tensor(551.1992, device='cuda:0', grad_fn=<MulBackward0>), 'prediction': tensor(13.9542, device='cuda:0', grad_fn=<MulBackward0>), 'true_values': tensor(575.5869, device='cuda:0', grad_fn=<MulBackward0>)}
[97:23519]  loss_total_vae=7877.518  loss_recon=6668.975  loss_kld=563.656  loss_prediction=33.937  loss_true_values=610.951  loss_total_vae_epoch=7746.843  
Losses: {'total_vae': tensor(7688.7734, device='cuda:0', grad_fn=<AddBackward0>), 'recon': tensor(6566.2666, device='cuda:0', grad_fn=<MulBackward0>), 'kld': tensor(527.3486, device='cuda:0', grad_fn=<MulBackward0>), 'prediction': tensor(28.5995, device='cuda:0', grad_fn=<MulBackward0>), 'true_values': tensor(566.5587, device='cuda:0', grad_fn=<MulBackward0>)}
[98:23759]  loss_total_vae=7590.423  loss_recon=6557.692  loss_kld=434.190  loss_prediction=11.571  loss_true_values=586.970  loss_total_vae_epoch=7741.391  
Losses: {'total_vae': tensor(7871.7334, device='cuda:0', grad_fn=<AddBackward0>), 'recon': tensor(6644.4541, device='cuda:0', grad_fn=<MulBackward0>), 'kld': tensor(589.9976, device='cuda:0', grad_fn=<MulBackward0>), 'prediction': tensor(27.7973, device='cuda:0', grad_fn=<MulBackward0>), 'true_values': tensor(609.4843, device='cuda:0', grad_fn=<MulBackward0>)}
[99:23999]  loss_total_vae=7908.702  loss_recon=6637.575  loss_kld=597.397  loss_prediction=56.092  loss_true_values=617.638  loss_total_vae_epoch=7747.574  
Done testing
Saved test_metrics
Losses: {'total_vae': tensor(7726.4277, device='cuda:0', grad_fn=<AddBackward0>), 'recon': tensor(6591.3638, device='cuda:0', grad_fn=<MulBackward0>), 'kld': tensor(546.2054, device='cuda:0', grad_fn=<MulBackward0>), 'prediction': tensor(17.2756, device='cuda:0', grad_fn=<MulBackward0>), 'true_values': tensor(571.5832, device='cuda:0', grad_fn=<MulBackward0>)}
[100:24239]  loss_total_vae=7541.553  loss_recon=6438.277  loss_kld=511.177  loss_prediction=15.312  loss_true_values=576.787  loss_total_vae_epoch=7744.356  
Losses: {'total_vae': tensor(7781.2559, device='cuda:0', grad_fn=<AddBackward0>), 'recon': tensor(6651.5303, device='cuda:0', grad_fn=<MulBackward0>), 'kld': tensor(560.0932, device='cuda:0', grad_fn=<MulBackward0>), 'prediction': tensor(7.1485, device='cuda:0', grad_fn=<MulBackward0>), 'true_values': tensor(562.4838, device='cuda:0', grad_fn=<MulBackward0>)}
[101:24479]  loss_total_vae=7777.232  loss_recon=6665.132  loss_kld=500.993  loss_prediction=7.206  loss_true_values=603.902  loss_total_vae_epoch=7736.946  
Losses: {'total_vae': tensor(7805.6274, device='cuda:0', grad_fn=<AddBackward0>), 'recon': tensor(6643.2363, device='cuda:0', grad_fn=<MulBackward0>), 'kld': tensor(601.4852, device='cuda:0', grad_fn=<MulBackward0>), 'prediction': tensor(7.1648, device='cuda:0', grad_fn=<MulBackward0>), 'true_values': tensor(553.7408, device='cuda:0', grad_fn=<MulBackward0>)}
[102:24719]  loss_total_vae=7917.025  loss_recon=6643.858  loss_kld=604.142  loss_prediction=66.691  loss_true_values=602.334  loss_total_vae_epoch=7741.781  
Losses: {'total_vae': tensor(7739.6245, device='cuda:0', grad_fn=<AddBackward0>), 'recon': tensor(6530.3237, device='cuda:0', grad_fn=<MulBackward0>), 'kld': tensor(580.1317, device='cuda:0', grad_fn=<MulBackward0>), 'prediction': tensor(21.6844, device='cuda:0', grad_fn=<MulBackward0>), 'true_values': tensor(607.4846, device='cuda:0', grad_fn=<MulBackward0>)}
[103:24959]  loss_total_vae=7623.644  loss_recon=6494.101  loss_kld=525.198  loss_prediction=21.751  loss_true_values=582.594  loss_total_vae_epoch=7741.577  
Losses: {'total_vae': tensor(7585.7437, device='cuda:0', grad_fn=<AddBackward0>), 'recon': tensor(6607.5288, device='cuda:0', grad_fn=<MulBackward0>), 'kld': tensor(373.7610, device='cuda:0', grad_fn=<MulBackward0>), 'prediction': tensor(9.8377, device='cuda:0', grad_fn=<MulBackward0>), 'true_values': tensor(594.6157, device='cuda:0', grad_fn=<MulBackward0>)}
Done testing
Saved test_metrics
[104:25199]  loss_total_vae=7663.305  loss_recon=6581.967  loss_kld=496.905  loss_prediction=9.137  loss_true_values=575.296  loss_total_vae_epoch=7736.545  
Losses: {'total_vae': tensor(7563.6982, device='cuda:0', grad_fn=<AddBackward0>), 'recon': tensor(6486.9829, device='cuda:0', grad_fn=<MulBackward0>), 'kld': tensor(533.1013, device='cuda:0', grad_fn=<MulBackward0>), 'prediction': tensor(18.0864, device='cuda:0', grad_fn=<MulBackward0>), 'true_values': tensor(525.5280, device='cuda:0', grad_fn=<MulBackward0>)}
[105:25439]  loss_total_vae=7819.678  loss_recon=6700.661  loss_kld=539.869  loss_prediction=9.492  loss_true_values=569.657  loss_total_vae_epoch=7734.111  
Losses: {'total_vae': tensor(7675.1973, device='cuda:0', grad_fn=<AddBackward0>), 'recon': tensor(6635.8599, device='cuda:0', grad_fn=<MulBackward0>), 'kld': tensor(491.3913, device='cuda:0', grad_fn=<MulBackward0>), 'prediction': tensor(11.7603, device='cuda:0', grad_fn=<MulBackward0>), 'true_values': tensor(536.1862, device='cuda:0', grad_fn=<MulBackward0>)}
[106:25679]  loss_total_vae=7524.840  loss_recon=6428.192  loss_kld=515.557  loss_prediction=17.938  loss_true_values=563.153  loss_total_vae_epoch=7740.042  
Losses: {'total_vae': tensor(7692.2559, device='cuda:0', grad_fn=<AddBackward0>), 'recon': tensor(6539.1118, device='cuda:0', grad_fn=<MulBackward0>), 'kld': tensor(604.6453, device='cuda:0', grad_fn=<MulBackward0>), 'prediction': tensor(11.9531, device='cuda:0', grad_fn=<MulBackward0>), 'true_values': tensor(536.5460, device='cuda:0', grad_fn=<MulBackward0>)}
[107:25919]  loss_total_vae=7656.204  loss_recon=6559.523  loss_kld=506.216  loss_prediction=18.958  loss_true_values=571.507  loss_total_vae_epoch=7731.806  
Losses: {'total_vae': tensor(7603.5410, device='cuda:0', grad_fn=<AddBackward0>), 'recon': tensor(6481.8013, device='cuda:0', grad_fn=<MulBackward0>), 'kld': tensor(550.1104, device='cuda:0', grad_fn=<MulBackward0>), 'prediction': tensor(11.6409, device='cuda:0', grad_fn=<MulBackward0>), 'true_values': tensor(559.9883, device='cuda:0', grad_fn=<MulBackward0>)}
Done testing
Saved test_metrics
[108:26159]  loss_total_vae=7638.338  loss_recon=6472.260  loss_kld=553.694  loss_prediction=17.033  loss_true_values=595.352  loss_total_vae_epoch=7741.153  
Losses: {'total_vae': tensor(7701.7051, device='cuda:0', grad_fn=<AddBackward0>), 'recon': tensor(6627.0513, device='cuda:0', grad_fn=<MulBackward0>), 'kld': tensor(492.1768, device='cuda:0', grad_fn=<MulBackward0>), 'prediction': tensor(12.8238, device='cuda:0', grad_fn=<MulBackward0>), 'true_values': tensor(569.6532, device='cuda:0', grad_fn=<MulBackward0>)}
[109:26399]  loss_total_vae=7819.292  loss_recon=6521.295  loss_kld=650.478  loss_prediction=6.347  loss_true_values=641.172  loss_total_vae_epoch=7732.328  
Losses: {'total_vae': tensor(7785.4473, device='cuda:0', grad_fn=<AddBackward0>), 'recon': tensor(6665.0225, device='cuda:0', grad_fn=<MulBackward0>), 'kld': tensor(507.4056, device='cuda:0', grad_fn=<MulBackward0>), 'prediction': tensor(12.9868, device='cuda:0', grad_fn=<MulBackward0>), 'true_values': tensor(600.0325, device='cuda:0', grad_fn=<MulBackward0>)}
[110:26639]  loss_total_vae=7730.531  loss_recon=6484.383  loss_kld=561.907  loss_prediction=28.225  loss_true_values=656.016  loss_total_vae_epoch=7729.658  
Losses: {'total_vae': tensor(7630.4214, device='cuda:0', grad_fn=<AddBackward0>), 'recon': tensor(6539.7798, device='cuda:0', grad_fn=<MulBackward0>), 'kld': tensor(506.0514, device='cuda:0', grad_fn=<MulBackward0>), 'prediction': tensor(14.7186, device='cuda:0', grad_fn=<MulBackward0>), 'true_values': tensor(569.8718, device='cuda:0', grad_fn=<MulBackward0>)}
[111:26879]  loss_total_vae=7642.586  loss_recon=6428.394  loss_kld=617.846  loss_prediction=15.952  loss_true_values=580.394  loss_total_vae_epoch=7727.057  
Losses: {'total_vae': tensor(7657.0273, device='cuda:0', grad_fn=<AddBackward0>), 'recon': tensor(6474.3960, device='cuda:0', grad_fn=<MulBackward0>), 'kld': tensor(583.7255, device='cuda:0', grad_fn=<MulBackward0>), 'prediction': tensor(15.4683, device='cuda:0', grad_fn=<MulBackward0>), 'true_values': tensor(583.4373, device='cuda:0', grad_fn=<MulBackward0>)}
Done testing
Saved test_metrics
[112:27119]  loss_total_vae=7695.078  loss_recon=6540.180  loss_kld=540.820  loss_prediction=32.138  loss_true_values=581.941  loss_total_vae_epoch=7727.140  
Losses: {'total_vae': tensor(7683.2598, device='cuda:0', grad_fn=<AddBackward0>), 'recon': tensor(6481.5947, device='cuda:0', grad_fn=<MulBackward0>), 'kld': tensor(575.2369, device='cuda:0', grad_fn=<MulBackward0>), 'prediction': tensor(21.9790, device='cuda:0', grad_fn=<MulBackward0>), 'true_values': tensor(604.4491, device='cuda:0', grad_fn=<MulBackward0>)}
[113:27359]  loss_total_vae=7599.783  loss_recon=6475.495  loss_kld=542.417  loss_prediction=13.580  loss_true_values=568.291  loss_total_vae_epoch=7718.979  
Losses: {'total_vae': tensor(7783.0508, device='cuda:0', grad_fn=<AddBackward0>), 'recon': tensor(6477.8057, device='cuda:0', grad_fn=<MulBackward0>), 'kld': tensor(660.4071, device='cuda:0', grad_fn=<MulBackward0>), 'prediction': tensor(22.3178, device='cuda:0', grad_fn=<MulBackward0>), 'true_values': tensor(622.5199, device='cuda:0', grad_fn=<MulBackward0>)}
[114:27599]  loss_total_vae=7772.691  loss_recon=6521.478  loss_kld=606.590  loss_prediction=17.174  loss_true_values=627.449  loss_total_vae_epoch=7723.671  
Losses: {'total_vae': tensor(7917.1006, device='cuda:0', grad_fn=<AddBackward0>), 'recon': tensor(6761.7661, device='cuda:0', grad_fn=<MulBackward0>), 'kld': tensor(590.1047, device='cuda:0', grad_fn=<MulBackward0>), 'prediction': tensor(6.5934, device='cuda:0', grad_fn=<MulBackward0>), 'true_values': tensor(558.6365, device='cuda:0', grad_fn=<MulBackward0>)}
[115:27839]  loss_total_vae=7608.882  loss_recon=6398.697  loss_kld=623.630  loss_prediction=15.784  loss_true_values=570.771  loss_total_vae_epoch=7724.118  
Losses: {'total_vae': tensor(7922.3066, device='cuda:0', grad_fn=<AddBackward0>), 'recon': tensor(6561.3818, device='cuda:0', grad_fn=<MulBackward0>), 'kld': tensor(680.9063, device='cuda:0', grad_fn=<MulBackward0>), 'prediction': tensor(13.5966, device='cuda:0', grad_fn=<MulBackward0>), 'true_values': tensor(666.4217, device='cuda:0', grad_fn=<MulBackward0>)}
Done testing
Saved test_metrics
[116:28079]  loss_total_vae=7609.702  loss_recon=6559.976  loss_kld=448.139  loss_prediction=62.753  loss_true_values=538.834  loss_total_vae_epoch=7716.316  
Losses: {'total_vae': tensor(7672.9521, device='cuda:0', grad_fn=<AddBackward0>), 'recon': tensor(6553.6636, device='cuda:0', grad_fn=<MulBackward0>), 'kld': tensor(542.8511, device='cuda:0', grad_fn=<MulBackward0>), 'prediction': tensor(8.5540, device='cuda:0', grad_fn=<MulBackward0>), 'true_values': tensor(567.8831, device='cuda:0', grad_fn=<MulBackward0>)}
[117:28319]  loss_total_vae=7535.912  loss_recon=6430.762  loss_kld=500.129  loss_prediction=19.823  loss_true_values=585.198  loss_total_vae_epoch=7714.632  
Losses: {'total_vae': tensor(7631.7148, device='cuda:0', grad_fn=<AddBackward0>), 'recon': tensor(6489.7798, device='cuda:0', grad_fn=<MulBackward0>), 'kld': tensor(553.6580, device='cuda:0', grad_fn=<MulBackward0>), 'prediction': tensor(15.7806, device='cuda:0', grad_fn=<MulBackward0>), 'true_values': tensor(572.4967, device='cuda:0', grad_fn=<MulBackward0>)}
[118:28559]  loss_total_vae=7670.845  loss_recon=6531.502  loss_kld=562.060  loss_prediction=11.226  loss_true_values=566.058  loss_total_vae_epoch=7724.718  
Losses: {'total_vae': tensor(7573.9019, device='cuda:0', grad_fn=<AddBackward0>), 'recon': tensor(6454.8511, device='cuda:0', grad_fn=<MulBackward0>), 'kld': tensor(485.1365, device='cuda:0', grad_fn=<MulBackward0>), 'prediction': tensor(38.0641, device='cuda:0', grad_fn=<MulBackward0>), 'true_values': tensor(595.8507, device='cuda:0', grad_fn=<MulBackward0>)}
[119:28799]  loss_total_vae=7829.318  loss_recon=6725.226  loss_kld=486.562  loss_prediction=16.397  loss_true_values=601.133  loss_total_vae_epoch=7721.846  
Losses: {'total_vae': tensor(7780.8760, device='cuda:0', grad_fn=<AddBackward0>), 'recon': tensor(6559.3936, device='cuda:0', grad_fn=<MulBackward0>), 'kld': tensor(649.9047, device='cuda:0', grad_fn=<MulBackward0>), 'prediction': tensor(10.2488, device='cuda:0', grad_fn=<MulBackward0>), 'true_values': tensor(561.3289, device='cuda:0', grad_fn=<MulBackward0>)}
Done testing
Saved test_metrics
[120:29039]  loss_total_vae=7918.170  loss_recon=6663.398  loss_kld=606.127  loss_prediction=18.687  loss_true_values=629.958  loss_total_vae_epoch=7714.273  
Losses: {'total_vae': tensor(7508.9512, device='cuda:0', grad_fn=<AddBackward0>), 'recon': tensor(6463.4595, device='cuda:0', grad_fn=<MulBackward0>), 'kld': tensor(492.5273, device='cuda:0', grad_fn=<MulBackward0>), 'prediction': tensor(11.4757, device='cuda:0', grad_fn=<MulBackward0>), 'true_values': tensor(541.4885, device='cuda:0', grad_fn=<MulBackward0>)}
[121:29279]  loss_total_vae=7951.955  loss_recon=6668.411  loss_kld=621.334  loss_prediction=32.470  loss_true_values=629.740  loss_total_vae_epoch=7718.370  
Losses: {'total_vae': tensor(7872.8467, device='cuda:0', grad_fn=<AddBackward0>), 'recon': tensor(6657.4531, device='cuda:0', grad_fn=<MulBackward0>), 'kld': tensor(614.5256, device='cuda:0', grad_fn=<MulBackward0>), 'prediction': tensor(25.9411, device='cuda:0', grad_fn=<MulBackward0>), 'true_values': tensor(574.9273, device='cuda:0', grad_fn=<MulBackward0>)}
[122:29519]  loss_total_vae=7799.635  loss_recon=6759.898  loss_kld=476.145  loss_prediction=11.053  loss_true_values=552.537  loss_total_vae_epoch=7722.733  
Losses: {'total_vae': tensor(7507.6821, device='cuda:0', grad_fn=<AddBackward0>), 'recon': tensor(6585.6748, device='cuda:0', grad_fn=<MulBackward0>), 'kld': tensor(369.0366, device='cuda:0', grad_fn=<MulBackward0>), 'prediction': tensor(6.2532, device='cuda:0', grad_fn=<MulBackward0>), 'true_values': tensor(546.7172, device='cuda:0', grad_fn=<MulBackward0>)}
[123:29759]  loss_total_vae=7747.991  loss_recon=6608.161  loss_kld=564.584  loss_prediction=7.923  loss_true_values=567.323  loss_total_vae_epoch=7711.165  
Losses: {'total_vae': tensor(7895.3340, device='cuda:0', grad_fn=<AddBackward0>), 'recon': tensor(6737.8022, device='cuda:0', grad_fn=<MulBackward0>), 'kld': tensor(548.8492, device='cuda:0', grad_fn=<MulBackward0>), 'prediction': tensor(37.4358, device='cuda:0', grad_fn=<MulBackward0>), 'true_values': tensor(571.2467, device='cuda:0', grad_fn=<MulBackward0>)}
[124:29999]  loss_total_vae=7770.956  loss_recon=6659.844  loss_kld=564.943  loss_prediction=5.820  loss_true_values=540.349  loss_total_vae_epoch=7708.904  
Done testing
Saved test_metrics
Losses: {'total_vae': tensor(7659.5781, device='cuda:0', grad_fn=<AddBackward0>), 'recon': tensor(6486.4668, device='cuda:0', grad_fn=<MulBackward0>), 'kld': tensor(589.0428, device='cuda:0', grad_fn=<MulBackward0>), 'prediction': tensor(20.8306, device='cuda:0', grad_fn=<MulBackward0>), 'true_values': tensor(563.2379, device='cuda:0', grad_fn=<MulBackward0>)}
[125:30239]  loss_total_vae=7641.580  loss_recon=6584.712  loss_kld=512.795  loss_prediction=8.016  loss_true_values=536.057  loss_total_vae_epoch=7713.320  
Losses: {'total_vae': tensor(7541.8359, device='cuda:0', grad_fn=<AddBackward0>), 'recon': tensor(6523.0884, device='cuda:0', grad_fn=<MulBackward0>), 'kld': tensor(459.9489, device='cuda:0', grad_fn=<MulBackward0>), 'prediction': tensor(21.9081, device='cuda:0', grad_fn=<MulBackward0>), 'true_values': tensor(536.8907, device='cuda:0', grad_fn=<MulBackward0>)}
[126:30479]  loss_total_vae=7665.831  loss_recon=6507.043  loss_kld=564.684  loss_prediction=18.304  loss_true_values=575.800  loss_total_vae_epoch=7709.583  
Losses: {'total_vae': tensor(7599.9980, device='cuda:0', grad_fn=<AddBackward0>), 'recon': tensor(6450.0903, device='cuda:0', grad_fn=<MulBackward0>), 'kld': tensor(521.6185, device='cuda:0', grad_fn=<MulBackward0>), 'prediction': tensor(42.4646, device='cuda:0', grad_fn=<MulBackward0>), 'true_values': tensor(585.8241, device='cuda:0', grad_fn=<MulBackward0>)}
[127:30719]  loss_total_vae=7789.605  loss_recon=6514.063  loss_kld=643.775  loss_prediction=9.661  loss_true_values=622.106  loss_total_vae_epoch=7712.963  
Losses: {'total_vae': tensor(7574.8223, device='cuda:0', grad_fn=<AddBackward0>), 'recon': tensor(6512.5342, device='cuda:0', grad_fn=<MulBackward0>), 'kld': tensor(513.4287, device='cuda:0', grad_fn=<MulBackward0>), 'prediction': tensor(11.3357, device='cuda:0', grad_fn=<MulBackward0>), 'true_values': tensor(537.5240, device='cuda:0', grad_fn=<MulBackward0>)}
[128:30959]  loss_total_vae=7581.403  loss_recon=6566.501  loss_kld=436.802  loss_prediction=16.315  loss_true_values=561.785  loss_total_vae_epoch=7700.294  
Losses: {'total_vae': tensor(7753.0518, device='cuda:0', grad_fn=<AddBackward0>), 'recon': tensor(6513.9155, device='cuda:0', grad_fn=<MulBackward0>), 'kld': tensor(628.9104, device='cuda:0', grad_fn=<MulBackward0>), 'prediction': tensor(28.8752, device='cuda:0', grad_fn=<MulBackward0>), 'true_values': tensor(581.3508, device='cuda:0', grad_fn=<MulBackward0>)}
Done testing
Saved test_metrics
[129:31199]  loss_total_vae=7525.683  loss_recon=6371.866  loss_kld=553.256  loss_prediction=7.904  loss_true_values=592.656  loss_total_vae_epoch=7714.760  
Losses: {'total_vae': tensor(7758.0288, device='cuda:0', grad_fn=<AddBackward0>), 'recon': tensor(6488.6665, device='cuda:0', grad_fn=<MulBackward0>), 'kld': tensor(602.7836, device='cuda:0', grad_fn=<MulBackward0>), 'prediction': tensor(25.4471, device='cuda:0', grad_fn=<MulBackward0>), 'true_values': tensor(641.1312, device='cuda:0', grad_fn=<MulBackward0>)}
[130:31439]  loss_total_vae=7640.461  loss_recon=6512.081  loss_kld=531.060  loss_prediction=9.893  loss_true_values=587.426  loss_total_vae_epoch=7710.542  
Losses: {'total_vae': tensor(7669.5874, device='cuda:0', grad_fn=<AddBackward0>), 'recon': tensor(6443.1606, device='cuda:0', grad_fn=<MulBackward0>), 'kld': tensor(630.4548, device='cuda:0', grad_fn=<MulBackward0>), 'prediction': tensor(16.5970, device='cuda:0', grad_fn=<MulBackward0>), 'true_values': tensor(579.3751, device='cuda:0', grad_fn=<MulBackward0>)}
[131:31679]  loss_total_vae=7767.703  loss_recon=6584.288  loss_kld=601.156  loss_prediction=25.523  loss_true_values=556.736  loss_total_vae_epoch=7696.814  
Losses: {'total_vae': tensor(7606.0063, device='cuda:0', grad_fn=<AddBackward0>), 'recon': tensor(6603.8511, device='cuda:0', grad_fn=<MulBackward0>), 'kld': tensor(437.8114, device='cuda:0', grad_fn=<MulBackward0>), 'prediction': tensor(7.4408, device='cuda:0', grad_fn=<MulBackward0>), 'true_values': tensor(556.9028, device='cuda:0', grad_fn=<MulBackward0>)}
[132:31919]  loss_total_vae=7610.726  loss_recon=6657.935  loss_kld=432.409  loss_prediction=6.251  loss_true_values=514.131  loss_total_vae_epoch=7705.303  
Losses: {'total_vae': tensor(7661.6221, device='cuda:0', grad_fn=<AddBackward0>), 'recon': tensor(6544.9561, device='cuda:0', grad_fn=<MulBackward0>), 'kld': tensor(552.4337, device='cuda:0', grad_fn=<MulBackward0>), 'prediction': tensor(10.7419, device='cuda:0', grad_fn=<MulBackward0>), 'true_values': tensor(553.4908, device='cuda:0', grad_fn=<MulBackward0>)}
Done testing
Saved test_metrics
[133:32159]  loss_total_vae=7722.998  loss_recon=6599.917  loss_kld=542.065  loss_prediction=8.549  loss_true_values=572.467  loss_total_vae_epoch=7704.157  
Losses: {'total_vae': tensor(7698.1099, device='cuda:0', grad_fn=<AddBackward0>), 'recon': tensor(6524.6426, device='cuda:0', grad_fn=<MulBackward0>), 'kld': tensor(579.6190, device='cuda:0', grad_fn=<MulBackward0>), 'prediction': tensor(8.3127, device='cuda:0', grad_fn=<MulBackward0>), 'true_values': tensor(585.5358, device='cuda:0', grad_fn=<MulBackward0>)}
[134:32399]  loss_total_vae=7539.241  loss_recon=6485.141  loss_kld=475.890  loss_prediction=6.784  loss_true_values=571.426  loss_total_vae_epoch=7699.428  
Losses: {'total_vae': tensor(7728.1050, device='cuda:0', grad_fn=<AddBackward0>), 'recon': tensor(6558.9829, device='cuda:0', grad_fn=<MulBackward0>), 'kld': tensor(585.5516, device='cuda:0', grad_fn=<MulBackward0>), 'prediction': tensor(10.9275, device='cuda:0', grad_fn=<MulBackward0>), 'true_values': tensor(572.6426, device='cuda:0', grad_fn=<MulBackward0>)}
[135:32639]  loss_total_vae=7784.202  loss_recon=6603.813  loss_kld=556.286  loss_prediction=29.277  loss_true_values=594.827  loss_total_vae_epoch=7700.181  
Losses: {'total_vae': tensor(7641.5752, device='cuda:0', grad_fn=<AddBackward0>), 'recon': tensor(6675.8467, device='cuda:0', grad_fn=<MulBackward0>), 'kld': tensor(392.6120, device='cuda:0', grad_fn=<MulBackward0>), 'prediction': tensor(14.4510, device='cuda:0', grad_fn=<MulBackward0>), 'true_values': tensor(558.6658, device='cuda:0', grad_fn=<MulBackward0>)}
[136:32879]  loss_total_vae=7747.167  loss_recon=6494.102  loss_kld=619.968  loss_prediction=12.803  loss_true_values=620.294  loss_total_vae_epoch=7692.872  
Losses: {'total_vae': tensor(7578.1855, device='cuda:0', grad_fn=<AddBackward0>), 'recon': tensor(6572.9023, device='cuda:0', grad_fn=<MulBackward0>), 'kld': tensor(440.2340, device='cuda:0', grad_fn=<MulBackward0>), 'prediction': tensor(8.1712, device='cuda:0', grad_fn=<MulBackward0>), 'true_values': tensor(556.8782, device='cuda:0', grad_fn=<MulBackward0>)}
Done testing
Saved test_metrics
[137:33119]  loss_total_vae=7799.113  loss_recon=6606.647  loss_kld=528.254  loss_prediction=22.155  loss_true_values=642.058  loss_total_vae_epoch=7691.352  
Losses: {'total_vae': tensor(7792.0967, device='cuda:0', grad_fn=<AddBackward0>), 'recon': tensor(6536.4785, device='cuda:0', grad_fn=<MulBackward0>), 'kld': tensor(623.7123, device='cuda:0', grad_fn=<MulBackward0>), 'prediction': tensor(10.6737, device='cuda:0', grad_fn=<MulBackward0>), 'true_values': tensor(621.2317, device='cuda:0', grad_fn=<MulBackward0>)}
[138:33359]  loss_total_vae=7756.704  loss_recon=6560.776  loss_kld=615.743  loss_prediction=10.438  loss_true_values=569.748  loss_total_vae_epoch=7696.005  
Losses: {'total_vae': tensor(7739.2241, device='cuda:0', grad_fn=<AddBackward0>), 'recon': tensor(6612.0938, device='cuda:0', grad_fn=<MulBackward0>), 'kld': tensor(526.1021, device='cuda:0', grad_fn=<MulBackward0>), 'prediction': tensor(10.5047, device='cuda:0', grad_fn=<MulBackward0>), 'true_values': tensor(590.5236, device='cuda:0', grad_fn=<MulBackward0>)}
[139:33599]  loss_total_vae=7621.661  loss_recon=6384.721  loss_kld=629.735  loss_prediction=20.996  loss_true_values=586.209  loss_total_vae_epoch=7699.935  
Losses: {'total_vae': tensor(7676.9448, device='cuda:0', grad_fn=<AddBackward0>), 'recon': tensor(6520.9150, device='cuda:0', grad_fn=<MulBackward0>), 'kld': tensor(554.3948, device='cuda:0', grad_fn=<MulBackward0>), 'prediction': tensor(34.7338, device='cuda:0', grad_fn=<MulBackward0>), 'true_values': tensor(566.9012, device='cuda:0', grad_fn=<MulBackward0>)}
[140:33839]  loss_total_vae=7598.774  loss_recon=6537.878  loss_kld=519.662  loss_prediction=5.163  loss_true_values=536.071  loss_total_vae_epoch=7698.995  
Losses: {'total_vae': tensor(7834.6157, device='cuda:0', grad_fn=<AddBackward0>), 'recon': tensor(6559.9966, device='cuda:0', grad_fn=<MulBackward0>), 'kld': tensor(650.2130, device='cuda:0', grad_fn=<MulBackward0>), 'prediction': tensor(14.5710, device='cuda:0', grad_fn=<MulBackward0>), 'true_values': tensor(609.8348, device='cuda:0', grad_fn=<MulBackward0>)}
Done testing
Saved test_metrics
[141:34079]  loss_total_vae=7698.080  loss_recon=6593.714  loss_kld=503.938  loss_prediction=13.678  loss_true_values=586.750  loss_total_vae_epoch=7697.131  
Losses: {'total_vae': tensor(7591.5000, device='cuda:0', grad_fn=<AddBackward0>), 'recon': tensor(6531.6362, device='cuda:0', grad_fn=<MulBackward0>), 'kld': tensor(453.7117, device='cuda:0', grad_fn=<MulBackward0>), 'prediction': tensor(15.0186, device='cuda:0', grad_fn=<MulBackward0>), 'true_values': tensor(591.1335, device='cuda:0', grad_fn=<MulBackward0>)}
[142:34319]  loss_total_vae=7751.017  loss_recon=6512.507  loss_kld=647.962  loss_prediction=8.223  loss_true_values=582.325  loss_total_vae_epoch=7691.173  
Losses: {'total_vae': tensor(7491.6367, device='cuda:0', grad_fn=<AddBackward0>), 'recon': tensor(6379.0361, device='cuda:0', grad_fn=<MulBackward0>), 'kld': tensor(509.1174, device='cuda:0', grad_fn=<MulBackward0>), 'prediction': tensor(12.1937, device='cuda:0', grad_fn=<MulBackward0>), 'true_values': tensor(591.2895, device='cuda:0', grad_fn=<MulBackward0>)}
[143:34559]  loss_total_vae=7693.960  loss_recon=6581.758  loss_kld=522.742  loss_prediction=10.948  loss_true_values=578.512  loss_total_vae_epoch=7690.761  
Losses: {'total_vae': tensor(7552.7349, device='cuda:0', grad_fn=<AddBackward0>), 'recon': tensor(6549.6025, device='cuda:0', grad_fn=<MulBackward0>), 'kld': tensor(416.8266, device='cuda:0', grad_fn=<MulBackward0>), 'prediction': tensor(8.9247, device='cuda:0', grad_fn=<MulBackward0>), 'true_values': tensor(577.3810, device='cuda:0', grad_fn=<MulBackward0>)}
[144:34799]  loss_total_vae=7936.275  loss_recon=6773.264  loss_kld=542.224  loss_prediction=12.385  loss_true_values=608.402  loss_total_vae_epoch=7688.862  
Losses: {'total_vae': tensor(7546.1675, device='cuda:0', grad_fn=<AddBackward0>), 'recon': tensor(6547.7554, device='cuda:0', grad_fn=<MulBackward0>), 'kld': tensor(426.6896, device='cuda:0', grad_fn=<MulBackward0>), 'prediction': tensor(5.6790, device='cuda:0', grad_fn=<MulBackward0>), 'true_values': tensor(566.0433, device='cuda:0', grad_fn=<MulBackward0>)}
Done testing
Saved test_metrics
[145:35039]  loss_total_vae=7310.814  loss_recon=6262.255  loss_kld=474.334  loss_prediction=3.329  loss_true_values=570.895  loss_total_vae_epoch=7687.263  
Losses: {'total_vae': tensor(7575.6841, device='cuda:0', grad_fn=<AddBackward0>), 'recon': tensor(6408.2310, device='cuda:0', grad_fn=<MulBackward0>), 'kld': tensor(560.6644, device='cuda:0', grad_fn=<MulBackward0>), 'prediction': tensor(18.9522, device='cuda:0', grad_fn=<MulBackward0>), 'true_values': tensor(587.8365, device='cuda:0', grad_fn=<MulBackward0>)}
[146:35279]  loss_total_vae=7717.434  loss_recon=6653.296  loss_kld=498.814  loss_prediction=6.931  loss_true_values=558.393  loss_total_vae_epoch=7687.841  
Losses: {'total_vae': tensor(7629.3623, device='cuda:0', grad_fn=<AddBackward0>), 'recon': tensor(6513.8872, device='cuda:0', grad_fn=<MulBackward0>), 'kld': tensor(532.9962, device='cuda:0', grad_fn=<MulBackward0>), 'prediction': tensor(8.7344, device='cuda:0', grad_fn=<MulBackward0>), 'true_values': tensor(573.7447, device='cuda:0', grad_fn=<MulBackward0>)}
[147:35519]  loss_total_vae=7733.447  loss_recon=6644.200  loss_kld=508.788  loss_prediction=10.109  loss_true_values=570.350  loss_total_vae_epoch=7690.901  
Losses: {'total_vae': tensor(7592.3169, device='cuda:0', grad_fn=<AddBackward0>), 'recon': tensor(6598.3071, device='cuda:0', grad_fn=<MulBackward0>), 'kld': tensor(419.5129, device='cuda:0', grad_fn=<MulBackward0>), 'prediction': tensor(14.2372, device='cuda:0', grad_fn=<MulBackward0>), 'true_values': tensor(560.2596, device='cuda:0', grad_fn=<MulBackward0>)}
[148:35759]  loss_total_vae=7761.417  loss_recon=6544.201  loss_kld=575.935  loss_prediction=23.193  loss_true_values=618.087  loss_total_vae_epoch=7684.295  
Losses: {'total_vae': tensor(7587.5518, device='cuda:0', grad_fn=<AddBackward0>), 'recon': tensor(6484.2480, device='cuda:0', grad_fn=<MulBackward0>), 'kld': tensor(486.0404, device='cuda:0', grad_fn=<MulBackward0>), 'prediction': tensor(25.4327, device='cuda:0', grad_fn=<MulBackward0>), 'true_values': tensor(591.8305, device='cuda:0', grad_fn=<MulBackward0>)}
[149:35999]  loss_total_vae=7748.738  loss_recon=6576.127  loss_kld=597.055  loss_prediction=11.058  loss_true_values=564.498  loss_total_vae_epoch=7685.855  
Done testing
Saved test_metrics
Losses: {'total_vae': tensor(7587.6050, device='cuda:0', grad_fn=<AddBackward0>), 'recon': tensor(6508.6812, device='cuda:0', grad_fn=<MulBackward0>), 'kld': tensor(495.1176, device='cuda:0', grad_fn=<MulBackward0>), 'prediction': tensor(26.2140, device='cuda:0', grad_fn=<MulBackward0>), 'true_values': tensor(557.5922, device='cuda:0', grad_fn=<MulBackward0>)}
[150:36239]  loss_total_vae=7623.678  loss_recon=6597.764  loss_kld=465.954  loss_prediction=10.900  loss_true_values=549.060  loss_total_vae_epoch=7685.029  
Losses: {'total_vae': tensor(7770.8281, device='cuda:0', grad_fn=<AddBackward0>), 'recon': tensor(6574.2910, device='cuda:0', grad_fn=<MulBackward0>), 'kld': tensor(602.9835, device='cuda:0', grad_fn=<MulBackward0>), 'prediction': tensor(3.5050, device='cuda:0', grad_fn=<MulBackward0>), 'true_values': tensor(590.0490, device='cuda:0', grad_fn=<MulBackward0>)}
[151:36479]  loss_total_vae=7712.601  loss_recon=6537.383  loss_kld=588.915  loss_prediction=20.167  loss_true_values=566.136  loss_total_vae_epoch=7683.523  
Losses: {'total_vae': tensor(7570.5566, device='cuda:0', grad_fn=<AddBackward0>), 'recon': tensor(6529.6592, device='cuda:0', grad_fn=<MulBackward0>), 'kld': tensor(447.1100, device='cuda:0', grad_fn=<MulBackward0>), 'prediction': tensor(11.1446, device='cuda:0', grad_fn=<MulBackward0>), 'true_values': tensor(582.6431, device='cuda:0', grad_fn=<MulBackward0>)}
[152:36719]  loss_total_vae=7672.741  loss_recon=6545.490  loss_kld=506.352  loss_prediction=27.501  loss_true_values=593.398  loss_total_vae_epoch=7681.906  
Losses: {'total_vae': tensor(7740.6895, device='cuda:0', grad_fn=<AddBackward0>), 'recon': tensor(6506.2373, device='cuda:0', grad_fn=<MulBackward0>), 'kld': tensor(651.7072, device='cuda:0', grad_fn=<MulBackward0>), 'prediction': tensor(18.6352, device='cuda:0', grad_fn=<MulBackward0>), 'true_values': tensor(564.1097, device='cuda:0', grad_fn=<MulBackward0>)}
[153:36959]  loss_total_vae=7677.243  loss_recon=6583.771  loss_kld=544.531  loss_prediction=5.766  loss_true_values=543.175  loss_total_vae_epoch=7682.508  
Losses: {'total_vae': tensor(7616.7891, device='cuda:0', grad_fn=<AddBackward0>), 'recon': tensor(6453.1904, device='cuda:0', grad_fn=<MulBackward0>), 'kld': tensor(571.6922, device='cuda:0', grad_fn=<MulBackward0>), 'prediction': tensor(15.7797, device='cuda:0', grad_fn=<MulBackward0>), 'true_values': tensor(576.1263, device='cuda:0', grad_fn=<MulBackward0>)}
Done testing
Saved test_metrics
[154:37199]  loss_total_vae=7770.345  loss_recon=6595.605  loss_kld=568.639  loss_prediction=14.329  loss_true_values=591.772  loss_total_vae_epoch=7681.068  
Losses: {'total_vae': tensor(7721.1348, device='cuda:0', grad_fn=<AddBackward0>), 'recon': tensor(6558.5371, device='cuda:0', grad_fn=<MulBackward0>), 'kld': tensor(548.6167, device='cuda:0', grad_fn=<MulBackward0>), 'prediction': tensor(38.1385, device='cuda:0', grad_fn=<MulBackward0>), 'true_values': tensor(575.8423, device='cuda:0', grad_fn=<MulBackward0>)}
[155:37439]  loss_total_vae=8006.875  loss_recon=6675.725  loss_kld=688.252  loss_prediction=13.876  loss_true_values=629.021  loss_total_vae_epoch=7682.269  
Losses: {'total_vae': tensor(7687.2812, device='cuda:0', grad_fn=<AddBackward0>), 'recon': tensor(6521.7710, device='cuda:0', grad_fn=<MulBackward0>), 'kld': tensor(539.5992, device='cuda:0', grad_fn=<MulBackward0>), 'prediction': tensor(12.7560, device='cuda:0', grad_fn=<MulBackward0>), 'true_values': tensor(613.1551, device='cuda:0', grad_fn=<MulBackward0>)}
[156:37679]  loss_total_vae=7555.648  loss_recon=6368.236  loss_kld=568.049  loss_prediction=10.234  loss_true_values=609.129  loss_total_vae_epoch=7676.909  
Losses: {'total_vae': tensor(7546.2490, device='cuda:0', grad_fn=<AddBackward0>), 'recon': tensor(6428.7256, device='cuda:0', grad_fn=<MulBackward0>), 'kld': tensor(534.7571, device='cuda:0', grad_fn=<MulBackward0>), 'prediction': tensor(18.0242, device='cuda:0', grad_fn=<MulBackward0>), 'true_values': tensor(564.7419, device='cuda:0', grad_fn=<MulBackward0>)}
[157:37919]  loss_total_vae=7699.257  loss_recon=6597.280  loss_kld=517.388  loss_prediction=15.577  loss_true_values=569.012  loss_total_vae_epoch=7676.214  
Losses: {'total_vae': tensor(7684.1768, device='cuda:0', grad_fn=<AddBackward0>), 'recon': tensor(6530.7856, device='cuda:0', grad_fn=<MulBackward0>), 'kld': tensor(548.3365, device='cuda:0', grad_fn=<MulBackward0>), 'prediction': tensor(11.7067, device='cuda:0', grad_fn=<MulBackward0>), 'true_values': tensor(593.3483, device='cuda:0', grad_fn=<MulBackward0>)}
Done testing
Saved test_metrics
[158:38159]  loss_total_vae=7787.007  loss_recon=6513.601  loss_kld=629.498  loss_prediction=44.536  loss_true_values=599.372  loss_total_vae_epoch=7678.702  
Losses: {'total_vae': tensor(7502.1758, device='cuda:0', grad_fn=<AddBackward0>), 'recon': tensor(6525.1680, device='cuda:0', grad_fn=<MulBackward0>), 'kld': tensor(430.3232, device='cuda:0', grad_fn=<MulBackward0>), 'prediction': tensor(5.8206, device='cuda:0', grad_fn=<MulBackward0>), 'true_values': tensor(540.8636, device='cuda:0', grad_fn=<MulBackward0>)}
[159:38399]  loss_total_vae=7693.127  loss_recon=6504.019  loss_kld=592.806  loss_prediction=16.502  loss_true_values=579.801  loss_total_vae_epoch=7676.039  
Losses: {'total_vae': tensor(7892.3818, device='cuda:0', grad_fn=<AddBackward0>), 'recon': tensor(6599.5186, device='cuda:0', grad_fn=<MulBackward0>), 'kld': tensor(658.2186, device='cuda:0', grad_fn=<MulBackward0>), 'prediction': tensor(20.1869, device='cuda:0', grad_fn=<MulBackward0>), 'true_values': tensor(614.4575, device='cuda:0', grad_fn=<MulBackward0>)}
[160:38639]  loss_total_vae=7674.490  loss_recon=6515.108  loss_kld=605.765  loss_prediction=7.925  loss_true_values=545.691  loss_total_vae_epoch=7676.069  
Losses: {'total_vae': tensor(7664.7588, device='cuda:0', grad_fn=<AddBackward0>), 'recon': tensor(6365.5381, device='cuda:0', grad_fn=<MulBackward0>), 'kld': tensor(671.4374, device='cuda:0', grad_fn=<MulBackward0>), 'prediction': tensor(5.4634, device='cuda:0', grad_fn=<MulBackward0>), 'true_values': tensor(622.3200, device='cuda:0', grad_fn=<MulBackward0>)}
[161:38879]  loss_total_vae=7957.887  loss_recon=6667.910  loss_kld=669.945  loss_prediction=30.809  loss_true_values=589.223  loss_total_vae_epoch=7674.445  
Losses: {'total_vae': tensor(7402.5957, device='cuda:0', grad_fn=<AddBackward0>), 'recon': tensor(6371.2051, device='cuda:0', grad_fn=<MulBackward0>), 'kld': tensor(476.2778, device='cuda:0', grad_fn=<MulBackward0>), 'prediction': tensor(7.4166, device='cuda:0', grad_fn=<MulBackward0>), 'true_values': tensor(547.6961, device='cuda:0', grad_fn=<MulBackward0>)}
Done testing
Saved test_metrics
[162:39119]  loss_total_vae=7872.656  loss_recon=6582.855  loss_kld=617.017  loss_prediction=24.515  loss_true_values=648.268  loss_total_vae_epoch=7669.429  
Losses: {'total_vae': tensor(7594.8579, device='cuda:0', grad_fn=<AddBackward0>), 'recon': tensor(6527.4780, device='cuda:0', grad_fn=<MulBackward0>), 'kld': tensor(482.6789, device='cuda:0', grad_fn=<MulBackward0>), 'prediction': tensor(13.9670, device='cuda:0', grad_fn=<MulBackward0>), 'true_values': tensor(570.7343, device='cuda:0', grad_fn=<MulBackward0>)}
[163:39359]  loss_total_vae=7678.395  loss_recon=6527.221  loss_kld=550.760  loss_prediction=30.134  loss_true_values=570.280  loss_total_vae_epoch=7672.457  
Losses: {'total_vae': tensor(7546.6177, device='cuda:0', grad_fn=<AddBackward0>), 'recon': tensor(6364.5137, device='cuda:0', grad_fn=<MulBackward0>), 'kld': tensor(576.3228, device='cuda:0', grad_fn=<MulBackward0>), 'prediction': tensor(13.8823, device='cuda:0', grad_fn=<MulBackward0>), 'true_values': tensor(591.8987, device='cuda:0', grad_fn=<MulBackward0>)}
[164:39599]  loss_total_vae=7571.421  loss_recon=6408.107  loss_kld=569.854  loss_prediction=6.250  loss_true_values=587.209  loss_total_vae_epoch=7673.554  
Losses: {'total_vae': tensor(7603.8496, device='cuda:0', grad_fn=<AddBackward0>), 'recon': tensor(6520.2803, device='cuda:0', grad_fn=<MulBackward0>), 'kld': tensor(502.5537, device='cuda:0', grad_fn=<MulBackward0>), 'prediction': tensor(5.3645, device='cuda:0', grad_fn=<MulBackward0>), 'true_values': tensor(575.6509, device='cuda:0', grad_fn=<MulBackward0>)}
[165:39839]  loss_total_vae=7733.378  loss_recon=6609.135  loss_kld=535.548  loss_prediction=3.317  loss_true_values=585.378  loss_total_vae_epoch=7666.657  
Losses: {'total_vae': tensor(7762.0420, device='cuda:0', grad_fn=<AddBackward0>), 'recon': tensor(6603.9634, device='cuda:0', grad_fn=<MulBackward0>), 'kld': tensor(588.3925, device='cuda:0', grad_fn=<MulBackward0>), 'prediction': tensor(8.1153, device='cuda:0', grad_fn=<MulBackward0>), 'true_values': tensor(561.5707, device='cuda:0', grad_fn=<MulBackward0>)}
Done testing
Saved test_metrics
[166:40079]  loss_total_vae=7812.001  loss_recon=6669.583  loss_kld=538.632  loss_prediction=8.114  loss_true_values=595.672  loss_total_vae_epoch=7677.174  
Losses: {'total_vae': tensor(7717.4639, device='cuda:0', grad_fn=<AddBackward0>), 'recon': tensor(6442.0630, device='cuda:0', grad_fn=<MulBackward0>), 'kld': tensor(596.3380, device='cuda:0', grad_fn=<MulBackward0>), 'prediction': tensor(23.1319, device='cuda:0', grad_fn=<MulBackward0>), 'true_values': tensor(655.9309, device='cuda:0', grad_fn=<MulBackward0>)}
[167:40319]  loss_total_vae=7690.017  loss_recon=6537.354  loss_kld=535.514  loss_prediction=18.401  loss_true_values=598.749  loss_total_vae_epoch=7666.075  
Losses: {'total_vae': tensor(7701.1265, device='cuda:0', grad_fn=<AddBackward0>), 'recon': tensor(6571.1367, device='cuda:0', grad_fn=<MulBackward0>), 'kld': tensor(540.4087, device='cuda:0', grad_fn=<MulBackward0>), 'prediction': tensor(19.9504, device='cuda:0', grad_fn=<MulBackward0>), 'true_values': tensor(569.6309, device='cuda:0', grad_fn=<MulBackward0>)}
[168:40559]  loss_total_vae=7712.764  loss_recon=6476.965  loss_kld=637.756  loss_prediction=11.535  loss_true_values=586.508  loss_total_vae_epoch=7676.277  
