name=slurm_script
Pre-Processing CelebA
labels (30000, 32)
All classes percentages: [0.2936666666666667, 0.2319, 0.12203333333333333, 0.18716666666666668, 0.16523333333333334, 0.0, 0.0, 0.0, 0.0, 0.0, 0.0, 0.0, 0.0, 0.0, 0.0, 0.0, 0.0, 0.0, 0.0, 0.0, 0.0, 0.0, 0.0, 0.0, 0.0, 0.0, 0.0, 0.0, 0.0, 0.0, 0.0, 0.0]
Initialized GrayVAE_Join model
## Initializing Train indexes
->path chosen:: logs/celebA__GrayVAE_Join__2022_04/11-23-09/train_runs
Losses: {'total_vae': tensor(7296.8672, device='cuda:0', grad_fn=<AddBackward0>), 'recon': tensor(0., device='cuda:0', grad_fn=<MulBackward0>), 'kld': tensor(25.0194, device='cuda:0', grad_fn=<MulBackward0>), 'prediction': tensor(1616.2860, device='cuda:0', grad_fn=<MulBackward0>), 'true_values': tensor(5655.5620, device='cuda:0', grad_fn=<MulBackward0>)}
[0:239]  loss_total_vae=4922.056  loss_recon=0.000  loss_kld=572.855  loss_prediction=1137.083  loss_true_values=3212.118  loss_total_vae_epoch=5213.803  
Losses: {'total_vae': tensor(4073.4226, device='cuda:0', grad_fn=<AddBackward0>), 'recon': tensor(0., device='cuda:0', grad_fn=<MulBackward0>), 'kld': tensor(539.1141, device='cuda:0', grad_fn=<MulBackward0>), 'prediction': tensor(1105.8419, device='cuda:0', grad_fn=<MulBackward0>), 'true_values': tensor(2428.4666, device='cuda:0', grad_fn=<MulBackward0>)}
[1:479]  loss_total_vae=4569.489  loss_recon=0.000  loss_kld=589.337  loss_prediction=1041.712  loss_true_values=2938.440  loss_total_vae_epoch=4294.588  
Losses: {'total_vae': tensor(3636.3828, device='cuda:0', grad_fn=<AddBackward0>), 'recon': tensor(0., device='cuda:0', grad_fn=<MulBackward0>), 'kld': tensor(602.6792, device='cuda:0', grad_fn=<MulBackward0>), 'prediction': tensor(1011.1210, device='cuda:0', grad_fn=<MulBackward0>), 'true_values': tensor(2022.5824, device='cuda:0', grad_fn=<MulBackward0>)}
[2:719]  loss_total_vae=3964.663  loss_recon=0.000  loss_kld=654.414  loss_prediction=928.777  loss_true_values=2381.472  loss_total_vae_epoch=3878.935  
Losses: {'total_vae': tensor(3585.5332, device='cuda:0', grad_fn=<AddBackward0>), 'recon': tensor(0., device='cuda:0', grad_fn=<MulBackward0>), 'kld': tensor(642.6708, device='cuda:0', grad_fn=<MulBackward0>), 'prediction': tensor(908.6647, device='cuda:0', grad_fn=<MulBackward0>), 'true_values': tensor(2034.1979, device='cuda:0', grad_fn=<MulBackward0>)}
[3:959]  loss_total_vae=3591.635  loss_recon=0.000  loss_kld=633.597  loss_prediction=916.498  loss_true_values=2041.539  loss_total_vae_epoch=3435.901  
Losses: {'total_vae': tensor(3431.3237, device='cuda:0', grad_fn=<AddBackward0>), 'recon': tensor(0., device='cuda:0', grad_fn=<MulBackward0>), 'kld': tensor(585.4620, device='cuda:0', grad_fn=<MulBackward0>), 'prediction': tensor(835.1777, device='cuda:0', grad_fn=<MulBackward0>), 'true_values': tensor(2010.6842, device='cuda:0', grad_fn=<MulBackward0>)}
[4:1199]  loss_total_vae=3109.472  loss_recon=0.000  loss_kld=547.605  loss_prediction=778.811  loss_true_values=1783.057  loss_total_vae_epoch=2959.111  
Losses: {'total_vae': tensor(2605.3706, device='cuda:0', grad_fn=<AddBackward0>), 'recon': tensor(0., device='cuda:0', grad_fn=<MulBackward0>), 'kld': tensor(604.8206, device='cuda:0', grad_fn=<MulBackward0>), 'prediction': tensor(713.8920, device='cuda:0', grad_fn=<MulBackward0>), 'true_values': tensor(1286.6578, device='cuda:0', grad_fn=<MulBackward0>)}
[5:1439]  loss_total_vae=2779.020  loss_recon=0.000  loss_kld=551.750  loss_prediction=821.939  loss_true_values=1405.331  loss_total_vae_epoch=2496.731  
Losses: {'total_vae': tensor(2112.3093, device='cuda:0', grad_fn=<AddBackward0>), 'recon': tensor(0., device='cuda:0', grad_fn=<MulBackward0>), 'kld': tensor(578.9376, device='cuda:0', grad_fn=<MulBackward0>), 'prediction': tensor(610.7462, device='cuda:0', grad_fn=<MulBackward0>), 'true_values': tensor(922.6255, device='cuda:0', grad_fn=<MulBackward0>)}
[6:1679]  loss_total_vae=2088.786  loss_recon=0.000  loss_kld=594.273  loss_prediction=504.194  loss_true_values=990.319  loss_total_vae_epoch=2125.658  
Losses: {'total_vae': tensor(1732.5957, device='cuda:0', grad_fn=<AddBackward0>), 'recon': tensor(0., device='cuda:0', grad_fn=<MulBackward0>), 'kld': tensor(510.9940, device='cuda:0', grad_fn=<MulBackward0>), 'prediction': tensor(466.8947, device='cuda:0', grad_fn=<MulBackward0>), 'true_values': tensor(754.7070, device='cuda:0', grad_fn=<MulBackward0>)}
[7:1919]  loss_total_vae=2044.729  loss_recon=0.000  loss_kld=523.952  loss_prediction=534.978  loss_true_values=985.799  loss_total_vae_epoch=1847.441  
Losses: {'total_vae': tensor(1682.6299, device='cuda:0', grad_fn=<AddBackward0>), 'recon': tensor(0., device='cuda:0', grad_fn=<MulBackward0>), 'kld': tensor(621.7394, device='cuda:0', grad_fn=<MulBackward0>), 'prediction': tensor(343.0839, device='cuda:0', grad_fn=<MulBackward0>), 'true_values': tensor(717.8066, device='cuda:0', grad_fn=<MulBackward0>)}
[8:2159]  loss_total_vae=1675.413  loss_recon=0.000  loss_kld=478.763  loss_prediction=351.851  loss_true_values=844.799  loss_total_vae_epoch=1644.005  
Losses: {'total_vae': tensor(1515.8973, device='cuda:0', grad_fn=<AddBackward0>), 'recon': tensor(0., device='cuda:0', grad_fn=<MulBackward0>), 'kld': tensor(598.4648, device='cuda:0', grad_fn=<MulBackward0>), 'prediction': tensor(225.3390, device='cuda:0', grad_fn=<MulBackward0>), 'true_values': tensor(692.0935, device='cuda:0', grad_fn=<MulBackward0>)}
[9:2399]  loss_total_vae=1466.081  loss_recon=0.000  loss_kld=514.893  loss_prediction=238.432  loss_true_values=712.756  loss_total_vae_epoch=1516.616  
Losses: {'total_vae': tensor(1305.4021, device='cuda:0', grad_fn=<AddBackward0>), 'recon': tensor(0., device='cuda:0', grad_fn=<MulBackward0>), 'kld': tensor(465.5709, device='cuda:0', grad_fn=<MulBackward0>), 'prediction': tensor(200.0225, device='cuda:0', grad_fn=<MulBackward0>), 'true_values': tensor(639.8087, device='cuda:0', grad_fn=<MulBackward0>)}
[10:2639]  loss_total_vae=1392.300  loss_recon=0.000  loss_kld=523.544  loss_prediction=157.470  loss_true_values=711.286  loss_total_vae_epoch=1417.272  
Losses: {'total_vae': tensor(1234.6964, device='cuda:0', grad_fn=<AddBackward0>), 'recon': tensor(0., device='cuda:0', grad_fn=<MulBackward0>), 'kld': tensor(505.9277, device='cuda:0', grad_fn=<MulBackward0>), 'prediction': tensor(137.1345, device='cuda:0', grad_fn=<MulBackward0>), 'true_values': tensor(591.6342, device='cuda:0', grad_fn=<MulBackward0>)}
[11:2879]  loss_total_vae=1444.774  loss_recon=0.000  loss_kld=613.978  loss_prediction=177.495  loss_true_values=653.301  loss_total_vae_epoch=1366.854  
Losses: {'total_vae': tensor(1370.7742, device='cuda:0', grad_fn=<AddBackward0>), 'recon': tensor(0., device='cuda:0', grad_fn=<MulBackward0>), 'kld': tensor(591.2887, device='cuda:0', grad_fn=<MulBackward0>), 'prediction': tensor(137.1943, device='cuda:0', grad_fn=<MulBackward0>), 'true_values': tensor(642.2912, device='cuda:0', grad_fn=<MulBackward0>)}
[12:3119]  loss_total_vae=1409.517  loss_recon=0.000  loss_kld=557.404  loss_prediction=161.942  loss_true_values=690.171  loss_total_vae_epoch=1311.796  
Losses: {'total_vae': tensor(1302.9196, device='cuda:0', grad_fn=<AddBackward0>), 'recon': tensor(0., device='cuda:0', grad_fn=<MulBackward0>), 'kld': tensor(514.9728, device='cuda:0', grad_fn=<MulBackward0>), 'prediction': tensor(133.3407, device='cuda:0', grad_fn=<MulBackward0>), 'true_values': tensor(654.6061, device='cuda:0', grad_fn=<MulBackward0>)}
[13:3359]  loss_total_vae=1231.429  loss_recon=0.000  loss_kld=499.808  loss_prediction=119.322  loss_true_values=612.299  loss_total_vae_epoch=1288.321  
Losses: {'total_vae': tensor(1206.6467, device='cuda:0', grad_fn=<AddBackward0>), 'recon': tensor(0., device='cuda:0', grad_fn=<MulBackward0>), 'kld': tensor(454.8397, device='cuda:0', grad_fn=<MulBackward0>), 'prediction': tensor(110.0426, device='cuda:0', grad_fn=<MulBackward0>), 'true_values': tensor(641.7643, device='cuda:0', grad_fn=<MulBackward0>)}
[14:3599]  loss_total_vae=1319.417  loss_recon=0.000  loss_kld=595.563  loss_prediction=125.493  loss_true_values=598.361  loss_total_vae_epoch=1253.455  
Losses: {'total_vae': tensor(1168.8818, device='cuda:0', grad_fn=<AddBackward0>), 'recon': tensor(0., device='cuda:0', grad_fn=<MulBackward0>), 'kld': tensor(458.9128, device='cuda:0', grad_fn=<MulBackward0>), 'prediction': tensor(78.7671, device='cuda:0', grad_fn=<MulBackward0>), 'true_values': tensor(631.2018, device='cuda:0', grad_fn=<MulBackward0>)}
[15:3839]  loss_total_vae=1224.776  loss_recon=0.000  loss_kld=501.969  loss_prediction=120.406  loss_true_values=602.402  loss_total_vae_epoch=1231.219  
Losses: {'total_vae': tensor(1187.0869, device='cuda:0', grad_fn=<AddBackward0>), 'recon': tensor(0., device='cuda:0', grad_fn=<MulBackward0>), 'kld': tensor(492.9171, device='cuda:0', grad_fn=<MulBackward0>), 'prediction': tensor(81.9992, device='cuda:0', grad_fn=<MulBackward0>), 'true_values': tensor(612.1707, device='cuda:0', grad_fn=<MulBackward0>)}
[16:4079]  loss_total_vae=1220.980  loss_recon=0.000  loss_kld=479.476  loss_prediction=93.438  loss_true_values=648.066  loss_total_vae_epoch=1209.401  
Losses: {'total_vae': tensor(1201.6052, device='cuda:0', grad_fn=<AddBackward0>), 'recon': tensor(0., device='cuda:0', grad_fn=<MulBackward0>), 'kld': tensor(386.7746, device='cuda:0', grad_fn=<MulBackward0>), 'prediction': tensor(126.7946, device='cuda:0', grad_fn=<MulBackward0>), 'true_values': tensor(688.0359, device='cuda:0', grad_fn=<MulBackward0>)}
[17:4319]  loss_total_vae=1217.620  loss_recon=0.000  loss_kld=480.008  loss_prediction=99.097  loss_true_values=638.515  loss_total_vae_epoch=1204.612  
Losses: {'total_vae': tensor(1089.7080, device='cuda:0', grad_fn=<AddBackward0>), 'recon': tensor(0., device='cuda:0', grad_fn=<MulBackward0>), 'kld': tensor(428.0611, device='cuda:0', grad_fn=<MulBackward0>), 'prediction': tensor(67.9360, device='cuda:0', grad_fn=<MulBackward0>), 'true_values': tensor(593.7109, device='cuda:0', grad_fn=<MulBackward0>)}
[18:4559]  loss_total_vae=1208.143  loss_recon=0.000  loss_kld=469.692  loss_prediction=92.592  loss_true_values=645.859  loss_total_vae_epoch=1185.740  
Losses: {'total_vae': tensor(1254.5586, device='cuda:0', grad_fn=<AddBackward0>), 'recon': tensor(0., device='cuda:0', grad_fn=<MulBackward0>), 'kld': tensor(584.1801, device='cuda:0', grad_fn=<MulBackward0>), 'prediction': tensor(62.5305, device='cuda:0', grad_fn=<MulBackward0>), 'true_values': tensor(607.8480, device='cuda:0', grad_fn=<MulBackward0>)}
[19:4799]  loss_total_vae=1142.463  loss_recon=0.000  loss_kld=470.117  loss_prediction=68.580  loss_true_values=603.765  loss_total_vae_epoch=1174.076  
Losses: {'total_vae': tensor(1282.1221, device='cuda:0', grad_fn=<AddBackward0>), 'recon': tensor(0., device='cuda:0', grad_fn=<MulBackward0>), 'kld': tensor(524.3966, device='cuda:0', grad_fn=<MulBackward0>), 'prediction': tensor(81.0945, device='cuda:0', grad_fn=<MulBackward0>), 'true_values': tensor(676.6310, device='cuda:0', grad_fn=<MulBackward0>)}
[20:5039]  loss_total_vae=1296.414  loss_recon=0.000  loss_kld=532.363  loss_prediction=100.724  loss_true_values=663.327  loss_total_vae_epoch=1166.880  
Losses: {'total_vae': tensor(1034.2280, device='cuda:0', grad_fn=<AddBackward0>), 'recon': tensor(0., device='cuda:0', grad_fn=<MulBackward0>), 'kld': tensor(392.5850, device='cuda:0', grad_fn=<MulBackward0>), 'prediction': tensor(83.8888, device='cuda:0', grad_fn=<MulBackward0>), 'true_values': tensor(557.7543, device='cuda:0', grad_fn=<MulBackward0>)}
[21:5279]  loss_total_vae=1121.358  loss_recon=0.000  loss_kld=436.686  loss_prediction=82.552  loss_true_values=602.120  loss_total_vae_epoch=1151.030  
Losses: {'total_vae': tensor(1049.7107, device='cuda:0', grad_fn=<AddBackward0>), 'recon': tensor(0., device='cuda:0', grad_fn=<MulBackward0>), 'kld': tensor(396.0899, device='cuda:0', grad_fn=<MulBackward0>), 'prediction': tensor(40.2534, device='cuda:0', grad_fn=<MulBackward0>), 'true_values': tensor(613.3674, device='cuda:0', grad_fn=<MulBackward0>)}
[22:5519]  loss_total_vae=1156.031  loss_recon=0.000  loss_kld=366.425  loss_prediction=110.345  loss_true_values=679.261  loss_total_vae_epoch=1141.017  
Losses: {'total_vae': tensor(1080.3311, device='cuda:0', grad_fn=<AddBackward0>), 'recon': tensor(0., device='cuda:0', grad_fn=<MulBackward0>), 'kld': tensor(415.1487, device='cuda:0', grad_fn=<MulBackward0>), 'prediction': tensor(59.2412, device='cuda:0', grad_fn=<MulBackward0>), 'true_values': tensor(605.9412, device='cuda:0', grad_fn=<MulBackward0>)}
[23:5759]  loss_total_vae=1168.894  loss_recon=0.000  loss_kld=441.121  loss_prediction=55.763  loss_true_values=672.010  loss_total_vae_epoch=1129.650  
Losses: {'total_vae': tensor(958.1183, device='cuda:0', grad_fn=<AddBackward0>), 'recon': tensor(0., device='cuda:0', grad_fn=<MulBackward0>), 'kld': tensor(292.9966, device='cuda:0', grad_fn=<MulBackward0>), 'prediction': tensor(76.1310, device='cuda:0', grad_fn=<MulBackward0>), 'true_values': tensor(588.9907, device='cuda:0', grad_fn=<MulBackward0>)}
[24:5999]  loss_total_vae=1193.937  loss_recon=0.000  loss_kld=402.638  loss_prediction=101.581  loss_true_values=689.718  loss_total_vae_epoch=1116.729  
Losses: {'total_vae': tensor(977.8105, device='cuda:0', grad_fn=<AddBackward0>), 'recon': tensor(0., device='cuda:0', grad_fn=<MulBackward0>), 'kld': tensor(350.7877, device='cuda:0', grad_fn=<MulBackward0>), 'prediction': tensor(73.8536, device='cuda:0', grad_fn=<MulBackward0>), 'true_values': tensor(553.1692, device='cuda:0', grad_fn=<MulBackward0>)}
[25:6239]  loss_total_vae=1346.186  loss_recon=0.000  loss_kld=516.457  loss_prediction=69.527  loss_true_values=760.203  loss_total_vae_epoch=1114.896  
Losses: {'total_vae': tensor(1115.2136, device='cuda:0', grad_fn=<AddBackward0>), 'recon': tensor(0., device='cuda:0', grad_fn=<MulBackward0>), 'kld': tensor(409.6026, device='cuda:0', grad_fn=<MulBackward0>), 'prediction': tensor(80.2264, device='cuda:0', grad_fn=<MulBackward0>), 'true_values': tensor(625.3846, device='cuda:0', grad_fn=<MulBackward0>)}
[26:6479]  loss_total_vae=1088.684  loss_recon=0.000  loss_kld=385.238  loss_prediction=53.031  loss_true_values=650.415  loss_total_vae_epoch=1111.369  
Losses: {'total_vae': tensor(852.6071, device='cuda:0', grad_fn=<AddBackward0>), 'recon': tensor(0., device='cuda:0', grad_fn=<MulBackward0>), 'kld': tensor(265.0774, device='cuda:0', grad_fn=<MulBackward0>), 'prediction': tensor(42.7201, device='cuda:0', grad_fn=<MulBackward0>), 'true_values': tensor(544.8096, device='cuda:0', grad_fn=<MulBackward0>)}
[27:6719]  loss_total_vae=1130.181  loss_recon=0.000  loss_kld=446.318  loss_prediction=56.480  loss_true_values=627.383  loss_total_vae_epoch=1104.202  
Losses: {'total_vae': tensor(993.1211, device='cuda:0', grad_fn=<AddBackward0>), 'recon': tensor(0., device='cuda:0', grad_fn=<MulBackward0>), 'kld': tensor(393.4159, device='cuda:0', grad_fn=<MulBackward0>), 'prediction': tensor(60.7531, device='cuda:0', grad_fn=<MulBackward0>), 'true_values': tensor(538.9521, device='cuda:0', grad_fn=<MulBackward0>)}
[28:6959]  loss_total_vae=1178.200  loss_recon=0.000  loss_kld=569.295  loss_prediction=53.046  loss_true_values=555.859  loss_total_vae_epoch=1083.675  
Losses: {'total_vae': tensor(1048.1860, device='cuda:0', grad_fn=<AddBackward0>), 'recon': tensor(0., device='cuda:0', grad_fn=<MulBackward0>), 'kld': tensor(395.3110, device='cuda:0', grad_fn=<MulBackward0>), 'prediction': tensor(38.1143, device='cuda:0', grad_fn=<MulBackward0>), 'true_values': tensor(614.7606, device='cuda:0', grad_fn=<MulBackward0>)}
[29:7199]  loss_total_vae=1121.222  loss_recon=0.000  loss_kld=443.269  loss_prediction=53.512  loss_true_values=624.440  loss_total_vae_epoch=1088.539  
Losses: {'total_vae': tensor(969.7564, device='cuda:0', grad_fn=<AddBackward0>), 'recon': tensor(0., device='cuda:0', grad_fn=<MulBackward0>), 'kld': tensor(342.3901, device='cuda:0', grad_fn=<MulBackward0>), 'prediction': tensor(52.9033, device='cuda:0', grad_fn=<MulBackward0>), 'true_values': tensor(574.4630, device='cuda:0', grad_fn=<MulBackward0>)}
[30:7439]  loss_total_vae=1150.559  loss_recon=0.000  loss_kld=472.079  loss_prediction=68.987  loss_true_values=609.493  loss_total_vae_epoch=1086.294  
Losses: {'total_vae': tensor(1247.4485, device='cuda:0', grad_fn=<AddBackward0>), 'recon': tensor(0., device='cuda:0', grad_fn=<MulBackward0>), 'kld': tensor(470.6197, device='cuda:0', grad_fn=<MulBackward0>), 'prediction': tensor(73.6558, device='cuda:0', grad_fn=<MulBackward0>), 'true_values': tensor(703.1730, device='cuda:0', grad_fn=<MulBackward0>)}
[31:7679]  loss_total_vae=1137.102  loss_recon=0.000  loss_kld=394.714  loss_prediction=66.917  loss_true_values=675.471  loss_total_vae_epoch=1075.723  
Losses: {'total_vae': tensor(1138.8931, device='cuda:0', grad_fn=<AddBackward0>), 'recon': tensor(0., device='cuda:0', grad_fn=<MulBackward0>), 'kld': tensor(467.5516, device='cuda:0', grad_fn=<MulBackward0>), 'prediction': tensor(58.8785, device='cuda:0', grad_fn=<MulBackward0>), 'true_values': tensor(612.4630, device='cuda:0', grad_fn=<MulBackward0>)}
[32:7919]  loss_total_vae=1077.391  loss_recon=0.000  loss_kld=376.575  loss_prediction=58.662  loss_true_values=642.154  loss_total_vae_epoch=1070.840  
Losses: {'total_vae': tensor(1008.6156, device='cuda:0', grad_fn=<AddBackward0>), 'recon': tensor(0., device='cuda:0', grad_fn=<MulBackward0>), 'kld': tensor(353.5500, device='cuda:0', grad_fn=<MulBackward0>), 'prediction': tensor(48.7416, device='cuda:0', grad_fn=<MulBackward0>), 'true_values': tensor(606.3240, device='cuda:0', grad_fn=<MulBackward0>)}
[33:8159]  loss_total_vae=1061.966  loss_recon=0.000  loss_kld=352.576  loss_prediction=101.053  loss_true_values=608.337  loss_total_vae_epoch=1066.529  
Losses: {'total_vae': tensor(838.9640, device='cuda:0', grad_fn=<AddBackward0>), 'recon': tensor(0., device='cuda:0', grad_fn=<MulBackward0>), 'kld': tensor(231.5961, device='cuda:0', grad_fn=<MulBackward0>), 'prediction': tensor(55.3246, device='cuda:0', grad_fn=<MulBackward0>), 'true_values': tensor(552.0433, device='cuda:0', grad_fn=<MulBackward0>)}
[34:8399]  loss_total_vae=986.477  loss_recon=0.000  loss_kld=307.082  loss_prediction=50.772  loss_true_values=628.623  loss_total_vae_epoch=1067.854  
Losses: {'total_vae': tensor(1035.9932, device='cuda:0', grad_fn=<AddBackward0>), 'recon': tensor(0., device='cuda:0', grad_fn=<MulBackward0>), 'kld': tensor(367.9068, device='cuda:0', grad_fn=<MulBackward0>), 'prediction': tensor(52.2917, device='cuda:0', grad_fn=<MulBackward0>), 'true_values': tensor(615.7947, device='cuda:0', grad_fn=<MulBackward0>)}
[35:8639]  loss_total_vae=1087.811  loss_recon=0.000  loss_kld=397.399  loss_prediction=90.052  loss_true_values=600.360  loss_total_vae_epoch=1061.626  
Losses: {'total_vae': tensor(1080.3342, device='cuda:0', grad_fn=<AddBackward0>), 'recon': tensor(0., device='cuda:0', grad_fn=<MulBackward0>), 'kld': tensor(423.2011, device='cuda:0', grad_fn=<MulBackward0>), 'prediction': tensor(43.2736, device='cuda:0', grad_fn=<MulBackward0>), 'true_values': tensor(613.8596, device='cuda:0', grad_fn=<MulBackward0>)}
[36:8879]  loss_total_vae=987.880  loss_recon=0.000  loss_kld=324.373  loss_prediction=66.995  loss_true_values=596.512  loss_total_vae_epoch=1052.719  
Losses: {'total_vae': tensor(1048.7637, device='cuda:0', grad_fn=<AddBackward0>), 'recon': tensor(0., device='cuda:0', grad_fn=<MulBackward0>), 'kld': tensor(353.2031, device='cuda:0', grad_fn=<MulBackward0>), 'prediction': tensor(54.9086, device='cuda:0', grad_fn=<MulBackward0>), 'true_values': tensor(640.6520, device='cuda:0', grad_fn=<MulBackward0>)}
[37:9119]  loss_total_vae=1033.787  loss_recon=0.000  loss_kld=417.598  loss_prediction=56.636  loss_true_values=559.553  loss_total_vae_epoch=1055.658  
Losses: {'total_vae': tensor(1084.5715, device='cuda:0', grad_fn=<AddBackward0>), 'recon': tensor(0., device='cuda:0', grad_fn=<MulBackward0>), 'kld': tensor(467.4895, device='cuda:0', grad_fn=<MulBackward0>), 'prediction': tensor(80.7655, device='cuda:0', grad_fn=<MulBackward0>), 'true_values': tensor(536.3166, device='cuda:0', grad_fn=<MulBackward0>)}
[38:9359]  loss_total_vae=1277.219  loss_recon=0.000  loss_kld=527.185  loss_prediction=64.437  loss_true_values=685.597  loss_total_vae_epoch=1053.199  
Losses: {'total_vae': tensor(1170.8435, device='cuda:0', grad_fn=<AddBackward0>), 'recon': tensor(0., device='cuda:0', grad_fn=<MulBackward0>), 'kld': tensor(491.1342, device='cuda:0', grad_fn=<MulBackward0>), 'prediction': tensor(38.9853, device='cuda:0', grad_fn=<MulBackward0>), 'true_values': tensor(640.7242, device='cuda:0', grad_fn=<MulBackward0>)}
[39:9599]  loss_total_vae=858.673  loss_recon=0.000  loss_kld=261.892  loss_prediction=44.229  loss_true_values=552.552  loss_total_vae_epoch=1044.158  
Losses: {'total_vae': tensor(1044.4749, device='cuda:0', grad_fn=<AddBackward0>), 'recon': tensor(0., device='cuda:0', grad_fn=<MulBackward0>), 'kld': tensor(398.7107, device='cuda:0', grad_fn=<MulBackward0>), 'prediction': tensor(36.0315, device='cuda:0', grad_fn=<MulBackward0>), 'true_values': tensor(609.7327, device='cuda:0', grad_fn=<MulBackward0>)}
[40:9839]  loss_total_vae=886.223  loss_recon=0.000  loss_kld=261.127  loss_prediction=63.178  loss_true_values=561.918  loss_total_vae_epoch=1052.780  
Losses: {'total_vae': tensor(1085.7288, device='cuda:0', grad_fn=<AddBackward0>), 'recon': tensor(0., device='cuda:0', grad_fn=<MulBackward0>), 'kld': tensor(423.4458, device='cuda:0', grad_fn=<MulBackward0>), 'prediction': tensor(53.1907, device='cuda:0', grad_fn=<MulBackward0>), 'true_values': tensor(609.0922, device='cuda:0', grad_fn=<MulBackward0>)}
[41:10079]  loss_total_vae=1074.535  loss_recon=0.000  loss_kld=408.393  loss_prediction=57.739  loss_true_values=608.403  loss_total_vae_epoch=1036.509  
Losses: {'total_vae': tensor(941.0837, device='cuda:0', grad_fn=<AddBackward0>), 'recon': tensor(0., device='cuda:0', grad_fn=<MulBackward0>), 'kld': tensor(352.8486, device='cuda:0', grad_fn=<MulBackward0>), 'prediction': tensor(24.2001, device='cuda:0', grad_fn=<MulBackward0>), 'true_values': tensor(564.0350, device='cuda:0', grad_fn=<MulBackward0>)}
[42:10319]  loss_total_vae=1232.740  loss_recon=0.000  loss_kld=486.390  loss_prediction=63.325  loss_true_values=683.025  loss_total_vae_epoch=1039.511  
Losses: {'total_vae': tensor(950.9622, device='cuda:0', grad_fn=<AddBackward0>), 'recon': tensor(0., device='cuda:0', grad_fn=<MulBackward0>), 'kld': tensor(378.2408, device='cuda:0', grad_fn=<MulBackward0>), 'prediction': tensor(33.8752, device='cuda:0', grad_fn=<MulBackward0>), 'true_values': tensor(538.8461, device='cuda:0', grad_fn=<MulBackward0>)}
[43:10559]  loss_total_vae=901.554  loss_recon=0.000  loss_kld=320.872  loss_prediction=57.896  loss_true_values=522.786  loss_total_vae_epoch=1037.021  
Losses: {'total_vae': tensor(1238.2684, device='cuda:0', grad_fn=<AddBackward0>), 'recon': tensor(0., device='cuda:0', grad_fn=<MulBackward0>), 'kld': tensor(552.0997, device='cuda:0', grad_fn=<MulBackward0>), 'prediction': tensor(33.4898, device='cuda:0', grad_fn=<MulBackward0>), 'true_values': tensor(652.6790, device='cuda:0', grad_fn=<MulBackward0>)}
[44:10799]  loss_total_vae=989.245  loss_recon=0.000  loss_kld=348.379  loss_prediction=33.101  loss_true_values=607.765  loss_total_vae_epoch=1034.428  
Losses: {'total_vae': tensor(984.4177, device='cuda:0', grad_fn=<AddBackward0>), 'recon': tensor(0., device='cuda:0', grad_fn=<MulBackward0>), 'kld': tensor(351.8409, device='cuda:0', grad_fn=<MulBackward0>), 'prediction': tensor(44.0840, device='cuda:0', grad_fn=<MulBackward0>), 'true_values': tensor(588.4928, device='cuda:0', grad_fn=<MulBackward0>)}
[45:11039]  loss_total_vae=1043.604  loss_recon=0.000  loss_kld=337.587  loss_prediction=34.005  loss_true_values=672.013  loss_total_vae_epoch=1030.882  
Losses: {'total_vae': tensor(1044.6079, device='cuda:0', grad_fn=<AddBackward0>), 'recon': tensor(0., device='cuda:0', grad_fn=<MulBackward0>), 'kld': tensor(392.4381, device='cuda:0', grad_fn=<MulBackward0>), 'prediction': tensor(39.8517, device='cuda:0', grad_fn=<MulBackward0>), 'true_values': tensor(612.3181, device='cuda:0', grad_fn=<MulBackward0>)}
[46:11279]  loss_total_vae=969.519  loss_recon=0.000  loss_kld=337.402  loss_prediction=57.712  loss_true_values=574.405  loss_total_vae_epoch=1029.391  
Losses: {'total_vae': tensor(1099.6372, device='cuda:0', grad_fn=<AddBackward0>), 'recon': tensor(0., device='cuda:0', grad_fn=<MulBackward0>), 'kld': tensor(482.3108, device='cuda:0', grad_fn=<MulBackward0>), 'prediction': tensor(53.1051, device='cuda:0', grad_fn=<MulBackward0>), 'true_values': tensor(564.2213, device='cuda:0', grad_fn=<MulBackward0>)}
[47:11519]  loss_total_vae=1061.787  loss_recon=0.000  loss_kld=385.424  loss_prediction=43.803  loss_true_values=632.560  loss_total_vae_epoch=1023.153  
Losses: {'total_vae': tensor(1017.5961, device='cuda:0', grad_fn=<AddBackward0>), 'recon': tensor(0., device='cuda:0', grad_fn=<MulBackward0>), 'kld': tensor(396.9901, device='cuda:0', grad_fn=<MulBackward0>), 'prediction': tensor(41.0175, device='cuda:0', grad_fn=<MulBackward0>), 'true_values': tensor(579.5884, device='cuda:0', grad_fn=<MulBackward0>)}
[48:11759]  loss_total_vae=1111.332  loss_recon=0.000  loss_kld=508.762  loss_prediction=30.429  loss_true_values=572.141  loss_total_vae_epoch=1025.160  
Losses: {'total_vae': tensor(967.9058, device='cuda:0', grad_fn=<AddBackward0>), 'recon': tensor(0., device='cuda:0', grad_fn=<MulBackward0>), 'kld': tensor(336.6605, device='cuda:0', grad_fn=<MulBackward0>), 'prediction': tensor(41.2566, device='cuda:0', grad_fn=<MulBackward0>), 'true_values': tensor(589.9886, device='cuda:0', grad_fn=<MulBackward0>)}
[49:11999]  loss_total_vae=1034.905  loss_recon=0.000  loss_kld=439.569  loss_prediction=39.810  loss_true_values=555.526  loss_total_vae_epoch=1028.021  
Losses: {'total_vae': tensor(963.3784, device='cuda:0', grad_fn=<AddBackward0>), 'recon': tensor(0., device='cuda:0', grad_fn=<MulBackward0>), 'kld': tensor(363.8496, device='cuda:0', grad_fn=<MulBackward0>), 'prediction': tensor(22.9331, device='cuda:0', grad_fn=<MulBackward0>), 'true_values': tensor(576.5956, device='cuda:0', grad_fn=<MulBackward0>)}
[50:12239]  loss_total_vae=1063.600  loss_recon=0.000  loss_kld=389.845  loss_prediction=49.967  loss_true_values=623.788  loss_total_vae_epoch=1014.644  
Losses: {'total_vae': tensor(812.7731, device='cuda:0', grad_fn=<AddBackward0>), 'recon': tensor(0., device='cuda:0', grad_fn=<MulBackward0>), 'kld': tensor(204.2287, device='cuda:0', grad_fn=<MulBackward0>), 'prediction': tensor(37.6788, device='cuda:0', grad_fn=<MulBackward0>), 'true_values': tensor(570.8656, device='cuda:0', grad_fn=<MulBackward0>)}
[51:12479]  loss_total_vae=983.946  loss_recon=0.000  loss_kld=363.975  loss_prediction=29.514  loss_true_values=590.457  loss_total_vae_epoch=1018.116  
Losses: {'total_vae': tensor(948.1727, device='cuda:0', grad_fn=<AddBackward0>), 'recon': tensor(0., device='cuda:0', grad_fn=<MulBackward0>), 'kld': tensor(334.5120, device='cuda:0', grad_fn=<MulBackward0>), 'prediction': tensor(53.0509, device='cuda:0', grad_fn=<MulBackward0>), 'true_values': tensor(560.6098, device='cuda:0', grad_fn=<MulBackward0>)}
[52:12719]  loss_total_vae=983.400  loss_recon=0.000  loss_kld=386.125  loss_prediction=16.310  loss_true_values=580.964  loss_total_vae_epoch=1016.350  
Losses: {'total_vae': tensor(946.3597, device='cuda:0', grad_fn=<AddBackward0>), 'recon': tensor(0., device='cuda:0', grad_fn=<MulBackward0>), 'kld': tensor(410.2319, device='cuda:0', grad_fn=<MulBackward0>), 'prediction': tensor(20.6597, device='cuda:0', grad_fn=<MulBackward0>), 'true_values': tensor(515.4681, device='cuda:0', grad_fn=<MulBackward0>)}
[53:12959]  loss_total_vae=914.773  loss_recon=0.000  loss_kld=295.372  loss_prediction=29.324  loss_true_values=590.078  loss_total_vae_epoch=1010.171  
Losses: {'total_vae': tensor(1011.0472, device='cuda:0', grad_fn=<AddBackward0>), 'recon': tensor(0., device='cuda:0', grad_fn=<MulBackward0>), 'kld': tensor(383.2908, device='cuda:0', grad_fn=<MulBackward0>), 'prediction': tensor(34.3978, device='cuda:0', grad_fn=<MulBackward0>), 'true_values': tensor(593.3586, device='cuda:0', grad_fn=<MulBackward0>)}
[54:13199]  loss_total_vae=1003.301  loss_recon=0.000  loss_kld=370.812  loss_prediction=46.802  loss_true_values=585.687  loss_total_vae_epoch=1012.430  
Losses: {'total_vae': tensor(1056.0417, device='cuda:0', grad_fn=<AddBackward0>), 'recon': tensor(0., device='cuda:0', grad_fn=<MulBackward0>), 'kld': tensor(404.8316, device='cuda:0', grad_fn=<MulBackward0>), 'prediction': tensor(35.1105, device='cuda:0', grad_fn=<MulBackward0>), 'true_values': tensor(616.0997, device='cuda:0', grad_fn=<MulBackward0>)}
[55:13439]  loss_total_vae=959.891  loss_recon=0.000  loss_kld=383.956  loss_prediction=22.080  loss_true_values=553.856  loss_total_vae_epoch=1002.166  
Losses: {'total_vae': tensor(1047.1262, device='cuda:0', grad_fn=<AddBackward0>), 'recon': tensor(0., device='cuda:0', grad_fn=<MulBackward0>), 'kld': tensor(383.3391, device='cuda:0', grad_fn=<MulBackward0>), 'prediction': tensor(54.2308, device='cuda:0', grad_fn=<MulBackward0>), 'true_values': tensor(609.5565, device='cuda:0', grad_fn=<MulBackward0>)}
[56:13679]  loss_total_vae=1017.346  loss_recon=0.000  loss_kld=399.276  loss_prediction=27.486  loss_true_values=590.584  loss_total_vae_epoch=1000.655  
Losses: {'total_vae': tensor(1062.8009, device='cuda:0', grad_fn=<AddBackward0>), 'recon': tensor(0., device='cuda:0', grad_fn=<MulBackward0>), 'kld': tensor(447.5037, device='cuda:0', grad_fn=<MulBackward0>), 'prediction': tensor(24.3066, device='cuda:0', grad_fn=<MulBackward0>), 'true_values': tensor(590.9905, device='cuda:0', grad_fn=<MulBackward0>)}
[57:13919]  loss_total_vae=972.971  loss_recon=0.000  loss_kld=374.262  loss_prediction=25.904  loss_true_values=572.806  loss_total_vae_epoch=1006.957  
Losses: {'total_vae': tensor(1034.8727, device='cuda:0', grad_fn=<AddBackward0>), 'recon': tensor(0., device='cuda:0', grad_fn=<MulBackward0>), 'kld': tensor(416.6118, device='cuda:0', grad_fn=<MulBackward0>), 'prediction': tensor(38.0382, device='cuda:0', grad_fn=<MulBackward0>), 'true_values': tensor(580.2228, device='cuda:0', grad_fn=<MulBackward0>)}
[58:14159]  loss_total_vae=925.291  loss_recon=0.000  loss_kld=334.713  loss_prediction=44.016  loss_true_values=546.562  loss_total_vae_epoch=1002.837  
Losses: {'total_vae': tensor(1064.9077, device='cuda:0', grad_fn=<AddBackward0>), 'recon': tensor(0., device='cuda:0', grad_fn=<MulBackward0>), 'kld': tensor(407.7354, device='cuda:0', grad_fn=<MulBackward0>), 'prediction': tensor(75.3686, device='cuda:0', grad_fn=<MulBackward0>), 'true_values': tensor(581.8036, device='cuda:0', grad_fn=<MulBackward0>)}
[59:14399]  loss_total_vae=1016.677  loss_recon=0.000  loss_kld=426.082  loss_prediction=28.629  loss_true_values=561.967  loss_total_vae_epoch=1002.365  
Losses: {'total_vae': tensor(1127.5972, device='cuda:0', grad_fn=<AddBackward0>), 'recon': tensor(0., device='cuda:0', grad_fn=<MulBackward0>), 'kld': tensor(465.8084, device='cuda:0', grad_fn=<MulBackward0>), 'prediction': tensor(34.5596, device='cuda:0', grad_fn=<MulBackward0>), 'true_values': tensor(627.2291, device='cuda:0', grad_fn=<MulBackward0>)}
[60:14639]  loss_total_vae=803.963  loss_recon=0.000  loss_kld=220.050  loss_prediction=39.991  loss_true_values=543.921  loss_total_vae_epoch=999.896  
Losses: {'total_vae': tensor(1052.2327, device='cuda:0', grad_fn=<AddBackward0>), 'recon': tensor(0., device='cuda:0', grad_fn=<MulBackward0>), 'kld': tensor(402.3492, device='cuda:0', grad_fn=<MulBackward0>), 'prediction': tensor(32.9038, device='cuda:0', grad_fn=<MulBackward0>), 'true_values': tensor(616.9796, device='cuda:0', grad_fn=<MulBackward0>)}
[61:14879]  loss_total_vae=963.340  loss_recon=0.000  loss_kld=364.813  loss_prediction=29.127  loss_true_values=569.400  loss_total_vae_epoch=999.425  
Losses: {'total_vae': tensor(845.1553, device='cuda:0', grad_fn=<AddBackward0>), 'recon': tensor(0., device='cuda:0', grad_fn=<MulBackward0>), 'kld': tensor(249.7126, device='cuda:0', grad_fn=<MulBackward0>), 'prediction': tensor(43.7932, device='cuda:0', grad_fn=<MulBackward0>), 'true_values': tensor(551.6494, device='cuda:0', grad_fn=<MulBackward0>)}
