name=slurm_script
Pre-Processing CelebA
labels (30000, 32)
All classes percentages: [0.2936666666666667, 0.2319, 0.12203333333333333, 0.18716666666666668, 0.16523333333333334, 0.0, 0.0, 0.0, 0.0, 0.0, 0.0, 0.0, 0.0, 0.0, 0.0, 0.0, 0.0, 0.0, 0.0, 0.0, 0.0, 0.0, 0.0, 0.0, 0.0, 0.0, 0.0, 0.0, 0.0, 0.0, 0.0, 0.0]
Initialized GrayVAE_Join model
## Initializing Train indexes
->path chosen:: logs/celebA__GrayVAE_Join__2022_04/11-23-10/train_runs
Losses: {'total_vae': tensor(1641.3054, device='cuda:0', grad_fn=<AddBackward0>), 'recon': tensor(0., device='cuda:0', grad_fn=<MulBackward0>), 'kld': tensor(25.0194, device='cuda:0', grad_fn=<MulBackward0>), 'prediction': tensor(1616.2860, device='cuda:0', grad_fn=<MulBackward0>), 'true_values': tensor(-1)}
[0:239]  loss_total_vae=1160.419  loss_recon=0.000  loss_kld=157.341  loss_prediction=1003.078  loss_true_values=-1.000  loss_total_vae_epoch=1256.481  
Losses: {'total_vae': tensor(1101.2091, device='cuda:0', grad_fn=<AddBackward0>), 'recon': tensor(0., device='cuda:0', grad_fn=<MulBackward0>), 'kld': tensor(149.0536, device='cuda:0', grad_fn=<MulBackward0>), 'prediction': tensor(952.1555, device='cuda:0', grad_fn=<MulBackward0>), 'true_values': tensor(-1)}
[1:479]  loss_total_vae=1061.286  loss_recon=0.000  loss_kld=169.324  loss_prediction=891.962  loss_true_values=-1.000  loss_total_vae_epoch=1098.379  
Losses: {'total_vae': tensor(931.5302, device='cuda:0', grad_fn=<AddBackward0>), 'recon': tensor(0., device='cuda:0', grad_fn=<MulBackward0>), 'kld': tensor(154.0095, device='cuda:0', grad_fn=<MulBackward0>), 'prediction': tensor(777.5208, device='cuda:0', grad_fn=<MulBackward0>), 'true_values': tensor(-1)}
[2:719]  loss_total_vae=948.207  loss_recon=0.000  loss_kld=168.287  loss_prediction=779.920  loss_true_values=-1.000  loss_total_vae_epoch=979.111  
Losses: {'total_vae': tensor(838.3513, device='cuda:0', grad_fn=<AddBackward0>), 'recon': tensor(0., device='cuda:0', grad_fn=<MulBackward0>), 'kld': tensor(169.3019, device='cuda:0', grad_fn=<MulBackward0>), 'prediction': tensor(669.0494, device='cuda:0', grad_fn=<MulBackward0>), 'true_values': tensor(-1)}
[3:959]  loss_total_vae=868.492  loss_recon=0.000  loss_kld=182.103  loss_prediction=686.390  loss_true_values=-1.000  loss_total_vae_epoch=846.329  
Losses: {'total_vae': tensor(731.6377, device='cuda:0', grad_fn=<AddBackward0>), 'recon': tensor(0., device='cuda:0', grad_fn=<MulBackward0>), 'kld': tensor(194.3530, device='cuda:0', grad_fn=<MulBackward0>), 'prediction': tensor(537.2847, device='cuda:0', grad_fn=<MulBackward0>), 'true_values': tensor(-1)}
[4:1199]  loss_total_vae=700.270  loss_recon=0.000  loss_kld=216.319  loss_prediction=483.951  loss_true_values=-1.000  loss_total_vae_epoch=689.767  
Losses: {'total_vae': tensor(601.2060, device='cuda:0', grad_fn=<AddBackward0>), 'recon': tensor(0., device='cuda:0', grad_fn=<MulBackward0>), 'kld': tensor(218.4232, device='cuda:0', grad_fn=<MulBackward0>), 'prediction': tensor(382.7828, device='cuda:0', grad_fn=<MulBackward0>), 'true_values': tensor(-1)}
[5:1439]  loss_total_vae=609.257  loss_recon=0.000  loss_kld=204.055  loss_prediction=405.202  loss_true_values=-1.000  loss_total_vae_epoch=550.608  
Losses: {'total_vae': tensor(489.9915, device='cuda:0', grad_fn=<AddBackward0>), 'recon': tensor(0., device='cuda:0', grad_fn=<MulBackward0>), 'kld': tensor(247.3125, device='cuda:0', grad_fn=<MulBackward0>), 'prediction': tensor(242.6790, device='cuda:0', grad_fn=<MulBackward0>), 'true_values': tensor(-1)}
[6:1679]  loss_total_vae=451.537  loss_recon=0.000  loss_kld=207.399  loss_prediction=244.138  loss_true_values=-1.000  loss_total_vae_epoch=450.761  
Losses: {'total_vae': tensor(379.8774, device='cuda:0', grad_fn=<AddBackward0>), 'recon': tensor(0., device='cuda:0', grad_fn=<MulBackward0>), 'kld': tensor(214.5345, device='cuda:0', grad_fn=<MulBackward0>), 'prediction': tensor(165.3429, device='cuda:0', grad_fn=<MulBackward0>), 'true_values': tensor(-1)}
[7:1919]  loss_total_vae=415.215  loss_recon=0.000  loss_kld=199.781  loss_prediction=215.434  loss_true_values=-1.000  loss_total_vae_epoch=388.369  
Losses: {'total_vae': tensor(374.7986, device='cuda:0', grad_fn=<AddBackward0>), 'recon': tensor(0., device='cuda:0', grad_fn=<MulBackward0>), 'kld': tensor(220.3738, device='cuda:0', grad_fn=<MulBackward0>), 'prediction': tensor(154.4249, device='cuda:0', grad_fn=<MulBackward0>), 'true_values': tensor(-1)}
[8:2159]  loss_total_vae=342.487  loss_recon=0.000  loss_kld=176.209  loss_prediction=166.278  loss_true_values=-1.000  loss_total_vae_epoch=345.972  
Losses: {'total_vae': tensor(322.8485, device='cuda:0', grad_fn=<AddBackward0>), 'recon': tensor(0., device='cuda:0', grad_fn=<MulBackward0>), 'kld': tensor(200.4205, device='cuda:0', grad_fn=<MulBackward0>), 'prediction': tensor(122.4281, device='cuda:0', grad_fn=<MulBackward0>), 'true_values': tensor(-1)}
[9:2399]  loss_total_vae=312.717  loss_recon=0.000  loss_kld=176.988  loss_prediction=135.729  loss_true_values=-1.000  loss_total_vae_epoch=315.552  
Losses: {'total_vae': tensor(344.1416, device='cuda:0', grad_fn=<AddBackward0>), 'recon': tensor(0., device='cuda:0', grad_fn=<MulBackward0>), 'kld': tensor(180.9277, device='cuda:0', grad_fn=<MulBackward0>), 'prediction': tensor(163.2140, device='cuda:0', grad_fn=<MulBackward0>), 'true_values': tensor(-1)}
[10:2639]  loss_total_vae=291.952  loss_recon=0.000  loss_kld=189.768  loss_prediction=102.184  loss_true_values=-1.000  loss_total_vae_epoch=294.274  
Losses: {'total_vae': tensor(285.0623, device='cuda:0', grad_fn=<AddBackward0>), 'recon': tensor(0., device='cuda:0', grad_fn=<MulBackward0>), 'kld': tensor(184.0135, device='cuda:0', grad_fn=<MulBackward0>), 'prediction': tensor(101.0488, device='cuda:0', grad_fn=<MulBackward0>), 'true_values': tensor(-1)}
[11:2879]  loss_total_vae=271.217  loss_recon=0.000  loss_kld=164.687  loss_prediction=106.530  loss_true_values=-1.000  loss_total_vae_epoch=281.474  
Losses: {'total_vae': tensor(271.8974, device='cuda:0', grad_fn=<AddBackward0>), 'recon': tensor(0., device='cuda:0', grad_fn=<MulBackward0>), 'kld': tensor(173.6708, device='cuda:0', grad_fn=<MulBackward0>), 'prediction': tensor(98.2266, device='cuda:0', grad_fn=<MulBackward0>), 'true_values': tensor(-1)}
[12:3119]  loss_total_vae=266.166  loss_recon=0.000  loss_kld=158.462  loss_prediction=107.703  loss_true_values=-1.000  loss_total_vae_epoch=267.833  
Losses: {'total_vae': tensor(250.4145, device='cuda:0', grad_fn=<AddBackward0>), 'recon': tensor(0., device='cuda:0', grad_fn=<MulBackward0>), 'kld': tensor(151.0443, device='cuda:0', grad_fn=<MulBackward0>), 'prediction': tensor(99.3702, device='cuda:0', grad_fn=<MulBackward0>), 'true_values': tensor(-1)}
[13:3359]  loss_total_vae=256.992  loss_recon=0.000  loss_kld=167.252  loss_prediction=89.740  loss_true_values=-1.000  loss_total_vae_epoch=257.729  
Losses: {'total_vae': tensor(256.0061, device='cuda:0', grad_fn=<AddBackward0>), 'recon': tensor(0., device='cuda:0', grad_fn=<MulBackward0>), 'kld': tensor(158.3272, device='cuda:0', grad_fn=<MulBackward0>), 'prediction': tensor(97.6789, device='cuda:0', grad_fn=<MulBackward0>), 'true_values': tensor(-1)}
[14:3599]  loss_total_vae=236.511  loss_recon=0.000  loss_kld=157.010  loss_prediction=79.501  loss_true_values=-1.000  loss_total_vae_epoch=243.714  
Losses: {'total_vae': tensor(233.2772, device='cuda:0', grad_fn=<AddBackward0>), 'recon': tensor(0., device='cuda:0', grad_fn=<MulBackward0>), 'kld': tensor(151.5962, device='cuda:0', grad_fn=<MulBackward0>), 'prediction': tensor(81.6809, device='cuda:0', grad_fn=<MulBackward0>), 'true_values': tensor(-1)}
[15:3839]  loss_total_vae=261.922  loss_recon=0.000  loss_kld=145.798  loss_prediction=116.124  loss_true_values=-1.000  loss_total_vae_epoch=233.340  
Losses: {'total_vae': tensor(223.4099, device='cuda:0', grad_fn=<AddBackward0>), 'recon': tensor(0., device='cuda:0', grad_fn=<MulBackward0>), 'kld': tensor(159.8023, device='cuda:0', grad_fn=<MulBackward0>), 'prediction': tensor(63.6077, device='cuda:0', grad_fn=<MulBackward0>), 'true_values': tensor(-1)}
[16:4079]  loss_total_vae=210.148  loss_recon=0.000  loss_kld=141.319  loss_prediction=68.829  loss_true_values=-1.000  loss_total_vae_epoch=222.135  
Losses: {'total_vae': tensor(229.9296, device='cuda:0', grad_fn=<AddBackward0>), 'recon': tensor(0., device='cuda:0', grad_fn=<MulBackward0>), 'kld': tensor(138.2546, device='cuda:0', grad_fn=<MulBackward0>), 'prediction': tensor(91.6749, device='cuda:0', grad_fn=<MulBackward0>), 'true_values': tensor(-1)}
[17:4319]  loss_total_vae=191.991  loss_recon=0.000  loss_kld=134.760  loss_prediction=57.231  loss_true_values=-1.000  loss_total_vae_epoch=220.420  
Losses: {'total_vae': tensor(215.5693, device='cuda:0', grad_fn=<AddBackward0>), 'recon': tensor(0., device='cuda:0', grad_fn=<MulBackward0>), 'kld': tensor(146.2825, device='cuda:0', grad_fn=<MulBackward0>), 'prediction': tensor(69.2868, device='cuda:0', grad_fn=<MulBackward0>), 'true_values': tensor(-1)}
[18:4559]  loss_total_vae=196.864  loss_recon=0.000  loss_kld=141.751  loss_prediction=55.113  loss_true_values=-1.000  loss_total_vae_epoch=213.563  
Losses: {'total_vae': tensor(191.0809, device='cuda:0', grad_fn=<AddBackward0>), 'recon': tensor(0., device='cuda:0', grad_fn=<MulBackward0>), 'kld': tensor(143.9922, device='cuda:0', grad_fn=<MulBackward0>), 'prediction': tensor(47.0887, device='cuda:0', grad_fn=<MulBackward0>), 'true_values': tensor(-1)}
[19:4799]  loss_total_vae=195.209  loss_recon=0.000  loss_kld=134.739  loss_prediction=60.470  loss_true_values=-1.000  loss_total_vae_epoch=210.948  
Losses: {'total_vae': tensor(198.2102, device='cuda:0', grad_fn=<AddBackward0>), 'recon': tensor(0., device='cuda:0', grad_fn=<MulBackward0>), 'kld': tensor(138.0701, device='cuda:0', grad_fn=<MulBackward0>), 'prediction': tensor(60.1402, device='cuda:0', grad_fn=<MulBackward0>), 'true_values': tensor(-1)}
[20:5039]  loss_total_vae=194.380  loss_recon=0.000  loss_kld=129.845  loss_prediction=64.536  loss_true_values=-1.000  loss_total_vae_epoch=204.095  
Losses: {'total_vae': tensor(195.1281, device='cuda:0', grad_fn=<AddBackward0>), 'recon': tensor(0., device='cuda:0', grad_fn=<MulBackward0>), 'kld': tensor(132.9614, device='cuda:0', grad_fn=<MulBackward0>), 'prediction': tensor(62.1667, device='cuda:0', grad_fn=<MulBackward0>), 'true_values': tensor(-1)}
[21:5279]  loss_total_vae=207.152  loss_recon=0.000  loss_kld=128.671  loss_prediction=78.481  loss_true_values=-1.000  loss_total_vae_epoch=193.655  
Losses: {'total_vae': tensor(186.6508, device='cuda:0', grad_fn=<AddBackward0>), 'recon': tensor(0., device='cuda:0', grad_fn=<MulBackward0>), 'kld': tensor(136.4506, device='cuda:0', grad_fn=<MulBackward0>), 'prediction': tensor(50.2002, device='cuda:0', grad_fn=<MulBackward0>), 'true_values': tensor(-1)}
[22:5519]  loss_total_vae=213.285  loss_recon=0.000  loss_kld=128.763  loss_prediction=84.523  loss_true_values=-1.000  loss_total_vae_epoch=189.469  
Losses: {'total_vae': tensor(175.2457, device='cuda:0', grad_fn=<AddBackward0>), 'recon': tensor(0., device='cuda:0', grad_fn=<MulBackward0>), 'kld': tensor(124.8220, device='cuda:0', grad_fn=<MulBackward0>), 'prediction': tensor(50.4237, device='cuda:0', grad_fn=<MulBackward0>), 'true_values': tensor(-1)}
[23:5759]  loss_total_vae=187.530  loss_recon=0.000  loss_kld=121.742  loss_prediction=65.789  loss_true_values=-1.000  loss_total_vae_epoch=187.622  
Losses: {'total_vae': tensor(181.5014, device='cuda:0', grad_fn=<AddBackward0>), 'recon': tensor(0., device='cuda:0', grad_fn=<MulBackward0>), 'kld': tensor(123.6207, device='cuda:0', grad_fn=<MulBackward0>), 'prediction': tensor(57.8807, device='cuda:0', grad_fn=<MulBackward0>), 'true_values': tensor(-1)}
[24:5999]  loss_total_vae=198.231  loss_recon=0.000  loss_kld=122.344  loss_prediction=75.887  loss_true_values=-1.000  loss_total_vae_epoch=181.640  
Losses: {'total_vae': tensor(153.9135, device='cuda:0', grad_fn=<AddBackward0>), 'recon': tensor(0., device='cuda:0', grad_fn=<MulBackward0>), 'kld': tensor(116.0689, device='cuda:0', grad_fn=<MulBackward0>), 'prediction': tensor(37.8446, device='cuda:0', grad_fn=<MulBackward0>), 'true_values': tensor(-1)}
[25:6239]  loss_total_vae=166.802  loss_recon=0.000  loss_kld=125.582  loss_prediction=41.220  loss_true_values=-1.000  loss_total_vae_epoch=177.237  
Losses: {'total_vae': tensor(173.1699, device='cuda:0', grad_fn=<AddBackward0>), 'recon': tensor(0., device='cuda:0', grad_fn=<MulBackward0>), 'kld': tensor(120.4399, device='cuda:0', grad_fn=<MulBackward0>), 'prediction': tensor(52.7300, device='cuda:0', grad_fn=<MulBackward0>), 'true_values': tensor(-1)}
[26:6479]  loss_total_vae=185.637  loss_recon=0.000  loss_kld=114.224  loss_prediction=71.412  loss_true_values=-1.000  loss_total_vae_epoch=175.186  
Losses: {'total_vae': tensor(156.0211, device='cuda:0', grad_fn=<AddBackward0>), 'recon': tensor(0., device='cuda:0', grad_fn=<MulBackward0>), 'kld': tensor(113.1342, device='cuda:0', grad_fn=<MulBackward0>), 'prediction': tensor(42.8870, device='cuda:0', grad_fn=<MulBackward0>), 'true_values': tensor(-1)}
[27:6719]  loss_total_vae=169.090  loss_recon=0.000  loss_kld=112.501  loss_prediction=56.590  loss_true_values=-1.000  loss_total_vae_epoch=174.166  
Losses: {'total_vae': tensor(187.2745, device='cuda:0', grad_fn=<AddBackward0>), 'recon': tensor(0., device='cuda:0', grad_fn=<MulBackward0>), 'kld': tensor(119.3783, device='cuda:0', grad_fn=<MulBackward0>), 'prediction': tensor(67.8962, device='cuda:0', grad_fn=<MulBackward0>), 'true_values': tensor(-1)}
[28:6959]  loss_total_vae=163.889  loss_recon=0.000  loss_kld=116.585  loss_prediction=47.305  loss_true_values=-1.000  loss_total_vae_epoch=170.321  
Losses: {'total_vae': tensor(158.1252, device='cuda:0', grad_fn=<AddBackward0>), 'recon': tensor(0., device='cuda:0', grad_fn=<MulBackward0>), 'kld': tensor(119.5340, device='cuda:0', grad_fn=<MulBackward0>), 'prediction': tensor(38.5911, device='cuda:0', grad_fn=<MulBackward0>), 'true_values': tensor(-1)}
[29:7199]  loss_total_vae=165.676  loss_recon=0.000  loss_kld=112.012  loss_prediction=53.664  loss_true_values=-1.000  loss_total_vae_epoch=165.644  
Losses: {'total_vae': tensor(162.7396, device='cuda:0', grad_fn=<AddBackward0>), 'recon': tensor(0., device='cuda:0', grad_fn=<MulBackward0>), 'kld': tensor(112.6569, device='cuda:0', grad_fn=<MulBackward0>), 'prediction': tensor(50.0827, device='cuda:0', grad_fn=<MulBackward0>), 'true_values': tensor(-1)}
[30:7439]  loss_total_vae=168.195  loss_recon=0.000  loss_kld=115.169  loss_prediction=53.026  loss_true_values=-1.000  loss_total_vae_epoch=161.928  
Losses: {'total_vae': tensor(157.7730, device='cuda:0', grad_fn=<AddBackward0>), 'recon': tensor(0., device='cuda:0', grad_fn=<MulBackward0>), 'kld': tensor(110.7500, device='cuda:0', grad_fn=<MulBackward0>), 'prediction': tensor(47.0231, device='cuda:0', grad_fn=<MulBackward0>), 'true_values': tensor(-1)}
[31:7679]  loss_total_vae=143.926  loss_recon=0.000  loss_kld=105.265  loss_prediction=38.660  loss_true_values=-1.000  loss_total_vae_epoch=156.936  
Losses: {'total_vae': tensor(173.5978, device='cuda:0', grad_fn=<AddBackward0>), 'recon': tensor(0., device='cuda:0', grad_fn=<MulBackward0>), 'kld': tensor(107.2708, device='cuda:0', grad_fn=<MulBackward0>), 'prediction': tensor(66.3270, device='cuda:0', grad_fn=<MulBackward0>), 'true_values': tensor(-1)}
[32:7919]  loss_total_vae=141.080  loss_recon=0.000  loss_kld=104.847  loss_prediction=36.233  loss_true_values=-1.000  loss_total_vae_epoch=156.746  
Losses: {'total_vae': tensor(140.3723, device='cuda:0', grad_fn=<AddBackward0>), 'recon': tensor(0., device='cuda:0', grad_fn=<MulBackward0>), 'kld': tensor(109.3006, device='cuda:0', grad_fn=<MulBackward0>), 'prediction': tensor(31.0717, device='cuda:0', grad_fn=<MulBackward0>), 'true_values': tensor(-1)}
[33:8159]  loss_total_vae=167.279  loss_recon=0.000  loss_kld=104.113  loss_prediction=63.166  loss_true_values=-1.000  loss_total_vae_epoch=155.016  
Losses: {'total_vae': tensor(157.1114, device='cuda:0', grad_fn=<AddBackward0>), 'recon': tensor(0., device='cuda:0', grad_fn=<MulBackward0>), 'kld': tensor(111.4945, device='cuda:0', grad_fn=<MulBackward0>), 'prediction': tensor(45.6169, device='cuda:0', grad_fn=<MulBackward0>), 'true_values': tensor(-1)}
[34:8399]  loss_total_vae=149.339  loss_recon=0.000  loss_kld=103.663  loss_prediction=45.676  loss_true_values=-1.000  loss_total_vae_epoch=155.911  
Losses: {'total_vae': tensor(143.3645, device='cuda:0', grad_fn=<AddBackward0>), 'recon': tensor(0., device='cuda:0', grad_fn=<MulBackward0>), 'kld': tensor(102.0269, device='cuda:0', grad_fn=<MulBackward0>), 'prediction': tensor(41.3375, device='cuda:0', grad_fn=<MulBackward0>), 'true_values': tensor(-1)}
[35:8639]  loss_total_vae=253.291  loss_recon=0.000  loss_kld=102.565  loss_prediction=150.726  loss_true_values=-1.000  loss_total_vae_epoch=156.215  
Losses: {'total_vae': tensor(147.4915, device='cuda:0', grad_fn=<AddBackward0>), 'recon': tensor(0., device='cuda:0', grad_fn=<MulBackward0>), 'kld': tensor(107.8521, device='cuda:0', grad_fn=<MulBackward0>), 'prediction': tensor(39.6394, device='cuda:0', grad_fn=<MulBackward0>), 'true_values': tensor(-1)}
[36:8879]  loss_total_vae=148.284  loss_recon=0.000  loss_kld=95.257  loss_prediction=53.027  loss_true_values=-1.000  loss_total_vae_epoch=151.497  
Losses: {'total_vae': tensor(152.4415, device='cuda:0', grad_fn=<AddBackward0>), 'recon': tensor(0., device='cuda:0', grad_fn=<MulBackward0>), 'kld': tensor(102.8617, device='cuda:0', grad_fn=<MulBackward0>), 'prediction': tensor(49.5798, device='cuda:0', grad_fn=<MulBackward0>), 'true_values': tensor(-1)}
[37:9119]  loss_total_vae=134.486  loss_recon=0.000  loss_kld=97.209  loss_prediction=37.277  loss_true_values=-1.000  loss_total_vae_epoch=149.223  
Losses: {'total_vae': tensor(126.2670, device='cuda:0', grad_fn=<AddBackward0>), 'recon': tensor(0., device='cuda:0', grad_fn=<MulBackward0>), 'kld': tensor(102.4301, device='cuda:0', grad_fn=<MulBackward0>), 'prediction': tensor(23.8368, device='cuda:0', grad_fn=<MulBackward0>), 'true_values': tensor(-1)}
[38:9359]  loss_total_vae=120.587  loss_recon=0.000  loss_kld=101.056  loss_prediction=19.532  loss_true_values=-1.000  loss_total_vae_epoch=144.339  
Losses: {'total_vae': tensor(150.9684, device='cuda:0', grad_fn=<AddBackward0>), 'recon': tensor(0., device='cuda:0', grad_fn=<MulBackward0>), 'kld': tensor(103.2845, device='cuda:0', grad_fn=<MulBackward0>), 'prediction': tensor(47.6840, device='cuda:0', grad_fn=<MulBackward0>), 'true_values': tensor(-1)}
[39:9599]  loss_total_vae=131.471  loss_recon=0.000  loss_kld=100.694  loss_prediction=30.777  loss_true_values=-1.000  loss_total_vae_epoch=142.540  
Losses: {'total_vae': tensor(138.5557, device='cuda:0', grad_fn=<AddBackward0>), 'recon': tensor(0., device='cuda:0', grad_fn=<MulBackward0>), 'kld': tensor(107.9145, device='cuda:0', grad_fn=<MulBackward0>), 'prediction': tensor(30.6412, device='cuda:0', grad_fn=<MulBackward0>), 'true_values': tensor(-1)}
[40:9839]  loss_total_vae=145.428  loss_recon=0.000  loss_kld=102.101  loss_prediction=43.327  loss_true_values=-1.000  loss_total_vae_epoch=143.134  
Losses: {'total_vae': tensor(141.8755, device='cuda:0', grad_fn=<AddBackward0>), 'recon': tensor(0., device='cuda:0', grad_fn=<MulBackward0>), 'kld': tensor(102.7552, device='cuda:0', grad_fn=<MulBackward0>), 'prediction': tensor(39.1203, device='cuda:0', grad_fn=<MulBackward0>), 'true_values': tensor(-1)}
[41:10079]  loss_total_vae=120.072  loss_recon=0.000  loss_kld=95.087  loss_prediction=24.985  loss_true_values=-1.000  loss_total_vae_epoch=136.703  
Losses: {'total_vae': tensor(124.8499, device='cuda:0', grad_fn=<AddBackward0>), 'recon': tensor(0., device='cuda:0', grad_fn=<MulBackward0>), 'kld': tensor(97.9817, device='cuda:0', grad_fn=<MulBackward0>), 'prediction': tensor(26.8681, device='cuda:0', grad_fn=<MulBackward0>), 'true_values': tensor(-1)}
[42:10319]  loss_total_vae=163.812  loss_recon=0.000  loss_kld=98.025  loss_prediction=65.788  loss_true_values=-1.000  loss_total_vae_epoch=139.911  
Losses: {'total_vae': tensor(125.4832, device='cuda:0', grad_fn=<AddBackward0>), 'recon': tensor(0., device='cuda:0', grad_fn=<MulBackward0>), 'kld': tensor(98.7088, device='cuda:0', grad_fn=<MulBackward0>), 'prediction': tensor(26.7744, device='cuda:0', grad_fn=<MulBackward0>), 'true_values': tensor(-1)}
[43:10559]  loss_total_vae=163.464  loss_recon=0.000  loss_kld=103.724  loss_prediction=59.740  loss_true_values=-1.000  loss_total_vae_epoch=143.415  
Losses: {'total_vae': tensor(145.0925, device='cuda:0', grad_fn=<AddBackward0>), 'recon': tensor(0., device='cuda:0', grad_fn=<MulBackward0>), 'kld': tensor(104.8565, device='cuda:0', grad_fn=<MulBackward0>), 'prediction': tensor(40.2360, device='cuda:0', grad_fn=<MulBackward0>), 'true_values': tensor(-1)}
[44:10799]  loss_total_vae=139.864  loss_recon=0.000  loss_kld=92.704  loss_prediction=47.160  loss_true_values=-1.000  loss_total_vae_epoch=142.998  
Losses: {'total_vae': tensor(144.9608, device='cuda:0', grad_fn=<AddBackward0>), 'recon': tensor(0., device='cuda:0', grad_fn=<MulBackward0>), 'kld': tensor(113.7462, device='cuda:0', grad_fn=<MulBackward0>), 'prediction': tensor(31.2146, device='cuda:0', grad_fn=<MulBackward0>), 'true_values': tensor(-1)}
[45:11039]  loss_total_vae=128.500  loss_recon=0.000  loss_kld=98.291  loss_prediction=30.209  loss_true_values=-1.000  loss_total_vae_epoch=138.195  
Losses: {'total_vae': tensor(133.3030, device='cuda:0', grad_fn=<AddBackward0>), 'recon': tensor(0., device='cuda:0', grad_fn=<MulBackward0>), 'kld': tensor(94.4657, device='cuda:0', grad_fn=<MulBackward0>), 'prediction': tensor(38.8374, device='cuda:0', grad_fn=<MulBackward0>), 'true_values': tensor(-1)}
[46:11279]  loss_total_vae=141.990  loss_recon=0.000  loss_kld=100.216  loss_prediction=41.774  loss_true_values=-1.000  loss_total_vae_epoch=133.648  
Losses: {'total_vae': tensor(171.1410, device='cuda:0', grad_fn=<AddBackward0>), 'recon': tensor(0., device='cuda:0', grad_fn=<MulBackward0>), 'kld': tensor(102.8271, device='cuda:0', grad_fn=<MulBackward0>), 'prediction': tensor(68.3139, device='cuda:0', grad_fn=<MulBackward0>), 'true_values': tensor(-1)}
[47:11519]  loss_total_vae=131.266  loss_recon=0.000  loss_kld=98.294  loss_prediction=32.971  loss_true_values=-1.000  loss_total_vae_epoch=135.401  
Losses: {'total_vae': tensor(141.5712, device='cuda:0', grad_fn=<AddBackward0>), 'recon': tensor(0., device='cuda:0', grad_fn=<MulBackward0>), 'kld': tensor(101.6373, device='cuda:0', grad_fn=<MulBackward0>), 'prediction': tensor(39.9338, device='cuda:0', grad_fn=<MulBackward0>), 'true_values': tensor(-1)}
[48:11759]  loss_total_vae=128.737  loss_recon=0.000  loss_kld=101.804  loss_prediction=26.932  loss_true_values=-1.000  loss_total_vae_epoch=139.550  
Losses: {'total_vae': tensor(129.4518, device='cuda:0', grad_fn=<AddBackward0>), 'recon': tensor(0., device='cuda:0', grad_fn=<MulBackward0>), 'kld': tensor(103.3508, device='cuda:0', grad_fn=<MulBackward0>), 'prediction': tensor(26.1010, device='cuda:0', grad_fn=<MulBackward0>), 'true_values': tensor(-1)}
[49:11999]  loss_total_vae=122.738  loss_recon=0.000  loss_kld=100.506  loss_prediction=22.232  loss_true_values=-1.000  loss_total_vae_epoch=139.509  
Losses: {'total_vae': tensor(124.6721, device='cuda:0', grad_fn=<AddBackward0>), 'recon': tensor(0., device='cuda:0', grad_fn=<MulBackward0>), 'kld': tensor(93.6053, device='cuda:0', grad_fn=<MulBackward0>), 'prediction': tensor(31.0667, device='cuda:0', grad_fn=<MulBackward0>), 'true_values': tensor(-1)}
[50:12239]  loss_total_vae=138.556  loss_recon=0.000  loss_kld=90.325  loss_prediction=48.231  loss_true_values=-1.000  loss_total_vae_epoch=139.006  
Losses: {'total_vae': tensor(162.2261, device='cuda:0', grad_fn=<AddBackward0>), 'recon': tensor(0., device='cuda:0', grad_fn=<MulBackward0>), 'kld': tensor(97.6579, device='cuda:0', grad_fn=<MulBackward0>), 'prediction': tensor(64.5683, device='cuda:0', grad_fn=<MulBackward0>), 'true_values': tensor(-1)}
[51:12479]  loss_total_vae=120.365  loss_recon=0.000  loss_kld=94.604  loss_prediction=25.761  loss_true_values=-1.000  loss_total_vae_epoch=134.561  
Losses: {'total_vae': tensor(113.3481, device='cuda:0', grad_fn=<AddBackward0>), 'recon': tensor(0., device='cuda:0', grad_fn=<MulBackward0>), 'kld': tensor(96.2934, device='cuda:0', grad_fn=<MulBackward0>), 'prediction': tensor(17.0547, device='cuda:0', grad_fn=<MulBackward0>), 'true_values': tensor(-1)}
[52:12719]  loss_total_vae=113.948  loss_recon=0.000  loss_kld=98.927  loss_prediction=15.021  loss_true_values=-1.000  loss_total_vae_epoch=128.294  
Losses: {'total_vae': tensor(118.9596, device='cuda:0', grad_fn=<AddBackward0>), 'recon': tensor(0., device='cuda:0', grad_fn=<MulBackward0>), 'kld': tensor(96.9490, device='cuda:0', grad_fn=<MulBackward0>), 'prediction': tensor(22.0106, device='cuda:0', grad_fn=<MulBackward0>), 'true_values': tensor(-1)}
[53:12959]  loss_total_vae=127.352  loss_recon=0.000  loss_kld=94.270  loss_prediction=33.082  loss_true_values=-1.000  loss_total_vae_epoch=125.757  
Losses: {'total_vae': tensor(115.7777, device='cuda:0', grad_fn=<AddBackward0>), 'recon': tensor(0., device='cuda:0', grad_fn=<MulBackward0>), 'kld': tensor(96.5519, device='cuda:0', grad_fn=<MulBackward0>), 'prediction': tensor(19.2258, device='cuda:0', grad_fn=<MulBackward0>), 'true_values': tensor(-1)}
[54:13199]  loss_total_vae=136.396  loss_recon=0.000  loss_kld=93.576  loss_prediction=42.820  loss_true_values=-1.000  loss_total_vae_epoch=127.857  
Losses: {'total_vae': tensor(112.5246, device='cuda:0', grad_fn=<AddBackward0>), 'recon': tensor(0., device='cuda:0', grad_fn=<MulBackward0>), 'kld': tensor(91.5050, device='cuda:0', grad_fn=<MulBackward0>), 'prediction': tensor(21.0197, device='cuda:0', grad_fn=<MulBackward0>), 'true_values': tensor(-1)}
[55:13439]  loss_total_vae=122.735  loss_recon=0.000  loss_kld=89.920  loss_prediction=32.815  loss_true_values=-1.000  loss_total_vae_epoch=126.845  
Losses: {'total_vae': tensor(132.7404, device='cuda:0', grad_fn=<AddBackward0>), 'recon': tensor(0., device='cuda:0', grad_fn=<MulBackward0>), 'kld': tensor(99.7847, device='cuda:0', grad_fn=<MulBackward0>), 'prediction': tensor(32.9558, device='cuda:0', grad_fn=<MulBackward0>), 'true_values': tensor(-1)}
[56:13679]  loss_total_vae=122.762  loss_recon=0.000  loss_kld=86.776  loss_prediction=35.986  loss_true_values=-1.000  loss_total_vae_epoch=125.824  
Losses: {'total_vae': tensor(105.8921, device='cuda:0', grad_fn=<AddBackward0>), 'recon': tensor(0., device='cuda:0', grad_fn=<MulBackward0>), 'kld': tensor(92.4119, device='cuda:0', grad_fn=<MulBackward0>), 'prediction': tensor(13.4802, device='cuda:0', grad_fn=<MulBackward0>), 'true_values': tensor(-1)}
[57:13919]  loss_total_vae=125.561  loss_recon=0.000  loss_kld=88.962  loss_prediction=36.598  loss_true_values=-1.000  loss_total_vae_epoch=127.053  
Losses: {'total_vae': tensor(146.7345, device='cuda:0', grad_fn=<AddBackward0>), 'recon': tensor(0., device='cuda:0', grad_fn=<MulBackward0>), 'kld': tensor(85.9062, device='cuda:0', grad_fn=<MulBackward0>), 'prediction': tensor(60.8283, device='cuda:0', grad_fn=<MulBackward0>), 'true_values': tensor(-1)}
[58:14159]  loss_total_vae=157.803  loss_recon=0.000  loss_kld=83.613  loss_prediction=74.189  loss_true_values=-1.000  loss_total_vae_epoch=122.995  
Losses: {'total_vae': tensor(138.0967, device='cuda:0', grad_fn=<AddBackward0>), 'recon': tensor(0., device='cuda:0', grad_fn=<MulBackward0>), 'kld': tensor(83.3859, device='cuda:0', grad_fn=<MulBackward0>), 'prediction': tensor(54.7108, device='cuda:0', grad_fn=<MulBackward0>), 'true_values': tensor(-1)}
[59:14399]  loss_total_vae=110.750  loss_recon=0.000  loss_kld=91.960  loss_prediction=18.790  loss_true_values=-1.000  loss_total_vae_epoch=125.274  
Losses: {'total_vae': tensor(115.3860, device='cuda:0', grad_fn=<AddBackward0>), 'recon': tensor(0., device='cuda:0', grad_fn=<MulBackward0>), 'kld': tensor(95.9841, device='cuda:0', grad_fn=<MulBackward0>), 'prediction': tensor(19.4019, device='cuda:0', grad_fn=<MulBackward0>), 'true_values': tensor(-1)}
[60:14639]  loss_total_vae=136.951  loss_recon=0.000  loss_kld=90.423  loss_prediction=46.529  loss_true_values=-1.000  loss_total_vae_epoch=126.174  
Losses: {'total_vae': tensor(126.7695, device='cuda:0', grad_fn=<AddBackward0>), 'recon': tensor(0., device='cuda:0', grad_fn=<MulBackward0>), 'kld': tensor(93.8476, device='cuda:0', grad_fn=<MulBackward0>), 'prediction': tensor(32.9219, device='cuda:0', grad_fn=<MulBackward0>), 'true_values': tensor(-1)}
[61:14879]  loss_total_vae=107.233  loss_recon=0.000  loss_kld=97.460  loss_prediction=9.774  loss_true_values=-1.000  loss_total_vae_epoch=125.846  
Losses: {'total_vae': tensor(120.2916, device='cuda:0', grad_fn=<AddBackward0>), 'recon': tensor(0., device='cuda:0', grad_fn=<MulBackward0>), 'kld': tensor(97.4930, device='cuda:0', grad_fn=<MulBackward0>), 'prediction': tensor(22.7986, device='cuda:0', grad_fn=<MulBackward0>), 'true_values': tensor(-1)}
