name=slurm_script
Pre-Processing CelebA
labels (30000, 32)
All classes percentages: [0.2936666666666667, 0.2319, 0.12203333333333333, 0.18716666666666668, 0.16523333333333334, 0.0, 0.0, 0.0, 0.0, 0.0, 0.0, 0.0, 0.0, 0.0, 0.0, 0.0, 0.0, 0.0, 0.0, 0.0, 0.0, 0.0, 0.0, 0.0, 0.0, 0.0, 0.0, 0.0, 0.0, 0.0, 0.0, 0.0]
Initialized GrayVAE_Join model
## Initializing Train indexes
->path chosen:: logs/celebA__GrayVAE_Join__2022_04/11-23-10/train_runs
Losses: {'total_vae': tensor(1641.3054, device='cuda:0', grad_fn=<AddBackward0>), 'recon': tensor(0., device='cuda:0', grad_fn=<MulBackward0>), 'kld': tensor(25.0194, device='cuda:0', grad_fn=<MulBackward0>), 'prediction': tensor(1616.2860, device='cuda:0', grad_fn=<MulBackward0>), 'true_values': tensor(-1)}
[0:239]  loss_total_vae=5302.010  loss_recon=0.000  loss_kld=286.626  loss_prediction=1320.043  loss_true_values=3695.341  loss_total_vae_epoch=4534.931  
Losses: {'total_vae': tensor(4083.9331, device='cuda:0', grad_fn=<AddBackward0>), 'recon': tensor(0., device='cuda:0', grad_fn=<MulBackward0>), 'kld': tensor(306.9548, device='cuda:0', grad_fn=<MulBackward0>), 'prediction': tensor(1238.2560, device='cuda:0', grad_fn=<MulBackward0>), 'true_values': tensor(2538.7224, device='cuda:0', grad_fn=<MulBackward0>)}
[1:479]  loss_total_vae=1608.005  loss_recon=0.000  loss_kld=455.746  loss_prediction=1152.259  loss_true_values=-1.000  loss_total_vae_epoch=3458.604  
Losses: {'total_vae': tensor(1523.4602, device='cuda:0', grad_fn=<AddBackward0>), 'recon': tensor(0., device='cuda:0', grad_fn=<MulBackward0>), 'kld': tensor(414.0876, device='cuda:0', grad_fn=<MulBackward0>), 'prediction': tensor(1109.3726, device='cuda:0', grad_fn=<MulBackward0>), 'true_values': tensor(-1)}
[2:719]  loss_total_vae=4736.958  loss_recon=0.000  loss_kld=392.824  loss_prediction=989.189  loss_true_values=3354.945  loss_total_vae_epoch=2885.544  
Losses: {'total_vae': tensor(3091.3105, device='cuda:0', grad_fn=<AddBackward0>), 'recon': tensor(0., device='cuda:0', grad_fn=<MulBackward0>), 'kld': tensor(402.8870, device='cuda:0', grad_fn=<MulBackward0>), 'prediction': tensor(1010.5099, device='cuda:0', grad_fn=<MulBackward0>), 'true_values': tensor(1677.9135, device='cuda:0', grad_fn=<MulBackward0>)}
[3:959]  loss_total_vae=2824.271  loss_recon=0.000  loss_kld=416.525  loss_prediction=1005.445  loss_true_values=1402.301  loss_total_vae_epoch=2431.672  
Losses: {'total_vae': tensor(1350.3811, device='cuda:0', grad_fn=<AddBackward0>), 'recon': tensor(0., device='cuda:0', grad_fn=<MulBackward0>), 'kld': tensor(428.2260, device='cuda:0', grad_fn=<MulBackward0>), 'prediction': tensor(922.1552, device='cuda:0', grad_fn=<MulBackward0>), 'true_values': tensor(-1)}
[4:1199]  loss_total_vae=1322.549  loss_recon=0.000  loss_kld=394.387  loss_prediction=928.162  loss_true_values=-1.000  loss_total_vae_epoch=2049.297  
Losses: {'total_vae': tensor(1958.8174, device='cuda:0', grad_fn=<AddBackward0>), 'recon': tensor(0., device='cuda:0', grad_fn=<MulBackward0>), 'kld': tensor(364.9260, device='cuda:0', grad_fn=<MulBackward0>), 'prediction': tensor(872.7851, device='cuda:0', grad_fn=<MulBackward0>), 'true_values': tensor(721.1063, device='cuda:0', grad_fn=<MulBackward0>)}
[5:1439]  loss_total_vae=2123.303  loss_recon=0.000  loss_kld=276.420  loss_prediction=929.223  loss_true_values=917.661  loss_total_vae_epoch=1716.986  
Losses: {'total_vae': tensor(1084.2811, device='cuda:0', grad_fn=<AddBackward0>), 'recon': tensor(0., device='cuda:0', grad_fn=<MulBackward0>), 'kld': tensor(304.2763, device='cuda:0', grad_fn=<MulBackward0>), 'prediction': tensor(780.0048, device='cuda:0', grad_fn=<MulBackward0>), 'true_values': tensor(-1)}
[6:1679]  loss_total_vae=908.306  loss_recon=0.000  loss_kld=262.679  loss_prediction=645.627  loss_true_values=-1.000  loss_total_vae_epoch=1450.146  
Losses: {'total_vae': tensor(1848.0181, device='cuda:0', grad_fn=<AddBackward0>), 'recon': tensor(0., device='cuda:0', grad_fn=<MulBackward0>), 'kld': tensor(278.6561, device='cuda:0', grad_fn=<MulBackward0>), 'prediction': tensor(631.3173, device='cuda:0', grad_fn=<MulBackward0>), 'true_values': tensor(938.0448, device='cuda:0', grad_fn=<MulBackward0>)}
[7:1919]  loss_total_vae=944.803  loss_recon=0.000  loss_kld=243.632  loss_prediction=701.171  loss_true_values=-1.000  loss_total_vae_epoch=1274.163  
Losses: {'total_vae': tensor(778.2035, device='cuda:0', grad_fn=<AddBackward0>), 'recon': tensor(0., device='cuda:0', grad_fn=<MulBackward0>), 'kld': tensor(281.0163, device='cuda:0', grad_fn=<MulBackward0>), 'prediction': tensor(497.1872, device='cuda:0', grad_fn=<MulBackward0>), 'true_values': tensor(-1)}
[8:2159]  loss_total_vae=726.330  loss_recon=0.000  loss_kld=251.226  loss_prediction=475.104  loss_true_values=-1.000  loss_total_vae_epoch=1120.627  
Losses: {'total_vae': tensor(1210.7284, device='cuda:0', grad_fn=<AddBackward0>), 'recon': tensor(0., device='cuda:0', grad_fn=<MulBackward0>), 'kld': tensor(281.5078, device='cuda:0', grad_fn=<MulBackward0>), 'prediction': tensor(391.7702, device='cuda:0', grad_fn=<MulBackward0>), 'true_values': tensor(537.4504, device='cuda:0', grad_fn=<MulBackward0>)}
[9:2399]  loss_total_vae=628.412  loss_recon=0.000  loss_kld=255.231  loss_prediction=373.181  loss_true_values=-1.000  loss_total_vae_epoch=1016.506  
Losses: {'total_vae': tensor(1157.0314, device='cuda:0', grad_fn=<AddBackward0>), 'recon': tensor(0., device='cuda:0', grad_fn=<MulBackward0>), 'kld': tensor(278.0779, device='cuda:0', grad_fn=<MulBackward0>), 'prediction': tensor(353.7130, device='cuda:0', grad_fn=<MulBackward0>), 'true_values': tensor(525.2405, device='cuda:0', grad_fn=<MulBackward0>)}
[10:2639]  loss_total_vae=495.702  loss_recon=0.000  loss_kld=248.247  loss_prediction=247.455  loss_true_values=-1.000  loss_total_vae_epoch=909.252  
Losses: {'total_vae': tensor(453.1235, device='cuda:0', grad_fn=<AddBackward0>), 'recon': tensor(0., device='cuda:0', grad_fn=<MulBackward0>), 'kld': tensor(260.8798, device='cuda:0', grad_fn=<MulBackward0>), 'prediction': tensor(192.2437, device='cuda:0', grad_fn=<MulBackward0>), 'true_values': tensor(-1)}
[11:2879]  loss_total_vae=1093.588  loss_recon=0.000  loss_kld=298.968  loss_prediction=232.653  loss_true_values=561.966  loss_total_vae_epoch=839.626  
Losses: {'total_vae': tensor(441.5615, device='cuda:0', grad_fn=<AddBackward0>), 'recon': tensor(0., device='cuda:0', grad_fn=<MulBackward0>), 'kld': tensor(284.7997, device='cuda:0', grad_fn=<MulBackward0>), 'prediction': tensor(156.7617, device='cuda:0', grad_fn=<MulBackward0>), 'true_values': tensor(-1)}
[12:3119]  loss_total_vae=977.687  loss_recon=0.000  loss_kld=289.390  loss_prediction=175.808  loss_true_values=512.490  loss_total_vae_epoch=781.568  
Losses: {'total_vae': tensor(374.4457, device='cuda:0', grad_fn=<AddBackward0>), 'recon': tensor(0., device='cuda:0', grad_fn=<MulBackward0>), 'kld': tensor(247.3677, device='cuda:0', grad_fn=<MulBackward0>), 'prediction': tensor(127.0780, device='cuda:0', grad_fn=<MulBackward0>), 'true_values': tensor(-1)}
[13:3359]  loss_total_vae=1017.589  loss_recon=0.000  loss_kld=330.379  loss_prediction=172.040  loss_true_values=515.169  loss_total_vae_epoch=747.007  
Losses: {'total_vae': tensor(969.2922, device='cuda:0', grad_fn=<AddBackward0>), 'recon': tensor(0., device='cuda:0', grad_fn=<MulBackward0>), 'kld': tensor(319.2434, device='cuda:0', grad_fn=<MulBackward0>), 'prediction': tensor(124.7911, device='cuda:0', grad_fn=<MulBackward0>), 'true_values': tensor(525.2577, device='cuda:0', grad_fn=<MulBackward0>)}
[14:3599]  loss_total_vae=972.989  loss_recon=0.000  loss_kld=273.868  loss_prediction=159.012  loss_true_values=540.109  loss_total_vae_epoch=727.707  
Losses: {'total_vae': tensor(337.7246, device='cuda:0', grad_fn=<AddBackward0>), 'recon': tensor(0., device='cuda:0', grad_fn=<MulBackward0>), 'kld': tensor(228.6876, device='cuda:0', grad_fn=<MulBackward0>), 'prediction': tensor(109.0370, device='cuda:0', grad_fn=<MulBackward0>), 'true_values': tensor(-1)}
[15:3839]  loss_total_vae=906.468  loss_recon=0.000  loss_kld=268.142  loss_prediction=141.042  loss_true_values=497.283  loss_total_vae_epoch=700.126  
Losses: {'total_vae': tensor(323.2743, device='cuda:0', grad_fn=<AddBackward0>), 'recon': tensor(0., device='cuda:0', grad_fn=<MulBackward0>), 'kld': tensor(226.9598, device='cuda:0', grad_fn=<MulBackward0>), 'prediction': tensor(96.3144, device='cuda:0', grad_fn=<MulBackward0>), 'true_values': tensor(-1)}
[16:4079]  loss_total_vae=1006.946  loss_recon=0.000  loss_kld=325.229  loss_prediction=155.188  loss_true_values=526.528  loss_total_vae_epoch=710.937  
Losses: {'total_vae': tensor(942.5359, device='cuda:0', grad_fn=<AddBackward0>), 'recon': tensor(0., device='cuda:0', grad_fn=<MulBackward0>), 'kld': tensor(252.7418, device='cuda:0', grad_fn=<MulBackward0>), 'prediction': tensor(133.2301, device='cuda:0', grad_fn=<MulBackward0>), 'true_values': tensor(556.5640, device='cuda:0', grad_fn=<MulBackward0>)}
[17:4319]  loss_total_vae=854.610  loss_recon=0.000  loss_kld=261.092  loss_prediction=120.103  loss_true_values=473.416  loss_total_vae_epoch=683.928  
Losses: {'total_vae': tensor(283.2246, device='cuda:0', grad_fn=<AddBackward0>), 'recon': tensor(0., device='cuda:0', grad_fn=<MulBackward0>), 'kld': tensor(204.7938, device='cuda:0', grad_fn=<MulBackward0>), 'prediction': tensor(78.4308, device='cuda:0', grad_fn=<MulBackward0>), 'true_values': tensor(-1)}
[18:4559]  loss_total_vae=294.809  loss_recon=0.000  loss_kld=194.704  loss_prediction=100.105  loss_true_values=-1.000  loss_total_vae_epoch=654.221  
Losses: {'total_vae': tensor(811.1630, device='cuda:0', grad_fn=<AddBackward0>), 'recon': tensor(0., device='cuda:0', grad_fn=<MulBackward0>), 'kld': tensor(284.2195, device='cuda:0', grad_fn=<MulBackward0>), 'prediction': tensor(61.5195, device='cuda:0', grad_fn=<MulBackward0>), 'true_values': tensor(465.4240, device='cuda:0', grad_fn=<MulBackward0>)}
[19:4799]  loss_total_vae=291.703  loss_recon=0.000  loss_kld=188.466  loss_prediction=103.237  loss_true_values=-1.000  loss_total_vae_epoch=650.994  
Losses: {'total_vae': tensor(803.4541, device='cuda:0', grad_fn=<AddBackward0>), 'recon': tensor(0., device='cuda:0', grad_fn=<MulBackward0>), 'kld': tensor(241.0501, device='cuda:0', grad_fn=<MulBackward0>), 'prediction': tensor(73.2592, device='cuda:0', grad_fn=<MulBackward0>), 'true_values': tensor(489.1448, device='cuda:0', grad_fn=<MulBackward0>)}
[20:5039]  loss_total_vae=911.150  loss_recon=0.000  loss_kld=263.265  loss_prediction=107.471  loss_true_values=540.414  loss_total_vae_epoch=623.094  
Losses: {'total_vae': tensor(270.7224, device='cuda:0', grad_fn=<AddBackward0>), 'recon': tensor(0., device='cuda:0', grad_fn=<MulBackward0>), 'kld': tensor(177.7814, device='cuda:0', grad_fn=<MulBackward0>), 'prediction': tensor(92.9409, device='cuda:0', grad_fn=<MulBackward0>), 'true_values': tensor(-1)}
[21:5279]  loss_total_vae=293.313  loss_recon=0.000  loss_kld=168.937  loss_prediction=124.375  loss_true_values=-1.000  loss_total_vae_epoch=636.110  
Losses: {'total_vae': tensor(254.2827, device='cuda:0', grad_fn=<AddBackward0>), 'recon': tensor(0., device='cuda:0', grad_fn=<MulBackward0>), 'kld': tensor(191.3694, device='cuda:0', grad_fn=<MulBackward0>), 'prediction': tensor(62.9133, device='cuda:0', grad_fn=<MulBackward0>), 'true_values': tensor(-1)}
[22:5519]  loss_total_vae=313.704  loss_recon=0.000  loss_kld=171.789  loss_prediction=141.915  loss_true_values=-1.000  loss_total_vae_epoch=623.418  
Losses: {'total_vae': tensor(795.6938, device='cuda:0', grad_fn=<AddBackward0>), 'recon': tensor(0., device='cuda:0', grad_fn=<MulBackward0>), 'kld': tensor(239.1506, device='cuda:0', grad_fn=<MulBackward0>), 'prediction': tensor(70.3913, device='cuda:0', grad_fn=<MulBackward0>), 'true_values': tensor(486.1519, device='cuda:0', grad_fn=<MulBackward0>)}
[23:5759]  loss_total_vae=784.485  loss_recon=0.000  loss_kld=207.032  loss_prediction=79.222  loss_true_values=498.231  loss_total_vae_epoch=617.565  
Losses: {'total_vae': tensor(276.9883, device='cuda:0', grad_fn=<AddBackward0>), 'recon': tensor(0., device='cuda:0', grad_fn=<MulBackward0>), 'kld': tensor(169.9272, device='cuda:0', grad_fn=<MulBackward0>), 'prediction': tensor(107.0611, device='cuda:0', grad_fn=<MulBackward0>), 'true_values': tensor(-1)}
[24:5999]  loss_total_vae=889.165  loss_recon=0.000  loss_kld=264.977  loss_prediction=93.876  loss_true_values=530.313  loss_total_vae_epoch=604.545  
Losses: {'total_vae': tensor(812.8976, device='cuda:0', grad_fn=<AddBackward0>), 'recon': tensor(0., device='cuda:0', grad_fn=<MulBackward0>), 'kld': tensor(238.6069, device='cuda:0', grad_fn=<MulBackward0>), 'prediction': tensor(77.2686, device='cuda:0', grad_fn=<MulBackward0>), 'true_values': tensor(497.0221, device='cuda:0', grad_fn=<MulBackward0>)}
[25:6239]  loss_total_vae=740.054  loss_recon=0.000  loss_kld=160.084  loss_prediction=77.073  loss_true_values=502.898  loss_total_vae_epoch=603.937  
Losses: {'total_vae': tensor(788.3260, device='cuda:0', grad_fn=<AddBackward0>), 'recon': tensor(0., device='cuda:0', grad_fn=<MulBackward0>), 'kld': tensor(221.7131, device='cuda:0', grad_fn=<MulBackward0>), 'prediction': tensor(77.7805, device='cuda:0', grad_fn=<MulBackward0>), 'true_values': tensor(488.8324, device='cuda:0', grad_fn=<MulBackward0>)}
[26:6479]  loss_total_vae=231.228  loss_recon=0.000  loss_kld=159.123  loss_prediction=72.105  loss_true_values=-1.000  loss_total_vae_epoch=573.307  
Losses: {'total_vae': tensor(214.9525, device='cuda:0', grad_fn=<AddBackward0>), 'recon': tensor(0., device='cuda:0', grad_fn=<MulBackward0>), 'kld': tensor(159.5269, device='cuda:0', grad_fn=<MulBackward0>), 'prediction': tensor(55.4256, device='cuda:0', grad_fn=<MulBackward0>), 'true_values': tensor(-1)}
[27:6719]  loss_total_vae=824.740  loss_recon=0.000  loss_kld=249.017  loss_prediction=77.197  loss_true_values=498.527  loss_total_vae_epoch=584.055  
Losses: {'total_vae': tensor(785.9962, device='cuda:0', grad_fn=<AddBackward0>), 'recon': tensor(0., device='cuda:0', grad_fn=<MulBackward0>), 'kld': tensor(260.8600, device='cuda:0', grad_fn=<MulBackward0>), 'prediction': tensor(62.5827, device='cuda:0', grad_fn=<MulBackward0>), 'true_values': tensor(462.5534, device='cuda:0', grad_fn=<MulBackward0>)}
[28:6959]  loss_total_vae=209.405  loss_recon=0.000  loss_kld=157.892  loss_prediction=51.514  loss_true_values=-1.000  loss_total_vae_epoch=560.635  
Losses: {'total_vae': tensor(191.1001, device='cuda:0', grad_fn=<AddBackward0>), 'recon': tensor(0., device='cuda:0', grad_fn=<MulBackward0>), 'kld': tensor(155.7489, device='cuda:0', grad_fn=<MulBackward0>), 'prediction': tensor(35.3512, device='cuda:0', grad_fn=<MulBackward0>), 'true_values': tensor(-1)}
[29:7199]  loss_total_vae=257.920  loss_recon=0.000  loss_kld=140.812  loss_prediction=117.108  loss_true_values=-1.000  loss_total_vae_epoch=560.941  
Losses: {'total_vae': tensor(202.3483, device='cuda:0', grad_fn=<AddBackward0>), 'recon': tensor(0., device='cuda:0', grad_fn=<MulBackward0>), 'kld': tensor(140.3044, device='cuda:0', grad_fn=<MulBackward0>), 'prediction': tensor(62.0440, device='cuda:0', grad_fn=<MulBackward0>), 'true_values': tensor(-1)}
[30:7439]  loss_total_vae=787.983  loss_recon=0.000  loss_kld=212.241  loss_prediction=102.058  loss_true_values=473.684  loss_total_vae_epoch=575.321  
Losses: {'total_vae': tensor(655.5244, device='cuda:0', grad_fn=<AddBackward0>), 'recon': tensor(0., device='cuda:0', grad_fn=<MulBackward0>), 'kld': tensor(147.7325, device='cuda:0', grad_fn=<MulBackward0>), 'prediction': tensor(68.7672, device='cuda:0', grad_fn=<MulBackward0>), 'true_values': tensor(439.0248, device='cuda:0', grad_fn=<MulBackward0>)}
[31:7679]  loss_total_vae=787.409  loss_recon=0.000  loss_kld=206.981  loss_prediction=80.723  loss_true_values=499.706  loss_total_vae_epoch=554.727  
Losses: {'total_vae': tensor(781.7864, device='cuda:0', grad_fn=<AddBackward0>), 'recon': tensor(0., device='cuda:0', grad_fn=<MulBackward0>), 'kld': tensor(246.7225, device='cuda:0', grad_fn=<MulBackward0>), 'prediction': tensor(80.6482, device='cuda:0', grad_fn=<MulBackward0>), 'true_values': tensor(454.4156, device='cuda:0', grad_fn=<MulBackward0>)}
[32:7919]  loss_total_vae=665.547  loss_recon=0.000  loss_kld=119.964  loss_prediction=76.460  loss_true_values=469.123  loss_total_vae_epoch=564.245  
Losses: {'total_vae': tensor(667.9630, device='cuda:0', grad_fn=<AddBackward0>), 'recon': tensor(0., device='cuda:0', grad_fn=<MulBackward0>), 'kld': tensor(137.1521, device='cuda:0', grad_fn=<MulBackward0>), 'prediction': tensor(59.0923, device='cuda:0', grad_fn=<MulBackward0>), 'true_values': tensor(471.7185, device='cuda:0', grad_fn=<MulBackward0>)}
[33:8159]  loss_total_vae=761.950  loss_recon=0.000  loss_kld=196.872  loss_prediction=61.324  loss_true_values=503.753  loss_total_vae_epoch=577.211  
Losses: {'total_vae': tensor(753.1783, device='cuda:0', grad_fn=<AddBackward0>), 'recon': tensor(0., device='cuda:0', grad_fn=<MulBackward0>), 'kld': tensor(215.9627, device='cuda:0', grad_fn=<MulBackward0>), 'prediction': tensor(44.2423, device='cuda:0', grad_fn=<MulBackward0>), 'true_values': tensor(492.9734, device='cuda:0', grad_fn=<MulBackward0>)}
[34:8399]  loss_total_vae=638.168  loss_recon=0.000  loss_kld=130.010  loss_prediction=46.153  loss_true_values=462.006  loss_total_vae_epoch=557.380  
Losses: {'total_vae': tensor(765.4379, device='cuda:0', grad_fn=<AddBackward0>), 'recon': tensor(0., device='cuda:0', grad_fn=<MulBackward0>), 'kld': tensor(188.2086, device='cuda:0', grad_fn=<MulBackward0>), 'prediction': tensor(72.9885, device='cuda:0', grad_fn=<MulBackward0>), 'true_values': tensor(504.2407, device='cuda:0', grad_fn=<MulBackward0>)}
[35:8639]  loss_total_vae=188.472  loss_recon=0.000  loss_kld=132.610  loss_prediction=55.862  loss_true_values=-1.000  loss_total_vae_epoch=566.832  
Losses: {'total_vae': tensor(201.8504, device='cuda:0', grad_fn=<AddBackward0>), 'recon': tensor(0., device='cuda:0', grad_fn=<MulBackward0>), 'kld': tensor(140.2628, device='cuda:0', grad_fn=<MulBackward0>), 'prediction': tensor(61.5877, device='cuda:0', grad_fn=<MulBackward0>), 'true_values': tensor(-1)}
[36:8879]  loss_total_vae=187.736  loss_recon=0.000  loss_kld=127.107  loss_prediction=60.629  loss_true_values=-1.000  loss_total_vae_epoch=552.535  
Losses: {'total_vae': tensor(707.3674, device='cuda:0', grad_fn=<AddBackward0>), 'recon': tensor(0., device='cuda:0', grad_fn=<MulBackward0>), 'kld': tensor(169.5787, device='cuda:0', grad_fn=<MulBackward0>), 'prediction': tensor(66.7582, device='cuda:0', grad_fn=<MulBackward0>), 'true_values': tensor(471.0306, device='cuda:0', grad_fn=<MulBackward0>)}
[37:9119]  loss_total_vae=188.223  loss_recon=0.000  loss_kld=129.368  loss_prediction=58.855  loss_true_values=-1.000  loss_total_vae_epoch=544.446  
Losses: {'total_vae': tensor(737.3114, device='cuda:0', grad_fn=<AddBackward0>), 'recon': tensor(0., device='cuda:0', grad_fn=<MulBackward0>), 'kld': tensor(191.9585, device='cuda:0', grad_fn=<MulBackward0>), 'prediction': tensor(52.9365, device='cuda:0', grad_fn=<MulBackward0>), 'true_values': tensor(492.4164, device='cuda:0', grad_fn=<MulBackward0>)}
[38:9359]  loss_total_vae=774.855  loss_recon=0.000  loss_kld=244.931  loss_prediction=50.814  loss_true_values=479.109  loss_total_vae_epoch=532.066  
Losses: {'total_vae': tensor(731.3518, device='cuda:0', grad_fn=<AddBackward0>), 'recon': tensor(0., device='cuda:0', grad_fn=<MulBackward0>), 'kld': tensor(272.0558, device='cuda:0', grad_fn=<MulBackward0>), 'prediction': tensor(42.4902, device='cuda:0', grad_fn=<MulBackward0>), 'true_values': tensor(416.8058, device='cuda:0', grad_fn=<MulBackward0>)}
[39:9599]  loss_total_vae=168.910  loss_recon=0.000  loss_kld=133.444  loss_prediction=35.467  loss_true_values=-1.000  loss_total_vae_epoch=523.196  
Losses: {'total_vae': tensor(794.8789, device='cuda:0', grad_fn=<AddBackward0>), 'recon': tensor(0., device='cuda:0', grad_fn=<MulBackward0>), 'kld': tensor(268.2416, device='cuda:0', grad_fn=<MulBackward0>), 'prediction': tensor(46.3100, device='cuda:0', grad_fn=<MulBackward0>), 'true_values': tensor(480.3273, device='cuda:0', grad_fn=<MulBackward0>)}
[40:9839]  loss_total_vae=193.227  loss_recon=0.000  loss_kld=124.580  loss_prediction=68.647  loss_true_values=-1.000  loss_total_vae_epoch=524.393  
Losses: {'total_vae': tensor(665.3436, device='cuda:0', grad_fn=<AddBackward0>), 'recon': tensor(0., device='cuda:0', grad_fn=<MulBackward0>), 'kld': tensor(122.6579, device='cuda:0', grad_fn=<MulBackward0>), 'prediction': tensor(87.2633, device='cuda:0', grad_fn=<MulBackward0>), 'true_values': tensor(455.4225, device='cuda:0', grad_fn=<MulBackward0>)}
[41:10079]  loss_total_vae=201.329  loss_recon=0.000  loss_kld=126.653  loss_prediction=74.676  loss_true_values=-1.000  loss_total_vae_epoch=536.921  
Losses: {'total_vae': tensor(181.0155, device='cuda:0', grad_fn=<AddBackward0>), 'recon': tensor(0., device='cuda:0', grad_fn=<MulBackward0>), 'kld': tensor(142.7453, device='cuda:0', grad_fn=<MulBackward0>), 'prediction': tensor(38.2702, device='cuda:0', grad_fn=<MulBackward0>), 'true_values': tensor(-1)}
[42:10319]  loss_total_vae=761.953  loss_recon=0.000  loss_kld=239.398  loss_prediction=36.745  loss_true_values=485.810  loss_total_vae_epoch=541.602  
Losses: {'total_vae': tensor(162.5875, device='cuda:0', grad_fn=<AddBackward0>), 'recon': tensor(0., device='cuda:0', grad_fn=<MulBackward0>), 'kld': tensor(125.1154, device='cuda:0', grad_fn=<MulBackward0>), 'prediction': tensor(37.4721, device='cuda:0', grad_fn=<MulBackward0>), 'true_values': tensor(-1)}
[43:10559]  loss_total_vae=185.485  loss_recon=0.000  loss_kld=122.274  loss_prediction=63.211  loss_true_values=-1.000  loss_total_vae_epoch=526.444  
Losses: {'total_vae': tensor(766.8167, device='cuda:0', grad_fn=<AddBackward0>), 'recon': tensor(0., device='cuda:0', grad_fn=<MulBackward0>), 'kld': tensor(249.1438, device='cuda:0', grad_fn=<MulBackward0>), 'prediction': tensor(34.5621, device='cuda:0', grad_fn=<MulBackward0>), 'true_values': tensor(483.1107, device='cuda:0', grad_fn=<MulBackward0>)}
[44:10799]  loss_total_vae=661.732  loss_recon=0.000  loss_kld=111.149  loss_prediction=89.423  loss_true_values=461.161  loss_total_vae_epoch=526.128  
Losses: {'total_vae': tensor(165.2775, device='cuda:0', grad_fn=<AddBackward0>), 'recon': tensor(0., device='cuda:0', grad_fn=<MulBackward0>), 'kld': tensor(136.4208, device='cuda:0', grad_fn=<MulBackward0>), 'prediction': tensor(28.8567, device='cuda:0', grad_fn=<MulBackward0>), 'true_values': tensor(-1)}
[45:11039]  loss_total_vae=712.087  loss_recon=0.000  loss_kld=184.365  loss_prediction=43.481  loss_true_values=484.240  loss_total_vae_epoch=526.395  
Losses: {'total_vae': tensor(714.0620, device='cuda:0', grad_fn=<AddBackward0>), 'recon': tensor(0., device='cuda:0', grad_fn=<MulBackward0>), 'kld': tensor(174.8809, device='cuda:0', grad_fn=<MulBackward0>), 'prediction': tensor(33.2524, device='cuda:0', grad_fn=<MulBackward0>), 'true_values': tensor(505.9287, device='cuda:0', grad_fn=<MulBackward0>)}
[46:11279]  loss_total_vae=170.366  loss_recon=0.000  loss_kld=122.520  loss_prediction=47.846  loss_true_values=-1.000  loss_total_vae_epoch=528.599  
Losses: {'total_vae': tensor(723.8921, device='cuda:0', grad_fn=<AddBackward0>), 'recon': tensor(0., device='cuda:0', grad_fn=<MulBackward0>), 'kld': tensor(183.2282, device='cuda:0', grad_fn=<MulBackward0>), 'prediction': tensor(52.5485, device='cuda:0', grad_fn=<MulBackward0>), 'true_values': tensor(488.1154, device='cuda:0', grad_fn=<MulBackward0>)}
[47:11519]  loss_total_vae=631.775  loss_recon=0.000  loss_kld=113.414  loss_prediction=38.557  loss_true_values=479.805  loss_total_vae_epoch=520.968  
Losses: {'total_vae': tensor(800.3621, device='cuda:0', grad_fn=<AddBackward0>), 'recon': tensor(0., device='cuda:0', grad_fn=<MulBackward0>), 'kld': tensor(259.5883, device='cuda:0', grad_fn=<MulBackward0>), 'prediction': tensor(33.4211, device='cuda:0', grad_fn=<MulBackward0>), 'true_values': tensor(507.3527, device='cuda:0', grad_fn=<MulBackward0>)}
[48:11759]  loss_total_vae=728.250  loss_recon=0.000  loss_kld=198.447  loss_prediction=54.480  loss_true_values=475.323  loss_total_vae_epoch=492.232  
Losses: {'total_vae': tensor(154.8846, device='cuda:0', grad_fn=<AddBackward0>), 'recon': tensor(0., device='cuda:0', grad_fn=<MulBackward0>), 'kld': tensor(124.2438, device='cuda:0', grad_fn=<MulBackward0>), 'prediction': tensor(30.6408, device='cuda:0', grad_fn=<MulBackward0>), 'true_values': tensor(-1)}
[49:11999]  loss_total_vae=713.371  loss_recon=0.000  loss_kld=204.474  loss_prediction=38.546  loss_true_values=470.351  loss_total_vae_epoch=498.928  
Losses: {'total_vae': tensor(143.3367, device='cuda:0', grad_fn=<AddBackward0>), 'recon': tensor(0., device='cuda:0', grad_fn=<MulBackward0>), 'kld': tensor(115.5930, device='cuda:0', grad_fn=<MulBackward0>), 'prediction': tensor(27.7437, device='cuda:0', grad_fn=<MulBackward0>), 'true_values': tensor(-1)}
[50:12239]  loss_total_vae=728.307  loss_recon=0.000  loss_kld=174.831  loss_prediction=64.058  loss_true_values=489.418  loss_total_vae_epoch=521.645  
Losses: {'total_vae': tensor(181.3884, device='cuda:0', grad_fn=<AddBackward0>), 'recon': tensor(0., device='cuda:0', grad_fn=<MulBackward0>), 'kld': tensor(110.5321, device='cuda:0', grad_fn=<MulBackward0>), 'prediction': tensor(70.8563, device='cuda:0', grad_fn=<MulBackward0>), 'true_values': tensor(-1)}
[51:12479]  loss_total_vae=638.549  loss_recon=0.000  loss_kld=108.821  loss_prediction=30.583  loss_true_values=499.144  loss_total_vae_epoch=509.491  
Losses: {'total_vae': tensor(734.3303, device='cuda:0', grad_fn=<AddBackward0>), 'recon': tensor(0., device='cuda:0', grad_fn=<MulBackward0>), 'kld': tensor(198.7318, device='cuda:0', grad_fn=<MulBackward0>), 'prediction': tensor(68.6066, device='cuda:0', grad_fn=<MulBackward0>), 'true_values': tensor(466.9919, device='cuda:0', grad_fn=<MulBackward0>)}
[52:12719]  loss_total_vae=684.694  loss_recon=0.000  loss_kld=183.663  loss_prediction=20.073  loss_true_values=480.958  loss_total_vae_epoch=506.465  
Losses: {'total_vae': tensor(636.3517, device='cuda:0', grad_fn=<AddBackward0>), 'recon': tensor(0., device='cuda:0', grad_fn=<MulBackward0>), 'kld': tensor(215.9164, device='cuda:0', grad_fn=<MulBackward0>), 'prediction': tensor(25.7981, device='cuda:0', grad_fn=<MulBackward0>), 'true_values': tensor(394.6371, device='cuda:0', grad_fn=<MulBackward0>)}
[53:12959]  loss_total_vae=686.149  loss_recon=0.000  loss_kld=181.834  loss_prediction=35.337  loss_true_values=468.979  loss_total_vae_epoch=508.565  
Losses: {'total_vae': tensor(147.3950, device='cuda:0', grad_fn=<AddBackward0>), 'recon': tensor(0., device='cuda:0', grad_fn=<MulBackward0>), 'kld': tensor(113.3985, device='cuda:0', grad_fn=<MulBackward0>), 'prediction': tensor(33.9965, device='cuda:0', grad_fn=<MulBackward0>), 'true_values': tensor(-1)}
[54:13199]  loss_total_vae=140.175  loss_recon=0.000  loss_kld=110.210  loss_prediction=29.964  loss_true_values=-1.000  loss_total_vae_epoch=486.160  
Losses: {'total_vae': tensor(717.4535, device='cuda:0', grad_fn=<AddBackward0>), 'recon': tensor(0., device='cuda:0', grad_fn=<MulBackward0>), 'kld': tensor(187.2640, device='cuda:0', grad_fn=<MulBackward0>), 'prediction': tensor(57.3506, device='cuda:0', grad_fn=<MulBackward0>), 'true_values': tensor(472.8389, device='cuda:0', grad_fn=<MulBackward0>)}
[55:13439]  loss_total_vae=124.177  loss_recon=0.000  loss_kld=106.400  loss_prediction=17.777  loss_true_values=-1.000  loss_total_vae_epoch=501.593  
Losses: {'total_vae': tensor(726.0299, device='cuda:0', grad_fn=<AddBackward0>), 'recon': tensor(0., device='cuda:0', grad_fn=<MulBackward0>), 'kld': tensor(175.2428, device='cuda:0', grad_fn=<MulBackward0>), 'prediction': tensor(53.9448, device='cuda:0', grad_fn=<MulBackward0>), 'true_values': tensor(496.8423, device='cuda:0', grad_fn=<MulBackward0>)}
[56:13679]  loss_total_vae=631.831  loss_recon=0.000  loss_kld=196.228  loss_prediction=33.101  loss_true_values=402.502  loss_total_vae_epoch=514.041  
Losses: {'total_vae': tensor(738.0956, device='cuda:0', grad_fn=<AddBackward0>), 'recon': tensor(0., device='cuda:0', grad_fn=<MulBackward0>), 'kld': tensor(237.0017, device='cuda:0', grad_fn=<MulBackward0>), 'prediction': tensor(14.2107, device='cuda:0', grad_fn=<MulBackward0>), 'true_values': tensor(486.8833, device='cuda:0', grad_fn=<MulBackward0>)}
[57:13919]  loss_total_vae=130.731  loss_recon=0.000  loss_kld=107.057  loss_prediction=23.674  loss_true_values=-1.000  loss_total_vae_epoch=503.280  
Losses: {'total_vae': tensor(678.8713, device='cuda:0', grad_fn=<AddBackward0>), 'recon': tensor(0., device='cuda:0', grad_fn=<MulBackward0>), 'kld': tensor(162.4732, device='cuda:0', grad_fn=<MulBackward0>), 'prediction': tensor(34.4329, device='cuda:0', grad_fn=<MulBackward0>), 'true_values': tensor(481.9652, device='cuda:0', grad_fn=<MulBackward0>)}
[58:14159]  loss_total_vae=674.439  loss_recon=0.000  loss_kld=168.241  loss_prediction=52.794  loss_true_values=453.404  loss_total_vae_epoch=512.521  
Losses: {'total_vae': tensor(621.1655, device='cuda:0', grad_fn=<AddBackward0>), 'recon': tensor(0., device='cuda:0', grad_fn=<MulBackward0>), 'kld': tensor(104.1697, device='cuda:0', grad_fn=<MulBackward0>), 'prediction': tensor(60.8576, device='cuda:0', grad_fn=<MulBackward0>), 'true_values': tensor(456.1382, device='cuda:0', grad_fn=<MulBackward0>)}
[59:14399]  loss_total_vae=739.197  loss_recon=0.000  loss_kld=233.272  loss_prediction=15.891  loss_true_values=490.034  loss_total_vae_epoch=483.688  
Losses: {'total_vae': tensor(679.0125, device='cuda:0', grad_fn=<AddBackward0>), 'recon': tensor(0., device='cuda:0', grad_fn=<MulBackward0>), 'kld': tensor(166.7715, device='cuda:0', grad_fn=<MulBackward0>), 'prediction': tensor(28.4159, device='cuda:0', grad_fn=<MulBackward0>), 'true_values': tensor(483.8250, device='cuda:0', grad_fn=<MulBackward0>)}
[60:14639]  loss_total_vae=742.579  loss_recon=0.000  loss_kld=153.513  loss_prediction=71.615  loss_true_values=517.451  loss_total_vae_epoch=499.925  
Losses: {'total_vae': tensor(139.9274, device='cuda:0', grad_fn=<AddBackward0>), 'recon': tensor(0., device='cuda:0', grad_fn=<MulBackward0>), 'kld': tensor(113.4767, device='cuda:0', grad_fn=<MulBackward0>), 'prediction': tensor(26.4507, device='cuda:0', grad_fn=<MulBackward0>), 'true_values': tensor(-1)}
[61:14879]  loss_total_vae=688.807  loss_recon=0.000  loss_kld=209.287  loss_prediction=21.695  loss_true_values=457.826  loss_total_vae_epoch=494.876  
Losses: {'total_vae': tensor(159.9872, device='cuda:0', grad_fn=<AddBackward0>), 'recon': tensor(0., device='cuda:0', grad_fn=<MulBackward0>), 'kld': tensor(104.5149, device='cuda:0', grad_fn=<MulBackward0>), 'prediction': tensor(55.4723, device='cuda:0', grad_fn=<MulBackward0>), 'true_values': tensor(-1)}
