name=slurm_script
Pre-Processing CelebA
labels (30000, 32)
All classes percentages: [0.2936666666666667, 0.2319, 0.12203333333333333, 0.18716666666666668, 0.16523333333333334, 0.0, 0.0, 0.0, 0.0, 0.0, 0.0, 0.0, 0.0, 0.0, 0.0, 0.0, 0.0, 0.0, 0.0, 0.0, 0.0, 0.0, 0.0, 0.0, 0.0, 0.0, 0.0, 0.0, 0.0, 0.0, 0.0, 0.0]
Initialized GrayVAE_Join model
## Initializing Train indexes
->path chosen:: logs/celebA__GrayVAE_Join__2022_04/11-23-01/train_runs
Losses: {'total_vae': tensor(7250.7051, device='cuda:0', grad_fn=<AddBackward0>), 'recon': tensor(0., device='cuda:0', grad_fn=<MulBackward0>), 'kld': tensor(25.0194, device='cuda:0', grad_fn=<MulBackward0>), 'prediction': tensor(1616.2860, device='cuda:0', grad_fn=<MulBackward0>), 'true_values': tensor(5609.3994, device='cuda:0', grad_fn=<MulBackward0>)}
[0:239]  loss_total_vae=4353.691  loss_recon=0.000  loss_kld=656.068  loss_prediction=1064.128  loss_true_values=2633.495  loss_total_vae_epoch=4828.268  
Losses: {'total_vae': tensor(4217.3984, device='cuda:0', grad_fn=<AddBackward0>), 'recon': tensor(0., device='cuda:0', grad_fn=<MulBackward0>), 'kld': tensor(647.0968, device='cuda:0', grad_fn=<MulBackward0>), 'prediction': tensor(1016.8134, device='cuda:0', grad_fn=<MulBackward0>), 'true_values': tensor(2553.4885, device='cuda:0', grad_fn=<MulBackward0>)}
[1:479]  loss_total_vae=4058.840  loss_recon=0.000  loss_kld=713.623  loss_prediction=938.820  loss_true_values=2406.397  loss_total_vae_epoch=4193.712  
Losses: {'total_vae': tensor(3910.8711, device='cuda:0', grad_fn=<AddBackward0>), 'recon': tensor(0., device='cuda:0', grad_fn=<MulBackward0>), 'kld': tensor(715.6527, device='cuda:0', grad_fn=<MulBackward0>), 'prediction': tensor(881.8441, device='cuda:0', grad_fn=<MulBackward0>), 'true_values': tensor(2313.3743, device='cuda:0', grad_fn=<MulBackward0>)}
[2:719]  loss_total_vae=3906.644  loss_recon=0.000  loss_kld=752.989  loss_prediction=805.475  loss_true_values=2348.180  loss_total_vae_epoch=3958.530  
Losses: {'total_vae': tensor(3736.4324, device='cuda:0', grad_fn=<AddBackward0>), 'recon': tensor(0., device='cuda:0', grad_fn=<MulBackward0>), 'kld': tensor(734.2496, device='cuda:0', grad_fn=<MulBackward0>), 'prediction': tensor(723.1854, device='cuda:0', grad_fn=<MulBackward0>), 'true_values': tensor(2278.9973, device='cuda:0', grad_fn=<MulBackward0>)}
[3:959]  loss_total_vae=3785.810  loss_recon=0.000  loss_kld=762.793  loss_prediction=733.910  loss_true_values=2289.108  loss_total_vae_epoch=3744.219  
Losses: {'total_vae': tensor(3580.3606, device='cuda:0', grad_fn=<AddBackward0>), 'recon': tensor(0., device='cuda:0', grad_fn=<MulBackward0>), 'kld': tensor(788.2306, device='cuda:0', grad_fn=<MulBackward0>), 'prediction': tensor(595.4782, device='cuda:0', grad_fn=<MulBackward0>), 'true_values': tensor(2196.6519, device='cuda:0', grad_fn=<MulBackward0>)}
[4:1199]  loss_total_vae=3502.526  loss_recon=0.000  loss_kld=799.361  loss_prediction=547.791  loss_true_values=2155.374  loss_total_vae_epoch=3510.084  
Losses: {'total_vae': tensor(3238.6479, device='cuda:0', grad_fn=<AddBackward0>), 'recon': tensor(0., device='cuda:0', grad_fn=<MulBackward0>), 'kld': tensor(805.3356, device='cuda:0', grad_fn=<MulBackward0>), 'prediction': tensor(452.7996, device='cuda:0', grad_fn=<MulBackward0>), 'true_values': tensor(1980.5126, device='cuda:0', grad_fn=<MulBackward0>)}
[5:1439]  loss_total_vae=3401.928  loss_recon=0.000  loss_kld=806.513  loss_prediction=479.092  loss_true_values=2116.323  loss_total_vae_epoch=3272.412  
Losses: {'total_vae': tensor(3134.6758, device='cuda:0', grad_fn=<AddBackward0>), 'recon': tensor(0., device='cuda:0', grad_fn=<MulBackward0>), 'kld': tensor(838.8013, device='cuda:0', grad_fn=<MulBackward0>), 'prediction': tensor(333.8659, device='cuda:0', grad_fn=<MulBackward0>), 'true_values': tensor(1962.0088, device='cuda:0', grad_fn=<MulBackward0>)}
[6:1679]  loss_total_vae=3052.620  loss_recon=0.000  loss_kld=893.355  loss_prediction=243.245  loss_true_values=1916.021  loss_total_vae_epoch=3071.770  
Losses: {'total_vae': tensor(2960.7866, device='cuda:0', grad_fn=<AddBackward0>), 'recon': tensor(0., device='cuda:0', grad_fn=<MulBackward0>), 'kld': tensor(885.1864, device='cuda:0', grad_fn=<MulBackward0>), 'prediction': tensor(238.0406, device='cuda:0', grad_fn=<MulBackward0>), 'true_values': tensor(1837.5596, device='cuda:0', grad_fn=<MulBackward0>)}
[7:1919]  loss_total_vae=2959.547  loss_recon=0.000  loss_kld=896.406  loss_prediction=247.222  loss_true_values=1815.919  loss_total_vae_epoch=2915.103  
Losses: {'total_vae': tensor(2763.4243, device='cuda:0', grad_fn=<AddBackward0>), 'recon': tensor(0., device='cuda:0', grad_fn=<MulBackward0>), 'kld': tensor(891.4108, device='cuda:0', grad_fn=<MulBackward0>), 'prediction': tensor(185.8829, device='cuda:0', grad_fn=<MulBackward0>), 'true_values': tensor(1686.1306, device='cuda:0', grad_fn=<MulBackward0>)}
[8:2159]  loss_total_vae=2771.196  loss_recon=0.000  loss_kld=889.090  loss_prediction=172.357  loss_true_values=1709.749  loss_total_vae_epoch=2783.697  
Losses: {'total_vae': tensor(2628.3550, device='cuda:0', grad_fn=<AddBackward0>), 'recon': tensor(0., device='cuda:0', grad_fn=<MulBackward0>), 'kld': tensor(877.7638, device='cuda:0', grad_fn=<MulBackward0>), 'prediction': tensor(138.7184, device='cuda:0', grad_fn=<MulBackward0>), 'true_values': tensor(1611.8728, device='cuda:0', grad_fn=<MulBackward0>)}
[9:2399]  loss_total_vae=2677.509  loss_recon=0.000  loss_kld=922.057  loss_prediction=136.431  loss_true_values=1619.021  loss_total_vae_epoch=2680.967  
Losses: {'total_vae': tensor(2631.4241, device='cuda:0', grad_fn=<AddBackward0>), 'recon': tensor(0., device='cuda:0', grad_fn=<MulBackward0>), 'kld': tensor(886.3928, device='cuda:0', grad_fn=<MulBackward0>), 'prediction': tensor(177.9938, device='cuda:0', grad_fn=<MulBackward0>), 'true_values': tensor(1567.0375, device='cuda:0', grad_fn=<MulBackward0>)}
[10:2639]  loss_total_vae=2569.824  loss_recon=0.000  loss_kld=934.521  loss_prediction=111.632  loss_true_values=1523.672  loss_total_vae_epoch=2597.932  
Losses: {'total_vae': tensor(2518.5229, device='cuda:0', grad_fn=<AddBackward0>), 'recon': tensor(0., device='cuda:0', grad_fn=<MulBackward0>), 'kld': tensor(912.6837, device='cuda:0', grad_fn=<MulBackward0>), 'prediction': tensor(127.3918, device='cuda:0', grad_fn=<MulBackward0>), 'true_values': tensor(1478.4474, device='cuda:0', grad_fn=<MulBackward0>)}
[11:2879]  loss_total_vae=2585.062  loss_recon=0.000  loss_kld=952.533  loss_prediction=114.752  loss_true_values=1517.778  loss_total_vae_epoch=2537.181  
Losses: {'total_vae': tensor(2508.9578, device='cuda:0', grad_fn=<AddBackward0>), 'recon': tensor(0., device='cuda:0', grad_fn=<MulBackward0>), 'kld': tensor(930.1400, device='cuda:0', grad_fn=<MulBackward0>), 'prediction': tensor(120.2367, device='cuda:0', grad_fn=<MulBackward0>), 'true_values': tensor(1458.5811, device='cuda:0', grad_fn=<MulBackward0>)}
[12:3119]  loss_total_vae=2488.853  loss_recon=0.000  loss_kld=914.068  loss_prediction=106.274  loss_true_values=1468.510  loss_total_vae_epoch=2483.984  
Losses: {'total_vae': tensor(2436.8735, device='cuda:0', grad_fn=<AddBackward0>), 'recon': tensor(0., device='cuda:0', grad_fn=<MulBackward0>), 'kld': tensor(932.2485, device='cuda:0', grad_fn=<MulBackward0>), 'prediction': tensor(95.5291, device='cuda:0', grad_fn=<MulBackward0>), 'true_values': tensor(1409.0959, device='cuda:0', grad_fn=<MulBackward0>)}
[13:3359]  loss_total_vae=2432.297  loss_recon=0.000  loss_kld=941.595  loss_prediction=90.741  loss_true_values=1399.961  loss_total_vae_epoch=2443.537  
Losses: {'total_vae': tensor(2380.1892, device='cuda:0', grad_fn=<AddBackward0>), 'recon': tensor(0., device='cuda:0', grad_fn=<MulBackward0>), 'kld': tensor(941.1620, device='cuda:0', grad_fn=<MulBackward0>), 'prediction': tensor(88.4337, device='cuda:0', grad_fn=<MulBackward0>), 'true_values': tensor(1350.5935, device='cuda:0', grad_fn=<MulBackward0>)}
[14:3599]  loss_total_vae=2445.534  loss_recon=0.000  loss_kld=929.060  loss_prediction=108.788  loss_true_values=1407.686  loss_total_vae_epoch=2407.581  
Losses: {'total_vae': tensor(2372.9895, device='cuda:0', grad_fn=<AddBackward0>), 'recon': tensor(0., device='cuda:0', grad_fn=<MulBackward0>), 'kld': tensor(934.4331, device='cuda:0', grad_fn=<MulBackward0>), 'prediction': tensor(77.2145, device='cuda:0', grad_fn=<MulBackward0>), 'true_values': tensor(1361.3419, device='cuda:0', grad_fn=<MulBackward0>)}
[15:3839]  loss_total_vae=2392.759  loss_recon=0.000  loss_kld=930.354  loss_prediction=92.832  loss_true_values=1369.574  loss_total_vae_epoch=2377.743  
Losses: {'total_vae': tensor(2323.1760, device='cuda:0', grad_fn=<AddBackward0>), 'recon': tensor(0., device='cuda:0', grad_fn=<MulBackward0>), 'kld': tensor(914.9867, device='cuda:0', grad_fn=<MulBackward0>), 'prediction': tensor(80.5739, device='cuda:0', grad_fn=<MulBackward0>), 'true_values': tensor(1327.6154, device='cuda:0', grad_fn=<MulBackward0>)}
[16:4079]  loss_total_vae=2346.547  loss_recon=0.000  loss_kld=902.060  loss_prediction=78.668  loss_true_values=1365.819  loss_total_vae_epoch=2350.577  
Losses: {'total_vae': tensor(2360.6885, device='cuda:0', grad_fn=<AddBackward0>), 'recon': tensor(0., device='cuda:0', grad_fn=<MulBackward0>), 'kld': tensor(947.2402, device='cuda:0', grad_fn=<MulBackward0>), 'prediction': tensor(87.9533, device='cuda:0', grad_fn=<MulBackward0>), 'true_values': tensor(1325.4948, device='cuda:0', grad_fn=<MulBackward0>)}
[17:4319]  loss_total_vae=2295.599  loss_recon=0.000  loss_kld=938.400  loss_prediction=63.110  loss_true_values=1294.089  loss_total_vae_epoch=2332.175  
Losses: {'total_vae': tensor(2307.7725, device='cuda:0', grad_fn=<AddBackward0>), 'recon': tensor(0., device='cuda:0', grad_fn=<MulBackward0>), 'kld': tensor(962.2347, device='cuda:0', grad_fn=<MulBackward0>), 'prediction': tensor(61.8970, device='cuda:0', grad_fn=<MulBackward0>), 'true_values': tensor(1283.6407, device='cuda:0', grad_fn=<MulBackward0>)}
[18:4559]  loss_total_vae=2301.538  loss_recon=0.000  loss_kld=908.829  loss_prediction=67.193  loss_true_values=1325.517  loss_total_vae_epoch=2315.661  
Losses: {'total_vae': tensor(2282.0098, device='cuda:0', grad_fn=<AddBackward0>), 'recon': tensor(0., device='cuda:0', grad_fn=<MulBackward0>), 'kld': tensor(951.4474, device='cuda:0', grad_fn=<MulBackward0>), 'prediction': tensor(47.6471, device='cuda:0', grad_fn=<MulBackward0>), 'true_values': tensor(1282.9152, device='cuda:0', grad_fn=<MulBackward0>)}
[19:4799]  loss_total_vae=2281.207  loss_recon=0.000  loss_kld=914.563  loss_prediction=60.734  loss_true_values=1305.910  loss_total_vae_epoch=2300.312  
Losses: {'total_vae': tensor(2244.7168, device='cuda:0', grad_fn=<AddBackward0>), 'recon': tensor(0., device='cuda:0', grad_fn=<MulBackward0>), 'kld': tensor(935.3128, device='cuda:0', grad_fn=<MulBackward0>), 'prediction': tensor(47.8186, device='cuda:0', grad_fn=<MulBackward0>), 'true_values': tensor(1261.5853, device='cuda:0', grad_fn=<MulBackward0>)}
[20:5039]  loss_total_vae=2287.349  loss_recon=0.000  loss_kld=901.374  loss_prediction=65.532  loss_true_values=1320.443  loss_total_vae_epoch=2286.827  
Losses: {'total_vae': tensor(2272.0771, device='cuda:0', grad_fn=<AddBackward0>), 'recon': tensor(0., device='cuda:0', grad_fn=<MulBackward0>), 'kld': tensor(919.0817, device='cuda:0', grad_fn=<MulBackward0>), 'prediction': tensor(61.3085, device='cuda:0', grad_fn=<MulBackward0>), 'true_values': tensor(1291.6869, device='cuda:0', grad_fn=<MulBackward0>)}
[21:5279]  loss_total_vae=2276.977  loss_recon=0.000  loss_kld=892.773  loss_prediction=69.800  loss_true_values=1314.404  loss_total_vae_epoch=2274.295  
Losses: {'total_vae': tensor(2264.2852, device='cuda:0', grad_fn=<AddBackward0>), 'recon': tensor(0., device='cuda:0', grad_fn=<MulBackward0>), 'kld': tensor(937.4392, device='cuda:0', grad_fn=<MulBackward0>), 'prediction': tensor(40.6960, device='cuda:0', grad_fn=<MulBackward0>), 'true_values': tensor(1286.1499, device='cuda:0', grad_fn=<MulBackward0>)}
[22:5519]  loss_total_vae=2300.227  loss_recon=0.000  loss_kld=903.997  loss_prediction=89.613  loss_true_values=1306.616  loss_total_vae_epoch=2265.746  
Losses: {'total_vae': tensor(2253.4778, device='cuda:0', grad_fn=<AddBackward0>), 'recon': tensor(0., device='cuda:0', grad_fn=<MulBackward0>), 'kld': tensor(911.8840, device='cuda:0', grad_fn=<MulBackward0>), 'prediction': tensor(53.9732, device='cuda:0', grad_fn=<MulBackward0>), 'true_values': tensor(1287.6205, device='cuda:0', grad_fn=<MulBackward0>)}
[23:5759]  loss_total_vae=2259.611  loss_recon=0.000  loss_kld=904.564  loss_prediction=53.237  loss_true_values=1301.810  loss_total_vae_epoch=2255.098  
Losses: {'total_vae': tensor(2291.5576, device='cuda:0', grad_fn=<AddBackward0>), 'recon': tensor(0., device='cuda:0', grad_fn=<MulBackward0>), 'kld': tensor(945.5377, device='cuda:0', grad_fn=<MulBackward0>), 'prediction': tensor(56.0901, device='cuda:0', grad_fn=<MulBackward0>), 'true_values': tensor(1289.9299, device='cuda:0', grad_fn=<MulBackward0>)}
[24:5999]  loss_total_vae=2291.919  loss_recon=0.000  loss_kld=944.451  loss_prediction=69.131  loss_true_values=1278.338  loss_total_vae_epoch=2251.045  
Losses: {'total_vae': tensor(2218.6982, device='cuda:0', grad_fn=<AddBackward0>), 'recon': tensor(0., device='cuda:0', grad_fn=<MulBackward0>), 'kld': tensor(927.9504, device='cuda:0', grad_fn=<MulBackward0>), 'prediction': tensor(43.2658, device='cuda:0', grad_fn=<MulBackward0>), 'true_values': tensor(1247.4822, device='cuda:0', grad_fn=<MulBackward0>)}
[25:6239]  loss_total_vae=2224.849  loss_recon=0.000  loss_kld=912.783  loss_prediction=38.237  loss_true_values=1273.829  loss_total_vae_epoch=2239.295  
Losses: {'total_vae': tensor(2194.8315, device='cuda:0', grad_fn=<AddBackward0>), 'recon': tensor(0., device='cuda:0', grad_fn=<MulBackward0>), 'kld': tensor(901.6334, device='cuda:0', grad_fn=<MulBackward0>), 'prediction': tensor(55.6998, device='cuda:0', grad_fn=<MulBackward0>), 'true_values': tensor(1237.4984, device='cuda:0', grad_fn=<MulBackward0>)}
[26:6479]  loss_total_vae=2220.484  loss_recon=0.000  loss_kld=887.538  loss_prediction=40.528  loss_true_values=1292.417  loss_total_vae_epoch=2234.332  
Losses: {'total_vae': tensor(2212.8047, device='cuda:0', grad_fn=<AddBackward0>), 'recon': tensor(0., device='cuda:0', grad_fn=<MulBackward0>), 'kld': tensor(912.5591, device='cuda:0', grad_fn=<MulBackward0>), 'prediction': tensor(41.7298, device='cuda:0', grad_fn=<MulBackward0>), 'true_values': tensor(1258.5159, device='cuda:0', grad_fn=<MulBackward0>)}
[27:6719]  loss_total_vae=2230.549  loss_recon=0.000  loss_kld=920.444  loss_prediction=38.299  loss_true_values=1271.806  loss_total_vae_epoch=2225.618  
Losses: {'total_vae': tensor(2245.0898, device='cuda:0', grad_fn=<AddBackward0>), 'recon': tensor(0., device='cuda:0', grad_fn=<MulBackward0>), 'kld': tensor(936.9293, device='cuda:0', grad_fn=<MulBackward0>), 'prediction': tensor(50.2567, device='cuda:0', grad_fn=<MulBackward0>), 'true_values': tensor(1257.9037, device='cuda:0', grad_fn=<MulBackward0>)}
[28:6959]  loss_total_vae=2217.920  loss_recon=0.000  loss_kld=915.127  loss_prediction=34.968  loss_true_values=1267.825  loss_total_vae_epoch=2216.893  
Losses: {'total_vae': tensor(2188.1138, device='cuda:0', grad_fn=<AddBackward0>), 'recon': tensor(0., device='cuda:0', grad_fn=<MulBackward0>), 'kld': tensor(878.0498, device='cuda:0', grad_fn=<MulBackward0>), 'prediction': tensor(38.5286, device='cuda:0', grad_fn=<MulBackward0>), 'true_values': tensor(1271.5354, device='cuda:0', grad_fn=<MulBackward0>)}
[29:7199]  loss_total_vae=2229.956  loss_recon=0.000  loss_kld=922.417  loss_prediction=45.312  loss_true_values=1262.227  loss_total_vae_epoch=2215.303  
Losses: {'total_vae': tensor(2207.8379, device='cuda:0', grad_fn=<AddBackward0>), 'recon': tensor(0., device='cuda:0', grad_fn=<MulBackward0>), 'kld': tensor(903.3466, device='cuda:0', grad_fn=<MulBackward0>), 'prediction': tensor(32.1315, device='cuda:0', grad_fn=<MulBackward0>), 'true_values': tensor(1272.3599, device='cuda:0', grad_fn=<MulBackward0>)}
[30:7439]  loss_total_vae=2200.253  loss_recon=0.000  loss_kld=889.306  loss_prediction=41.716  loss_true_values=1269.231  loss_total_vae_epoch=2209.573  
Losses: {'total_vae': tensor(2215.8145, device='cuda:0', grad_fn=<AddBackward0>), 'recon': tensor(0., device='cuda:0', grad_fn=<MulBackward0>), 'kld': tensor(942.6043, device='cuda:0', grad_fn=<MulBackward0>), 'prediction': tensor(35.5998, device='cuda:0', grad_fn=<MulBackward0>), 'true_values': tensor(1237.6105, device='cuda:0', grad_fn=<MulBackward0>)}
[31:7679]  loss_total_vae=2215.871  loss_recon=0.000  loss_kld=904.774  loss_prediction=39.031  loss_true_values=1272.066  loss_total_vae_epoch=2202.957  
Losses: {'total_vae': tensor(2197.6484, device='cuda:0', grad_fn=<AddBackward0>), 'recon': tensor(0., device='cuda:0', grad_fn=<MulBackward0>), 'kld': tensor(923.2040, device='cuda:0', grad_fn=<MulBackward0>), 'prediction': tensor(37.3791, device='cuda:0', grad_fn=<MulBackward0>), 'true_values': tensor(1237.0653, device='cuda:0', grad_fn=<MulBackward0>)}
[32:7919]  loss_total_vae=2193.984  loss_recon=0.000  loss_kld=889.206  loss_prediction=42.066  loss_true_values=1262.712  loss_total_vae_epoch=2199.679  
Losses: {'total_vae': tensor(2185.1289, device='cuda:0', grad_fn=<AddBackward0>), 'recon': tensor(0., device='cuda:0', grad_fn=<MulBackward0>), 'kld': tensor(904.0925, device='cuda:0', grad_fn=<MulBackward0>), 'prediction': tensor(40.6022, device='cuda:0', grad_fn=<MulBackward0>), 'true_values': tensor(1240.4341, device='cuda:0', grad_fn=<MulBackward0>)}
[33:8159]  loss_total_vae=2213.911  loss_recon=0.000  loss_kld=886.916  loss_prediction=57.688  loss_true_values=1269.307  loss_total_vae_epoch=2195.831  
Losses: {'total_vae': tensor(2182.1946, device='cuda:0', grad_fn=<AddBackward0>), 'recon': tensor(0., device='cuda:0', grad_fn=<MulBackward0>), 'kld': tensor(915.8276, device='cuda:0', grad_fn=<MulBackward0>), 'prediction': tensor(32.3244, device='cuda:0', grad_fn=<MulBackward0>), 'true_values': tensor(1234.0426, device='cuda:0', grad_fn=<MulBackward0>)}
[34:8399]  loss_total_vae=2168.495  loss_recon=0.000  loss_kld=896.592  loss_prediction=23.010  loss_true_values=1248.892  loss_total_vae_epoch=2193.131  
Losses: {'total_vae': tensor(2191.5308, device='cuda:0', grad_fn=<AddBackward0>), 'recon': tensor(0., device='cuda:0', grad_fn=<MulBackward0>), 'kld': tensor(930.8060, device='cuda:0', grad_fn=<MulBackward0>), 'prediction': tensor(29.5690, device='cuda:0', grad_fn=<MulBackward0>), 'true_values': tensor(1231.1559, device='cuda:0', grad_fn=<MulBackward0>)}
[35:8639]  loss_total_vae=2231.942  loss_recon=0.000  loss_kld=890.665  loss_prediction=92.945  loss_true_values=1248.333  loss_total_vae_epoch=2188.809  
Losses: {'total_vae': tensor(2185.9980, device='cuda:0', grad_fn=<AddBackward0>), 'recon': tensor(0., device='cuda:0', grad_fn=<MulBackward0>), 'kld': tensor(917.4872, device='cuda:0', grad_fn=<MulBackward0>), 'prediction': tensor(29.9708, device='cuda:0', grad_fn=<MulBackward0>), 'true_values': tensor(1238.5402, device='cuda:0', grad_fn=<MulBackward0>)}
[36:8879]  loss_total_vae=2182.969  loss_recon=0.000  loss_kld=883.249  loss_prediction=25.148  loss_true_values=1274.571  loss_total_vae_epoch=2185.923  
Losses: {'total_vae': tensor(2173.0740, device='cuda:0', grad_fn=<AddBackward0>), 'recon': tensor(0., device='cuda:0', grad_fn=<MulBackward0>), 'kld': tensor(906.6611, device='cuda:0', grad_fn=<MulBackward0>), 'prediction': tensor(27.2352, device='cuda:0', grad_fn=<MulBackward0>), 'true_values': tensor(1239.1776, device='cuda:0', grad_fn=<MulBackward0>)}
[37:9119]  loss_total_vae=2214.504  loss_recon=0.000  loss_kld=884.708  loss_prediction=51.800  loss_true_values=1277.996  loss_total_vae_epoch=2180.803  
Losses: {'total_vae': tensor(2181.7710, device='cuda:0', grad_fn=<AddBackward0>), 'recon': tensor(0., device='cuda:0', grad_fn=<MulBackward0>), 'kld': tensor(905.1172, device='cuda:0', grad_fn=<MulBackward0>), 'prediction': tensor(37.5360, device='cuda:0', grad_fn=<MulBackward0>), 'true_values': tensor(1239.1178, device='cuda:0', grad_fn=<MulBackward0>)}
[38:9359]  loss_total_vae=2173.749  loss_recon=0.000  loss_kld=897.427  loss_prediction=36.583  loss_true_values=1239.739  loss_total_vae_epoch=2178.431  
Losses: {'total_vae': tensor(2166.2637, device='cuda:0', grad_fn=<AddBackward0>), 'recon': tensor(0., device='cuda:0', grad_fn=<MulBackward0>), 'kld': tensor(895.9014, device='cuda:0', grad_fn=<MulBackward0>), 'prediction': tensor(22.0557, device='cuda:0', grad_fn=<MulBackward0>), 'true_values': tensor(1248.3068, device='cuda:0', grad_fn=<MulBackward0>)}
[39:9599]  loss_total_vae=2159.106  loss_recon=0.000  loss_kld=888.972  loss_prediction=21.578  loss_true_values=1248.556  loss_total_vae_epoch=2176.612  
Losses: {'total_vae': tensor(2192.1465, device='cuda:0', grad_fn=<AddBackward0>), 'recon': tensor(0., device='cuda:0', grad_fn=<MulBackward0>), 'kld': tensor(916.7109, device='cuda:0', grad_fn=<MulBackward0>), 'prediction': tensor(25.8498, device='cuda:0', grad_fn=<MulBackward0>), 'true_values': tensor(1249.5856, device='cuda:0', grad_fn=<MulBackward0>)}
[40:9839]  loss_total_vae=2172.929  loss_recon=0.000  loss_kld=874.903  loss_prediction=36.010  loss_true_values=1262.016  loss_total_vae_epoch=2174.354  
Losses: {'total_vae': tensor(2165.9023, device='cuda:0', grad_fn=<AddBackward0>), 'recon': tensor(0., device='cuda:0', grad_fn=<MulBackward0>), 'kld': tensor(875.5026, device='cuda:0', grad_fn=<MulBackward0>), 'prediction': tensor(37.7823, device='cuda:0', grad_fn=<MulBackward0>), 'true_values': tensor(1252.6173, device='cuda:0', grad_fn=<MulBackward0>)}
[41:10079]  loss_total_vae=2167.430  loss_recon=0.000  loss_kld=894.736  loss_prediction=19.641  loss_true_values=1253.053  loss_total_vae_epoch=2166.270  
Losses: {'total_vae': tensor(2194.3994, device='cuda:0', grad_fn=<AddBackward0>), 'recon': tensor(0., device='cuda:0', grad_fn=<MulBackward0>), 'kld': tensor(924.8237, device='cuda:0', grad_fn=<MulBackward0>), 'prediction': tensor(22.6957, device='cuda:0', grad_fn=<MulBackward0>), 'true_values': tensor(1246.8801, device='cuda:0', grad_fn=<MulBackward0>)}
[42:10319]  loss_total_vae=2192.603  loss_recon=0.000  loss_kld=914.047  loss_prediction=34.942  loss_true_values=1243.614  loss_total_vae_epoch=2164.279  
Losses: {'total_vae': tensor(2149.8582, device='cuda:0', grad_fn=<AddBackward0>), 'recon': tensor(0., device='cuda:0', grad_fn=<MulBackward0>), 'kld': tensor(878.3024, device='cuda:0', grad_fn=<MulBackward0>), 'prediction': tensor(19.6679, device='cuda:0', grad_fn=<MulBackward0>), 'true_values': tensor(1251.8879, device='cuda:0', grad_fn=<MulBackward0>)}
[43:10559]  loss_total_vae=2173.434  loss_recon=0.000  loss_kld=917.722  loss_prediction=27.723  loss_true_values=1227.989  loss_total_vae_epoch=2168.555  
Losses: {'total_vae': tensor(2181.0637, device='cuda:0', grad_fn=<AddBackward0>), 'recon': tensor(0., device='cuda:0', grad_fn=<MulBackward0>), 'kld': tensor(902.4689, device='cuda:0', grad_fn=<MulBackward0>), 'prediction': tensor(43.7167, device='cuda:0', grad_fn=<MulBackward0>), 'true_values': tensor(1234.8782, device='cuda:0', grad_fn=<MulBackward0>)}
[44:10799]  loss_total_vae=2162.169  loss_recon=0.000  loss_kld=848.684  loss_prediction=25.110  loss_true_values=1288.375  loss_total_vae_epoch=2166.669  
Losses: {'total_vae': tensor(2164.2378, device='cuda:0', grad_fn=<AddBackward0>), 'recon': tensor(0., device='cuda:0', grad_fn=<MulBackward0>), 'kld': tensor(880.6006, device='cuda:0', grad_fn=<MulBackward0>), 'prediction': tensor(29.0237, device='cuda:0', grad_fn=<MulBackward0>), 'true_values': tensor(1254.6135, device='cuda:0', grad_fn=<MulBackward0>)}
[45:11039]  loss_total_vae=2135.602  loss_recon=0.000  loss_kld=896.570  loss_prediction=14.914  loss_true_values=1224.119  loss_total_vae_epoch=2159.755  
Losses: {'total_vae': tensor(2183.1497, device='cuda:0', grad_fn=<AddBackward0>), 'recon': tensor(0., device='cuda:0', grad_fn=<MulBackward0>), 'kld': tensor(897.6384, device='cuda:0', grad_fn=<MulBackward0>), 'prediction': tensor(26.1170, device='cuda:0', grad_fn=<MulBackward0>), 'true_values': tensor(1259.3942, device='cuda:0', grad_fn=<MulBackward0>)}
[46:11279]  loss_total_vae=2164.598  loss_recon=0.000  loss_kld=908.162  loss_prediction=37.670  loss_true_values=1218.766  loss_total_vae_epoch=2155.853  
Losses: {'total_vae': tensor(2185.5964, device='cuda:0', grad_fn=<AddBackward0>), 'recon': tensor(0., device='cuda:0', grad_fn=<MulBackward0>), 'kld': tensor(911.8488, device='cuda:0', grad_fn=<MulBackward0>), 'prediction': tensor(24.8411, device='cuda:0', grad_fn=<MulBackward0>), 'true_values': tensor(1248.9065, device='cuda:0', grad_fn=<MulBackward0>)}
[47:11519]  loss_total_vae=2160.261  loss_recon=0.000  loss_kld=897.981  loss_prediction=22.556  loss_true_values=1239.724  loss_total_vae_epoch=2154.718  
Losses: {'total_vae': tensor(2139.8281, device='cuda:0', grad_fn=<AddBackward0>), 'recon': tensor(0., device='cuda:0', grad_fn=<MulBackward0>), 'kld': tensor(881.3315, device='cuda:0', grad_fn=<MulBackward0>), 'prediction': tensor(21.4255, device='cuda:0', grad_fn=<MulBackward0>), 'true_values': tensor(1237.0710, device='cuda:0', grad_fn=<MulBackward0>)}
[48:11759]  loss_total_vae=2139.092  loss_recon=0.000  loss_kld=887.068  loss_prediction=22.584  loss_true_values=1229.441  loss_total_vae_epoch=2157.921  
Losses: {'total_vae': tensor(2193.8403, device='cuda:0', grad_fn=<AddBackward0>), 'recon': tensor(0., device='cuda:0', grad_fn=<MulBackward0>), 'kld': tensor(908.3096, device='cuda:0', grad_fn=<MulBackward0>), 'prediction': tensor(26.6174, device='cuda:0', grad_fn=<MulBackward0>), 'true_values': tensor(1258.9132, device='cuda:0', grad_fn=<MulBackward0>)}
[49:11999]  loss_total_vae=2144.773  loss_recon=0.000  loss_kld=900.625  loss_prediction=15.865  loss_true_values=1228.283  loss_total_vae_epoch=2153.234  
Losses: {'total_vae': tensor(2126.0845, device='cuda:0', grad_fn=<AddBackward0>), 'recon': tensor(0., device='cuda:0', grad_fn=<MulBackward0>), 'kld': tensor(881.9540, device='cuda:0', grad_fn=<MulBackward0>), 'prediction': tensor(16.1499, device='cuda:0', grad_fn=<MulBackward0>), 'true_values': tensor(1227.9806, device='cuda:0', grad_fn=<MulBackward0>)}
[50:12239]  loss_total_vae=2173.689  loss_recon=0.000  loss_kld=876.200  loss_prediction=30.023  loss_true_values=1267.466  loss_total_vae_epoch=2150.109  
Losses: {'total_vae': tensor(2169.0493, device='cuda:0', grad_fn=<AddBackward0>), 'recon': tensor(0., device='cuda:0', grad_fn=<MulBackward0>), 'kld': tensor(905.5340, device='cuda:0', grad_fn=<MulBackward0>), 'prediction': tensor(29.9395, device='cuda:0', grad_fn=<MulBackward0>), 'true_values': tensor(1233.5759, device='cuda:0', grad_fn=<MulBackward0>)}
[51:12479]  loss_total_vae=2118.542  loss_recon=0.000  loss_kld=893.057  loss_prediction=9.689  loss_true_values=1215.795  loss_total_vae_epoch=2152.141  
Losses: {'total_vae': tensor(2154.5945, device='cuda:0', grad_fn=<AddBackward0>), 'recon': tensor(0., device='cuda:0', grad_fn=<MulBackward0>), 'kld': tensor(898.8589, device='cuda:0', grad_fn=<MulBackward0>), 'prediction': tensor(19.5794, device='cuda:0', grad_fn=<MulBackward0>), 'true_values': tensor(1236.1561, device='cuda:0', grad_fn=<MulBackward0>)}
[52:12719]  loss_total_vae=2155.653  loss_recon=0.000  loss_kld=881.353  loss_prediction=20.569  loss_true_values=1253.730  loss_total_vae_epoch=2146.629  
Losses: {'total_vae': tensor(2169.2139, device='cuda:0', grad_fn=<AddBackward0>), 'recon': tensor(0., device='cuda:0', grad_fn=<MulBackward0>), 'kld': tensor(907.7201, device='cuda:0', grad_fn=<MulBackward0>), 'prediction': tensor(19.5789, device='cuda:0', grad_fn=<MulBackward0>), 'true_values': tensor(1241.9149, device='cuda:0', grad_fn=<MulBackward0>)}
[53:12959]  loss_total_vae=2140.489  loss_recon=0.000  loss_kld=867.445  loss_prediction=25.111  loss_true_values=1247.932  loss_total_vae_epoch=2143.327  
Losses: {'total_vae': tensor(2110.5808, device='cuda:0', grad_fn=<AddBackward0>), 'recon': tensor(0., device='cuda:0', grad_fn=<MulBackward0>), 'kld': tensor(883.4708, device='cuda:0', grad_fn=<MulBackward0>), 'prediction': tensor(19.9531, device='cuda:0', grad_fn=<MulBackward0>), 'true_values': tensor(1207.1569, device='cuda:0', grad_fn=<MulBackward0>)}
[54:13199]  loss_total_vae=2158.164  loss_recon=0.000  loss_kld=846.435  loss_prediction=31.845  loss_true_values=1279.884  loss_total_vae_epoch=2146.184  
Losses: {'total_vae': tensor(2122.0703, device='cuda:0', grad_fn=<AddBackward0>), 'recon': tensor(0., device='cuda:0', grad_fn=<MulBackward0>), 'kld': tensor(870.6042, device='cuda:0', grad_fn=<MulBackward0>), 'prediction': tensor(18.4508, device='cuda:0', grad_fn=<MulBackward0>), 'true_values': tensor(1233.0154, device='cuda:0', grad_fn=<MulBackward0>)}
[55:13439]  loss_total_vae=2125.147  loss_recon=0.000  loss_kld=872.677  loss_prediction=11.243  loss_true_values=1241.228  loss_total_vae_epoch=2142.718  
Losses: {'total_vae': tensor(2126.4985, device='cuda:0', grad_fn=<AddBackward0>), 'recon': tensor(0., device='cuda:0', grad_fn=<MulBackward0>), 'kld': tensor(876.0047, device='cuda:0', grad_fn=<MulBackward0>), 'prediction': tensor(26.4147, device='cuda:0', grad_fn=<MulBackward0>), 'true_values': tensor(1224.0791, device='cuda:0', grad_fn=<MulBackward0>)}
[56:13679]  loss_total_vae=2125.495  loss_recon=0.000  loss_kld=896.511  loss_prediction=15.514  loss_true_values=1213.469  loss_total_vae_epoch=2143.667  
Losses: {'total_vae': tensor(2147.8110, device='cuda:0', grad_fn=<AddBackward0>), 'recon': tensor(0., device='cuda:0', grad_fn=<MulBackward0>), 'kld': tensor(895.7920, device='cuda:0', grad_fn=<MulBackward0>), 'prediction': tensor(15.2094, device='cuda:0', grad_fn=<MulBackward0>), 'true_values': tensor(1236.8097, device='cuda:0', grad_fn=<MulBackward0>)}
[57:13919]  loss_total_vae=2141.537  loss_recon=0.000  loss_kld=877.180  loss_prediction=13.155  loss_true_values=1251.202  loss_total_vae_epoch=2139.083  
Losses: {'total_vae': tensor(2143.6912, device='cuda:0', grad_fn=<AddBackward0>), 'recon': tensor(0., device='cuda:0', grad_fn=<MulBackward0>), 'kld': tensor(899.1314, device='cuda:0', grad_fn=<MulBackward0>), 'prediction': tensor(25.2002, device='cuda:0', grad_fn=<MulBackward0>), 'true_values': tensor(1219.3595, device='cuda:0', grad_fn=<MulBackward0>)}
[58:14159]  loss_total_vae=2139.473  loss_recon=0.000  loss_kld=881.444  loss_prediction=19.610  loss_true_values=1238.419  loss_total_vae_epoch=2137.817  
Losses: {'total_vae': tensor(2140.5085, device='cuda:0', grad_fn=<AddBackward0>), 'recon': tensor(0., device='cuda:0', grad_fn=<MulBackward0>), 'kld': tensor(886.0200, device='cuda:0', grad_fn=<MulBackward0>), 'prediction': tensor(34.7579, device='cuda:0', grad_fn=<MulBackward0>), 'true_values': tensor(1219.7306, device='cuda:0', grad_fn=<MulBackward0>)}
[59:14399]  loss_total_vae=2128.913  loss_recon=0.000  loss_kld=889.305  loss_prediction=9.888  loss_true_values=1229.721  loss_total_vae_epoch=2136.457  
Losses: {'total_vae': tensor(2129.0625, device='cuda:0', grad_fn=<AddBackward0>), 'recon': tensor(0., device='cuda:0', grad_fn=<MulBackward0>), 'kld': tensor(887.5414, device='cuda:0', grad_fn=<MulBackward0>), 'prediction': tensor(27.2446, device='cuda:0', grad_fn=<MulBackward0>), 'true_values': tensor(1214.2765, device='cuda:0', grad_fn=<MulBackward0>)}
[60:14639]  loss_total_vae=2131.301  loss_recon=0.000  loss_kld=884.424  loss_prediction=14.893  loss_true_values=1231.983  loss_total_vae_epoch=2134.112  
Losses: {'total_vae': tensor(2122.0552, device='cuda:0', grad_fn=<AddBackward0>), 'recon': tensor(0., device='cuda:0', grad_fn=<MulBackward0>), 'kld': tensor(864.1005, device='cuda:0', grad_fn=<MulBackward0>), 'prediction': tensor(15.4062, device='cuda:0', grad_fn=<MulBackward0>), 'true_values': tensor(1242.5485, device='cuda:0', grad_fn=<MulBackward0>)}
[61:14879]  loss_total_vae=2122.020  loss_recon=0.000  loss_kld=883.598  loss_prediction=17.252  loss_true_values=1221.169  loss_total_vae_epoch=2134.985  
Losses: {'total_vae': tensor(2158.0850, device='cuda:0', grad_fn=<AddBackward0>), 'recon': tensor(0., device='cuda:0', grad_fn=<MulBackward0>), 'kld': tensor(891.4099, device='cuda:0', grad_fn=<MulBackward0>), 'prediction': tensor(44.2549, device='cuda:0', grad_fn=<MulBackward0>), 'true_values': tensor(1222.4203, device='cuda:0', grad_fn=<MulBackward0>)}
