name=slurm_script
Pre-Processing CelebA
Created the simple conv64 with channels 3
Initialized GrayVAE_Join model
Created the simple conv64 with channels 3
<class 'argparse.Namespace'>
## Initializing Train indexes
->path chosen:: logs/celebA__GrayVAE_Join__2022_04/07-14/train_runs
Losses: {'total_vae': tensor(0.8073, device='cuda:0', grad_fn=<AddBackward0>), 'recon': tensor(0., device='cuda:0', grad_fn=<MulBackward0>), 'kld': tensor(0., device='cuda:0', grad_fn=<MulBackward0>), 'prediction': tensor(0., device='cuda:0', grad_fn=<MulBackward0>), 'true_values': tensor(0.8073, device='cuda:0', grad_fn=<MulBackward0>)}
[0:374]  loss_total_vae=0.350  loss_recon=0.000  loss_kld=0.000  loss_prediction=0.000  loss_true_values=0.350  loss_total_vae_epoch=0.443  
Losses: {'total_vae': tensor(0.3772, device='cuda:0', grad_fn=<AddBackward0>), 'recon': tensor(0., device='cuda:0', grad_fn=<MulBackward0>), 'kld': tensor(0., device='cuda:0', grad_fn=<MulBackward0>), 'prediction': tensor(0., device='cuda:0', grad_fn=<MulBackward0>), 'true_values': tensor(0.3772, device='cuda:0', grad_fn=<MulBackward0>)}
[1:749]  loss_total_vae=0.318  loss_recon=0.000  loss_kld=0.000  loss_prediction=0.000  loss_true_values=0.318  loss_total_vae_epoch=0.332  
Losses: {'total_vae': tensor(0.3025, device='cuda:0', grad_fn=<AddBackward0>), 'recon': tensor(0., device='cuda:0', grad_fn=<MulBackward0>), 'kld': tensor(0., device='cuda:0', grad_fn=<MulBackward0>), 'prediction': tensor(0., device='cuda:0', grad_fn=<MulBackward0>), 'true_values': tensor(0.3025, device='cuda:0', grad_fn=<MulBackward0>)}
[2:1124]  loss_total_vae=0.283  loss_recon=0.000  loss_kld=0.000  loss_prediction=0.000  loss_true_values=0.283  loss_total_vae_epoch=0.291  
Losses: {'total_vae': tensor(0.2716, device='cuda:0', grad_fn=<AddBackward0>), 'recon': tensor(0., device='cuda:0', grad_fn=<MulBackward0>), 'kld': tensor(0., device='cuda:0', grad_fn=<MulBackward0>), 'prediction': tensor(0., device='cuda:0', grad_fn=<MulBackward0>), 'true_values': tensor(0.2716, device='cuda:0', grad_fn=<MulBackward0>)}
[3:1499]  loss_total_vae=0.279  loss_recon=0.000  loss_kld=0.000  loss_prediction=0.000  loss_true_values=0.279  loss_total_vae_epoch=0.274  
Losses: {'total_vae': tensor(0.2658, device='cuda:0', grad_fn=<AddBackward0>), 'recon': tensor(0., device='cuda:0', grad_fn=<MulBackward0>), 'kld': tensor(0., device='cuda:0', grad_fn=<MulBackward0>), 'prediction': tensor(0., device='cuda:0', grad_fn=<MulBackward0>), 'true_values': tensor(0.2658, device='cuda:0', grad_fn=<MulBackward0>)}
[4:1874]  loss_total_vae=0.266  loss_recon=0.000  loss_kld=0.000  loss_prediction=0.000  loss_true_values=0.266  loss_total_vae_epoch=0.263  
Losses: {'total_vae': tensor(0.2683, device='cuda:0', grad_fn=<AddBackward0>), 'recon': tensor(0., device='cuda:0', grad_fn=<MulBackward0>), 'kld': tensor(0., device='cuda:0', grad_fn=<MulBackward0>), 'prediction': tensor(0., device='cuda:0', grad_fn=<MulBackward0>), 'true_values': tensor(0.2683, device='cuda:0', grad_fn=<MulBackward0>)}
[5:2249]  loss_total_vae=0.253  loss_recon=0.000  loss_kld=0.000  loss_prediction=0.000  loss_true_values=0.253  loss_total_vae_epoch=0.253  
Losses: {'total_vae': tensor(0.2515, device='cuda:0', grad_fn=<AddBackward0>), 'recon': tensor(0., device='cuda:0', grad_fn=<MulBackward0>), 'kld': tensor(0., device='cuda:0', grad_fn=<MulBackward0>), 'prediction': tensor(0., device='cuda:0', grad_fn=<MulBackward0>), 'true_values': tensor(0.2515, device='cuda:0', grad_fn=<MulBackward0>)}
[6:2624]  loss_total_vae=0.251  loss_recon=0.000  loss_kld=0.000  loss_prediction=0.000  loss_true_values=0.251  loss_total_vae_epoch=0.245  
Losses: {'total_vae': tensor(0.2427, device='cuda:0', grad_fn=<AddBackward0>), 'recon': tensor(0., device='cuda:0', grad_fn=<MulBackward0>), 'kld': tensor(0., device='cuda:0', grad_fn=<MulBackward0>), 'prediction': tensor(0., device='cuda:0', grad_fn=<MulBackward0>), 'true_values': tensor(0.2427, device='cuda:0', grad_fn=<MulBackward0>)}
[7:2999]  loss_total_vae=0.239  loss_recon=0.000  loss_kld=0.000  loss_prediction=0.000  loss_true_values=0.239  loss_total_vae_epoch=0.238  
Losses: {'total_vae': tensor(0.2271, device='cuda:0', grad_fn=<AddBackward0>), 'recon': tensor(0., device='cuda:0', grad_fn=<MulBackward0>), 'kld': tensor(0., device='cuda:0', grad_fn=<MulBackward0>), 'prediction': tensor(0., device='cuda:0', grad_fn=<MulBackward0>), 'true_values': tensor(0.2271, device='cuda:0', grad_fn=<MulBackward0>)}
[8:3374]  loss_total_vae=0.247  loss_recon=0.000  loss_kld=0.000  loss_prediction=0.000  loss_true_values=0.247  loss_total_vae_epoch=0.231  
Losses: {'total_vae': tensor(0.2307, device='cuda:0', grad_fn=<AddBackward0>), 'recon': tensor(0., device='cuda:0', grad_fn=<MulBackward0>), 'kld': tensor(0., device='cuda:0', grad_fn=<MulBackward0>), 'prediction': tensor(0., device='cuda:0', grad_fn=<MulBackward0>), 'true_values': tensor(0.2307, device='cuda:0', grad_fn=<MulBackward0>)}
[9:3749]  loss_total_vae=0.222  loss_recon=0.000  loss_kld=0.000  loss_prediction=0.000  loss_true_values=0.222  loss_total_vae_epoch=0.224  
Losses: {'total_vae': tensor(0.2101, device='cuda:0', grad_fn=<AddBackward0>), 'recon': tensor(0., device='cuda:0', grad_fn=<MulBackward0>), 'kld': tensor(0., device='cuda:0', grad_fn=<MulBackward0>), 'prediction': tensor(0., device='cuda:0', grad_fn=<MulBackward0>), 'true_values': tensor(0.2101, device='cuda:0', grad_fn=<MulBackward0>)}
[10:4124]  loss_total_vae=0.236  loss_recon=0.000  loss_kld=0.000  loss_prediction=0.000  loss_true_values=0.236  loss_total_vae_epoch=0.216  
Losses: {'total_vae': tensor(0.2042, device='cuda:0', grad_fn=<AddBackward0>), 'recon': tensor(0., device='cuda:0', grad_fn=<MulBackward0>), 'kld': tensor(0., device='cuda:0', grad_fn=<MulBackward0>), 'prediction': tensor(0., device='cuda:0', grad_fn=<MulBackward0>), 'true_values': tensor(0.2042, device='cuda:0', grad_fn=<MulBackward0>)}
[11:4499]  loss_total_vae=0.225  loss_recon=0.000  loss_kld=0.000  loss_prediction=0.000  loss_true_values=0.225  loss_total_vae_epoch=0.209  
Losses: {'total_vae': tensor(0.1951, device='cuda:0', grad_fn=<AddBackward0>), 'recon': tensor(0., device='cuda:0', grad_fn=<MulBackward0>), 'kld': tensor(0., device='cuda:0', grad_fn=<MulBackward0>), 'prediction': tensor(0., device='cuda:0', grad_fn=<MulBackward0>), 'true_values': tensor(0.1951, device='cuda:0', grad_fn=<MulBackward0>)}
[12:4874]  loss_total_vae=0.198  loss_recon=0.000  loss_kld=0.000  loss_prediction=0.000  loss_true_values=0.198  loss_total_vae_epoch=0.202  
Losses: {'total_vae': tensor(0.1722, device='cuda:0', grad_fn=<AddBackward0>), 'recon': tensor(0., device='cuda:0', grad_fn=<MulBackward0>), 'kld': tensor(0., device='cuda:0', grad_fn=<MulBackward0>), 'prediction': tensor(0., device='cuda:0', grad_fn=<MulBackward0>), 'true_values': tensor(0.1722, device='cuda:0', grad_fn=<MulBackward0>)}
[13:5249]  loss_total_vae=0.188  loss_recon=0.000  loss_kld=0.000  loss_prediction=0.000  loss_true_values=0.188  loss_total_vae_epoch=0.193  
Losses: {'total_vae': tensor(0.1839, device='cuda:0', grad_fn=<AddBackward0>), 'recon': tensor(0., device='cuda:0', grad_fn=<MulBackward0>), 'kld': tensor(0., device='cuda:0', grad_fn=<MulBackward0>), 'prediction': tensor(0., device='cuda:0', grad_fn=<MulBackward0>), 'true_values': tensor(0.1839, device='cuda:0', grad_fn=<MulBackward0>)}
[14:5624]  loss_total_vae=0.192  loss_recon=0.000  loss_kld=0.000  loss_prediction=0.000  loss_true_values=0.192  loss_total_vae_epoch=0.184  
Losses: {'total_vae': tensor(0.1699, device='cuda:0', grad_fn=<AddBackward0>), 'recon': tensor(0., device='cuda:0', grad_fn=<MulBackward0>), 'kld': tensor(0., device='cuda:0', grad_fn=<MulBackward0>), 'prediction': tensor(0., device='cuda:0', grad_fn=<MulBackward0>), 'true_values': tensor(0.1699, device='cuda:0', grad_fn=<MulBackward0>)}
[15:5999]  loss_total_vae=0.175  loss_recon=0.000  loss_kld=0.000  loss_prediction=0.000  loss_true_values=0.175  loss_total_vae_epoch=0.176  
Losses: {'total_vae': tensor(0.1571, device='cuda:0', grad_fn=<AddBackward0>), 'recon': tensor(0., device='cuda:0', grad_fn=<MulBackward0>), 'kld': tensor(0., device='cuda:0', grad_fn=<MulBackward0>), 'prediction': tensor(0., device='cuda:0', grad_fn=<MulBackward0>), 'true_values': tensor(0.1571, device='cuda:0', grad_fn=<MulBackward0>)}
[16:6374]  loss_total_vae=0.162  loss_recon=0.000  loss_kld=0.000  loss_prediction=0.000  loss_true_values=0.162  loss_total_vae_epoch=0.167  
Losses: {'total_vae': tensor(0.1681, device='cuda:0', grad_fn=<AddBackward0>), 'recon': tensor(0., device='cuda:0', grad_fn=<MulBackward0>), 'kld': tensor(0., device='cuda:0', grad_fn=<MulBackward0>), 'prediction': tensor(0., device='cuda:0', grad_fn=<MulBackward0>), 'true_values': tensor(0.1681, device='cuda:0', grad_fn=<MulBackward0>)}
[17:6749]  loss_total_vae=0.173  loss_recon=0.000  loss_kld=0.000  loss_prediction=0.000  loss_true_values=0.173  loss_total_vae_epoch=0.158  
Losses: {'total_vae': tensor(0.1324, device='cuda:0', grad_fn=<AddBackward0>), 'recon': tensor(0., device='cuda:0', grad_fn=<MulBackward0>), 'kld': tensor(0., device='cuda:0', grad_fn=<MulBackward0>), 'prediction': tensor(0., device='cuda:0', grad_fn=<MulBackward0>), 'true_values': tensor(0.1324, device='cuda:0', grad_fn=<MulBackward0>)}
[18:7124]  loss_total_vae=0.161  loss_recon=0.000  loss_kld=0.000  loss_prediction=0.000  loss_true_values=0.161  loss_total_vae_epoch=0.149  
Losses: {'total_vae': tensor(0.1397, device='cuda:0', grad_fn=<AddBackward0>), 'recon': tensor(0., device='cuda:0', grad_fn=<MulBackward0>), 'kld': tensor(0., device='cuda:0', grad_fn=<MulBackward0>), 'prediction': tensor(0., device='cuda:0', grad_fn=<MulBackward0>), 'true_values': tensor(0.1397, device='cuda:0', grad_fn=<MulBackward0>)}
[19:7499]  loss_total_vae=0.150  loss_recon=0.000  loss_kld=0.000  loss_prediction=0.000  loss_true_values=0.150  loss_total_vae_epoch=0.140  
Losses: {'total_vae': tensor(0.1234, device='cuda:0', grad_fn=<AddBackward0>), 'recon': tensor(0., device='cuda:0', grad_fn=<MulBackward0>), 'kld': tensor(0., device='cuda:0', grad_fn=<MulBackward0>), 'prediction': tensor(0., device='cuda:0', grad_fn=<MulBackward0>), 'true_values': tensor(0.1234, device='cuda:0', grad_fn=<MulBackward0>)}
[20:7874]  loss_total_vae=0.146  loss_recon=0.000  loss_kld=0.000  loss_prediction=0.000  loss_true_values=0.146  loss_total_vae_epoch=0.132  
Losses: {'total_vae': tensor(0.1195, device='cuda:0', grad_fn=<AddBackward0>), 'recon': tensor(0., device='cuda:0', grad_fn=<MulBackward0>), 'kld': tensor(0., device='cuda:0', grad_fn=<MulBackward0>), 'prediction': tensor(0., device='cuda:0', grad_fn=<MulBackward0>), 'true_values': tensor(0.1195, device='cuda:0', grad_fn=<MulBackward0>)}
[21:8249]  loss_total_vae=0.119  loss_recon=0.000  loss_kld=0.000  loss_prediction=0.000  loss_true_values=0.119  loss_total_vae_epoch=0.123  
Losses: {'total_vae': tensor(0.1174, device='cuda:0', grad_fn=<AddBackward0>), 'recon': tensor(0., device='cuda:0', grad_fn=<MulBackward0>), 'kld': tensor(0., device='cuda:0', grad_fn=<MulBackward0>), 'prediction': tensor(0., device='cuda:0', grad_fn=<MulBackward0>), 'true_values': tensor(0.1174, device='cuda:0', grad_fn=<MulBackward0>)}
[22:8624]  loss_total_vae=0.154  loss_recon=0.000  loss_kld=0.000  loss_prediction=0.000  loss_true_values=0.154  loss_total_vae_epoch=0.116  
Losses: {'total_vae': tensor(0.0938, device='cuda:0', grad_fn=<AddBackward0>), 'recon': tensor(0., device='cuda:0', grad_fn=<MulBackward0>), 'kld': tensor(0., device='cuda:0', grad_fn=<MulBackward0>), 'prediction': tensor(0., device='cuda:0', grad_fn=<MulBackward0>), 'true_values': tensor(0.0938, device='cuda:0', grad_fn=<MulBackward0>)}
[23:8999]  loss_total_vae=0.118  loss_recon=0.000  loss_kld=0.000  loss_prediction=0.000  loss_true_values=0.118  loss_total_vae_epoch=0.109  
Losses: {'total_vae': tensor(0.0967, device='cuda:0', grad_fn=<AddBackward0>), 'recon': tensor(0., device='cuda:0', grad_fn=<MulBackward0>), 'kld': tensor(0., device='cuda:0', grad_fn=<MulBackward0>), 'prediction': tensor(0., device='cuda:0', grad_fn=<MulBackward0>), 'true_values': tensor(0.0967, device='cuda:0', grad_fn=<MulBackward0>)}
[24:9374]  loss_total_vae=0.110  loss_recon=0.000  loss_kld=0.000  loss_prediction=0.000  loss_true_values=0.110  loss_total_vae_epoch=0.102  
Losses: {'total_vae': tensor(0.0861, device='cuda:0', grad_fn=<AddBackward0>), 'recon': tensor(0., device='cuda:0', grad_fn=<MulBackward0>), 'kld': tensor(0., device='cuda:0', grad_fn=<MulBackward0>), 'prediction': tensor(0., device='cuda:0', grad_fn=<MulBackward0>), 'true_values': tensor(0.0861, device='cuda:0', grad_fn=<MulBackward0>)}
[25:9749]  loss_total_vae=0.093  loss_recon=0.000  loss_kld=0.000  loss_prediction=0.000  loss_true_values=0.093  loss_total_vae_epoch=0.095  
Losses: {'total_vae': tensor(0.0931, device='cuda:0', grad_fn=<AddBackward0>), 'recon': tensor(0., device='cuda:0', grad_fn=<MulBackward0>), 'kld': tensor(0., device='cuda:0', grad_fn=<MulBackward0>), 'prediction': tensor(0., device='cuda:0', grad_fn=<MulBackward0>), 'true_values': tensor(0.0931, device='cuda:0', grad_fn=<MulBackward0>)}
[26:10124]  loss_total_vae=0.107  loss_recon=0.000  loss_kld=0.000  loss_prediction=0.000  loss_true_values=0.107  loss_total_vae_epoch=0.090  
Losses: {'total_vae': tensor(0.0834, device='cuda:0', grad_fn=<AddBackward0>), 'recon': tensor(0., device='cuda:0', grad_fn=<MulBackward0>), 'kld': tensor(0., device='cuda:0', grad_fn=<MulBackward0>), 'prediction': tensor(0., device='cuda:0', grad_fn=<MulBackward0>), 'true_values': tensor(0.0834, device='cuda:0', grad_fn=<MulBackward0>)}
[27:10499]  loss_total_vae=0.095  loss_recon=0.000  loss_kld=0.000  loss_prediction=0.000  loss_true_values=0.095  loss_total_vae_epoch=0.084  
Losses: {'total_vae': tensor(0.0631, device='cuda:0', grad_fn=<AddBackward0>), 'recon': tensor(0., device='cuda:0', grad_fn=<MulBackward0>), 'kld': tensor(0., device='cuda:0', grad_fn=<MulBackward0>), 'prediction': tensor(0., device='cuda:0', grad_fn=<MulBackward0>), 'true_values': tensor(0.0631, device='cuda:0', grad_fn=<MulBackward0>)}
[28:10874]  loss_total_vae=0.100  loss_recon=0.000  loss_kld=0.000  loss_prediction=0.000  loss_true_values=0.100  loss_total_vae_epoch=0.079  
Losses: {'total_vae': tensor(0.0760, device='cuda:0', grad_fn=<AddBackward0>), 'recon': tensor(0., device='cuda:0', grad_fn=<MulBackward0>), 'kld': tensor(0., device='cuda:0', grad_fn=<MulBackward0>), 'prediction': tensor(0., device='cuda:0', grad_fn=<MulBackward0>), 'true_values': tensor(0.0760, device='cuda:0', grad_fn=<MulBackward0>)}
[29:11249]  loss_total_vae=0.094  loss_recon=0.000  loss_kld=0.000  loss_prediction=0.000  loss_true_values=0.094  loss_total_vae_epoch=0.075  
Losses: {'total_vae': tensor(0.0623, device='cuda:0', grad_fn=<AddBackward0>), 'recon': tensor(0., device='cuda:0', grad_fn=<MulBackward0>), 'kld': tensor(0., device='cuda:0', grad_fn=<MulBackward0>), 'prediction': tensor(0., device='cuda:0', grad_fn=<MulBackward0>), 'true_values': tensor(0.0623, device='cuda:0', grad_fn=<MulBackward0>)}
[30:11624]  loss_total_vae=0.094  loss_recon=0.000  loss_kld=0.000  loss_prediction=0.000  loss_true_values=0.094  loss_total_vae_epoch=0.070  
Losses: {'total_vae': tensor(0.0522, device='cuda:0', grad_fn=<AddBackward0>), 'recon': tensor(0., device='cuda:0', grad_fn=<MulBackward0>), 'kld': tensor(0., device='cuda:0', grad_fn=<MulBackward0>), 'prediction': tensor(0., device='cuda:0', grad_fn=<MulBackward0>), 'true_values': tensor(0.0522, device='cuda:0', grad_fn=<MulBackward0>)}
[31:11999]  loss_total_vae=0.076  loss_recon=0.000  loss_kld=0.000  loss_prediction=0.000  loss_true_values=0.076  loss_total_vae_epoch=0.067  
Losses: {'total_vae': tensor(0.0507, device='cuda:0', grad_fn=<AddBackward0>), 'recon': tensor(0., device='cuda:0', grad_fn=<MulBackward0>), 'kld': tensor(0., device='cuda:0', grad_fn=<MulBackward0>), 'prediction': tensor(0., device='cuda:0', grad_fn=<MulBackward0>), 'true_values': tensor(0.0507, device='cuda:0', grad_fn=<MulBackward0>)}
[32:12374]  loss_total_vae=0.072  loss_recon=0.000  loss_kld=0.000  loss_prediction=0.000  loss_true_values=0.072  loss_total_vae_epoch=0.063  
Losses: {'total_vae': tensor(0.0628, device='cuda:0', grad_fn=<AddBackward0>), 'recon': tensor(0., device='cuda:0', grad_fn=<MulBackward0>), 'kld': tensor(0., device='cuda:0', grad_fn=<MulBackward0>), 'prediction': tensor(0., device='cuda:0', grad_fn=<MulBackward0>), 'true_values': tensor(0.0628, device='cuda:0', grad_fn=<MulBackward0>)}
[33:12749]  loss_total_vae=0.068  loss_recon=0.000  loss_kld=0.000  loss_prediction=0.000  loss_true_values=0.068  loss_total_vae_epoch=0.059  
Losses: {'total_vae': tensor(0.0534, device='cuda:0', grad_fn=<AddBackward0>), 'recon': tensor(0., device='cuda:0', grad_fn=<MulBackward0>), 'kld': tensor(0., device='cuda:0', grad_fn=<MulBackward0>), 'prediction': tensor(0., device='cuda:0', grad_fn=<MulBackward0>), 'true_values': tensor(0.0534, device='cuda:0', grad_fn=<MulBackward0>)}
[34:13124]  loss_total_vae=0.070  loss_recon=0.000  loss_kld=0.000  loss_prediction=0.000  loss_true_values=0.070  loss_total_vae_epoch=0.056  
Losses: {'total_vae': tensor(0.0444, device='cuda:0', grad_fn=<AddBackward0>), 'recon': tensor(0., device='cuda:0', grad_fn=<MulBackward0>), 'kld': tensor(0., device='cuda:0', grad_fn=<MulBackward0>), 'prediction': tensor(0., device='cuda:0', grad_fn=<MulBackward0>), 'true_values': tensor(0.0444, device='cuda:0', grad_fn=<MulBackward0>)}
[35:13499]  loss_total_vae=0.058  loss_recon=0.000  loss_kld=0.000  loss_prediction=0.000  loss_true_values=0.058  loss_total_vae_epoch=0.053  
Losses: {'total_vae': tensor(0.0361, device='cuda:0', grad_fn=<AddBackward0>), 'recon': tensor(0., device='cuda:0', grad_fn=<MulBackward0>), 'kld': tensor(0., device='cuda:0', grad_fn=<MulBackward0>), 'prediction': tensor(0., device='cuda:0', grad_fn=<MulBackward0>), 'true_values': tensor(0.0361, device='cuda:0', grad_fn=<MulBackward0>)}
[36:13874]  loss_total_vae=0.060  loss_recon=0.000  loss_kld=0.000  loss_prediction=0.000  loss_true_values=0.060  loss_total_vae_epoch=0.051  
Losses: {'total_vae': tensor(0.0446, device='cuda:0', grad_fn=<AddBackward0>), 'recon': tensor(0., device='cuda:0', grad_fn=<MulBackward0>), 'kld': tensor(0., device='cuda:0', grad_fn=<MulBackward0>), 'prediction': tensor(0., device='cuda:0', grad_fn=<MulBackward0>), 'true_values': tensor(0.0446, device='cuda:0', grad_fn=<MulBackward0>)}
[37:14249]  loss_total_vae=0.054  loss_recon=0.000  loss_kld=0.000  loss_prediction=0.000  loss_true_values=0.054  loss_total_vae_epoch=0.049  
Losses: {'total_vae': tensor(0.0404, device='cuda:0', grad_fn=<AddBackward0>), 'recon': tensor(0., device='cuda:0', grad_fn=<MulBackward0>), 'kld': tensor(0., device='cuda:0', grad_fn=<MulBackward0>), 'prediction': tensor(0., device='cuda:0', grad_fn=<MulBackward0>), 'true_values': tensor(0.0404, device='cuda:0', grad_fn=<MulBackward0>)}
[38:14624]  loss_total_vae=0.062  loss_recon=0.000  loss_kld=0.000  loss_prediction=0.000  loss_true_values=0.062  loss_total_vae_epoch=0.046  
Losses: {'total_vae': tensor(0.0355, device='cuda:0', grad_fn=<AddBackward0>), 'recon': tensor(0., device='cuda:0', grad_fn=<MulBackward0>), 'kld': tensor(0., device='cuda:0', grad_fn=<MulBackward0>), 'prediction': tensor(0., device='cuda:0', grad_fn=<MulBackward0>), 'true_values': tensor(0.0355, device='cuda:0', grad_fn=<MulBackward0>)}
[39:14999]  loss_total_vae=0.072  loss_recon=0.000  loss_kld=0.000  loss_prediction=0.000  loss_true_values=0.072  loss_total_vae_epoch=0.045  
Losses: {'total_vae': tensor(0.0417, device='cuda:0', grad_fn=<AddBackward0>), 'recon': tensor(0., device='cuda:0', grad_fn=<MulBackward0>), 'kld': tensor(0., device='cuda:0', grad_fn=<MulBackward0>), 'prediction': tensor(0., device='cuda:0', grad_fn=<MulBackward0>), 'true_values': tensor(0.0417, device='cuda:0', grad_fn=<MulBackward0>)}
[40:15374]  loss_total_vae=0.052  loss_recon=0.000  loss_kld=0.000  loss_prediction=0.000  loss_true_values=0.052  loss_total_vae_epoch=0.043  
Losses: {'total_vae': tensor(0.0470, device='cuda:0', grad_fn=<AddBackward0>), 'recon': tensor(0., device='cuda:0', grad_fn=<MulBackward0>), 'kld': tensor(0., device='cuda:0', grad_fn=<MulBackward0>), 'prediction': tensor(0., device='cuda:0', grad_fn=<MulBackward0>), 'true_values': tensor(0.0470, device='cuda:0', grad_fn=<MulBackward0>)}
[41:15749]  loss_total_vae=0.055  loss_recon=0.000  loss_kld=0.000  loss_prediction=0.000  loss_true_values=0.055  loss_total_vae_epoch=0.042  
Losses: {'total_vae': tensor(0.0273, device='cuda:0', grad_fn=<AddBackward0>), 'recon': tensor(0., device='cuda:0', grad_fn=<MulBackward0>), 'kld': tensor(0., device='cuda:0', grad_fn=<MulBackward0>), 'prediction': tensor(0., device='cuda:0', grad_fn=<MulBackward0>), 'true_values': tensor(0.0273, device='cuda:0', grad_fn=<MulBackward0>)}
[42:16124]  loss_total_vae=0.051  loss_recon=0.000  loss_kld=0.000  loss_prediction=0.000  loss_true_values=0.051  loss_total_vae_epoch=0.041  
Losses: {'total_vae': tensor(0.0320, device='cuda:0', grad_fn=<AddBackward0>), 'recon': tensor(0., device='cuda:0', grad_fn=<MulBackward0>), 'kld': tensor(0., device='cuda:0', grad_fn=<MulBackward0>), 'prediction': tensor(0., device='cuda:0', grad_fn=<MulBackward0>), 'true_values': tensor(0.0320, device='cuda:0', grad_fn=<MulBackward0>)}
[43:16499]  loss_total_vae=0.044  loss_recon=0.000  loss_kld=0.000  loss_prediction=0.000  loss_true_values=0.044  loss_total_vae_epoch=0.041  
Losses: {'total_vae': tensor(0.0250, device='cuda:0', grad_fn=<AddBackward0>), 'recon': tensor(0., device='cuda:0', grad_fn=<MulBackward0>), 'kld': tensor(0., device='cuda:0', grad_fn=<MulBackward0>), 'prediction': tensor(0., device='cuda:0', grad_fn=<MulBackward0>), 'true_values': tensor(0.0250, device='cuda:0', grad_fn=<MulBackward0>)}
[44:16874]  loss_total_vae=0.043  loss_recon=0.000  loss_kld=0.000  loss_prediction=0.000  loss_true_values=0.043  loss_total_vae_epoch=0.038  
Losses: {'total_vae': tensor(0.0253, device='cuda:0', grad_fn=<AddBackward0>), 'recon': tensor(0., device='cuda:0', grad_fn=<MulBackward0>), 'kld': tensor(0., device='cuda:0', grad_fn=<MulBackward0>), 'prediction': tensor(0., device='cuda:0', grad_fn=<MulBackward0>), 'true_values': tensor(0.0253, device='cuda:0', grad_fn=<MulBackward0>)}
[45:17249]  loss_total_vae=0.043  loss_recon=0.000  loss_kld=0.000  loss_prediction=0.000  loss_true_values=0.043  loss_total_vae_epoch=0.037  
Losses: {'total_vae': tensor(0.0316, device='cuda:0', grad_fn=<AddBackward0>), 'recon': tensor(0., device='cuda:0', grad_fn=<MulBackward0>), 'kld': tensor(0., device='cuda:0', grad_fn=<MulBackward0>), 'prediction': tensor(0., device='cuda:0', grad_fn=<MulBackward0>), 'true_values': tensor(0.0316, device='cuda:0', grad_fn=<MulBackward0>)}
[46:17624]  loss_total_vae=0.049  loss_recon=0.000  loss_kld=0.000  loss_prediction=0.000  loss_true_values=0.049  loss_total_vae_epoch=0.037  
Losses: {'total_vae': tensor(0.0395, device='cuda:0', grad_fn=<AddBackward0>), 'recon': tensor(0., device='cuda:0', grad_fn=<MulBackward0>), 'kld': tensor(0., device='cuda:0', grad_fn=<MulBackward0>), 'prediction': tensor(0., device='cuda:0', grad_fn=<MulBackward0>), 'true_values': tensor(0.0395, device='cuda:0', grad_fn=<MulBackward0>)}
[47:17999]  loss_total_vae=0.052  loss_recon=0.000  loss_kld=0.000  loss_prediction=0.000  loss_true_values=0.052  loss_total_vae_epoch=0.035  
Losses: {'total_vae': tensor(0.0277, device='cuda:0', grad_fn=<AddBackward0>), 'recon': tensor(0., device='cuda:0', grad_fn=<MulBackward0>), 'kld': tensor(0., device='cuda:0', grad_fn=<MulBackward0>), 'prediction': tensor(0., device='cuda:0', grad_fn=<MulBackward0>), 'true_values': tensor(0.0277, device='cuda:0', grad_fn=<MulBackward0>)}
[48:18374]  loss_total_vae=0.040  loss_recon=0.000  loss_kld=0.000  loss_prediction=0.000  loss_true_values=0.040  loss_total_vae_epoch=0.034  
Losses: {'total_vae': tensor(0.0336, device='cuda:0', grad_fn=<AddBackward0>), 'recon': tensor(0., device='cuda:0', grad_fn=<MulBackward0>), 'kld': tensor(0., device='cuda:0', grad_fn=<MulBackward0>), 'prediction': tensor(0., device='cuda:0', grad_fn=<MulBackward0>), 'true_values': tensor(0.0336, device='cuda:0', grad_fn=<MulBackward0>)}
[49:18749]  loss_total_vae=0.041  loss_recon=0.000  loss_kld=0.000  loss_prediction=0.000  loss_true_values=0.041  loss_total_vae_epoch=0.036  
Losses: {'total_vae': tensor(0.0403, device='cuda:0', grad_fn=<AddBackward0>), 'recon': tensor(0., device='cuda:0', grad_fn=<MulBackward0>), 'kld': tensor(0., device='cuda:0', grad_fn=<MulBackward0>), 'prediction': tensor(0., device='cuda:0', grad_fn=<MulBackward0>), 'true_values': tensor(0.0403, device='cuda:0', grad_fn=<MulBackward0>)}
[50:19124]  loss_total_vae=0.363  loss_recon=0.000  loss_kld=0.000  loss_prediction=0.000  loss_true_values=0.363  loss_total_vae_epoch=0.605  
Losses: {'total_vae': tensor(0.3388, device='cuda:0', grad_fn=<AddBackward0>), 'recon': tensor(0., device='cuda:0', grad_fn=<MulBackward0>), 'kld': tensor(0., device='cuda:0', grad_fn=<MulBackward0>), 'prediction': tensor(0., device='cuda:0', grad_fn=<MulBackward0>), 'true_values': tensor(0.3388, device='cuda:0', grad_fn=<MulBackward0>)}
[51:19499]  loss_total_vae=0.327  loss_recon=0.000  loss_kld=0.000  loss_prediction=0.000  loss_true_values=0.327  loss_total_vae_epoch=0.326  
Losses: {'total_vae': tensor(0.2953, device='cuda:0', grad_fn=<AddBackward0>), 'recon': tensor(0., device='cuda:0', grad_fn=<MulBackward0>), 'kld': tensor(0., device='cuda:0', grad_fn=<MulBackward0>), 'prediction': tensor(0., device='cuda:0', grad_fn=<MulBackward0>), 'true_values': tensor(0.2953, device='cuda:0', grad_fn=<MulBackward0>)}
[52:19874]  loss_total_vae=0.318  loss_recon=0.000  loss_kld=0.000  loss_prediction=0.000  loss_true_values=0.318  loss_total_vae_epoch=0.311  
Losses: {'total_vae': tensor(0.3247, device='cuda:0', grad_fn=<AddBackward0>), 'recon': tensor(0., device='cuda:0', grad_fn=<MulBackward0>), 'kld': tensor(0., device='cuda:0', grad_fn=<MulBackward0>), 'prediction': tensor(0., device='cuda:0', grad_fn=<MulBackward0>), 'true_values': tensor(0.3247, device='cuda:0', grad_fn=<MulBackward0>)}
[53:20249]  loss_total_vae=0.299  loss_recon=0.000  loss_kld=0.000  loss_prediction=0.000  loss_true_values=0.299  loss_total_vae_epoch=0.302  
Losses: {'total_vae': tensor(0.2979, device='cuda:0', grad_fn=<AddBackward0>), 'recon': tensor(0., device='cuda:0', grad_fn=<MulBackward0>), 'kld': tensor(0., device='cuda:0', grad_fn=<MulBackward0>), 'prediction': tensor(0., device='cuda:0', grad_fn=<MulBackward0>), 'true_values': tensor(0.2979, device='cuda:0', grad_fn=<MulBackward0>)}
[54:20624]  loss_total_vae=0.291  loss_recon=0.000  loss_kld=0.000  loss_prediction=0.000  loss_true_values=0.291  loss_total_vae_epoch=0.295  
Losses: {'total_vae': tensor(0.3086, device='cuda:0', grad_fn=<AddBackward0>), 'recon': tensor(0., device='cuda:0', grad_fn=<MulBackward0>), 'kld': tensor(0., device='cuda:0', grad_fn=<MulBackward0>), 'prediction': tensor(0., device='cuda:0', grad_fn=<MulBackward0>), 'true_values': tensor(0.3086, device='cuda:0', grad_fn=<MulBackward0>)}
[55:20999]  loss_total_vae=0.299  loss_recon=0.000  loss_kld=0.000  loss_prediction=0.000  loss_true_values=0.299  loss_total_vae_epoch=0.289  
Losses: {'total_vae': tensor(0.2724, device='cuda:0', grad_fn=<AddBackward0>), 'recon': tensor(0., device='cuda:0', grad_fn=<MulBackward0>), 'kld': tensor(0., device='cuda:0', grad_fn=<MulBackward0>), 'prediction': tensor(0., device='cuda:0', grad_fn=<MulBackward0>), 'true_values': tensor(0.2724, device='cuda:0', grad_fn=<MulBackward0>)}
[56:21374]  loss_total_vae=0.273  loss_recon=0.000  loss_kld=0.000  loss_prediction=0.000  loss_true_values=0.273  loss_total_vae_epoch=0.283  
Losses: {'total_vae': tensor(0.2945, device='cuda:0', grad_fn=<AddBackward0>), 'recon': tensor(0., device='cuda:0', grad_fn=<MulBackward0>), 'kld': tensor(0., device='cuda:0', grad_fn=<MulBackward0>), 'prediction': tensor(0., device='cuda:0', grad_fn=<MulBackward0>), 'true_values': tensor(0.2945, device='cuda:0', grad_fn=<MulBackward0>)}
[57:21749]  loss_total_vae=0.271  loss_recon=0.000  loss_kld=0.000  loss_prediction=0.000  loss_true_values=0.271  loss_total_vae_epoch=0.279  
Losses: {'total_vae': tensor(0.2699, device='cuda:0', grad_fn=<AddBackward0>), 'recon': tensor(0., device='cuda:0', grad_fn=<MulBackward0>), 'kld': tensor(0., device='cuda:0', grad_fn=<MulBackward0>), 'prediction': tensor(0., device='cuda:0', grad_fn=<MulBackward0>), 'true_values': tensor(0.2699, device='cuda:0', grad_fn=<MulBackward0>)}
[58:22124]  loss_total_vae=0.267  loss_recon=0.000  loss_kld=0.000  loss_prediction=0.000  loss_true_values=0.267  loss_total_vae_epoch=0.274  
Losses: {'total_vae': tensor(0.2713, device='cuda:0', grad_fn=<AddBackward0>), 'recon': tensor(0., device='cuda:0', grad_fn=<MulBackward0>), 'kld': tensor(0., device='cuda:0', grad_fn=<MulBackward0>), 'prediction': tensor(0., device='cuda:0', grad_fn=<MulBackward0>), 'true_values': tensor(0.2713, device='cuda:0', grad_fn=<MulBackward0>)}
[59:22499]  loss_total_vae=0.284  loss_recon=0.000  loss_kld=0.000  loss_prediction=0.000  loss_true_values=0.284  loss_total_vae_epoch=0.269  
Losses: {'total_vae': tensor(0.2617, device='cuda:0', grad_fn=<AddBackward0>), 'recon': tensor(0., device='cuda:0', grad_fn=<MulBackward0>), 'kld': tensor(0., device='cuda:0', grad_fn=<MulBackward0>), 'prediction': tensor(0., device='cuda:0', grad_fn=<MulBackward0>), 'true_values': tensor(0.2617, device='cuda:0', grad_fn=<MulBackward0>)}
[60:22874]  loss_total_vae=0.276  loss_recon=0.000  loss_kld=0.000  loss_prediction=0.000  loss_true_values=0.276  loss_total_vae_epoch=0.265  
Losses: {'total_vae': tensor(0.2644, device='cuda:0', grad_fn=<AddBackward0>), 'recon': tensor(0., device='cuda:0', grad_fn=<MulBackward0>), 'kld': tensor(0., device='cuda:0', grad_fn=<MulBackward0>), 'prediction': tensor(0., device='cuda:0', grad_fn=<MulBackward0>), 'true_values': tensor(0.2644, device='cuda:0', grad_fn=<MulBackward0>)}
[61:23249]  loss_total_vae=0.249  loss_recon=0.000  loss_kld=0.000  loss_prediction=0.000  loss_true_values=0.249  loss_total_vae_epoch=0.261  
Losses: {'total_vae': tensor(0.2528, device='cuda:0', grad_fn=<AddBackward0>), 'recon': tensor(0., device='cuda:0', grad_fn=<MulBackward0>), 'kld': tensor(0., device='cuda:0', grad_fn=<MulBackward0>), 'prediction': tensor(0., device='cuda:0', grad_fn=<MulBackward0>), 'true_values': tensor(0.2528, device='cuda:0', grad_fn=<MulBackward0>)}
[62:23624]  loss_total_vae=0.258  loss_recon=0.000  loss_kld=0.000  loss_prediction=0.000  loss_true_values=0.258  loss_total_vae_epoch=0.257  
Losses: {'total_vae': tensor(0.2300, device='cuda:0', grad_fn=<AddBackward0>), 'recon': tensor(0., device='cuda:0', grad_fn=<MulBackward0>), 'kld': tensor(0., device='cuda:0', grad_fn=<MulBackward0>), 'prediction': tensor(0., device='cuda:0', grad_fn=<MulBackward0>), 'true_values': tensor(0.2300, device='cuda:0', grad_fn=<MulBackward0>)}
[63:23999]  loss_total_vae=0.260  loss_recon=0.000  loss_kld=0.000  loss_prediction=0.000  loss_true_values=0.260  loss_total_vae_epoch=0.252  
Losses: {'total_vae': tensor(0.2430, device='cuda:0', grad_fn=<AddBackward0>), 'recon': tensor(0., device='cuda:0', grad_fn=<MulBackward0>), 'kld': tensor(0., device='cuda:0', grad_fn=<MulBackward0>), 'prediction': tensor(0., device='cuda:0', grad_fn=<MulBackward0>), 'true_values': tensor(0.2430, device='cuda:0', grad_fn=<MulBackward0>)}
[64:24374]  loss_total_vae=0.244  loss_recon=0.000  loss_kld=0.000  loss_prediction=0.000  loss_true_values=0.244  loss_total_vae_epoch=0.248  
Losses: {'total_vae': tensor(0.2283, device='cuda:0', grad_fn=<AddBackward0>), 'recon': tensor(0., device='cuda:0', grad_fn=<MulBackward0>), 'kld': tensor(0., device='cuda:0', grad_fn=<MulBackward0>), 'prediction': tensor(0., device='cuda:0', grad_fn=<MulBackward0>), 'true_values': tensor(0.2283, device='cuda:0', grad_fn=<MulBackward0>)}
[65:24749]  loss_total_vae=0.232  loss_recon=0.000  loss_kld=0.000  loss_prediction=0.000  loss_true_values=0.232  loss_total_vae_epoch=0.244  
Losses: {'total_vae': tensor(0.2433, device='cuda:0', grad_fn=<AddBackward0>), 'recon': tensor(0., device='cuda:0', grad_fn=<MulBackward0>), 'kld': tensor(0., device='cuda:0', grad_fn=<MulBackward0>), 'prediction': tensor(0., device='cuda:0', grad_fn=<MulBackward0>), 'true_values': tensor(0.2433, device='cuda:0', grad_fn=<MulBackward0>)}
[66:25124]  loss_total_vae=0.248  loss_recon=0.000  loss_kld=0.000  loss_prediction=0.000  loss_true_values=0.248  loss_total_vae_epoch=0.239  
Losses: {'total_vae': tensor(0.2128, device='cuda:0', grad_fn=<AddBackward0>), 'recon': tensor(0., device='cuda:0', grad_fn=<MulBackward0>), 'kld': tensor(0., device='cuda:0', grad_fn=<MulBackward0>), 'prediction': tensor(0., device='cuda:0', grad_fn=<MulBackward0>), 'true_values': tensor(0.2128, device='cuda:0', grad_fn=<MulBackward0>)}
[67:25499]  loss_total_vae=0.238  loss_recon=0.000  loss_kld=0.000  loss_prediction=0.000  loss_true_values=0.238  loss_total_vae_epoch=0.235  
Losses: {'total_vae': tensor(0.2335, device='cuda:0', grad_fn=<AddBackward0>), 'recon': tensor(0., device='cuda:0', grad_fn=<MulBackward0>), 'kld': tensor(0., device='cuda:0', grad_fn=<MulBackward0>), 'prediction': tensor(0., device='cuda:0', grad_fn=<MulBackward0>), 'true_values': tensor(0.2335, device='cuda:0', grad_fn=<MulBackward0>)}
[68:25874]  loss_total_vae=0.237  loss_recon=0.000  loss_kld=0.000  loss_prediction=0.000  loss_true_values=0.237  loss_total_vae_epoch=0.230  
Losses: {'total_vae': tensor(0.2353, device='cuda:0', grad_fn=<AddBackward0>), 'recon': tensor(0., device='cuda:0', grad_fn=<MulBackward0>), 'kld': tensor(0., device='cuda:0', grad_fn=<MulBackward0>), 'prediction': tensor(0., device='cuda:0', grad_fn=<MulBackward0>), 'true_values': tensor(0.2353, device='cuda:0', grad_fn=<MulBackward0>)}
[69:26249]  loss_total_vae=0.231  loss_recon=0.000  loss_kld=0.000  loss_prediction=0.000  loss_true_values=0.231  loss_total_vae_epoch=0.226  
Losses: {'total_vae': tensor(0.2101, device='cuda:0', grad_fn=<AddBackward0>), 'recon': tensor(0., device='cuda:0', grad_fn=<MulBackward0>), 'kld': tensor(0., device='cuda:0', grad_fn=<MulBackward0>), 'prediction': tensor(0., device='cuda:0', grad_fn=<MulBackward0>), 'true_values': tensor(0.2101, device='cuda:0', grad_fn=<MulBackward0>)}
[70:26624]  loss_total_vae=0.215  loss_recon=0.000  loss_kld=0.000  loss_prediction=0.000  loss_true_values=0.215  loss_total_vae_epoch=0.221  
Losses: {'total_vae': tensor(0.2021, device='cuda:0', grad_fn=<AddBackward0>), 'recon': tensor(0., device='cuda:0', grad_fn=<MulBackward0>), 'kld': tensor(0., device='cuda:0', grad_fn=<MulBackward0>), 'prediction': tensor(0., device='cuda:0', grad_fn=<MulBackward0>), 'true_values': tensor(0.2021, device='cuda:0', grad_fn=<MulBackward0>)}
[71:26999]  loss_total_vae=0.224  loss_recon=0.000  loss_kld=0.000  loss_prediction=0.000  loss_true_values=0.224  loss_total_vae_epoch=0.217  
Losses: {'total_vae': tensor(0.2176, device='cuda:0', grad_fn=<AddBackward0>), 'recon': tensor(0., device='cuda:0', grad_fn=<MulBackward0>), 'kld': tensor(0., device='cuda:0', grad_fn=<MulBackward0>), 'prediction': tensor(0., device='cuda:0', grad_fn=<MulBackward0>), 'true_values': tensor(0.2176, device='cuda:0', grad_fn=<MulBackward0>)}
[72:27374]  loss_total_vae=0.221  loss_recon=0.000  loss_kld=0.000  loss_prediction=0.000  loss_true_values=0.221  loss_total_vae_epoch=0.213  
Losses: {'total_vae': tensor(0.1940, device='cuda:0', grad_fn=<AddBackward0>), 'recon': tensor(0., device='cuda:0', grad_fn=<MulBackward0>), 'kld': tensor(0., device='cuda:0', grad_fn=<MulBackward0>), 'prediction': tensor(0., device='cuda:0', grad_fn=<MulBackward0>), 'true_values': tensor(0.1940, device='cuda:0', grad_fn=<MulBackward0>)}
[73:27749]  loss_total_vae=0.218  loss_recon=0.000  loss_kld=0.000  loss_prediction=0.000  loss_true_values=0.218  loss_total_vae_epoch=0.209  
Losses: {'total_vae': tensor(0.1831, device='cuda:0', grad_fn=<AddBackward0>), 'recon': tensor(0., device='cuda:0', grad_fn=<MulBackward0>), 'kld': tensor(0., device='cuda:0', grad_fn=<MulBackward0>), 'prediction': tensor(0., device='cuda:0', grad_fn=<MulBackward0>), 'true_values': tensor(0.1831, device='cuda:0', grad_fn=<MulBackward0>)}
[74:28124]  loss_total_vae=0.220  loss_recon=0.000  loss_kld=0.000  loss_prediction=0.000  loss_true_values=0.220  loss_total_vae_epoch=0.205  
Losses: {'total_vae': tensor(0.2097, device='cuda:0', grad_fn=<AddBackward0>), 'recon': tensor(0., device='cuda:0', grad_fn=<MulBackward0>), 'kld': tensor(0., device='cuda:0', grad_fn=<MulBackward0>), 'prediction': tensor(0., device='cuda:0', grad_fn=<MulBackward0>), 'true_values': tensor(0.2097, device='cuda:0', grad_fn=<MulBackward0>)}
[75:28499]  loss_total_vae=0.202  loss_recon=0.000  loss_kld=0.000  loss_prediction=0.000  loss_true_values=0.202  loss_total_vae_epoch=0.200  
